

================================================================
== Vivado HLS Report for 'memcachedPipeline_setPath'
================================================================
* Date:           Wed Oct 21 12:18:54 2020

* Version:        2015.1 (Build 1215546 on Mon Apr 27 19:24:50 PM 2015)
* Project:        memcachedPipeline_prj
* Solution:       solution1
* Product family: kintexu
* Target device:  xcku040-ffva1156-2-e


================================================================
== Performance Estimates
================================================================
+ Timing (ns): 
    * Summary: 
    +---------+-------+----------+------------+
    |  Clock  | Target| Estimated| Uncertainty|
    +---------+-------+----------+------------+
    |default  |   6.66|      5.61|        0.83|
    +---------+-------+----------+------------+

+ Latency (clock cycles): 
    * Summary: 
    +-----+-----+-----+-----+----------+
    |  Latency  |  Interval | Pipeline |
    | min | max | min | max |   Type   |
    +-----+-----+-----+-----+----------+
    |    1|    1|    1|    1| function |
    +-----+-----+-----+-----+----------+

    + Detail: 
        * Instance: 
        N/A

        * Loop: 
        N/A



================================================================
== Utilization Estimates
================================================================
* Summary: 
+-----------------+---------+-------+--------+--------+
|       Name      | BRAM_18K| DSP48E|   FF   |   LUT  |
+-----------------+---------+-------+--------+--------+
|Expression       |        -|      -|       0|   19163|
|FIFO             |        -|      -|       -|       -|
|Instance         |        -|      -|       -|       -|
|Memory           |        -|      -|       -|       -|
|Multiplexer      |        -|      -|       -|    1081|
|Register         |        -|      -|    1319|       -|
+-----------------+---------+-------+--------+--------+
|Total            |        0|      0|    1319|   20244|
+-----------------+---------+-------+--------+--------+
|Available        |     1200|   1920|  484800|  242400|
+-----------------+---------+-------+--------+--------+
|Utilization (%)  |        0|      0|   ~0   |       8|
+-----------------+---------+-------+--------+--------+

+ Detail: 
    * Instance: 
    N/A

    * Memory: 
    N/A

    * FIFO: 
    N/A

    * Expression: 
    +-----------------------+----------+-------+---+------+------------+------------+
    |     Variable Name     | Operation| DSP48E| FF|  LUT | Bitwidth P0| Bitwidth P1|
    +-----------------------+----------+-------+---+------+------------+------------+
    |grp_fu_306_p2          |     +    |      0|  0|     8|           8|           1|
    |tmp_157_fu_801_p2      |     +    |      0|  0|     8|           1|           8|
    |tmp_445_fu_476_p2      |     -    |      0|  0|    10|           9|          10|
    |tmp_449_fu_506_p2      |     -    |      0|  0|    10|           9|          10|
    |tmp_468_fu_366_p2      |     -    |      0|  0|    10|           9|          10|
    |tmp_472_fu_396_p2      |     -    |      0|  0|    10|           9|          10|
    |storemerge1_fu_807_p3  |  Select  |      0|  0|     8|           1|           8|
    |storemerge4_fu_518_p3  |  Select  |      0|  0|     4|           1|           2|
    |storemerge5_fu_532_p3  |  Select  |      0|  0|     3|           1|           3|
    |storemerge6_fu_422_p3  |  Select  |      0|  0|     3|           1|           3|
    |storemerge_fu_408_p3   |  Select  |      0|  0|     3|           1|           3|
    |tmp_446_fu_482_p3      |  Select  |      0|  0|    10|           1|          10|
    |tmp_447_fu_490_p3      |  Select  |      0|  0|    10|           1|          10|
    |tmp_448_fu_498_p3      |  Select  |      0|  0|    10|           1|          10|
    |tmp_455_fu_743_p3      |  Select  |      0|  0|   512|           1|         512|
    |tmp_469_fu_372_p3      |  Select  |      0|  0|    10|           1|          10|
    |tmp_470_fu_380_p3      |  Select  |      0|  0|    10|           1|          10|
    |tmp_471_fu_388_p3      |  Select  |      0|  0|    10|           1|          10|
    |tmp_478_fu_647_p3      |  Select  |      0|  0|   512|           1|         512|
    |ap_sig_bdd_269         |    and   |      0|  0|     1|           1|           1|
    |ap_sig_bdd_278         |    and   |      0|  0|     1|           1|           1|
    |ap_sig_bdd_305         |    and   |      0|  0|     1|           1|           1|
    |p_demorgan1_fu_762_p2  |    and   |      0|  0|   640|         512|         512|
    |p_demorgan_fu_666_p2   |    and   |      0|  0|   640|         512|         512|
    |tmp_459_fu_774_p2      |    and   |      0|  0|   640|         512|         512|
    |tmp_460_fu_780_p2      |    and   |      0|  0|   640|         512|         512|
    |tmp_482_fu_678_p2      |    and   |      0|  0|   640|         512|         512|
    |tmp_483_fu_684_p2      |    and   |      0|  0|   640|         512|         512|
    |tmp_154_fu_578_p2      |   icmp   |      0|  0|     5|          13|          13|
    |tmp_155_fu_512_p2      |   icmp   |      0|  0|     3|           8|           3|
    |tmp_156_fu_402_p2      |   icmp   |      0|  0|     3|           8|           3|
    |tmp_442_fu_458_p2      |   icmp   |      0|  0|     5|          14|          14|
    |tmp_465_fu_348_p2      |   icmp   |      0|  0|     5|          14|          14|
    |tmp_457_fu_756_p2      |   lshr   |      0|  0|  1922|           2|         512|
    |tmp_480_fu_660_p2      |   lshr   |      0|  0|  1922|           2|         512|
    |Hi_assign_fu_452_p2    |    or    |      0|  0|    21|          14|           6|
    |Hi_assign_s_fu_342_p2  |    or    |      0|  0|    21|          14|           6|
    |ap_sig_bdd_77          |    or    |      0|  0|     1|           1|           1|
    |ap_sig_bdd_92          |    or    |      0|  0|     1|           1|           1|
    |p_Result_62_fu_690_p2  |    or    |      0|  0|   640|         512|         512|
    |p_Result_s_fu_786_p2   |    or    |      0|  0|   640|         512|         512|
    |tmp_88_fu_526_p2       |    or    |      0|  0|     1|           1|           1|
    |tmp_89_fu_416_p2       |    or    |      0|  0|     1|           1|           1|
    |tmp_453_fu_727_p2      |    shl   |      0|  0|  1922|         512|         512|
    |tmp_456_fu_750_p2      |    shl   |      0|  0|  1922|           2|         512|
    |tmp_476_fu_631_p2      |    shl   |      0|  0|  1922|         512|         512|
    |tmp_479_fu_654_p2      |    shl   |      0|  0|  1922|           2|         512|
    |tmp_458_fu_768_p2      |    xor   |      0|  0|   640|         512|           2|
    |tmp_481_fu_672_p2      |    xor   |      0|  0|   640|         512|           2|
    +-----------------------+----------+-------+---+------+------------+------------+
    |Total                  |          |      0|  0| 19163|        6302|        8390|
    +-----------------------+----------+-------+---+------+------------+------------+

    * Multiplexer: 
    +---------------------------------------------------------+-----+-----------+-----+-----------+
    |                           Name                          | LUT | Input Size| Bits| Total Bits|
    +---------------------------------------------------------+-----+-----------+-----+-----------+
    |ap_NS_fsm1                                               |    2|          3|    2|          6|
    |ap_reg_phiprechg_setValueBuffer_V_flag_4_reg_190pp0_it1  |    1|          3|    1|          3|
    |ap_reg_phiprechg_setValueBuffer_V_new_4_reg_236pp0_it1   |  512|          3|  512|       1536|
    |ap_sig_ioackin_memWrCmd_V_TREADY                         |    1|          2|    1|          2|
    |ap_sig_ioackin_memWrData_V_V_TREADY                      |    1|          2|    1|          2|
    |counter                                                  |    8|          2|    8|         16|
    |memWrCmd_V_TDATA                                         |   40|          3|   40|        120|
    |setState                                                 |    3|          5|    3|         15|
    |setValueBuffer_V_flag_4_phi_fu_195_p26                   |    1|          2|    1|          2|
    |setValueBuffer_V_new_4_phi_fu_241_p26                    |  512|          3|  512|       1536|
    +---------------------------------------------------------+-----+-----------+-----+-----------+
    |Total                                                    | 1081|         28| 1081|       3238|
    +---------------------------------------------------------+-----+-----------+-----+-----------+

    * Register: 
    +---------------------------------------------------------+-----+----+-----+-----------+
    |                           Name                          |  FF | LUT| Bits| Const Bits|
    +---------------------------------------------------------+-----+----+-----+-----------+
    |ap_CS_fsm0                                               |    1|   0|    1|          0|
    |ap_CS_fsm1                                               |    2|   0|    2|          0|
    |ap_done_reg                                              |    1|   0|    1|          0|
    |ap_reg_ioackin_memWrCmd_V_TREADY                         |    1|   0|    1|          0|
    |ap_reg_ioackin_memWrData_V_V_TREADY                      |    1|   0|    1|          0|
    |ap_reg_phiprechg_setValueBuffer_V_flag_4_reg_190pp0_it1  |    1|   0|    1|          0|
    |ap_reg_phiprechg_setValueBuffer_V_new_4_reg_236pp0_it1   |  512|   0|  512|          0|
    |counter                                                  |    8|   0|    8|          0|
    |setMdBuffer_address_V                                    |   32|   0|   32|          0|
    |setNumOfWords                                            |    8|   0|    8|          0|
    |setState                                                 |    3|   0|    3|          0|
    |setState_load_reg_826                                    |    3|   0|    3|          0|
    |setValueBuffer_V                                         |  512|   0|  512|          0|
    |tmp_154_reg_906                                          |    1|   0|    1|          0|
    |tmp_439_reg_863                                          |   64|   0|   64|          0|
    |tmp_442_reg_868                                          |    1|   0|    1|          0|
    |tmp_447_reg_873                                          |   10|   0|   10|          0|
    |tmp_448_reg_878                                          |   10|   0|   10|          0|
    |tmp_449_reg_883                                          |   10|   0|   10|          0|
    |tmp_462_reg_834                                          |   64|   0|   64|          0|
    |tmp_465_reg_839                                          |    1|   0|    1|          0|
    |tmp_470_reg_844                                          |   10|   0|   10|          0|
    |tmp_471_reg_849                                          |   10|   0|   10|          0|
    |tmp_472_reg_854                                          |   10|   0|   10|          0|
    |tmp_485_reg_896                                          |   32|   0|   32|          0|
    |tmp_78_reg_859                                           |    1|   0|    1|          0|
    |tmp_79_reg_830                                           |    1|   0|    1|          0|
    |tmp_80_reg_892                                           |    1|   0|    1|          0|
    |tmp_90_reg_901                                           |    7|   0|    7|          0|
    |tmp_reg_888                                              |    1|   0|    1|          0|
    +---------------------------------------------------------+-----+----+-----+-----------+
    |Total                                                    | 1319|   0| 1319|          0|
    +---------------------------------------------------------+-----+----+-----+-----------+



================================================================
== Interface
================================================================
* Summary: 
+---------------------------------+-----+-----+--------------+---------------------------+--------------+
|            RTL Ports            | Dir | Bits|   Protocol   |       Source Object       |    C Type    |
+---------------------------------+-----+-----+--------------+---------------------------+--------------+
|ap_clk                           |  in |    1| ap_ctrl_none | memcachedPipeline_setPath | return value |
|ap_rst                           |  in |    1| ap_ctrl_none | memcachedPipeline_setPath | return value |
|ap_start                         |  in |    1| ap_ctrl_none | memcachedPipeline_setPath | return value |
|ap_done                          | out |    1| ap_ctrl_none | memcachedPipeline_setPath | return value |
|ap_continue                      |  in |    1| ap_ctrl_none | memcachedPipeline_setPath | return value |
|ap_idle                          | out |    1| ap_ctrl_none | memcachedPipeline_setPath | return value |
|ap_ready                         | out |    1| ap_ctrl_none | memcachedPipeline_setPath | return value |
|demux2setPathValue_V_dout        |  in |   66|    ap_fifo   |    demux2setPathValue_V   |    pointer   |
|demux2setPathValue_V_empty_n     |  in |    1|    ap_fifo   |    demux2setPathValue_V   |    pointer   |
|demux2setPathValue_V_read        | out |    1|    ap_fifo   |    demux2setPathValue_V   |    pointer   |
|demux2setPathMetadata_V_dout     |  in |   45|    ap_fifo   |  demux2setPathMetadata_V  |    pointer   |
|demux2setPathMetadata_V_empty_n  |  in |    1|    ap_fifo   |  demux2setPathMetadata_V  |    pointer   |
|demux2setPathMetadata_V_read     | out |    1|    ap_fifo   |  demux2setPathMetadata_V  |    pointer   |
|filterPopSet_V_V_din             | out |    1|    ap_fifo   |      filterPopSet_V_V     |    pointer   |
|filterPopSet_V_V_full_n          |  in |    1|    ap_fifo   |      filterPopSet_V_V     |    pointer   |
|filterPopSet_V_V_write           | out |    1|    ap_fifo   |      filterPopSet_V_V     |    pointer   |
|memWrData_V_V_TREADY             |  in |    1|     axis     |       memWrData_V_V       |    pointer   |
|memWrData_V_V_TDATA              | out |  512|     axis     |       memWrData_V_V       |    pointer   |
|memWrData_V_V_TVALID             | out |    1|     axis     |       memWrData_V_V       |    pointer   |
|memWrCmd_V_TREADY                |  in |    1|     axis     |         memWrCmd_V        |    pointer   |
|memWrCmd_V_TDATA                 | out |   40|     axis     |         memWrCmd_V        |    pointer   |
|memWrCmd_V_TVALID                | out |    1|     axis     |         memWrCmd_V        |    pointer   |
+---------------------------------+-----+-----+--------------+---------------------------+--------------+

