

================================================================
== Vivado HLS Report for 'memcachedPipeline_bp_f'
================================================================
* Date:           Wed Oct 21 12:18:43 2020

* Version:        2015.1 (Build 1215546 on Mon Apr 27 19:24:50 PM 2015)
* Project:        memcachedPipeline_prj
* Solution:       solution1
* Product family: kintexu
* Target device:  xcku040-ffva1156-2-e


================================================================
== Performance Estimates
================================================================
+ Timing (ns): 
    * Summary: 
    +---------+-------+----------+------------+
    |  Clock  | Target| Estimated| Uncertainty|
    +---------+-------+----------+------------+
    |default  |   6.66|     11.23|        0.83|
    +---------+-------+----------+------------+

+ Latency (clock cycles): 
    * Summary: 
    +-----+-----+-----+-----+----------+
    |  Latency  |  Interval | Pipeline |
    | min | max | min | max |   Type   |
    +-----+-----+-----+-----+----------+
    |    1|    1|    1|    1| function |
    +-----+-----+-----+-----+----------+

    + Detail: 
        * Instance: 
        N/A

        * Loop: 
        N/A



================================================================
== Utilization Estimates
================================================================
* Summary: 
+-----------------+---------+-------+--------+--------+
|       Name      | BRAM_18K| DSP48E|   FF   |   LUT  |
+-----------------+---------+-------+--------+--------+
|Expression       |        -|      -|       0|    5226|
|FIFO             |        -|      -|       -|       -|
|Instance         |        -|      -|       -|       -|
|Memory           |        -|      -|       -|       -|
|Multiplexer      |        -|      -|       -|     626|
|Register         |        -|      -|     778|       -|
+-----------------+---------+-------+--------+--------+
|Total            |        0|      0|     778|    5852|
+-----------------+---------+-------+--------+--------+
|Available        |     1200|   1920|  484800|  242400|
+-----------------+---------+-------+--------+--------+
|Utilization (%)  |        0|      0|   ~0   |       2|
+-----------------+---------+-------+--------+--------+

+ Detail: 
    * Instance: 
    N/A

    * Memory: 
    N/A

    * FIFO: 
    N/A

    * Expression: 
    +-------------------------------------------+----------+-------+---+-----+------------+------------+
    |               Variable Name               | Operation| DSP48E| FF| LUT | Bitwidth P0| Bitwidth P1|
    +-------------------------------------------+----------+-------+---+-----+------------+------------+
    |p_0283_s_fu_1004_p2                        |     +    |      0|  0|    9|           9|           5|
    |tmp_127_fu_1434_p2                         |     +    |      0|  0|   17|           5|          17|
    |tmp_137_fu_1014_p2                         |     +    |      0|  0|   17|          17|          17|
    |tmp_144_fu_1422_p2                         |     +    |      0|  0|    8|           8|           5|
    |tmp_146_fu_931_p2                          |     +    |      0|  0|   17|          17|           5|
    |tmp_224_fu_1231_p2                         |     +    |      0|  0|    7|           7|           7|
    |tmp_247_fu_1082_p2                         |     +    |      0|  0|    7|           7|           7|
    |tmp_272_fu_786_p2                          |     +    |      0|  0|    7|           7|           7|
    |Lo_assign_4_fu_756_p2                      |     -    |      0|  0|    9|           7|           9|
    |Lo_assign_fu_1052_p2                       |     -    |      0|  0|    9|           7|           9|
    |op2_assign_1_fu_552_p2                     |     -    |      0|  0|    6|           4|           6|
    |op2_assign_fu_984_p2                       |     -    |      0|  0|    9|           4|           9|
    |p_op_fu_638_p2                             |     -    |      0|  0|    7|           6|           7|
    |tmp_123_fu_1490_p2                         |     -    |      0|  0|   17|          17|          17|
    |tmp_134_fu_956_p2                          |     -    |      0|  0|    5|           4|           5|
    |tmp_201_fu_616_p2                          |     -    |      0|  0|    7|           6|           7|
    |tmp_225_fu_1237_p2                         |     -    |      0|  0|    7|           6|           7|
    |tmp_226_fu_1243_p2                         |     -    |      0|  0|    7|           6|           7|
    |tmp_230_fu_1273_p2                         |     -    |      0|  0|    7|           6|           7|
    |tmp_248_fu_1088_p2                         |     -    |      0|  0|    7|           6|           7|
    |tmp_249_fu_1094_p2                         |     -    |      0|  0|    7|           6|           7|
    |tmp_253_fu_1124_p2                         |     -    |      0|  0|    7|           6|           7|
    |tmp_259_fu_1156_p2                         |     -    |      0|  0|    8|           8|           7|
    |tmp_273_fu_792_p2                          |     -    |      0|  0|    7|           6|           7|
    |tmp_274_fu_798_p2                          |     -    |      0|  0|    7|           6|           7|
    |tmp_278_fu_828_p2                          |     -    |      0|  0|    7|           6|           7|
    |tmp_284_fu_860_p2                          |     -    |      0|  0|    8|           8|           7|
    |valueTemp_fu_746_p2                        |     -    |      0|  0|   16|          16|          16|
    |grp_fu_408_p3                              |  Select  |      0|  0|    3|           1|           3|
    |storemerge_cast_cast_cast_cast_fu_1402_p3  |  Select  |      0|  0|    3|           1|           1|
    |storemerge_fu_1020_p3                      |  Select  |      0|  0|   17|           1|          17|
    |tmp_202_fu_622_p3                          |  Select  |      0|  0|    7|           1|           6|
    |tmp_203_fu_630_p3                          |  Select  |      0|  0|    7|           1|           7|
    |tmp_204_fu_644_p3                          |  Select  |      0|  0|    7|           1|           7|
    |tmp_210_fu_680_p3                          |  Select  |      0|  0|   64|           1|          64|
    |tmp_217_fu_1388_p3                         |  Select  |      0|  0|    3|           1|           3|
    |tmp_227_fu_1249_p3                         |  Select  |      0|  0|    7|           1|           7|
    |tmp_228_fu_1257_p3                         |  Select  |      0|  0|   64|           1|          64|
    |tmp_229_fu_1265_p3                         |  Select  |      0|  0|    7|           1|           7|
    |tmp_250_fu_1100_p3                         |  Select  |      0|  0|    7|           1|           7|
    |tmp_251_fu_1108_p3                         |  Select  |      0|  0|   64|           1|          64|
    |tmp_252_fu_1116_p3                         |  Select  |      0|  0|    7|           1|           7|
    |tmp_275_fu_804_p3                          |  Select  |      0|  0|    7|           1|           7|
    |tmp_276_fu_812_p3                          |  Select  |      0|  0|   64|           1|          64|
    |tmp_277_fu_820_p3                          |  Select  |      0|  0|    7|           1|           7|
    |tmp_330_s_fu_937_p3                        |  Select  |      0|  0|   17|           1|          17|
    |ap_sig_bdd_114                             |    and   |      0|  0|    1|           1|           1|
    |ap_sig_bdd_120                             |    and   |      0|  0|    1|           1|           1|
    |ap_sig_bdd_1294                            |    and   |      0|  0|    1|           1|           1|
    |ap_sig_bdd_1297                            |    and   |      0|  0|    1|           1|           1|
    |ap_sig_bdd_1299                            |    and   |      0|  0|    1|           1|           1|
    |ap_sig_bdd_1304                            |    and   |      0|  0|    1|           1|           1|
    |ap_sig_bdd_1305                            |    and   |      0|  0|    1|           1|           1|
    |ap_sig_bdd_1311                            |    and   |      0|  0|    1|           1|           1|
    |ap_sig_bdd_1321                            |    and   |      0|  0|    1|           1|           1|
    |ap_sig_bdd_1323                            |    and   |      0|  0|    1|           1|           1|
    |ap_sig_bdd_1327                            |    and   |      0|  0|    1|           1|           1|
    |ap_sig_bdd_1329                            |    and   |      0|  0|    1|           1|           1|
    |ap_sig_bdd_150                             |    and   |      0|  0|    1|           1|           1|
    |ap_sig_bdd_207                             |    and   |      0|  0|    1|           1|           1|
    |ap_sig_bdd_222                             |    and   |      0|  0|    1|           1|           1|
    |ap_sig_bdd_366                             |    and   |      0|  0|    1|           1|           1|
    |ap_sig_bdd_386                             |    and   |      0|  0|    1|           1|           1|
    |ap_sig_bdd_389                             |    and   |      0|  0|    1|           1|           1|
    |ap_sig_bdd_408                             |    and   |      0|  0|    1|           1|           1|
    |ap_sig_bdd_425                             |    and   |      0|  0|    1|           1|           1|
    |ap_sig_bdd_95                              |    and   |      0|  0|    1|           1|           1|
    |p_Result_41_fu_1150_p2                     |    and   |      0|  0|   80|          64|          64|
    |p_Result_42_fu_1299_p2                     |    and   |      0|  0|   80|          64|          64|
    |p_Result_44_fu_586_p2                      |    and   |      0|  0|   80|          64|          64|
    |p_Result_46_fu_854_p2                      |    and   |      0|  0|   80|          64|          64|
    |p_demorgan_fu_700_p2                       |    and   |      0|  0|   80|          64|          64|
    |tmp_214_fu_712_p2                          |    and   |      0|  0|   80|          64|          64|
    |tmp_215_fu_718_p2                          |    and   |      0|  0|   80|          64|          64|
    |tmp_239_fu_1321_p2                         |    and   |      0|  0|   80|          64|          64|
    |tmp_240_fu_1327_p2                         |    and   |      0|  0|   80|          64|          64|
    |tmp_263_fu_1178_p2                         |    and   |      0|  0|   80|          64|          64|
    |tmp_264_fu_1184_p2                         |    and   |      0|  0|   80|          64|          64|
    |tmp_288_fu_882_p2                          |    and   |      0|  0|   80|          64|          64|
    |tmp_289_fu_888_p2                          |    and   |      0|  0|   80|          64|          64|
    |tmp_nbreadreq_fu_208_p6                    |    and   |      0|  0|    1|           1|           0|
    |grp_fu_365_p2                              |   icmp   |      0|  0|    3|           8|           3|
    |grp_fu_370_p2                              |   icmp   |      0|  0|    3|           8|           1|
    |grp_fu_402_p2                              |   icmp   |      0|  0|    2|           5|           1|
    |icmp10_fu_1217_p2                          |   icmp   |      0|  0|    9|          26|           1|
    |icmp11_fu_1072_p2                          |   icmp   |      0|  0|    9|          26|           1|
    |icmp12_fu_776_p2                           |   icmp   |      0|  0|    9|          26|           1|
    |icmp7_fu_1366_p2                           |   icmp   |      0|  0|    2|           5|           1|
    |icmp8_fu_1382_p2                           |   icmp   |      0|  0|    2|           4|           1|
    |icmp9_fu_606_p2                            |   icmp   |      0|  0|    9|          26|           1|
    |tmp_120_fu_490_p2                          |   icmp   |      0|  0|    2|           4|           1|
    |tmp_124_fu_500_p2                          |   icmp   |      0|  0|    2|           4|           2|
    |tmp_125_fu_360_p2                          |   icmp   |      0|  0|    3|           8|           1|
    |tmp_126_fu_506_p2                          |   icmp   |      0|  0|    2|           4|           2|
    |tmp_128_fu_512_p2                          |   icmp   |      0|  0|    2|           4|           3|
    |tmp_129_fu_1446_p2                         |   icmp   |      0|  0|    3|           8|           4|
    |tmp_130_fu_1360_p2                         |   icmp   |      0|  0|    3|           8|           4|
    |tmp_131_fu_522_p2                          |   icmp   |      0|  0|    2|           4|           3|
    |tmp_132_fu_355_p2                          |   icmp   |      0|  0|    3|           8|           1|
    |tmp_133_fu_528_p2                          |   icmp   |      0|  0|    2|           4|           3|
    |tmp_136_fu_998_p2                          |   icmp   |      0|  0|    7|          18|          18|
    |tmp_138_fu_1034_p2                         |   icmp   |      0|  0|    6|          17|           1|
    |tmp_139_fu_566_p2                          |   icmp   |      0|  0|    7|          18|          18|
    |tmp_140_fu_732_p2                          |   icmp   |      0|  0|    3|           8|           1|
    |tmp_142_fu_901_p2                          |   icmp   |      0|  0|    6|          16|           4|
    |tmp_143_fu_907_p2                          |   icmp   |      0|  0|    6|          16|          16|
    |tmp_145_fu_925_p2                          |   icmp   |      0|  0|    6|          17|           4|
    |tmp_52_fu_472_p2                           |   icmp   |      0|  0|    3|           8|           3|
    |tmp_54_fu_478_p2                           |   icmp   |      0|  0|    3|           8|           1|
    |tmp_s_fu_453_p2                            |   icmp   |      0|  0|    2|           4|           1|
    |tmp_196_fu_580_p2                          |   lshr   |      0|  0|  214|           2|          64|
    |tmp_212_fu_694_p2                          |   lshr   |      0|  0|  214|           2|          64|
    |tmp_233_fu_1287_p2                         |   lshr   |      0|  0|  214|          64|          64|
    |tmp_234_fu_1293_p2                         |   lshr   |      0|  0|  214|           2|          64|
    |tmp_237_fu_1309_p2                         |   lshr   |      0|  0|  214|           2|          64|
    |tmp_256_fu_1138_p2                         |   lshr   |      0|  0|  214|          64|          64|
    |tmp_257_fu_1144_p2                         |   lshr   |      0|  0|  214|           2|          64|
    |tmp_261_fu_1166_p2                         |   lshr   |      0|  0|  214|           2|          64|
    |tmp_281_fu_842_p2                          |   lshr   |      0|  0|  214|          64|          64|
    |tmp_282_fu_848_p2                          |   lshr   |      0|  0|  214|           2|          64|
    |tmp_286_fu_870_p2                          |   lshr   |      0|  0|  214|           2|          64|
    |ap_sig_bdd_137                             |    or    |      0|  0|    1|           1|           1|
    |ap_sig_bdd_52                              |    or    |      0|  0|    1|           1|           1|
    |or_cond_fu_913_p2                          |    or    |      0|  0|    1|           1|           1|
    |p_Result_29_fu_1190_p2                     |    or    |      0|  0|   80|          64|          64|
    |p_Result_35_fu_894_p2                      |    or    |      0|  0|   80|          64|          64|
    |p_Result_43_fu_1333_p2                     |    or    |      0|  0|   80|          64|          64|
    |p_Result_45_fu_724_p2                      |    or    |      0|  0|   80|          64|          64|
    |tmp_181_fu_381_p2                          |    or    |      0|  0|    1|           1|           1|
    |tmp_193_fu_375_p2                          |    or    |      0|  0|    1|           1|           1|
    |tmp_56_fu_484_p2                           |    or    |      0|  0|    1|           1|           1|
    |tmp_208_fu_664_p2                          |    shl   |      0|  0|  214|          64|          64|
    |tmp_211_fu_688_p2                          |    shl   |      0|  0|  214|           2|          64|
    |tmp_213_fu_706_p2                          |    xor   |      0|  0|   80|          64|           2|
    |tmp_238_fu_1315_p2                         |    xor   |      0|  0|   80|          64|           2|
    |tmp_262_fu_1172_p2                         |    xor   |      0|  0|   80|          64|           2|
    |tmp_287_fu_876_p2                          |    xor   |      0|  0|   80|          64|           2|
    +-------------------------------------------+----------+-------+---+-----+------------+------------+
    |Total                                      |          |      0|  0| 5226|        2202|        2648|
    +-------------------------------------------+----------+-------+---+-----+------------+------------+

    * Multiplexer: 
    +----------------------------------------+-----+-----------+-----+-----------+
    |                  Name                  | LUT | Input Size| Bits| Total Bits|
    +----------------------------------------+-----+-----------+-----+-----------+
    |ap_NS_fsm1                              |    2|          3|    2|          6|
    |bpf_valueLengthBuffer_V                 |   17|          4|   17|         68|
    |bpf_wordCounter                         |    6|          8|    3|         24|
    |keyLengthBuffer                         |    8|          3|    8|         24|
    |metadataTempBuffer_V                    |  248|          2|  248|        496|
    |storemerge1_phi_fu_277_p4               |   17|          3|   17|         51|
    |storemerge9_phi_fu_296_p4               |    2|          3|    2|          6|
    |valueBuffer_rp_V_V_din                  |   64|          5|   64|        320|
    |valueShift                              |    5|          2|    5|         10|
    |valueTempBuffer_V_flag_5_phi_fu_307_p8  |    1|          3|    1|          3|
    |valueTempBuffer_V_new_2_phi_fu_258_p4   |   64|          3|   64|        192|
    |valueTempBuffer_V_new_3_phi_fu_267_p4   |   64|          3|   64|        192|
    |valueTempBuffer_V_new_5_phi_fu_325_p8   |   64|          3|   64|        192|
    |valueTempBuffer_V_new_phi_fu_287_p4     |   64|          3|   64|        192|
    +----------------------------------------+-----+-----------+-----+-----------+
    |Total                                   |  626|         48|  623|       1776|
    +----------------------------------------+-----+-----------+-----+-----------+

    * Register: 
    +-----------------------------+-----+----+-----+-----------+
    |             Name            |  FF | LUT| Bits| Const Bits|
    +-----------------------------+-----+----+-----+-----------+
    |ap_CS_fsm0                   |    1|   0|    1|          0|
    |ap_CS_fsm1                   |    2|   0|    2|          0|
    |ap_done_reg                  |    1|   0|    1|          0|
    |bpf_keyLength_V              |    8|   0|    8|          0|
    |bpf_opCode_V                 |    8|   0|    8|          0|
    |bpf_opCode_V_load_reg_1690   |    8|   0|    8|          0|
    |bpf_valueLengthBuffer_V      |   17|   0|   17|          0|
    |bpf_wordCounter              |    3|   0|    4|          1|
    |keyLengthBuffer              |    8|   0|    8|          0|
    |lastValueWord                |    1|   0|    1|          0|
    |lastValueWord_load_reg_1665  |    1|   0|    1|          0|
    |metadataTempBuffer_V         |  248|   0|  248|          0|
    |p_Result_43_reg_1748         |   64|   0|   64|          0|
    |p_Result_45_reg_1723         |   64|   0|   64|          0|
    |p_Result_s_92_reg_1787       |    8|   0|    8|          0|
    |p_Val2_21_reg_1669           |   64|   0|   64|          0|
    |protocol_V                   |    4|   0|    4|          0|
    |tmp_120_reg_1695             |    1|   0|    1|          0|
    |tmp_123_reg_1777             |   17|   0|   17|          0|
    |tmp_124_reg_1699             |    1|   0|    1|          0|
    |tmp_126_reg_1703             |    1|   0|    1|          0|
    |tmp_128_reg_1707             |    1|   0|    1|          0|
    |tmp_131_reg_1711             |    1|   0|    1|          0|
    |tmp_132_reg_1736             |    1|   0|    1|          0|
    |tmp_133_reg_1715             |    1|   0|    1|          0|
    |tmp_138_reg_1744             |    1|   0|    1|          0|
    |tmp_175_reg_1782             |  108|   0|  108|          0|
    |tmp_data_V_reg_1678          |   64|   0|   64|          0|
    |tmp_reg_1674                 |    1|   0|    1|          0|
    |tmp_s_reg_1686               |    1|   0|    1|          0|
    |valueShift                   |    5|   0|    8|          3|
    |valueTempBuffer_V            |   64|   0|   64|          0|
    +-----------------------------+-----+----+-----+-----------+
    |Total                        |  778|   0|  782|          4|
    +-----------------------------+-----+----+-----+-----------+



================================================================
== Interface
================================================================
* Summary: 
+------------------------------+-----+-----+------------+------------------------+--------------+
|           RTL Ports          | Dir | Bits|  Protocol  |      Source Object     |    C Type    |
+------------------------------+-----+-----+------------+------------------------+--------------+
|ap_clk                        |  in |    1| ap_ctrl_hs | memcachedPipeline_bp_f | return value |
|ap_rst                        |  in |    1| ap_ctrl_hs | memcachedPipeline_bp_f | return value |
|ap_start                      |  in |    1| ap_ctrl_hs | memcachedPipeline_bp_f | return value |
|ap_done                       | out |    1| ap_ctrl_hs | memcachedPipeline_bp_f | return value |
|ap_continue                   |  in |    1| ap_ctrl_hs | memcachedPipeline_bp_f | return value |
|ap_idle                       | out |    1| ap_ctrl_hs | memcachedPipeline_bp_f | return value |
|ap_ready                      | out |    1| ap_ctrl_hs | memcachedPipeline_bp_f | return value |
|inData_TVALID                 |  in |    1|    axis    |    feInput_V_data_V    |    pointer   |
|inData_TDATA                  |  in |   64|    axis    |    feInput_V_data_V    |    pointer   |
|valueBuffer_rp_V_V_din        | out |   64|   ap_fifo  |   valueBuffer_rp_V_V   |    pointer   |
|valueBuffer_rp_V_V_full_n     |  in |    1|   ap_fifo  |   valueBuffer_rp_V_V   |    pointer   |
|valueBuffer_rp_V_V_write      | out |    1|   ap_fifo  |   valueBuffer_rp_V_V   |    pointer   |
|keyBuffer_rp_V_V_din          | out |   64|   ap_fifo  |    keyBuffer_rp_V_V    |    pointer   |
|keyBuffer_rp_V_V_full_n       |  in |    1|   ap_fifo  |    keyBuffer_rp_V_V    |    pointer   |
|keyBuffer_rp_V_V_write        | out |    1|   ap_fifo  |    keyBuffer_rp_V_V    |    pointer   |
|metadataBuffer_rp_V_V_din     | out |  248|   ap_fifo  |  metadataBuffer_rp_V_V |    pointer   |
|metadataBuffer_rp_V_V_full_n  |  in |    1|   ap_fifo  |  metadataBuffer_rp_V_V |    pointer   |
|metadataBuffer_rp_V_V_write   | out |    1|   ap_fifo  |  metadataBuffer_rp_V_V |    pointer   |
|inData_TREADY                 | out |    1|    axis    |    feInput_V_last_V    |    pointer   |
|inData_TLAST                  |  in |    1|    axis    |    feInput_V_last_V    |    pointer   |
|inData_TUSER                  |  in |  112|    axis    |    feInput_V_user_V    |    pointer   |
|inData_TKEEP                  |  in |    8|    axis    |    feInput_V_keep_V    |    pointer   |
+------------------------------+-----+-----+------------+------------------------+--------------+

