

================================================================
== Vivado HLS Report for 'memcachedPipeline_flashRemux'
================================================================
* Date:           Wed Oct 21 12:18:56 2020

* Version:        2015.1 (Build 1215546 on Mon Apr 27 19:24:50 PM 2015)
* Project:        memcachedPipeline_prj
* Solution:       solution1
* Product family: kintexu
* Target device:  xcku040-ffva1156-2-e


================================================================
== Performance Estimates
================================================================
+ Timing (ns): 
    * Summary: 
    +---------+-------+----------+------------+
    |  Clock  | Target| Estimated| Uncertainty|
    +---------+-------+----------+------------+
    |default  |   6.66|      8.69|        0.83|
    +---------+-------+----------+------------+

+ Latency (clock cycles): 
    * Summary: 
    +-----+-----+-----+-----+----------+
    |  Latency  |  Interval | Pipeline |
    | min | max | min | max |   Type   |
    +-----+-----+-----+-----+----------+
    |    1|    1|    1|    1| function |
    +-----+-----+-----+-----+----------+

    + Detail: 
        * Instance: 
        N/A

        * Loop: 
        N/A



================================================================
== Utilization Estimates
================================================================
* Summary: 
+-----------------+---------+-------+--------+--------+
|       Name      | BRAM_18K| DSP48E|   FF   |   LUT  |
+-----------------+---------+-------+--------+--------+
|Expression       |        -|      -|       0|     225|
|FIFO             |        -|      -|       -|       -|
|Instance         |        -|      -|       -|       -|
|Memory           |        -|      -|       -|       -|
|Multiplexer      |        -|      -|       -|    1316|
|Register         |        -|      -|    1004|       -|
+-----------------+---------+-------+--------+--------+
|Total            |        0|      0|    1004|    1541|
+-----------------+---------+-------+--------+--------+
|Available        |     1200|   1920|  484800|  242400|
+-----------------+---------+-------+--------+--------+
|Utilization (%)  |        0|      0|   ~0   |   ~0   |
+-----------------+---------+-------+--------+--------+

+ Detail: 
    * Instance: 
    N/A

    * Memory: 
    N/A

    * FIFO: 
    N/A

    * Expression: 
    +------------------------------------+----------+-------+---+----+------------+------------+
    |            Variable Name           | Operation| DSP48E| FF| LUT| Bitwidth P0| Bitwidth P1|
    +------------------------------------+----------+-------+---+----+------------+------------+
    |grp_fu_729_p2                       |     +    |      0|  0|   8|           8|           5|
    |grp_fu_759_p2                       |     +    |      0|  0|  16|          16|           5|
    |grp_fu_802_p2                       |     +    |      0|  0|   8|           8|           5|
    |tmp_21_fu_955_p2                    |     +    |      0|  0|   8|           5|           8|
    |tmp_29_fu_1120_p2                   |     +    |      0|  0|  16|           5|          16|
    |grp_fu_734_p3                       |  Select  |      0|  0|   8|           1|           8|
    |grp_fu_764_p3                       |  Select  |      0|  0|  16|           1|          16|
    |grp_fu_808_p3                       |  Select  |      0|  0|   8|           1|           8|
    |p_flashRmKeyLength_load_fu_1023_p3  |  Select  |      0|  0|   8|           1|           8|
    |p_s_fu_1014_p3                      |  Select  |      0|  0|   2|           1|           2|
    |storemerge2_fu_961_p3               |  Select  |      0|  0|   8|           1|           8|
    |storemerge3_cast_fu_982_p3          |  Select  |      0|  0|   2|           1|           2|
    |storemerge3_fu_1126_p3              |  Select  |      0|  0|  16|           1|          16|
    |storemerge7_fu_929_p3               |  Select  |      0|  0|   4|           1|           1|
    |ap_sig_bdd_121                      |    and   |      0|  0|   1|           1|           1|
    |ap_sig_bdd_129                      |    and   |      0|  0|   1|           1|           1|
    |ap_sig_bdd_259                      |    and   |      0|  0|   1|           1|           1|
    |ap_sig_bdd_272                      |    and   |      0|  0|   1|           1|           1|
    |ap_sig_bdd_275                      |    and   |      0|  0|   1|           1|           1|
    |ap_sig_bdd_356                      |    and   |      0|  0|   1|           1|           1|
    |ap_sig_bdd_530                      |    and   |      0|  0|   1|           1|           1|
    |ap_sig_bdd_815                      |    and   |      0|  0|   1|           1|           1|
    |tmp_EOP_V_6_fu_923_p2               |    and   |      0|  0|   1|           1|           1|
    |tmp_EOP_V_7_fu_894_p2               |    and   |      0|  0|   1|           1|           1|
    |grp_fu_724_p2                       |   icmp   |      0|  0|   6|          16|           1|
    |grp_fu_753_p2                       |   icmp   |      0|  0|   5|          13|           1|
    |grp_fu_780_p2                       |   icmp   |      0|  0|   3|           8|           1|
    |grp_fu_796_p2                       |   icmp   |      0|  0|   2|           5|           1|
    |icmp9_fu_1114_p2                    |   icmp   |      0|  0|   5|          13|           1|
    |icmp_fu_875_p2                      |   icmp   |      0|  0|   2|           5|           1|
    |tmp_17_fu_859_p2                    |   icmp   |      0|  0|   3|           8|           1|
    |tmp_23_fu_1088_p2                   |   icmp   |      0|  0|   3|           8|           1|
    |tmp_35_fu_882_p2                    |   icmp   |      0|  0|   6|          16|           1|
    |tmp_37_fu_888_p2                    |   icmp   |      0|  0|   3|           8|           1|
    |tmp_39_fu_911_p2                    |   icmp   |      0|  0|   6|          16|           1|
    |tmp_40_fu_917_p2                    |   icmp   |      0|  0|   3|           8|           1|
    |tmp_45_fu_1058_p2                   |   icmp   |      0|  0|   3|           8|           4|
    |tmp_46_fu_1064_p2                   |   icmp   |      0|  0|   3|           8|           3|
    |tmp_48_fu_1076_p2                   |   icmp   |      0|  0|   3|           8|           1|
    |tmp_EOP_V_5_fu_938_p2               |   icmp   |      0|  0|   3|           8|           1|
    |tmp_EOP_V_fu_970_p2                 |   icmp   |      0|  0|   3|           8|           1|
    |tmp_s_fu_1042_p2                    |   icmp   |      0|  0|   3|           8|           1|
    |ap_sig_bdd_106                      |    or    |      0|  0|   1|           1|           1|
    |ap_sig_bdd_112                      |    or    |      0|  0|   1|           1|           1|
    |ap_sig_bdd_152                      |    or    |      0|  0|   1|           1|           1|
    |ap_sig_bdd_188                      |    or    |      0|  0|   1|           1|           1|
    |ap_sig_bdd_222                      |    or    |      0|  0|   1|           1|           1|
    |ap_sig_bdd_251                      |    or    |      0|  0|   1|           1|           1|
    |ap_sig_bdd_301                      |    or    |      0|  0|   1|           1|           1|
    |ap_sig_bdd_326                      |    or    |      0|  0|   1|           1|           1|
    |ap_sig_bdd_335                      |    or    |      0|  0|   1|           1|           1|
    |ap_sig_bdd_343                      |    or    |      0|  0|   1|           1|           1|
    |ap_sig_bdd_527                      |    or    |      0|  0|   1|           1|           1|
    |ap_sig_bdd_546                      |    or    |      0|  0|   1|           1|           1|
    |ap_sig_bdd_555                      |    or    |      0|  0|   1|           1|           1|
    |ap_sig_bdd_571                      |    or    |      0|  0|   1|           1|           1|
    |ap_sig_bdd_605                      |    or    |      0|  0|   1|           1|           1|
    |ap_sig_bdd_63                       |    or    |      0|  0|   1|           1|           1|
    |ap_sig_bdd_77                       |    or    |      0|  0|   1|           1|           1|
    |ap_sig_bdd_99                       |    or    |      0|  0|   1|           1|           1|
    |tmp_47_fu_1070_p2                   |    or    |      0|  0|   1|           1|           1|
    |tmp_49_fu_1082_p2                   |    or    |      0|  0|   1|           1|           1|
    |not_tmp_EOP_V_fu_976_p2             |    xor   |      0|  0|   2|           1|           2|
    +------------------------------------+----------+-------+---+----+------------+------------+
    |Total                               |          |      0|  0| 225|         254|         163|
    +------------------------------------+----------+-------+---+----+------------+------------+

    * Multiplexer: 
    +----------------------------------------------------+-----+-----------+-----+-----------+
    |                        Name                        | LUT | Input Size| Bits| Total Bits|
    +----------------------------------------------------+-----+-----------+-----+-----------+
    |ap_NS_fsm1                                          |    2|          3|    2|          6|
    |ap_reg_phiprechg_tmp_keyValid_V_6_reg_699pp0_it1    |    1|          3|    1|          3|
    |ap_reg_phiprechg_tmp_key_V_3_reg_664pp0_it1         |   64|          3|   64|        192|
    |ap_reg_phiprechg_tmp_key_V_4_reg_629pp0_it1         |   64|          3|   64|        192|
    |ap_reg_phiprechg_tmp_key_V_5_reg_712pp0_it1         |   64|          3|   64|        192|
    |ap_reg_phiprechg_tmp_valueValid_V_1_reg_640pp0_it1  |    1|          3|    1|          3|
    |ap_reg_phiprechg_tmp_valueValid_V_reg_675pp0_it1    |    1|          3|    1|          3|
    |ap_reg_phiprechg_tmp_value_V_1_reg_653pp0_it1       |   64|          3|   64|        192|
    |ap_reg_phiprechg_tmp_value_V_reg_688pp0_it1         |   64|          3|   64|        192|
    |flashRemuxState_flag_2_phi_fu_308_p6                |    1|          3|    1|          3|
    |flashRemuxState_flag_s_phi_fu_365_p42               |    1|          6|    1|          6|
    |flashRemuxState_new_1_phi_fu_432_p42                |    3|          7|    3|         21|
    |flashRmKeyLength_flag_5_phi_fu_344_p4               |    1|          3|    1|          3|
    |flashRmKeyLength_flag_s_phi_fu_498_p42              |    1|          7|    1|          7|
    |flashRmKeyLength_load_1_phi_fu_290_p4               |    8|          3|    8|         24|
    |flashRmKeyLength_load_s_phi_fu_260_p4               |    8|          3|    8|         24|
    |flashRmKeyLength_loc_2_phi_fu_333_p6                |    8|          3|    8|         24|
    |flashRmKeyLength_new_5_phi_fu_355_p4                |    8|          3|    8|         24|
    |flashRmKeyLength_new_s_phi_fu_567_p42               |   16|          9|    8|         72|
    |flashRmMdBuffer_metadata_V                          |  124|          3|  124|        372|
    |flashRmValueLength                                  |   16|          2|   16|         32|
    |p_Val2_3_phi_fu_321_p6                              |  124|          3|  124|        372|
    |p_Val2_3_reg_318                                    |  124|          3|  124|        372|
    |tmp_33_phi_fu_269_p4                                |   16|          3|   16|         48|
    |tmp_38_phi_fu_299_p4                                |   16|          3|   16|         48|
    |tmp_keyValid_V_5_phi_fu_248_p4                      |    1|          3|    1|          3|
    |tmp_keyValid_V_5_reg_245                            |    1|          3|    1|          3|
    |tmp_keyValid_V_phi_fu_278_p4                        |    1|          3|    1|          3|
    |tmp_keyValid_V_reg_275                              |    1|          3|    1|          3|
    |valueStoreFlash2merger_V_din                        |  512|          9|  256|       2304|
    +----------------------------------------------------+-----+-----------+-----+-----------+
    |Total                                               | 1316|        112| 1052|       4743|
    +----------------------------------------------------+-----+-----------+-----+-----------+

    * Register: 
    +----------------------------------------------------+-----+----+-----+-----------+
    |                        Name                        |  FF | LUT| Bits| Const Bits|
    +----------------------------------------------------+-----+----+-----+-----------+
    |ap_CS_fsm0                                          |    1|   0|    1|          0|
    |ap_CS_fsm1                                          |    2|   0|    2|          0|
    |ap_done_reg                                         |    1|   0|    1|          0|
    |ap_reg_phiprechg_tmp_keyValid_V_6_reg_699pp0_it1    |    1|   0|    1|          0|
    |ap_reg_phiprechg_tmp_key_V_3_reg_664pp0_it1         |   64|   0|   64|          0|
    |ap_reg_phiprechg_tmp_key_V_4_reg_629pp0_it1         |   64|   0|   64|          0|
    |ap_reg_phiprechg_tmp_key_V_5_reg_712pp0_it1         |   64|   0|   64|          0|
    |ap_reg_phiprechg_tmp_valueValid_V_1_reg_640pp0_it1  |    1|   0|    1|          0|
    |ap_reg_phiprechg_tmp_valueValid_V_reg_675pp0_it1    |    1|   0|    1|          0|
    |ap_reg_phiprechg_tmp_value_V_1_reg_653pp0_it1       |   64|   0|   64|          0|
    |ap_reg_phiprechg_tmp_value_V_reg_688pp0_it1         |   64|   0|   64|          0|
    |flashOutputWord_metadata_V_1_reg_1296               |  124|   0|  124|          0|
    |flashOutputWord_metadata_V_reg_1319                 |  124|   0|  124|          0|
    |flashRemuxState                                     |    3|   0|    3|          0|
    |flashRemuxState_load_reg_1255                       |    3|   0|    3|          0|
    |flashRmKeyLength                                    |    8|   0|    8|          0|
    |flashRmMdBuffer_metadata_V                          |  124|   0|  124|          0|
    |flashRmValueLength                                  |   16|   0|   16|          0|
    |p_Val2_3_reg_318                                    |  124|   0|  124|          0|
    |reg_818                                             |   64|   0|   64|          0|
    |reg_825                                             |   64|   0|   64|          0|
    |tmp_10_reg_1263                                     |    1|   0|    1|          0|
    |tmp_11_reg_1325                                     |    1|   0|    1|          0|
    |tmp_12_reg_1284                                     |    1|   0|    1|          0|
    |tmp_13_reg_1271                                     |    1|   0|    1|          0|
    |tmp_14_reg_1292                                     |    1|   0|    1|          0|
    |tmp_15_reg_1349                                     |    1|   0|    1|          0|
    |tmp_16_reg_1360                                     |    1|   0|    1|          0|
    |tmp_17_reg_1259                                     |    1|   0|    1|          0|
    |tmp_19_reg_1267                                     |    1|   0|    1|          0|
    |tmp_20_reg_1356                                     |    1|   0|    1|          0|
    |tmp_22_reg_1288                                     |    1|   0|    1|          0|
    |tmp_23_reg_1345                                     |    1|   0|    1|          0|
    |tmp_49_reg_1341                                     |    1|   0|    1|          0|
    |tmp_7_reg_1315                                      |    1|   0|    1|          0|
    |tmp_8_reg_1280                                      |    1|   0|    1|          0|
    |tmp_9_reg_1306                                      |    1|   0|    1|          0|
    |tmp_EOP_V_5_reg_1310                                |    1|   0|    1|          0|
    |tmp_EOP_V_6_reg_1301                                |    1|   0|    1|          0|
    |tmp_EOP_V_7_reg_1275                                |    1|   0|    1|          0|
    |tmp_EOP_V_reg_1329                                  |    1|   0|    1|          0|
    |tmp_keyValid_V_5_reg_245                            |    1|   0|    1|          0|
    |tmp_keyValid_V_reg_275                              |    1|   0|    1|          0|
    |tmp_s_reg_1337                                      |    1|   0|    1|          0|
    +----------------------------------------------------+-----+----+-----+-----------+
    |Total                                               | 1004|   0| 1004|          0|
    +----------------------------------------------------+-----+----+-----+-----------+



================================================================
== Interface
================================================================
* Summary: 
+---------------------------------+-----+-----+--------------+------------------------------+--------------+
|            RTL Ports            | Dir | Bits|   Protocol   |         Source Object        |    C Type    |
+---------------------------------+-----+-----+--------------+------------------------------+--------------+
|ap_clk                           |  in |    1| ap_ctrl_none | memcachedPipeline_flashRemux | return value |
|ap_rst                           |  in |    1| ap_ctrl_none | memcachedPipeline_flashRemux | return value |
|ap_start                         |  in |    1| ap_ctrl_none | memcachedPipeline_flashRemux | return value |
|ap_done                          | out |    1| ap_ctrl_none | memcachedPipeline_flashRemux | return value |
|ap_continue                      |  in |    1| ap_ctrl_none | memcachedPipeline_flashRemux | return value |
|ap_idle                          | out |    1| ap_ctrl_none | memcachedPipeline_flashRemux | return value |
|ap_ready                         | out |    1| ap_ctrl_none | memcachedPipeline_flashRemux | return value |
|flashKeyBuffer_V_V_dout          |  in |   64|    ap_fifo   |      flashKeyBuffer_V_V      |    pointer   |
|flashKeyBuffer_V_V_empty_n       |  in |    1|    ap_fifo   |      flashKeyBuffer_V_V      |    pointer   |
|flashKeyBuffer_V_V_read          | out |    1|    ap_fifo   |      flashKeyBuffer_V_V      |    pointer   |
|flashGetPath2remux_V_V_dout      |  in |   64|    ap_fifo   |    flashGetPath2remux_V_V    |    pointer   |
|flashGetPath2remux_V_V_empty_n   |  in |    1|    ap_fifo   |    flashGetPath2remux_V_V    |    pointer   |
|flashGetPath2remux_V_V_read      | out |    1|    ap_fifo   |    flashGetPath2remux_V_V    |    pointer   |
|flashMetadataBuffer_V_dout       |  in |  128|    ap_fifo   |     flashMetadataBuffer_V    |    pointer   |
|flashMetadataBuffer_V_empty_n    |  in |    1|    ap_fifo   |     flashMetadataBuffer_V    |    pointer   |
|flashMetadataBuffer_V_read       | out |    1|    ap_fifo   |     flashMetadataBuffer_V    |    pointer   |
|valueStoreFlash2merger_V_din     | out |  256|    ap_fifo   |   valueStoreFlash2merger_V   |    pointer   |
|valueStoreFlash2merger_V_full_n  |  in |    1|    ap_fifo   |   valueStoreFlash2merger_V   |    pointer   |
|valueStoreFlash2merger_V_write   | out |    1|    ap_fifo   |   valueStoreFlash2merger_V   |    pointer   |
+---------------------------------+-----+-----+--------------+------------------------------+--------------+

