

================================================================
== Vivado HLS Report for 'memcachedPipeline_bp_r'
================================================================
* Date:           Wed Oct 21 12:18:44 2020

* Version:        2015.1 (Build 1215546 on Mon Apr 27 19:24:50 PM 2015)
* Project:        memcachedPipeline_prj
* Solution:       solution1
* Product family: kintexu
* Target device:  xcku040-ffva1156-2-e


================================================================
== Performance Estimates
================================================================
+ Timing (ns): 
    * Summary: 
    +---------+-------+----------+------------+
    |  Clock  | Target| Estimated| Uncertainty|
    +---------+-------+----------+------------+
    |default  |   6.66|      6.56|        0.83|
    +---------+-------+----------+------------+

+ Latency (clock cycles): 
    * Summary: 
    +-----+-----+-----+-----+----------+
    |  Latency  |  Interval | Pipeline |
    | min | max | min | max |   Type   |
    +-----+-----+-----+-----+----------+
    |    1|    1|    1|    1| function |
    +-----+-----+-----+-----+----------+

    + Detail: 
        * Instance: 
        N/A

        * Loop: 
        N/A



================================================================
== Utilization Estimates
================================================================
* Summary: 
+-----------------+---------+-------+--------+--------+
|       Name      | BRAM_18K| DSP48E|   FF   |   LUT  |
+-----------------+---------+-------+--------+--------+
|Expression       |        -|      -|       0|     290|
|FIFO             |        -|      -|       -|       -|
|Instance         |        -|      -|       -|       -|
|Memory           |        -|      -|       -|       -|
|Multiplexer      |        -|      -|       -|     599|
|Register         |        -|      -|     808|       -|
+-----------------+---------+-------+--------+--------+
|Total            |        0|      0|     808|     889|
+-----------------+---------+-------+--------+--------+
|Available        |     1200|   1920|  484800|  242400|
+-----------------+---------+-------+--------+--------+
|Utilization (%)  |        0|      0|   ~0   |   ~0   |
+-----------------+---------+-------+--------+--------+

+ Detail: 
    * Instance: 
    N/A

    * Memory: 
    N/A

    * FIFO: 
    N/A

    * Expression: 
    +--------------------------------------+----------+-------+---+-----+------------+------------+
    |             Variable Name            | Operation| DSP48E| FF| LUT | Bitwidth P0| Bitwidth P1|
    +--------------------------------------+----------+-------+---+-----+------------+------------+
    |tmp_152_fu_562_p2                     |     +    |      0|  0|    8|           5|           8|
    |tmp_155_fu_457_p2                     |     +    |      0|  0|    8|           8|           5|
    |tmp_157_fu_594_p2                     |     +    |      0|  0|   16|          16|           5|
    |tmp_159_fu_484_p2                     |     +    |      0|  0|   16|          16|           5|
    |storemerge2_fu_568_p3                 |  Select  |      0|  0|    8|           1|           1|
    |storemerge3_fu_463_p3                 |  Select  |      0|  0|    8|           1|           8|
    |storemerge4_fu_600_p3                 |  Select  |      0|  0|   16|           1|          16|
    |storemerge_fu_490_p3                  |  Select  |      0|  0|   16|           1|          16|
    |tmp_metadata_V_11_fu_669_p3           |  Select  |      0|  0|  124|           1|           1|
    |ap_sig_bdd_117                        |    and   |      0|  0|    1|           1|           1|
    |ap_sig_bdd_198                        |    and   |      0|  0|    1|           1|           1|
    |ap_sig_bdd_298                        |    and   |      0|  0|    1|           1|           1|
    |ap_sig_bdd_409                        |    and   |      0|  0|    1|           1|           1|
    |notlhs_fu_499_p2                      |   icmp   |      0|  0|    3|           8|           1|
    |notrhs_fu_505_p2                      |   icmp   |      0|  0|    6|          16|           1|
    |tmp_147_fu_439_p2                     |   icmp   |      0|  0|    3|           8|           1|
    |tmp_148_fu_529_p2                     |   icmp   |      0|  0|    3|           8|           1|
    |tmp_149_fu_445_p2                     |   icmp   |      0|  0|    6|          16|           1|
    |tmp_150_fu_539_p2                     |   icmp   |      0|  0|    3|           8|           4|
    |tmp_151_fu_556_p2                     |   icmp   |      0|  0|    3|           8|           4|
    |tmp_153_fu_582_p2                     |   icmp   |      0|  0|    3|           8|           1|
    |tmp_154_fu_451_p2                     |   icmp   |      0|  0|    3|           8|           4|
    |tmp_156_fu_588_p2                     |   icmp   |      0|  0|    6|          16|           4|
    |tmp_158_fu_478_p2                     |   icmp   |      0|  0|    6|          16|           4|
    |tmp_s_fu_523_p2                       |   icmp   |      0|  0|    3|           8|           4|
    |ap_sig_bdd_105                        |    or    |      0|  0|    1|           1|           1|
    |ap_sig_bdd_126                        |    or    |      0|  0|    1|           1|           1|
    |ap_sig_bdd_160                        |    or    |      0|  0|    1|           1|           1|
    |ap_sig_bdd_183                        |    or    |      0|  0|    1|           1|           1|
    |ap_sig_bdd_185                        |    or    |      0|  0|    1|           1|           1|
    |ap_sig_bdd_275                        |    or    |      0|  0|    1|           1|           1|
    |ap_sig_bdd_306                        |    or    |      0|  0|    1|           1|           1|
    |ap_sig_bdd_314                        |    or    |      0|  0|    1|           1|           1|
    |ap_sig_bdd_353                        |    or    |      0|  0|    1|           1|           1|
    |ap_sig_bdd_389                        |    or    |      0|  0|    1|           1|           1|
    |ap_sig_bdd_443                        |    or    |      0|  0|    1|           1|           1|
    |ap_sig_bdd_461                        |    or    |      0|  0|    1|           1|           1|
    |ap_sig_bdd_63                         |    or    |      0|  0|    1|           1|           1|
    |ap_sig_bdd_77                         |    or    |      0|  0|    1|           1|           1|
    |ap_sig_bdd_96                         |    or    |      0|  0|    1|           1|           1|
    |or_cond_fu_511_p2                     |    or    |      0|  0|    1|           1|           1|
    |not_bpr_wordCounter_V_load_fu_662_p2  |    xor   |      0|  0|    2|           1|           2|
    +--------------------------------------+----------+-------+---+-----+------------+------------+
    |Total                                 |          |      0|  0|  290|         199|         117|
    +--------------------------------------+----------+-------+---+-----+------------+------------+

    * Multiplexer: 
    +----------------------------------------------------------+-----+-----------+-----+-----------+
    |                           Name                           | LUT | Input Size| Bits| Total Bits|
    +----------------------------------------------------------+-----+-----------+-----+-----------+
    |ap_NS_fsm1                                                |    2|          3|    2|          6|
    |ap_reg_phiprechg_bpr_wordCounter_V_flag_1_reg_332pp0_it1  |    1|          2|    1|          2|
    |ap_reg_phiprechg_bpr_wordCounter_V_new_1_reg_343pp0_it1   |    1|          2|    1|          2|
    |ap_reg_phiprechg_tempOutput_key_V_reg_367pp0_it1          |   64|          3|   64|        192|
    |ap_reg_phiprechg_tmp_EOP_V_reg_355pp0_it1                 |    1|          2|    1|          2|
    |ap_reg_phiprechg_tmp_keyValid_V_reg_297pp0_it1            |    1|          3|    1|          3|
    |ap_reg_phiprechg_tmp_key_V_11_reg_310pp0_it1              |   64|          3|   64|        192|
    |ap_reg_phiprechg_tmp_valueValid_V_reg_378pp0_it1          |    1|          3|    1|          3|
    |ap_reg_phiprechg_tmp_value_V_7_reg_321pp0_it1             |   64|          3|   64|        192|
    |ap_reg_phiprechg_tmp_value_V_reg_391pp0_it1               |   64|          3|   64|        192|
    |binaryParserRearState                                     |    2|          3|    2|          6|
    |bpr_keyLength                                             |    8|          2|    8|         16|
    |bpr_keyLength_load_4_phi_fu_190_p4                        |    8|          3|    8|         24|
    |bpr_opCode_load_3_phi_fu_220_p6                           |    8|          3|    8|         24|
    |bpr_valueLength_flag_4_phi_fu_241_p16                     |    1|          4|    1|          4|
    |bpr_valueLength_new_4_phi_fu_271_p16                      |   16|          3|   16|         48|
    |bpr_valueLength_new_phi_fu_232_p4                         |   16|          3|   16|         48|
    |bpr_wordCounter_V_flag_1_phi_fu_336_p4                    |    1|          2|    1|          2|
    |bpr_wordCounter_V_new_1_phi_fu_347_p4                     |    1|          2|    1|          2|
    |requestParser2hashTable_V_din                             |  256|          3|  256|        768|
    |tmp_160_phi_fu_211_p4                                     |   16|          3|   16|         48|
    |tmp_EOP_V_phi_fu_359_p4                                   |    1|          2|    1|          2|
    |tmp_valueValid_V_5_phi_fu_199_p4                          |    1|          3|    1|          3|
    |tmp_valueValid_V_5_reg_196                                |    1|          3|    1|          3|
    +----------------------------------------------------------+-----+-----------+-----+-----------+
    |Total                                                     |  599|         66|  599|       1784|
    +----------------------------------------------------------+-----+-----------+-----+-----------+

    * Register: 
    +----------------------------------------------------------+-----+----+-----+-----------+
    |                           Name                           |  FF | LUT| Bits| Const Bits|
    +----------------------------------------------------------+-----+----+-----+-----------+
    |ap_CS_fsm0                                                |    1|   0|    1|          0|
    |ap_CS_fsm1                                                |    2|   0|    2|          0|
    |ap_done_reg                                               |    1|   0|    1|          0|
    |ap_reg_phiprechg_bpr_wordCounter_V_flag_1_reg_332pp0_it1  |    1|   0|    1|          0|
    |ap_reg_phiprechg_bpr_wordCounter_V_new_1_reg_343pp0_it1   |    1|   0|    1|          0|
    |ap_reg_phiprechg_tempOutput_key_V_reg_367pp0_it1          |   64|   0|   64|          0|
    |ap_reg_phiprechg_tmp_EOP_V_reg_355pp0_it1                 |    1|   0|    1|          0|
    |ap_reg_phiprechg_tmp_keyValid_V_reg_297pp0_it1            |    1|   0|    1|          0|
    |ap_reg_phiprechg_tmp_key_V_11_reg_310pp0_it1              |   64|   0|   64|          0|
    |ap_reg_phiprechg_tmp_valueValid_V_reg_378pp0_it1          |    1|   0|    1|          0|
    |ap_reg_phiprechg_tmp_value_V_7_reg_321pp0_it1             |   64|   0|   64|          0|
    |ap_reg_phiprechg_tmp_value_V_reg_391pp0_it1               |   64|   0|   64|          0|
    |binaryParserRearState                                     |    2|   0|    2|          0|
    |binaryParserRearState_load_reg_722                        |    2|   0|    2|          0|
    |bpr_keyLength                                             |    8|   0|    8|          0|
    |bpr_opCode                                                |    8|   0|    8|          0|
    |bpr_valueLength                                           |   16|   0|   16|          0|
    |bpr_wordCounter_V                                         |    1|   0|    1|          0|
    |or_cond_reg_748                                           |    1|   0|    1|          0|
    |outMetadataBuffer_V                                       |  248|   0|  248|          0|
    |p_Val2_23_reg_726                                         |  248|   0|  248|          0|
    |tmp_147_reg_732                                           |    1|   0|    1|          0|
    |tmp_148_reg_760                                           |    1|   0|    1|          0|
    |tmp_149_reg_740                                           |    1|   0|    1|          0|
    |tmp_45_reg_756                                            |    1|   0|    1|          0|
    |tmp_46_reg_736                                            |    1|   0|    1|          0|
    |tmp_47_reg_764                                            |    1|   0|    1|          0|
    |tmp_48_reg_744                                            |    1|   0|    1|          0|
    |tmp_s_reg_752                                             |    1|   0|    1|          0|
    |tmp_valueValid_V_5_reg_196                                |    1|   0|    1|          0|
    +----------------------------------------------------------+-----+----+-----+-----------+
    |Total                                                     |  808|   0|  808|          0|
    +----------------------------------------------------------+-----+----+-----+-----------+



================================================================
== Interface
================================================================
* Summary: 
+----------------------------------+-----+-----+------------+---------------------------+--------------+
|             RTL Ports            | Dir | Bits|  Protocol  |       Source Object       |    C Type    |
+----------------------------------+-----+-----+------------+---------------------------+--------------+
|ap_clk                            |  in |    1| ap_ctrl_hs |   memcachedPipeline_bp_r  | return value |
|ap_rst                            |  in |    1| ap_ctrl_hs |   memcachedPipeline_bp_r  | return value |
|ap_start                          |  in |    1| ap_ctrl_hs |   memcachedPipeline_bp_r  | return value |
|ap_done                           | out |    1| ap_ctrl_hs |   memcachedPipeline_bp_r  | return value |
|ap_continue                       |  in |    1| ap_ctrl_hs |   memcachedPipeline_bp_r  | return value |
|ap_idle                           | out |    1| ap_ctrl_hs |   memcachedPipeline_bp_r  | return value |
|ap_ready                          | out |    1| ap_ctrl_hs |   memcachedPipeline_bp_r  | return value |
|keyBuffer_rp_V_V_dout             |  in |   64|   ap_fifo  |      keyBuffer_rp_V_V     |    pointer   |
|keyBuffer_rp_V_V_empty_n          |  in |    1|   ap_fifo  |      keyBuffer_rp_V_V     |    pointer   |
|keyBuffer_rp_V_V_read             | out |    1|   ap_fifo  |      keyBuffer_rp_V_V     |    pointer   |
|valueBuffer_rp_V_V_dout           |  in |   64|   ap_fifo  |     valueBuffer_rp_V_V    |    pointer   |
|valueBuffer_rp_V_V_empty_n        |  in |    1|   ap_fifo  |     valueBuffer_rp_V_V    |    pointer   |
|valueBuffer_rp_V_V_read           | out |    1|   ap_fifo  |     valueBuffer_rp_V_V    |    pointer   |
|metadataBuffer_rp_V_V_dout        |  in |  248|   ap_fifo  |   metadataBuffer_rp_V_V   |    pointer   |
|metadataBuffer_rp_V_V_empty_n     |  in |    1|   ap_fifo  |   metadataBuffer_rp_V_V   |    pointer   |
|metadataBuffer_rp_V_V_read        | out |    1|   ap_fifo  |   metadataBuffer_rp_V_V   |    pointer   |
|requestParser2hashTable_V_din     | out |  256|   ap_fifo  | requestParser2hashTable_V |    pointer   |
|requestParser2hashTable_V_full_n  |  in |    1|   ap_fifo  | requestParser2hashTable_V |    pointer   |
|requestParser2hashTable_V_write   | out |    1|   ap_fifo  | requestParser2hashTable_V |    pointer   |
+----------------------------------+-----+-----+------------+---------------------------+--------------+

