

================================================================
== Vivado HLS Report for 'memcachedPipeline_splitter'
================================================================
* Date:           Wed Oct 21 12:18:49 2020

* Version:        2015.1 (Build 1215546 on Mon Apr 27 19:24:50 PM 2015)
* Project:        memcachedPipeline_prj
* Solution:       solution1
* Product family: kintexu
* Target device:  xcku040-ffva1156-2-e


================================================================
== Performance Estimates
================================================================
+ Timing (ns): 
    * Summary: 
    +---------+-------+----------+------------+
    |  Clock  | Target| Estimated| Uncertainty|
    +---------+-------+----------+------------+
    |default  |   6.66|      5.31|        0.83|
    +---------+-------+----------+------------+

+ Latency (clock cycles): 
    * Summary: 
    +-----+-----+-----+-----+----------+
    |  Latency  |  Interval | Pipeline |
    | min | max | min | max |   Type   |
    +-----+-----+-----+-----+----------+
    |    2|    2|    1|    1| function |
    +-----+-----+-----+-----+----------+

    + Detail: 
        * Instance: 
        N/A

        * Loop: 
        N/A



================================================================
== Utilization Estimates
================================================================
* Summary: 
+-----------------+---------+-------+--------+--------+
|       Name      | BRAM_18K| DSP48E|   FF   |   LUT  |
+-----------------+---------+-------+--------+--------+
|Expression       |        -|      -|       0|      21|
|FIFO             |        -|      -|       -|       -|
|Instance         |        -|      -|       -|       -|
|Memory           |        -|      -|       -|       -|
|Multiplexer      |        -|      -|       -|       9|
|Register         |        -|      -|     527|       -|
+-----------------+---------+-------+--------+--------+
|Total            |        0|      0|     527|      30|
+-----------------+---------+-------+--------+--------+
|Available        |     1200|   1920|  484800|  242400|
+-----------------+---------+-------+--------+--------+
|Utilization (%)  |        0|      0|   ~0   |   ~0   |
+-----------------+---------+-------+--------+--------+

+ Detail: 
    * Instance: 
    N/A

    * Memory: 
    N/A

    * FIFO: 
    N/A

    * Expression: 
    +------------------------------------------+----------+-------+---+----+------------+------------+
    |               Variable Name              | Operation| DSP48E| FF| LUT| Bitwidth P0| Bitwidth P1|
    +------------------------------------------+----------+-------+---+----+------------+------------+
    |ap_sig_bdd_112                            |    and   |      0|  0|   1|           1|           1|
    |ap_sig_bdd_117                            |    and   |      0|  0|   1|           1|           1|
    |ap_sig_bdd_123                            |    and   |      0|  0|   1|           1|           1|
    |ap_sig_bdd_160                            |    and   |      0|  0|   1|           1|           1|
    |ap_sig_bdd_88                             |    and   |      0|  0|   1|           1|           1|
    |not_s_fu_230_p2                           |   icmp   |      0|  0|  11|          32|          12|
    |ap_sig_bdd_52                             |    or    |      0|  0|   1|           1|           1|
    |ap_sig_bdd_81                             |    or    |      0|  0|   1|           1|           1|
    |p_is_validFlag_flag_fu_258_p2             |    or    |      0|  0|   1|           1|           1|
    |not_din_EOP_V_assign_load_2_ne_fu_265_p2  |    xor   |      0|  0|   2|           1|           2|
    +------------------------------------------+----------+-------+---+----+------------+------------+
    |Total                                     |          |      0|  0|  21|          41|          22|
    +------------------------------------------+----------+-------+---+----+------------+------------+

    * Multiplexer: 
    +---------------------------------------------------+----+-----------+-----+-----------+
    |                        Name                       | LUT| Input Size| Bits| Total Bits|
    +---------------------------------------------------+----+-----------+-----+-----------+
    |ap_reg_phiprechg_dramOrFlash_V_loc_reg_180pp0_it1  |   1|          2|    1|          2|
    |ap_reg_phiprechg_is_validFlag_flag_reg_156pp0_it1  |   1|          2|    1|          2|
    |ap_reg_phiprechg_is_validFlag_loc_reg_168pp0_it1   |   1|          2|    1|          2|
    |dramOrFlash_V_loc_reg_180                          |   1|          2|    1|          2|
    |is_validFlag_flag_2_phi_fu_193_p4                  |   1|          3|    1|          3|
    |is_validFlag_flag_phi_fu_160_p4                    |   1|          2|    1|          2|
    |is_validFlag_loc_phi_fu_172_p4                     |   1|          2|    1|          2|
    |is_validFlag_loc_reg_168                           |   1|          2|    1|          2|
    |is_validFlag_new_2_phi_fu_204_p4                   |   1|          3|    1|          3|
    +---------------------------------------------------+----+-----------+-----+-----------+
    |Total                                              |   9|         20|    9|         20|
    +---------------------------------------------------+----+-----------+-----+-----------+

    * Register: 
    +---------------------------------------------------+-----+----+-----+-----------+
    |                        Name                       |  FF | LUT| Bits| Const Bits|
    +---------------------------------------------------+-----+----+-----+-----------+
    |ap_CS_fsm                                          |    1|   0|    1|          0|
    |ap_done_reg                                        |    1|   0|    1|          0|
    |ap_reg_phiprechg_dramOrFlash_V_loc_reg_180pp0_it1  |    1|   0|    1|          0|
    |ap_reg_phiprechg_is_validFlag_flag_reg_156pp0_it1  |    1|   0|    1|          0|
    |ap_reg_phiprechg_is_validFlag_loc_reg_168pp0_it1   |    1|   0|    1|          0|
    |ap_reg_ppiten_pp0_it1                              |    1|   0|    1|          0|
    |ap_reg_ppiten_pp0_it2                              |    1|   0|    1|          0|
    |ap_reg_ppstg_tmp112_reg_282_pp0_it1                |  256|   0|  256|          0|
    |ap_reg_ppstg_tmp_reg_278_pp0_it1                   |    1|   0|    1|          0|
    |dramOrFlash_V                                      |    1|   0|    1|          0|
    |dramOrFlash_V_loc_reg_180                          |    1|   0|    1|          0|
    |is_validFlag                                       |    1|   0|    1|          0|
    |is_validFlag_loc_reg_168                           |    1|   0|    1|          0|
    |not_s_reg_293                                      |    1|   0|    1|          0|
    |tmp112_reg_282                                     |  256|   0|  256|          0|
    |tmp_SOP_V_reg_289                                  |    1|   0|    1|          0|
    |tmp_reg_278                                        |    1|   0|    1|          0|
    +---------------------------------------------------+-----+----+-----+-----------+
    |Total                                              |  527|   0|  527|          0|
    +---------------------------------------------------+-----+----+-----+-----------+



================================================================
== Interface
================================================================
* Summary: 
+-----------------------------------+-----+-----+------------+----------------------------+--------------+
|             RTL Ports             | Dir | Bits|  Protocol  |        Source Object       |    C Type    |
+-----------------------------------+-----+-----+------------+----------------------------+--------------+
|ap_clk                             |  in |    1| ap_ctrl_hs | memcachedPipeline_splitter | return value |
|ap_rst                             |  in |    1| ap_ctrl_hs | memcachedPipeline_splitter | return value |
|ap_start                           |  in |    1| ap_ctrl_hs | memcachedPipeline_splitter | return value |
|ap_done                            | out |    1| ap_ctrl_hs | memcachedPipeline_splitter | return value |
|ap_continue                        |  in |    1| ap_ctrl_hs | memcachedPipeline_splitter | return value |
|ap_idle                            | out |    1| ap_ctrl_hs | memcachedPipeline_splitter | return value |
|ap_ready                           | out |    1| ap_ctrl_hs | memcachedPipeline_splitter | return value |
|hashTable2splitter_V_dout          |  in |  256|   ap_fifo  |    hashTable2splitter_V    |    pointer   |
|hashTable2splitter_V_empty_n       |  in |    1|   ap_fifo  |    hashTable2splitter_V    |    pointer   |
|hashTable2splitter_V_read          | out |    1|   ap_fifo  |    hashTable2splitter_V    |    pointer   |
|splitter2valueStoreFlash_V_din     | out |  256|   ap_fifo  | splitter2valueStoreFlash_V |    pointer   |
|splitter2valueStoreFlash_V_full_n  |  in |    1|   ap_fifo  | splitter2valueStoreFlash_V |    pointer   |
|splitter2valueStoreFlash_V_write   | out |    1|   ap_fifo  | splitter2valueStoreFlash_V |    pointer   |
|splitter2valueStoreDram_V_din      | out |  256|   ap_fifo  |  splitter2valueStoreDram_V |    pointer   |
|splitter2valueStoreDram_V_full_n   |  in |    1|   ap_fifo  |  splitter2valueStoreDram_V |    pointer   |
|splitter2valueStoreDram_V_write    | out |    1|   ap_fifo  |  splitter2valueStoreDram_V |    pointer   |
+-----------------------------------+-----+-----+------------+----------------------------+--------------+

