

================================================================
== Vivado HLS Report for 'memcachedPipeline_memWrite'
================================================================
* Date:           Wed Oct 21 12:18:48 2020

* Version:        2015.1 (Build 1215546 on Mon Apr 27 19:24:50 PM 2015)
* Project:        memcachedPipeline_prj
* Solution:       solution1
* Product family: kintexu
* Target device:  xcku040-ffva1156-2-e


================================================================
== Performance Estimates
================================================================
+ Timing (ns): 
    * Summary: 
    +---------+-------+----------+------------+
    |  Clock  | Target| Estimated| Uncertainty|
    +---------+-------+----------+------------+
    |default  |   6.66|      5.79|        0.83|
    +---------+-------+----------+------------+

+ Latency (clock cycles): 
    * Summary: 
    +-----+-----+-----+-----+----------+
    |  Latency  |  Interval | Pipeline |
    | min | max | min | max |   Type   |
    +-----+-----+-----+-----+----------+
    |    5|    5|    1|    1| function |
    +-----+-----+-----+-----+----------+

    + Detail: 
        * Instance: 
        N/A

        * Loop: 
        N/A



================================================================
== Utilization Estimates
================================================================
* Summary: 
+-----------------+---------+-------+--------+--------+
|       Name      | BRAM_18K| DSP48E|   FF   |   LUT  |
+-----------------+---------+-------+--------+--------+
|Expression       |        -|      -|       0|   80094|
|FIFO             |        -|      -|       -|       -|
|Instance         |        -|      -|       -|       -|
|Memory           |        -|      -|       -|       -|
|Multiplexer      |        -|      -|       -|     795|
|Register         |        -|      -|   10348|       -|
+-----------------+---------+-------+--------+--------+
|Total            |        0|      0|   10348|   80889|
+-----------------+---------+-------+--------+--------+
|Available        |     1200|   1920|  484800|  242400|
+-----------------+---------+-------+--------+--------+
|Utilization (%)  |        0|      0|       2|      33|
+-----------------+---------+-------+--------+--------+

+ Detail: 
    * Instance: 
    N/A

    * Memory: 
    N/A

    * FIFO: 
    N/A

    * Expression: 
    +---------------------------------------------+----------+-------+---+------+------------+------------+
    |                Variable Name                | Operation| DSP48E| FF|  LUT | Bitwidth P0| Bitwidth P1|
    +---------------------------------------------+----------+-------+---+------+------------+------------+
    |Hi_assign_1_fu_2050_p2                       |     +    |      0|  0|    10|           2|          10|
    |Hi_assign_2_fu_1828_p2                       |     +    |      0|  0|    10|          10|           2|
    |Hi_assign_3_fu_2862_p2                       |     +    |      0|  0|    10|          10|           2|
    |Hi_assign_4_fu_2878_p2                       |     +    |      0|  0|    10|          10|           2|
    |Hi_assign_5_fu_2165_p2                       |     +    |      0|  0|    10|           2|          10|
    |Hi_assign_6_fu_2235_p2                       |     +    |      0|  0|    10|           2|          10|
    |Hi_assign_7_fu_2273_p2                       |     +    |      0|  0|    10|           2|          10|
    |Hi_assign_8_fu_2765_p2                       |     +    |      0|  0|    10|           2|          10|
    |Hi_assign_9_fu_2790_p2                       |     +    |      0|  0|    10|          10|           2|
    |Hi_assign_fu_2034_p2                         |     +    |      0|  0|    10|           2|          10|
    |grp_fu_1040_p2                               |     +    |      0|  0|    10|          10|           1|
    |outputWordMemCtrl_count_V_fu_3320_p2         |     +    |      0|  0|     5|           5|           5|
    |tmp_535_fu_2304_p2                           |     -    |      0|  0|    10|          10|          10|
    |tmp_537_fu_2315_p2                           |     -    |      0|  0|    10|          10|          10|
    |tmp_541_fu_3466_p2                           |     -    |      0|  0|    10|           9|          10|
    |tmp_551_fu_2386_p2                           |     -    |      0|  0|    10|          10|          10|
    |tmp_553_fu_2397_p2                           |     -    |      0|  0|    10|          10|          10|
    |tmp_557_fu_3490_p2                           |     -    |      0|  0|    10|           9|          10|
    |tmp_569_fu_2084_p2                           |     -    |      0|  0|    10|          10|          10|
    |tmp_571_fu_2095_p2                           |     -    |      0|  0|    10|          10|          10|
    |tmp_575_fu_3166_p2                           |     -    |      0|  0|    10|           9|          10|
    |tmp_586_fu_3206_p2                           |     -    |      0|  0|    10|           9|          10|
    |tmp_597_fu_3265_p2                           |     -    |      0|  0|    10|           9|          10|
    |tmp_612_fu_2215_p2                           |     -    |      0|  0|    10|           9|          10|
    |tmp_631_fu_2563_p2                           |     -    |      0|  0|    10|           9|          10|
    |tmp_650_fu_2679_p2                           |     -    |      0|  0|    10|           9|          10|
    |tmp_666_fu_2920_p2                           |     -    |      0|  0|    10|          10|          10|
    |tmp_668_fu_2931_p2                           |     -    |      0|  0|    10|          10|          10|
    |tmp_672_fu_2957_p2                           |     -    |      0|  0|    10|           9|          10|
    |tmp_685_fu_3374_p2                           |     -    |      0|  0|    10|           9|          10|
    |memWr_location_V_load_s_fu_1834_p3           |  Select  |      0|  0|     2|           1|           2|
    |memWr_location_V_loc_1_fu_1985_p3            |  Select  |      0|  0|     2|           1|           2|
    |memWr_location_V_loc_4_fu_1842_p3            |  Select  |      0|  0|     2|           1|           2|
    |memWr_location_V_loc_4_s_fu_1850_p3          |  Select  |      0|  0|     3|           1|           2|
    |memWr_location_V_loc_5_fu_1865_p3            |  Select  |      0|  0|     2|           1|           2|
    |memWr_location_V_loc_5_s_fu_1881_p3          |  Select  |      0|  0|     2|           1|           2|
    |memWr_location_V_loc_6_fu_1904_p3            |  Select  |      0|  0|     2|           1|           2|
    |memWr_location_V_loc_6_s_fu_1927_p3          |  Select  |      0|  0|     2|           1|           2|
    |memWr_location_V_loc_7_fu_1953_p3            |  Select  |      0|  0|     2|           1|           2|
    |memWr_location_V_loc_s_fu_1782_p3            |  Select  |      0|  0|     2|           1|           2|
    |memWr_location_V_new_1_fu_1528_p3            |  Select  |      0|  0|     3|           1|           1|
    |memWr_location_V_new_6_fu_1858_p3            |  Select  |      0|  0|     2|           1|           2|
    |memWr_location_V_new_6_s_fu_1873_p3          |  Select  |      0|  0|     2|           1|           2|
    |memWr_location_V_new_7_fu_1896_p3            |  Select  |      0|  0|     2|           1|           2|
    |memWr_location_V_new_7_s_fu_1919_p3          |  Select  |      0|  0|     2|           1|           2|
    |memWr_location_V_new_8_fu_1943_p3            |  Select  |      0|  0|     2|           1|           2|
    |memWr_replaceLocation_V_loc_1_fu_1344_p3     |  Select  |      0|  0|     2|           1|           2|
    |memWr_replaceLocation_V_loc_2_fu_1912_p3     |  Select  |      0|  0|     2|           1|           2|
    |memWr_replaceLocation_V_loc_3_fu_1961_p3     |  Select  |      0|  0|     2|           1|           2|
    |memWr_replaceLocation_V_loc_fu_1274_p3       |  Select  |      0|  0|     2|           1|           2|
    |memWr_replaceLocation_V_new_1_fu_1336_p3     |  Select  |      0|  0|     2|           1|           2|
    |memWr_replaceLocation_V_new_2_fu_1384_p3     |  Select  |      0|  0|     2|           1|           2|
    |memWr_replaceLocation_V_new_3_fu_1460_p3     |  Select  |      0|  0|     2|           1|           2|
    |p_01416_1_0_v_cast_cast_cast_fu_3313_p3      |  Select  |      0|  0|     2|           1|           2|
    |p_1_fu_1322_p3                               |  Select  |      0|  0|     3|           1|           2|
    |p_memWr_location_V_load_fu_1977_p3           |  Select  |      0|  0|     3|           1|           3|
    |p_memWr_location_V_loc_s_fu_1788_p3          |  Select  |      0|  0|     3|           1|           2|
    |p_memWr_location_V_new_1_fu_1542_p3          |  Select  |      0|  0|     2|           1|           2|
    |p_memWr_location_V_new_s_fu_1206_p3          |  Select  |      0|  0|     3|           1|           3|
    |p_memWr_replaceLocation_V_load_fu_1248_p3    |  Select  |      0|  0|     2|           1|           2|
    |p_memWr_replaceLocation_V_loc_1_fu_1889_p3   |  Select  |      0|  0|     2|           1|           1|
    |p_memWr_replaceLocation_V_loc_2_fu_1935_p3   |  Select  |      0|  0|     2|           1|           1|
    |p_memWr_replaceLocation_V_loc_fu_1296_p3     |  Select  |      0|  0|     3|           1|           3|
    |p_memWr_replaceLocation_V_new_1_fu_1358_p3   |  Select  |      0|  0|     2|           1|           1|
    |p_memWr_replaceLocation_V_new_2_fu_1398_p3   |  Select  |      0|  0|     2|           1|           1|
    |p_mux1_fu_1562_p3                            |  Select  |      0|  0|     2|           1|           1|
    |p_mux2_fu_2008_p3                            |  Select  |      0|  0|     2|           1|           2|
    |p_mux4_fu_1226_p3                            |  Select  |      0|  0|     2|           1|           2|
    |p_mux5_fu_1802_p3                            |  Select  |      0|  0|     2|           1|           2|
    |p_s_fu_1288_p3                               |  Select  |      0|  0|     3|           1|           2|
    |sel_SEBB_fu_1969_p3                          |  Select  |      0|  0|     2|           1|           2|
    |tmp_506_fu_3055_p3                           |  Select  |      0|  0|    10|           1|          10|
    |tmp_507_fu_3061_p3                           |  Select  |      0|  0|    10|           1|          10|
    |tmp_508_fu_3067_p3                           |  Select  |      0|  0|    10|           1|          10|
    |tmp_515_fu_3106_p3                           |  Select  |      0|  0|   512|           1|         512|
    |tmp_538_fu_2320_p3                           |  Select  |      0|  0|    10|           1|          10|
    |tmp_539_fu_2328_p3                           |  Select  |      0|  0|   512|           1|         512|
    |tmp_540_fu_2336_p3                           |  Select  |      0|  0|    10|           1|          10|
    |tmp_554_fu_2402_p3                           |  Select  |      0|  0|    10|           1|          10|
    |tmp_555_fu_2410_p3                           |  Select  |      0|  0|   512|           1|         512|
    |tmp_556_fu_2418_p3                           |  Select  |      0|  0|    10|           1|          10|
    |tmp_572_fu_2100_p3                           |  Select  |      0|  0|    10|           1|          10|
    |tmp_573_fu_2108_p3                           |  Select  |      0|  0|   512|           1|         512|
    |tmp_574_fu_2116_p3                           |  Select  |      0|  0|    10|           1|          10|
    |tmp_584_fu_3194_p3                           |  Select  |      0|  0|    10|           1|          10|
    |tmp_585_fu_3200_p3                           |  Select  |      0|  0|    10|           1|          10|
    |tmp_595_fu_3253_p3                           |  Select  |      0|  0|    10|           1|          10|
    |tmp_596_fu_3259_p3                           |  Select  |      0|  0|    10|           1|          10|
    |tmp_609_fu_2191_p3                           |  Select  |      0|  0|    10|           1|          10|
    |tmp_610_fu_2199_p3                           |  Select  |      0|  0|    10|           1|          10|
    |tmp_611_fu_2207_p3                           |  Select  |      0|  0|    10|           1|          10|
    |tmp_618_fu_2498_p3                           |  Select  |      0|  0|   512|           1|         512|
    |tmp_628_fu_2255_p3                           |  Select  |      0|  0|    10|           1|          10|
    |tmp_629_fu_2552_p3                           |  Select  |      0|  0|    10|           1|          10|
    |tmp_630_fu_2557_p3                           |  Select  |      0|  0|    10|           1|          10|
    |tmp_637_fu_2596_p3                           |  Select  |      0|  0|   512|           1|         512|
    |tmp_647_fu_2660_p3                           |  Select  |      0|  0|    10|           1|          10|
    |tmp_648_fu_2666_p3                           |  Select  |      0|  0|    10|           1|          10|
    |tmp_649_fu_2672_p3                           |  Select  |      0|  0|    10|           1|          10|
    |tmp_656_fu_2713_p3                           |  Select  |      0|  0|   512|           1|         512|
    |tmp_669_fu_2936_p3                           |  Select  |      0|  0|    10|           1|          10|
    |tmp_670_fu_2943_p3                           |  Select  |      0|  0|   512|           1|         512|
    |tmp_671_fu_2950_p3                           |  Select  |      0|  0|    10|           1|          10|
    |tmp_682_fu_3355_p3                           |  Select  |      0|  0|    10|           1|          10|
    |tmp_683_fu_3361_p3                           |  Select  |      0|  0|    10|           1|          10|
    |tmp_684_fu_3367_p3                           |  Select  |      0|  0|    10|           1|          10|
    |tmp_691_fu_3408_p3                           |  Select  |      0|  0|   512|           1|         512|
    |tmp_98_fu_2134_p3                            |  Select  |      0|  0|     2|           1|           2|
    |ap_sig_bdd_1279                              |    and   |      0|  0|     1|           1|           1|
    |ap_sig_bdd_1397                              |    and   |      0|  0|     1|           1|           1|
    |ap_sig_bdd_1406                              |    and   |      0|  0|     1|           1|           1|
    |ap_sig_bdd_1409                              |    and   |      0|  0|     1|           1|           1|
    |ap_sig_bdd_1419                              |    and   |      0|  0|     1|           1|           1|
    |ap_sig_bdd_1552                              |    and   |      0|  0|     1|           1|           1|
    |ap_sig_bdd_1668                              |    and   |      0|  0|     1|           1|           1|
    |ap_sig_bdd_1682                              |    and   |      0|  0|     1|           1|           1|
    |ap_sig_bdd_247                               |    and   |      0|  0|     1|           1|           1|
    |ap_sig_bdd_294                               |    and   |      0|  0|     1|           1|           1|
    |ap_sig_bdd_297                               |    and   |      0|  0|     1|           1|           1|
    |ap_sig_bdd_3258                              |    and   |      0|  0|     1|           1|           1|
    |ap_sig_bdd_3259                              |    and   |      0|  0|     1|           1|           1|
    |ap_sig_bdd_355                               |    and   |      0|  0|     1|           1|           1|
    |ap_sig_bdd_358                               |    and   |      0|  0|     1|           1|           1|
    |ap_sig_bdd_414                               |    and   |      0|  0|     1|           1|           1|
    |ap_sig_bdd_492                               |    and   |      0|  0|     1|           1|           1|
    |ap_sig_bdd_703                               |    and   |      0|  0|     1|           1|           1|
    |memWr_location_V_flag_5_fu_1256_p2           |    and   |      0|  0|     1|           1|           1|
    |memWr_location_V_flag_5_s_fu_1304_p2         |    and   |      0|  0|     1|           1|           1|
    |memWr_location_V_flag_6_s_fu_1366_p2         |    and   |      0|  0|     1|           1|           1|
    |memWr_location_V_flag_7_s_fu_1406_p2         |    and   |      0|  0|     1|           1|           1|
    |memWr_replaceLocation_V_flag_fu_1268_p2      |    and   |      0|  0|     1|           1|           1|
    |p_Result_68_fu_3505_p2                       |    and   |      0|  0|   640|         512|         512|
    |p_Result_72_fu_2983_p2                       |    and   |      0|  0|   640|         512|         512|
    |p_Result_74_fu_3181_p2                       |    and   |      0|  0|   640|         512|         512|
    |p_Result_75_fu_3244_p2                       |    and   |      0|  0|   640|         512|         512|
    |p_Result_76_fu_3303_p2                       |    and   |      0|  0|   640|         512|         512|
    |p_Result_s_fu_3481_p2                        |    and   |      0|  0|   640|         512|         512|
    |p_demorgan1_fu_3427_p2                       |    and   |      0|  0|   640|         512|         512|
    |p_demorgan5_fu_3232_p2                       |    and   |      0|  0|   640|         512|         512|
    |p_demorgan6_fu_3291_p2                       |    and   |      0|  0|   640|         512|         512|
    |p_demorgan7_fu_2517_p2                       |    and   |      0|  0|   640|         512|         512|
    |p_demorgan8_fu_2615_p2                       |    and   |      0|  0|   640|         512|         512|
    |p_demorgan9_fu_2732_p2                       |    and   |      0|  0|   640|         512|         512|
    |p_demorgan_fu_3125_p2                        |    and   |      0|  0|   640|         512|         512|
    |p_memWr_replaceLocation_V_flag_1_fu_1378_p2  |    and   |      0|  0|     1|           1|           1|
    |p_memWr_replaceLocation_V_flag_2_fu_1436_p2  |    and   |      0|  0|     1|           1|           1|
    |p_memWr_replaceLocation_V_flag_fu_1316_p2    |    and   |      0|  0|     1|           1|           1|
    |tmp_519_fu_3137_p2                           |    and   |      0|  0|   640|         512|         512|
    |tmp_520_fu_3143_p2                           |    and   |      0|  0|   640|         512|         512|
    |tmp_622_fu_2529_p2                           |    and   |      0|  0|   640|         512|         512|
    |tmp_623_fu_2535_p2                           |    and   |      0|  0|   640|         512|         512|
    |tmp_641_fu_2627_p2                           |    and   |      0|  0|   640|         512|         512|
    |tmp_642_fu_2633_p2                           |    and   |      0|  0|   640|         512|         512|
    |tmp_660_fu_2744_p2                           |    and   |      0|  0|   640|         512|         512|
    |tmp_661_fu_2750_p2                           |    and   |      0|  0|   640|         512|         512|
    |tmp_695_fu_3439_p2                           |    and   |      0|  0|   640|         512|         512|
    |tmp_696_fu_3444_p2                           |    and   |      0|  0|   640|         512|         512|
    |grp_fu_1051_p2                               |   icmp   |      0|  0|     4|          10|           2|
    |icmp4_fu_1506_p2                             |   icmp   |      0|  0|     2|           5|           1|
    |icmp_fu_1490_p2                              |   icmp   |      0|  0|     2|           5|           1|
    |tmp_320_fu_1178_p2                           |   icmp   |      0|  0|     3|           8|           1|
    |tmp_321_fu_1184_p2                           |   icmp   |      0|  0|     3|           8|           1|
    |tmp_323_fu_1190_p2                           |   icmp   |      0|  0|     3|           8|           3|
    |tmp_326_fu_2463_p2                           |   icmp   |      0|  0|     3|           8|           8|
    |tmp_502_fu_2831_p2                           |   icmp   |      0|  0|     3|           9|           9|
    |tmp_532_fu_2295_p2                           |   icmp   |      0|  0|    11|          32|          32|
    |tmp_548_fu_2366_p2                           |   icmp   |      0|  0|    11|          32|          32|
    |tmp_566_fu_2074_p2                           |   icmp   |      0|  0|    11|          32|          32|
    |tmp_582_fu_2872_p2                           |   icmp   |      0|  0|    11|          32|          32|
    |tmp_593_fu_2897_p2                           |   icmp   |      0|  0|    11|          32|          32|
    |tmp_606_fu_2175_p2                           |   icmp   |      0|  0|    11|          32|          32|
    |tmp_625_fu_2245_p2                           |   icmp   |      0|  0|    11|          32|          32|
    |tmp_644_fu_2283_p2                           |   icmp   |      0|  0|    11|          32|          32|
    |tmp_663_fu_2775_p2                           |   icmp   |      0|  0|    11|          32|          32|
    |tmp_679_fu_2800_p2                           |   icmp   |      0|  0|    11|          32|          32|
    |tmp_s_fu_1712_p2                             |   icmp   |      0|  0|     3|           8|           4|
    |tmp_517_fu_3119_p2                           |   lshr   |      0|  0|  1922|           2|         512|
    |tmp_544_fu_2348_p2                           |   lshr   |      0|  0|  1922|         512|         512|
    |tmp_545_fu_3475_p2                           |   lshr   |      0|  0|  1922|           2|         512|
    |tmp_560_fu_2430_p2                           |   lshr   |      0|  0|  1922|         512|         512|
    |tmp_561_fu_3499_p2                           |   lshr   |      0|  0|  1922|           2|         512|
    |tmp_578_fu_2128_p2                           |   lshr   |      0|  0|  1922|         512|         512|
    |tmp_579_fu_3175_p2                           |   lshr   |      0|  0|  1922|           2|         512|
    |tmp_590_fu_3226_p2                           |   lshr   |      0|  0|  1922|           2|         512|
    |tmp_601_fu_3285_p2                           |   lshr   |      0|  0|  1922|           2|         512|
    |tmp_620_fu_2511_p2                           |   lshr   |      0|  0|  1922|           2|         512|
    |tmp_639_fu_2609_p2                           |   lshr   |      0|  0|  1922|           2|         512|
    |tmp_658_fu_2726_p2                           |   lshr   |      0|  0|  1922|           2|         512|
    |tmp_675_fu_2971_p2                           |   lshr   |      0|  0|  1922|         512|         512|
    |tmp_676_fu_2977_p2                           |   lshr   |      0|  0|  1922|           2|         512|
    |tmp_693_fu_3421_p2                           |   lshr   |      0|  0|  1922|           2|         512|
    |Hi_assign_s_fu_2825_p2                       |    or    |      0|  0|    14|           9|           7|
    |Lo_assign_2_fu_2065_p2                       |    or    |      0|  0|    14|           9|           6|
    |Lo_assign_3_fu_2888_p2                       |    or    |      0|  0|    14|           9|           6|
    |Lo_assign_4_fu_2151_p2                       |    or    |      0|  0|    14|           9|           4|
    |Lo_assign_5_fu_2221_p2                       |    or    |      0|  0|    14|           9|           6|
    |Lo_assign_6_fu_2263_p2                       |    or    |      0|  0|    14|           9|           6|
    |Lo_assign_8_fu_2357_p2                       |    or    |      0|  0|    14|           9|           6|
    |Lo_assign_fu_2040_p2                         |    or    |      0|  0|    14|           9|           6|
    |ap_sig_bdd_1519                              |    or    |      0|  0|     1|           1|           1|
    |ap_sig_bdd_1526                              |    or    |      0|  0|     1|           1|           1|
    |ap_sig_bdd_207                               |    or    |      0|  0|     1|           1|           1|
    |ap_sig_bdd_324                               |    or    |      0|  0|     1|           1|           1|
    |ap_sig_bdd_348                               |    or    |      0|  0|     1|           1|           1|
    |ap_sig_bdd_371                               |    or    |      0|  0|     1|           1|           1|
    |brmerge1_fu_1556_p2                          |    or    |      0|  0|     1|           1|           1|
    |brmerge2_fu_1220_p2                          |    or    |      0|  0|     1|           1|           1|
    |brmerge_fu_1468_p2                           |    or    |      0|  0|     1|           1|           1|
    |memWr_location_V_flag_1_fu_1522_p2           |    or    |      0|  0|     1|           1|           1|
    |memWr_location_V_flag_8_fu_1424_p2           |    or    |      0|  0|     1|           1|           1|
    |memWr_location_V_flag_s_fu_1196_p2           |    or    |      0|  0|     1|           1|           1|
    |memWr_replaceLocation_V_flag_3_fu_1454_p2    |    or    |      0|  0|     1|           1|           1|
    |p_Result_69_fu_2541_p2                       |    or    |      0|  0|   640|         512|         512|
    |p_Result_70_fu_2639_p2                       |    or    |      0|  0|   640|         512|         512|
    |p_Result_71_fu_2903_p2                       |    or    |      0|  0|   640|         512|         512|
    |p_Result_73_fu_3450_p2                       |    or    |      0|  0|   640|         512|         512|
    |p_Result_77_fu_3149_p2                       |    or    |      0|  0|   640|         512|         512|
    |tmp1_fu_1550_p2                              |    or    |      0|  0|     1|           1|           1|
    |tmp4_fu_1412_p2                              |    or    |      0|  0|     1|           1|           1|
    |tmp5_fu_1418_p2                              |    or    |      0|  0|     1|           1|           1|
    |tmp6_fu_1442_p2                              |    or    |      0|  0|     1|           1|           1|
    |tmp7_fu_1448_p2                              |    or    |      0|  0|     1|           1|           1|
    |tmp8_fu_1214_p2                              |    or    |      0|  0|     1|           1|           1|
    |tmp_322_fu_2024_p2                           |    or    |      0|  0|    14|           9|           7|
    |tmp_324_fu_1818_p2                           |    or    |      0|  0|    14|           9|           7|
    |tmp_325_fu_2853_p2                           |    or    |      0|  0|    14|           9|           4|
    |tmp_327_fu_2756_p2                           |    or    |      0|  0|    14|           9|           7|
    |tmp_328_fu_2781_p2                           |    or    |      0|  0|    14|           9|           7|
    |tmp_91_fu_1536_p2                            |    or    |      0|  0|     1|           1|           1|
    |tmp_92_fu_2002_p2                            |    or    |      0|  0|     1|           1|           1|
    |tmp_93_fu_1330_p2                            |    or    |      0|  0|     1|           1|           1|
    |tmp_94_fu_1796_p2                            |    or    |      0|  0|     1|           1|           1|
    |tmp_513_fu_3090_p2                           |    shl   |      0|  0|  1922|         512|         512|
    |tmp_516_fu_3113_p2                           |    shl   |      0|  0|  1922|           2|         512|
    |tmp_589_fu_3220_p2                           |    shl   |      0|  0|  1922|           2|         512|
    |tmp_600_fu_3279_p2                           |    shl   |      0|  0|  1922|           2|         512|
    |tmp_616_fu_2482_p2                           |    shl   |      0|  0|  1922|         512|         512|
    |tmp_619_fu_2505_p2                           |    shl   |      0|  0|  1922|           2|         512|
    |tmp_635_fu_2580_p2                           |    shl   |      0|  0|  1922|           5|         512|
    |tmp_638_fu_2603_p2                           |    shl   |      0|  0|  1922|           2|         512|
    |tmp_654_fu_2697_p2                           |    shl   |      0|  0|  1922|         512|         512|
    |tmp_657_fu_2720_p2                           |    shl   |      0|  0|  1922|           2|         512|
    |tmp_689_fu_3392_p2                           |    shl   |      0|  0|  1922|         512|         512|
    |tmp_692_fu_3415_p2                           |    shl   |      0|  0|  1922|           2|         512|
    |not_htMemWriteInputStatusWord_1_fu_1242_p2   |    xor   |      0|  0|     2|           1|           2|
    |not_htMemWriteInputStatusWord_2_fu_1262_p2   |    xor   |      0|  0|     2|           1|           2|
    |not_htMemWriteInputStatusWord_3_fu_1282_p2   |    xor   |      0|  0|     2|           1|           2|
    |not_htMemWriteInputStatusWord_4_fu_1310_p2   |    xor   |      0|  0|     2|           1|           2|
    |not_htMemWriteInputStatusWord_5_fu_1352_p2   |    xor   |      0|  0|     2|           1|           2|
    |not_htMemWriteInputStatusWord_6_fu_1372_p2   |    xor   |      0|  0|     2|           1|           2|
    |not_htMemWriteInputStatusWord_7_fu_1392_p2   |    xor   |      0|  0|     2|           1|           2|
    |not_htMemWriteInputStatusWord_8_fu_1430_p2   |    xor   |      0|  0|     2|           1|           2|
    |not_htMemWriteInputStatusWord_s_fu_1992_p2   |    xor   |      0|  0|     2|           1|           2|
    |tmp_505_fu_2841_p2                           |    xor   |      0|  0|    15|          10|           9|
    |tmp_509_fu_3072_p2                           |    xor   |      0|  0|    15|          10|           9|
    |tmp_518_fu_3131_p2                           |    xor   |      0|  0|   640|         512|           2|
    |tmp_536_fu_2309_p2                           |    xor   |      0|  0|    15|          10|           9|
    |tmp_552_fu_2391_p2                           |    xor   |      0|  0|    15|          10|           9|
    |tmp_570_fu_2089_p2                           |    xor   |      0|  0|    15|          10|           9|
    |tmp_591_fu_3238_p2                           |    xor   |      0|  0|   640|         512|           2|
    |tmp_602_fu_3297_p2                           |    xor   |      0|  0|   640|         512|           2|
    |tmp_608_fu_2185_p2                           |    xor   |      0|  0|    15|          10|           9|
    |tmp_621_fu_2523_p2                           |    xor   |      0|  0|   640|         512|           2|
    |tmp_627_fu_2547_p2                           |    xor   |      0|  0|    15|          10|           9|
    |tmp_640_fu_2621_p2                           |    xor   |      0|  0|   640|         512|           2|
    |tmp_646_fu_2654_p2                           |    xor   |      0|  0|    15|          10|           9|
    |tmp_659_fu_2738_p2                           |    xor   |      0|  0|   640|         512|           2|
    |tmp_667_fu_2925_p2                           |    xor   |      0|  0|    15|          10|           9|
    |tmp_681_fu_3349_p2                           |    xor   |      0|  0|    15|          10|           9|
    |tmp_694_fu_3433_p2                           |    xor   |      0|  0|   640|         512|           2|
    +---------------------------------------------+----------+-------+---+------+------------+------------+
    |Total                                        |          |      0|  0| 80094|       23036|       33973|
    +---------------------------------------------+----------+-------+---+------+------------+------------+

    * Multiplexer: 
    +---------------------------------------------------------+-----+-----------+-----+-----------+
    |                           Name                          | LUT | Input Size| Bits| Total Bits|
    +---------------------------------------------------------+-----+-----------+-----+-----------+
    |ap_NS_fsm1                                               |    2|          3|    2|          6|
    |ap_NS_fsm2                                               |    2|          3|    2|          6|
    |ap_NS_fsm3                                               |    2|          3|    2|          6|
    |ap_NS_fsm4                                               |    2|          3|    2|          6|
    |ap_NS_fsm5                                               |    2|          3|    2|          6|
    |ap_reg_phiprechg_memWr_location_V_flag_2_reg_940pp0_it1  |    1|          3|    1|          3|
    |ap_reg_phiprechg_memWr_location_V_flag_3_reg_984pp0_it1  |    1|          2|    1|          2|
    |ap_reg_phiprechg_memWr_location_V_flag_4_reg_962pp0_it1  |    1|          3|    1|          3|
    |ap_reg_phiprechg_memWr_location_V_new_4_reg_975pp0_it1   |    2|          3|    2|          6|
    |ap_reg_phiprechg_memWr_location_V_new_s_reg_953pp0_it1   |    2|          3|    2|          6|
    |ap_reg_phiprechg_outputWord_address_V_1_reg_1028pp0_it5  |   32|          3|   32|         96|
    |ap_sig_ioackin_addressReturnOut_V_V_TREADY               |    1|          2|    1|          2|
    |ap_sig_ioackin_memWrCtrl_V_TREADY                        |    1|          2|    1|          2|
    |ap_sig_ioackin_memWrData_V_V_TREADY                      |    1|          2|    1|          2|
    |htMemWriteInputStatusWord_bin_10_phi_fu_623_p24          |    1|          3|    1|          3|
    |htMemWriteInputStatusWord_bin_11_phi_fu_663_p24          |    1|          3|    1|          3|
    |htMemWriteInputStatusWord_bin_12_phi_fu_703_p24          |    1|          3|    1|          3|
    |htMemWriteInputStatusWord_bin_13_phi_fu_743_p24          |    1|          3|    1|          3|
    |htMemWriteInputStatusWord_bin_14_phi_fu_783_p24          |    1|          3|    1|          3|
    |htMemWriteInputStatusWord_bin_15_phi_fu_823_p24          |    1|          3|    1|          3|
    |htMemWriteInputStatusWord_bin_16_phi_fu_863_p24          |    1|          3|    1|          3|
    |htMemWriteInputStatusWord_bin_17_phi_fu_903_p24          |    1|          3|    1|          3|
    |htMemWriteInputStatusWord_bin_25_phi_fu_482_p4           |    1|          3|    1|          3|
    |htMemWriteInputStatusWord_bin_26_phi_fu_493_p4           |    1|          3|    1|          3|
    |htMemWriteInputStatusWord_bin_26_reg_490                 |    1|          3|    1|          3|
    |htMemWriteInputStatusWord_bin_27_phi_fu_504_p4           |    1|          3|    1|          3|
    |htMemWriteInputStatusWord_bin_27_reg_501                 |    1|          3|    1|          3|
    |htMemWriteInputStatusWord_bin_28_phi_fu_515_p4           |    1|          3|    1|          3|
    |htMemWriteInputStatusWord_bin_28_reg_512                 |    1|          3|    1|          3|
    |htMemWriteInputStatusWord_bin_29_phi_fu_526_p4           |    1|          3|    1|          3|
    |htMemWriteInputStatusWord_bin_29_reg_523                 |    1|          3|    1|          3|
    |htMemWriteInputStatusWord_bin_30_phi_fu_537_p4           |    1|          3|    1|          3|
    |htMemWriteInputStatusWord_bin_30_reg_534                 |    1|          3|    1|          3|
    |htMemWriteInputStatusWord_bin_31_phi_fu_548_p4           |    1|          3|    1|          3|
    |htMemWriteInputStatusWord_bin_31_reg_545                 |    1|          3|    1|          3|
    |htMemWriteInputStatusWord_bin_32_phi_fu_559_p4           |    1|          3|    1|          3|
    |htMemWriteInputStatusWord_bin_32_reg_556                 |    1|          3|    1|          3|
    |htMemWriteInputStatusWord_bin_8_phi_fu_570_p4            |    1|          3|    1|          3|
    |htMemWriteInputStatusWord_bin_8_reg_567                  |    1|          3|    1|          3|
    |htMemWriteInputStatusWord_bin_9_phi_fu_581_p24           |    1|          3|    1|          3|
    |memWr2out_V_din                                          |  114|          8|   57|        456|
    |memWrCtrl_V_TDATA                                        |   40|          5|   40|        200|
    |memWrData_V_V_TDATA                                      |  512|          5|  512|       2560|
    |memWrState                                               |    6|          8|    3|         24|
    |memWr_location_V_flag_3_phi_fu_988_p12                   |    1|          5|    1|          5|
    |memWr_location_V_new_2_phi_fu_1011_p12                   |    2|          5|    2|         10|
    |memWriteAddress_V                                        |   10|          2|   10|         20|
    |outputWord_address_V_1_phi_fu_1031_p6                    |   32|          2|   32|         64|
    +---------------------------------------------------------+-----+-----------+-----+-----------+
    |Total                                                    |  795|        156|  735|       3569|
    +---------------------------------------------------------+-----+-----------+-----+-----------+

    * Register: 
    +--------------------------------------------------------------+-----+----+-----+-----------+
    |                             Name                             |  FF | LUT| Bits| Const Bits|
    +--------------------------------------------------------------+-----+----+-----+-----------+
    |Hi_assign_1_reg_3795                                          |    3|   0|   10|          7|
    |Hi_assign_2_reg_3760                                          |    3|   0|   10|          7|
    |Hi_assign_3_reg_3985                                          |    3|   0|   10|          7|
    |Hi_assign_4_reg_3997                                          |    3|   0|   10|          7|
    |Hi_assign_6_reg_3848                                          |    3|   0|   10|          7|
    |Hi_assign_7_reg_3879                                          |    3|   0|   10|          7|
    |Hi_assign_8_reg_3933                                          |    3|   0|   10|          7|
    |Hi_assign_9_reg_3946                                          |    3|   0|   10|          7|
    |Hi_assign_reg_3782                                            |    3|   0|   10|          7|
    |Hi_assign_s_reg_3960                                          |    2|   0|    9|          7|
    |Lo_assign_2_reg_3802                                          |    2|   0|    9|          7|
    |Lo_assign_3_reg_4003                                          |    2|   0|    9|          7|
    |Lo_assign_5_reg_3843                                          |    2|   0|    9|          7|
    |Lo_assign_6_reg_3872                                          |    2|   0|    9|          7|
    |Lo_assign_reg_3789                                            |    2|   0|    9|          7|
    |addressPointer_V_reg_4019                                     |   32|   0|   32|          0|
    |ap_CS_fsm0                                                    |    1|   0|    1|          0|
    |ap_CS_fsm1                                                    |    2|   0|    2|          0|
    |ap_CS_fsm2                                                    |    2|   0|    2|          0|
    |ap_CS_fsm3                                                    |    2|   0|    2|          0|
    |ap_CS_fsm4                                                    |    2|   0|    2|          0|
    |ap_CS_fsm5                                                    |    2|   0|    2|          0|
    |ap_done_reg                                                   |    1|   0|    1|          0|
    |ap_reg_ioackin_addressReturnOut_V_V_TREADY                    |    1|   0|    1|          0|
    |ap_reg_ioackin_memWrCtrl_V_TREADY                             |    1|   0|    1|          0|
    |ap_reg_ioackin_memWrData_V_V_TREADY                           |    1|   0|    1|          0|
    |ap_reg_phiprechg_memWr_location_V_flag_2_reg_940pp0_it1       |    1|   0|    1|          0|
    |ap_reg_phiprechg_memWr_location_V_flag_3_reg_984pp0_it1       |    1|   0|    1|          0|
    |ap_reg_phiprechg_memWr_location_V_flag_4_reg_962pp0_it1       |    1|   0|    1|          0|
    |ap_reg_phiprechg_memWr_location_V_new_4_reg_975pp0_it1        |    2|   0|    2|          0|
    |ap_reg_phiprechg_memWr_location_V_new_s_reg_953pp0_it1        |    2|   0|    2|          0|
    |ap_reg_phiprechg_outputWord_address_V_1_reg_1028pp0_it5       |   32|   0|   32|          0|
    |ap_reg_ppstg_Hi_assign_9_reg_3946_pp0_it4                     |    3|   0|   10|          7|
    |ap_reg_ppstg_Lo_assign_2_reg_3802_pp0_it3                     |    2|   0|    9|          7|
    |ap_reg_ppstg_Lo_assign_6_reg_3872_pp0_it3                     |    2|   0|    9|          7|
    |ap_reg_ppstg_Lo_assign_6_reg_3872_pp0_it4                     |    2|   0|    9|          7|
    |ap_reg_ppstg_brmerge1_reg_3716_pp0_it1                        |    1|   0|    1|          0|
    |ap_reg_ppstg_brmerge1_reg_3716_pp0_it2                        |    1|   0|    1|          0|
    |ap_reg_ppstg_brmerge1_reg_3716_pp0_it3                        |    1|   0|    1|          0|
    |ap_reg_ppstg_brmerge1_reg_3716_pp0_it4                        |    1|   0|    1|          0|
    |ap_reg_ppstg_brmerge2_reg_3634_pp0_it1                        |    1|   0|    1|          0|
    |ap_reg_ppstg_brmerge2_reg_3634_pp0_it2                        |    1|   0|    1|          0|
    |ap_reg_ppstg_brmerge2_reg_3634_pp0_it3                        |    1|   0|    1|          0|
    |ap_reg_ppstg_brmerge2_reg_3634_pp0_it4                        |    1|   0|    1|          0|
    |ap_reg_ppstg_brmerge_reg_3671_pp0_it1                         |    1|   0|    1|          0|
    |ap_reg_ppstg_brmerge_reg_3671_pp0_it2                         |    1|   0|    1|          0|
    |ap_reg_ppstg_brmerge_reg_3671_pp0_it3                         |    1|   0|    1|          0|
    |ap_reg_ppstg_brmerge_reg_3671_pp0_it4                         |    1|   0|    1|          0|
    |ap_reg_ppstg_htMemWriteInputWordMd_valueLen_reg_3557_pp0_it1  |   16|   0|   16|          0|
    |ap_reg_ppstg_htMemWriteInputWordMd_valueLen_reg_3557_pp0_it2  |   16|   0|   16|          0|
    |ap_reg_ppstg_icmp4_reg_3683_pp0_it1                           |    1|   0|    1|          0|
    |ap_reg_ppstg_icmp4_reg_3683_pp0_it2                           |    1|   0|    1|          0|
    |ap_reg_ppstg_icmp4_reg_3683_pp0_it3                           |    1|   0|    1|          0|
    |ap_reg_ppstg_icmp4_reg_3683_pp0_it4                           |    1|   0|    1|          0|
    |ap_reg_ppstg_icmp_reg_3675_pp0_it1                            |    1|   0|    1|          0|
    |ap_reg_ppstg_icmp_reg_3675_pp0_it2                            |    1|   0|    1|          0|
    |ap_reg_ppstg_icmp_reg_3675_pp0_it3                            |    1|   0|    1|          0|
    |ap_reg_ppstg_icmp_reg_3675_pp0_it4                            |    1|   0|    1|          0|
    |ap_reg_ppstg_memWrState_load_reg_3542_pp0_it1                 |    3|   0|    3|          0|
    |ap_reg_ppstg_memWrState_load_reg_3542_pp0_it2                 |    3|   0|    3|          0|
    |ap_reg_ppstg_memWrState_load_reg_3542_pp0_it3                 |    3|   0|    3|          0|
    |ap_reg_ppstg_memWrState_load_reg_3542_pp0_it4                 |    3|   0|    3|          0|
    |ap_reg_ppstg_memWr_location_V_flag_8_reg_3659_pp0_it1         |    1|   0|    1|          0|
    |ap_reg_ppstg_memWr_location_V_flag_8_reg_3659_pp0_it2         |    1|   0|    1|          0|
    |ap_reg_ppstg_memWr_location_V_flag_8_reg_3659_pp0_it3         |    1|   0|    1|          0|
    |ap_reg_ppstg_memWr_location_V_flag_8_reg_3659_pp0_it4         |    1|   0|    1|          0|
    |ap_reg_ppstg_memWr_location_V_load_reg_3746_pp0_it2           |    2|   0|    2|          0|
    |ap_reg_ppstg_memWr_location_V_load_reg_3746_pp0_it3           |    2|   0|    2|          0|
    |ap_reg_ppstg_memWr_memInitialized_load_reg_3725_pp0_it1       |    1|   0|    1|          0|
    |ap_reg_ppstg_memWr_memInitialized_load_reg_3725_pp0_it2       |    1|   0|    1|          0|
    |ap_reg_ppstg_memWr_memInitialized_load_reg_3725_pp0_it3       |    1|   0|    1|          0|
    |ap_reg_ppstg_memWr_replaceLocation_V_flag_3_reg_3665_pp0_it1  |    1|   0|    1|          0|
    |ap_reg_ppstg_memWr_replaceLocation_V_flag_3_reg_3665_pp0_it2  |    1|   0|    1|          0|
    |ap_reg_ppstg_memWr_replaceLocation_V_flag_3_reg_3665_pp0_it3  |    1|   0|    1|          0|
    |ap_reg_ppstg_memWr_replaceLocation_V_flag_3_reg_3665_pp0_it4  |    1|   0|    1|          0|
    |ap_reg_ppstg_memWriteAddress_V_load_reg_3546_pp0_it1          |   10|   0|   10|          0|
    |ap_reg_ppstg_memWriteAddress_V_load_reg_3546_pp0_it2          |   10|   0|   10|          0|
    |ap_reg_ppstg_memWriteAddress_V_load_reg_3546_pp0_it3          |   10|   0|   10|          0|
    |ap_reg_ppstg_memWriteAddress_V_load_reg_3546_pp0_it4          |   10|   0|   10|          0|
    |ap_reg_ppstg_outputWord_operation_V_reg_3552_pp0_it1          |    8|   0|    8|          0|
    |ap_reg_ppstg_outputWord_operation_V_reg_3552_pp0_it2          |    8|   0|    8|          0|
    |ap_reg_ppstg_outputWord_operation_V_reg_3552_pp0_it3          |    8|   0|    8|          0|
    |ap_reg_ppstg_outputWord_operation_V_reg_3552_pp0_it4          |    8|   0|    8|          0|
    |ap_reg_ppstg_r_V_2_reg_3751_pp0_it2                           |    2|   0|    9|          7|
    |ap_reg_ppstg_r_V_2_reg_3751_pp0_it3                           |    2|   0|    9|          7|
    |ap_reg_ppstg_r_V_2_reg_3751_pp0_it4                           |    2|   0|    9|          7|
    |ap_reg_ppstg_reg_1086_pp0_it1                                 |  512|   0|  512|          0|
    |ap_reg_ppstg_reg_1086_pp0_it2                                 |  512|   0|  512|          0|
    |ap_reg_ppstg_reg_1086_pp0_it3                                 |  512|   0|  512|          0|
    |ap_reg_ppstg_reg_1086_pp0_it4                                 |  512|   0|  512|          0|
    |ap_reg_ppstg_tmp_317_reg_3582_pp0_it1                         |    1|   0|    1|          0|
    |ap_reg_ppstg_tmp_317_reg_3582_pp0_it2                         |    1|   0|    1|          0|
    |ap_reg_ppstg_tmp_317_reg_3582_pp0_it3                         |    1|   0|    1|          0|
    |ap_reg_ppstg_tmp_317_reg_3582_pp0_it4                         |    1|   0|    1|          0|
    |ap_reg_ppstg_tmp_320_reg_3607_pp0_it1                         |    1|   0|    1|          0|
    |ap_reg_ppstg_tmp_320_reg_3607_pp0_it2                         |    1|   0|    1|          0|
    |ap_reg_ppstg_tmp_320_reg_3607_pp0_it3                         |    1|   0|    1|          0|
    |ap_reg_ppstg_tmp_320_reg_3607_pp0_it4                         |    1|   0|    1|          0|
    |ap_reg_ppstg_tmp_321_reg_3611_pp0_it1                         |    1|   0|    1|          0|
    |ap_reg_ppstg_tmp_321_reg_3611_pp0_it2                         |    1|   0|    1|          0|
    |ap_reg_ppstg_tmp_321_reg_3611_pp0_it3                         |    1|   0|    1|          0|
    |ap_reg_ppstg_tmp_321_reg_3611_pp0_it4                         |    1|   0|    1|          0|
    |ap_reg_ppstg_tmp_323_reg_3615_pp0_it1                         |    1|   0|    1|          0|
    |ap_reg_ppstg_tmp_323_reg_3615_pp0_it2                         |    1|   0|    1|          0|
    |ap_reg_ppstg_tmp_323_reg_3615_pp0_it3                         |    1|   0|    1|          0|
    |ap_reg_ppstg_tmp_323_reg_3615_pp0_it4                         |    1|   0|    1|          0|
    |ap_reg_ppstg_tmp_326_reg_3918_pp0_it4                         |    1|   0|    1|          0|
    |ap_reg_ppstg_tmp_500_reg_3594_pp0_it1                         |  128|   0|  128|          0|
    |ap_reg_ppstg_tmp_500_reg_3594_pp0_it2                         |  128|   0|  128|          0|
    |ap_reg_ppstg_tmp_500_reg_3594_pp0_it3                         |  128|   0|  128|          0|
    |ap_reg_ppstg_tmp_500_reg_3594_pp0_it4                         |  128|   0|  128|          0|
    |ap_reg_ppstg_tmp_501_reg_3599_pp0_it1                         |    1|   0|    1|          0|
    |ap_reg_ppstg_tmp_501_reg_3599_pp0_it2                         |    1|   0|    1|          0|
    |ap_reg_ppstg_tmp_501_reg_3599_pp0_it3                         |    1|   0|    1|          0|
    |ap_reg_ppstg_tmp_501_reg_3599_pp0_it4                         |    1|   0|    1|          0|
    |ap_reg_ppstg_tmp_538_reg_3893_pp0_it3                         |    9|   0|   10|          1|
    |ap_reg_ppstg_tmp_538_reg_3893_pp0_it4                         |    9|   0|   10|          1|
    |ap_reg_ppstg_tmp_544_reg_3898_pp0_it3                         |  512|   0|  512|          0|
    |ap_reg_ppstg_tmp_544_reg_3898_pp0_it4                         |  512|   0|  512|          0|
    |ap_reg_ppstg_tmp_554_reg_3903_pp0_it3                         |    9|   0|   10|          1|
    |ap_reg_ppstg_tmp_554_reg_3903_pp0_it4                         |    9|   0|   10|          1|
    |ap_reg_ppstg_tmp_560_reg_3908_pp0_it3                         |  512|   0|  512|          0|
    |ap_reg_ppstg_tmp_560_reg_3908_pp0_it4                         |  512|   0|  512|          0|
    |ap_reg_ppstg_tmp_565_reg_3643_pp0_it1                         |    7|   0|    7|          0|
    |ap_reg_ppstg_tmp_565_reg_3643_pp0_it2                         |    7|   0|    7|          0|
    |ap_reg_ppstg_tmp_565_reg_3643_pp0_it3                         |    7|   0|    7|          0|
    |ap_reg_ppstg_tmp_565_reg_3643_pp0_it4                         |    7|   0|    7|          0|
    |ap_reg_ppstg_tmp_572_reg_3807_pp0_it3                         |    8|   0|   10|          2|
    |ap_reg_ppstg_tmp_572_reg_3807_pp0_it4                         |    8|   0|   10|          2|
    |ap_reg_ppstg_tmp_578_reg_3812_pp0_it3                         |  512|   0|  512|          0|
    |ap_reg_ppstg_tmp_578_reg_3812_pp0_it4                         |  512|   0|  512|          0|
    |ap_reg_ppstg_tmp_605_reg_3691_pp0_it1                         |    7|   0|    7|          0|
    |ap_reg_ppstg_tmp_605_reg_3691_pp0_it2                         |    7|   0|    7|          0|
    |ap_reg_ppstg_tmp_605_reg_3691_pp0_it3                         |    7|   0|    7|          0|
    |ap_reg_ppstg_tmp_605_reg_3691_pp0_it4                         |    7|   0|    7|          0|
    |ap_reg_ppstg_tmp_63_reg_3603_pp0_it1                          |    1|   0|    1|          0|
    |ap_reg_ppstg_tmp_63_reg_3603_pp0_it2                          |    1|   0|    1|          0|
    |ap_reg_ppstg_tmp_63_reg_3603_pp0_it3                          |    1|   0|    1|          0|
    |ap_reg_ppstg_tmp_63_reg_3603_pp0_it4                          |    1|   0|    1|          0|
    |ap_reg_ppstg_tmp_679_reg_3952_pp0_it4                         |    1|   0|    1|          0|
    |ap_reg_ppstg_tmp_68_reg_3590_pp0_it1                          |    1|   0|    1|          0|
    |ap_reg_ppstg_tmp_68_reg_3590_pp0_it2                          |    1|   0|    1|          0|
    |ap_reg_ppstg_tmp_68_reg_3590_pp0_it3                          |    1|   0|    1|          0|
    |ap_reg_ppstg_tmp_68_reg_3590_pp0_it4                          |    1|   0|    1|          0|
    |ap_reg_ppstg_tmp_71_reg_3679_pp0_it1                          |    1|   0|    1|          0|
    |ap_reg_ppstg_tmp_71_reg_3679_pp0_it2                          |    1|   0|    1|          0|
    |ap_reg_ppstg_tmp_71_reg_3679_pp0_it3                          |    1|   0|    1|          0|
    |ap_reg_ppstg_tmp_71_reg_3679_pp0_it4                          |    1|   0|    1|          0|
    |ap_reg_ppstg_tmp_72_reg_3687_pp0_it1                          |    1|   0|    1|          0|
    |ap_reg_ppstg_tmp_72_reg_3687_pp0_it2                          |    1|   0|    1|          0|
    |ap_reg_ppstg_tmp_72_reg_3687_pp0_it3                          |    1|   0|    1|          0|
    |ap_reg_ppstg_tmp_72_reg_3687_pp0_it4                          |    1|   0|    1|          0|
    |ap_reg_ppstg_tmp_86_reg_3729_pp0_it1                          |    1|   0|    1|          0|
    |ap_reg_ppstg_tmp_86_reg_3729_pp0_it2                          |    1|   0|    1|          0|
    |ap_reg_ppstg_tmp_86_reg_3729_pp0_it3                          |    1|   0|    1|          0|
    |ap_reg_ppstg_tmp_87_reg_3733_pp0_it1                          |    1|   0|    1|          0|
    |ap_reg_ppstg_tmp_87_reg_3733_pp0_it2                          |    1|   0|    1|          0|
    |ap_reg_ppstg_tmp_87_reg_3733_pp0_it3                          |    1|   0|    1|          0|
    |ap_reg_ppstg_tmp_96_reg_3913_pp0_it4                          |    4|   0|    4|          0|
    |ap_reg_ppstg_tmp_V_108_reg_3701_pp0_it1                       |   32|   0|   32|          0|
    |ap_reg_ppstg_tmp_V_108_reg_3701_pp0_it2                       |   32|   0|   32|          0|
    |ap_reg_ppstg_tmp_V_108_reg_3701_pp0_it3                       |   32|   0|   32|          0|
    |ap_reg_ppstg_tmp_V_109_reg_3696_pp0_it1                       |   32|   0|   32|          0|
    |ap_reg_ppstg_tmp_V_109_reg_3696_pp0_it2                       |   32|   0|   32|          0|
    |ap_reg_ppstg_tmp_V_109_reg_3696_pp0_it3                       |   32|   0|   32|          0|
    |ap_reg_ppstg_tmp_keyLength_V_load_new_reg_3737_pp0_it1        |    8|   0|    8|          0|
    |ap_reg_ppstg_tmp_reg_3586_pp0_it1                             |    1|   0|    1|          0|
    |ap_reg_ppstg_tmp_reg_3586_pp0_it2                             |    1|   0|    1|          0|
    |ap_reg_ppstg_tmp_reg_3586_pp0_it3                             |    1|   0|    1|          0|
    |ap_reg_ppstg_tmp_reg_3586_pp0_it4                             |    1|   0|    1|          0|
    |ap_reg_ppstg_tmp_s_reg_3742_pp0_it1                           |    1|   0|    1|          0|
    |ap_reg_ppstg_tmp_s_reg_3742_pp0_it2                           |    1|   0|    1|          0|
    |ap_reg_ppstg_tmp_s_reg_3742_pp0_it3                           |    1|   0|    1|          0|
    |brmerge1_reg_3716                                             |    1|   0|    1|          0|
    |brmerge2_reg_3634                                             |    1|   0|    1|          0|
    |brmerge_reg_3671                                              |    1|   0|    1|          0|
    |guard_variable_for_memWrite_st                                |    1|   0|    1|          0|
    |htMemWriteInputStatusWord_bin_1                               |    1|   0|    1|          0|
    |htMemWriteInputStatusWord_bin_2                               |    1|   0|    1|          0|
    |htMemWriteInputStatusWord_bin_26_reg_490                      |    1|   0|    1|          0|
    |htMemWriteInputStatusWord_bin_27_reg_501                      |    1|   0|    1|          0|
    |htMemWriteInputStatusWord_bin_28_reg_512                      |    1|   0|    1|          0|
    |htMemWriteInputStatusWord_bin_29_reg_523                      |    1|   0|    1|          0|
    |htMemWriteInputStatusWord_bin_3                               |    1|   0|    1|          0|
    |htMemWriteInputStatusWord_bin_30_reg_534                      |    1|   0|    1|          0|
    |htMemWriteInputStatusWord_bin_31_reg_545                      |    1|   0|    1|          0|
    |htMemWriteInputStatusWord_bin_32_reg_556                      |    1|   0|    1|          0|
    |htMemWriteInputStatusWord_bin_4                               |    1|   0|    1|          0|
    |htMemWriteInputStatusWord_bin_5                               |    1|   0|    1|          0|
    |htMemWriteInputStatusWord_bin_6                               |    1|   0|    1|          0|
    |htMemWriteInputStatusWord_bin_7                               |    1|   0|    1|          0|
    |htMemWriteInputStatusWord_bin_8_reg_567                       |    1|   0|    1|          0|
    |htMemWriteInputStatusWord_bin_s                               |    1|   0|    1|          0|
    |htMemWriteInputWordMd_keyLengt                                |    8|   0|    8|          0|
    |htMemWriteInputWordMd_metadata                                |   32|   0|   32|          0|
    |htMemWriteInputWordMd_operatio                                |    8|   0|    8|          0|
    |htMemWriteInputWordMd_valueLen                                |   16|   0|   16|          0|
    |htMemWriteInputWordMd_valueLen_reg_3557                       |   16|   0|   16|          0|
    |icmp4_reg_3683                                                |    1|   0|    1|          0|
    |icmp_reg_3675                                                 |    1|   0|    1|          0|
    |memWrState                                                    |    3|   0|    3|          0|
    |memWrState_load_reg_3542                                      |    3|   0|    3|          0|
    |memWr_flushDone_V                                             |    1|   0|    1|          0|
    |memWr_flushReq_V                                              |    1|   0|    1|          0|
    |memWr_location_V                                              |    2|   0|    2|          0|
    |memWr_location_V_flag_1_reg_3706                              |    1|   0|    1|          0|
    |memWr_location_V_flag_8_reg_3659                              |    1|   0|    1|          0|
    |memWr_location_V_flag_s_reg_3619                              |    1|   0|    1|          0|
    |memWr_location_V_load_reg_3746                                |    2|   0|    2|          0|
    |memWr_location_V_loc_7_reg_3767                               |    2|   0|    2|          0|
    |memWr_location_V_new_cast_reg_3624                            |    1|   0|    2|          1|
    |memWr_memInitialized                                          |    1|   0|    1|          0|
    |memWr_memInitialized_load_reg_3725                            |    1|   0|    1|          0|
    |memWr_replaceLocation_V                                       |    2|   0|    2|          0|
    |memWr_replaceLocation_V_flag_3_reg_3665                       |    1|   0|    1|          0|
    |memWr_replaceLocation_V_loc_1_reg_3653                        |    2|   0|    2|          0|
    |memWr_replaceLocation_V_loc_3_reg_3772                        |    2|   0|    2|          0|
    |memWriteAddress_V                                             |   10|   0|   10|          0|
    |memWriteAddress_V_load_reg_3546                               |   10|   0|   10|          0|
    |outputWord_operation_V_reg_3552                               |    8|   0|    8|          0|
    |p_Result_71_reg_4014                                          |  512|   0|  512|          0|
    |p_s_reg_3648                                                  |    1|   0|    2|          1|
    |r_V_1_reg_3777                                                |    2|   0|    9|          7|
    |r_V_2_reg_3751                                                |    2|   0|    9|          7|
    |r_V_4_reg_3817                                                |    2|   0|    9|          7|
    |reg_1086                                                      |  512|   0|  512|          0|
    |tmp_317_reg_3582                                              |    1|   0|    1|          0|
    |tmp_320_reg_3607                                              |    1|   0|    1|          0|
    |tmp_321_reg_3611                                              |    1|   0|    1|          0|
    |tmp_323_reg_3615                                              |    1|   0|    1|          0|
    |tmp_326_reg_3918                                              |    1|   0|    1|          0|
    |tmp_500_reg_3594                                              |  128|   0|  128|          0|
    |tmp_501_reg_3599                                              |    1|   0|    1|          0|
    |tmp_502_reg_3965                                              |    1|   0|    1|          0|
    |tmp_503_reg_3973                                              |    2|   0|   10|          8|
    |tmp_505_reg_3980                                              |   10|   0|   10|          0|
    |tmp_538_reg_3893                                              |    9|   0|   10|          1|
    |tmp_544_reg_3898                                              |  512|   0|  512|          0|
    |tmp_554_reg_3903                                              |    9|   0|   10|          1|
    |tmp_560_reg_3908                                              |  512|   0|  512|          0|
    |tmp_565_reg_3643                                              |    7|   0|    7|          0|
    |tmp_572_reg_3807                                              |    8|   0|   10|          2|
    |tmp_578_reg_3812                                              |  512|   0|  512|          0|
    |tmp_582_reg_3991                                              |    1|   0|    1|          0|
    |tmp_593_reg_4008                                              |    1|   0|    1|          0|
    |tmp_605_reg_3691                                              |    7|   0|    7|          0|
    |tmp_606_reg_3823                                              |    1|   0|    1|          0|
    |tmp_610_reg_3828                                              |    6|   0|   10|          4|
    |tmp_611_reg_3833                                              |   10|   0|   10|          0|
    |tmp_612_reg_3838                                              |   10|   0|   10|          0|
    |tmp_625_reg_3853                                              |    1|   0|    1|          0|
    |tmp_626_reg_3860                                              |    2|   0|   10|          8|
    |tmp_628_reg_3867                                              |    8|   0|   10|          2|
    |tmp_63_reg_3603                                               |    1|   0|    1|          0|
    |tmp_644_reg_3885                                              |    1|   0|    1|          0|
    |tmp_660_reg_3923                                              |  512|   0|  512|          0|
    |tmp_661_reg_3928                                              |  512|   0|  512|          0|
    |tmp_663_reg_3939                                              |    1|   0|    1|          0|
    |tmp_679_reg_3952                                              |    1|   0|    1|          0|
    |tmp_68_reg_3590                                               |    1|   0|    1|          0|
    |tmp_71_reg_3679                                               |    1|   0|    1|          0|
    |tmp_72_reg_3687                                               |    1|   0|    1|          0|
    |tmp_86_reg_3729                                               |    1|   0|    1|          0|
    |tmp_87_reg_3733                                               |    1|   0|    1|          0|
    |tmp_96_reg_3913                                               |    4|   0|    4|          0|
    |tmp_V_108_reg_3701                                            |   32|   0|   32|          0|
    |tmp_V_109_reg_3696                                            |   32|   0|   32|          0|
    |tmp_keyLength_V_load_new_reg_3737                             |    8|   0|    8|          0|
    |tmp_reg_3586                                                  |    1|   0|    1|          0|
    |tmp_s_reg_3742                                                |    1|   0|    1|          0|
    +--------------------------------------------------------------+-----+----+-----+-----------+
    |Total                                                         |10348|   0|10559|        211|
    +--------------------------------------------------------------+-----+----+-----+-----------+



================================================================
== Interface
================================================================
* Summary: 
+---------------------------------+-----+-----+------------+----------------------------+--------------+
|            RTL Ports            | Dir | Bits|  Protocol  |        Source Object       |    C Type    |
+---------------------------------+-----+-----+------------+----------------------------+--------------+
|ap_clk                           |  in |    1| ap_ctrl_hs | memcachedPipeline_memWrite | return value |
|ap_rst                           |  in |    1| ap_ctrl_hs | memcachedPipeline_memWrite | return value |
|ap_start                         |  in |    1| ap_ctrl_hs | memcachedPipeline_memWrite | return value |
|ap_done                          | out |    1| ap_ctrl_hs | memcachedPipeline_memWrite | return value |
|ap_continue                      |  in |    1| ap_ctrl_hs | memcachedPipeline_memWrite | return value |
|ap_idle                          | out |    1| ap_ctrl_hs | memcachedPipeline_memWrite | return value |
|ap_ready                         | out |    1| ap_ctrl_hs | memcachedPipeline_memWrite | return value |
|comp2memWrKey_V_dout             |  in |  130|   ap_fifo  |       comp2memWrKey_V      |    pointer   |
|comp2memWrKey_V_empty_n          |  in |    1|   ap_fifo  |       comp2memWrKey_V      |    pointer   |
|comp2memWrKey_V_read             | out |    1|   ap_fifo  |       comp2memWrKey_V      |    pointer   |
|comp2memWrMemData_V_V_dout       |  in |  512|   ap_fifo  |    comp2memWrMemData_V_V   |    pointer   |
|comp2memWrMemData_V_V_empty_n    |  in |    1|   ap_fifo  |    comp2memWrMemData_V_V   |    pointer   |
|comp2memWrMemData_V_V_read       | out |    1|   ap_fifo  |    comp2memWrMemData_V_V   |    pointer   |
|addressAssignFlashIn_V_V_TVALID  |  in |    1|    axis    |  addressAssignFlashIn_V_V  |    pointer   |
|addressAssignFlashIn_V_V_TDATA   |  in |   32|    axis    |  addressAssignFlashIn_V_V  |    pointer   |
|addressAssignFlashIn_V_V_TREADY  | out |    1|    axis    |  addressAssignFlashIn_V_V  |    pointer   |
|addressAssignDramIn_V_V_TVALID   |  in |    1|    axis    |   addressAssignDramIn_V_V  |    pointer   |
|addressAssignDramIn_V_V_TDATA    |  in |   32|    axis    |   addressAssignDramIn_V_V  |    pointer   |
|addressAssignDramIn_V_V_TREADY   | out |    1|    axis    |   addressAssignDramIn_V_V  |    pointer   |
|comp2memWrStatus_V_bin_dout      |  in |    8|   ap_fifo  |   comp2memWrStatus_V_bin   |    pointer   |
|comp2memWrStatus_V_bin_empty_n   |  in |    1|   ap_fifo  |   comp2memWrStatus_V_bin   |    pointer   |
|comp2memWrStatus_V_bin_read      | out |    1|   ap_fifo  |   comp2memWrStatus_V_bin   |    pointer   |
|comp2memWrMd_V_dout              |  in |   64|   ap_fifo  |       comp2memWrMd_V       |    pointer   |
|comp2memWrMd_V_empty_n           |  in |    1|   ap_fifo  |       comp2memWrMd_V       |    pointer   |
|comp2memWrMd_V_read              | out |    1|   ap_fifo  |       comp2memWrMd_V       |    pointer   |
|dec2cc_V_V_din                   | out |    1|   ap_fifo  |         dec2cc_V_V         |    pointer   |
|dec2cc_V_V_full_n                |  in |    1|   ap_fifo  |         dec2cc_V_V         |    pointer   |
|dec2cc_V_V_write                 | out |    1|   ap_fifo  |         dec2cc_V_V         |    pointer   |
|memWr2out_V_din                  | out |   57|   ap_fifo  |         memWr2out_V        |    pointer   |
|memWr2out_V_full_n               |  in |    1|   ap_fifo  |         memWr2out_V        |    pointer   |
|memWr2out_V_write                | out |    1|   ap_fifo  |         memWr2out_V        |    pointer   |
|memWrCtrl_V_TREADY               |  in |    1|    axis    |         memWrCtrl_V        |    pointer   |
|memWrCtrl_V_TDATA                | out |   40|    axis    |         memWrCtrl_V        |    pointer   |
|memWrCtrl_V_TVALID               | out |    1|    axis    |         memWrCtrl_V        |    pointer   |
|memWrData_V_V_TREADY             |  in |    1|    axis    |        memWrData_V_V       |    pointer   |
|memWrData_V_V_TDATA              | out |  512|    axis    |        memWrData_V_V       |    pointer   |
|memWrData_V_V_TVALID             | out |    1|    axis    |        memWrData_V_V       |    pointer   |
|addressReturnOut_V_V_TREADY      |  in |    1|    axis    |    addressReturnOut_V_V    |    pointer   |
|addressReturnOut_V_V_TDATA       | out |   32|    axis    |    addressReturnOut_V_V    |    pointer   |
|addressReturnOut_V_V_TVALID      | out |    1|    axis    |    addressReturnOut_V_V    |    pointer   |
|flushReq_V                       | out |    1|   ap_vld   |         flushReq_V         |    pointer   |
|flushReq_V_ap_vld                | out |    1|   ap_vld   |         flushReq_V         |    pointer   |
|flushAck_V                       |  in |    1|   ap_none  |         flushAck_V         |    scalar    |
|flushDone_V                      | out |    1|   ap_vld   |         flushDone_V        |    pointer   |
|flushDone_V_ap_vld               | out |    1|   ap_vld   |         flushDone_V        |    pointer   |
+---------------------------------+-----+-----+------------+----------------------------+--------------+

