

================================================================
== Vivado HLS Report for 'mac_header_strip'
================================================================
* Date:           Thu Oct 22 16:32:30 2020

* Version:        2018.3 (Build 2405991 on Thu Dec 06 23:56:15 MST 2018)
* Project:        macHeaderStrip_prj
* Solution:       solution1
* Product family: kintexu
* Target device:  xcku040-ffva1156-2-e


================================================================
== Performance Estimates
================================================================
+ Timing (ns): 
    * Summary: 
    +--------+-------+----------+------------+
    |  Clock | Target| Estimated| Uncertainty|
    +--------+-------+----------+------------+
    |ap_clk  |   6.66|     8.865|        0.83|
    +--------+-------+----------+------------+

+ Latency (clock cycles): 
    * Summary: 
    +-----+-----+-----+-----+----------+
    |  Latency  |  Interval | Pipeline |
    | min | max | min | max |   Type   |
    +-----+-----+-----+-----+----------+
    |    4|    4|    1|    1| dataflow |
    +-----+-----+-----+-----+----------+

    + Detail: 
        * Instance: 
        +------------------------+---------------------+-----+-----+-----+-----+----------+
        |                        |                     |  Latency  |  Interval | Pipeline |
        |        Instance        |        Module       | min | max | min | max |   Type   |
        +------------------------+---------------------+-----+-----+-----+-----+----------+
        |strip_mac_header_U0     |strip_mac_header     |    2|    2|    1|    1| function |
        |detect_mac_protocol_U0  |detect_mac_protocol  |    1|    1|    1|    1| function |
        +------------------------+---------------------+-----+-----+-----+-----+----------+

        * Loop: 
        N/A



================================================================
== Utilization Estimates
================================================================
* Summary: 
+-----------------+---------+-------+--------+--------+
|       Name      | BRAM_18K| DSP48E|   FF   |   LUT  |
+-----------------+---------+-------+--------+--------+
|DSP              |        -|      -|       -|       -|
|Expression       |        -|      -|       -|       -|
|FIFO             |       11|      -|     195|     193|
|Instance         |        -|      -|    1328|    1633|
|Memory           |        -|      -|       -|       -|
|Multiplexer      |        -|      -|       -|       -|
|Register         |        -|      -|       -|       -|
+-----------------+---------+-------+--------+--------+
|Total            |       11|      0|    1523|    1826|
+-----------------+---------+-------+--------+--------+
|Available        |     1200|   1920|  484800|  242400|
+-----------------+---------+-------+--------+--------+
|Utilization (%)  |    ~0   |      0|   ~0   |   ~0   |
+-----------------+---------+-------+--------+--------+

+ Detail: 
    * Instance: 
    +------------------------+---------------------+---------+-------+-----+------+
    |        Instance        |        Module       | BRAM_18K| DSP48E|  FF |  LUT |
    +------------------------+---------------------+---------+-------+-----+------+
    |detect_mac_protocol_U0  |detect_mac_protocol  |        0|      0|  400|   286|
    |strip_mac_header_U0     |strip_mac_header     |        0|      0|  928|  1347|
    +------------------------+---------------------+---------+-------+-----+------+
    |Total                   |                     |        0|      0| 1328|  1633|
    +------------------------+---------------------+---------+-------+-----+------+

    * DSP48: 
    N/A

    * Memory: 
    N/A

    * FIFO: 
    +----------------+---------+-----+-----+------+-----+---------+
    |      Name      | BRAM_18K|  FF | LUT | Depth| Bits| Size:D*B|
    +----------------+---------+-----+-----+------+-----+---------+
    |ipDataFifo_V_U  |       11|  195|  193|     4|  185|      740|
    +----------------+---------+-----+-----+------+-----+---------+
    |Total           |       11|  195|  193|     4|  185|      740|
    +----------------+---------+-----+-----+------+-----+---------+

    * Expression: 
    N/A

    * Multiplexer: 
    N/A

    * Register: 
    N/A



================================================================
== Interface
================================================================
* Summary: 
+------------------+-----+-----+--------------+--------------------+--------------+
|     RTL Ports    | Dir | Bits|   Protocol   |    Source Object   |    C Type    |
+------------------+-----+-----+--------------+--------------------+--------------+
|dataIn_TDATA      |  in |   64|     axis     |   dataIn_V_data_V  |    pointer   |
|dataIn_TKEEP      |  in |    8|     axis     |   dataIn_V_keep_V  |    pointer   |
|dataIn_TLAST      |  in |    1|     axis     |   dataIn_V_last_V  |    pointer   |
|dataIn_TUSER      |  in |  112|     axis     |   dataIn_V_user_V  |    pointer   |
|dataIn_TVALID     |  in |    1|     axis     |   dataIn_V_user_V  |    pointer   |
|dataIn_TREADY     | out |    1|     axis     |   dataIn_V_user_V  |    pointer   |
|IPdataOut_TDATA   | out |   64|     axis     | IPdataOut_V_data_V |    pointer   |
|IPdataOut_TKEEP   | out |    8|     axis     | IPdataOut_V_keep_V |    pointer   |
|IPdataOut_TLAST   | out |    1|     axis     | IPdataOut_V_last_V |    pointer   |
|IPdataOut_TUSER   | out |  112|     axis     | IPdataOut_V_user_V |    pointer   |
|IPdataOut_TVALID  | out |    1|     axis     | IPdataOut_V_user_V |    pointer   |
|IPdataOut_TREADY  |  in |    1|     axis     | IPdataOut_V_user_V |    pointer   |
|myMacAddress_V    |  in |   48|   ap_stable  |   myMacAddress_V   |    scalar    |
|ap_clk            |  in |    1| ap_ctrl_none |  mac_header_strip  | return value |
|ap_rst_n          |  in |    1| ap_ctrl_none |  mac_header_strip  | return value |
+------------------+-----+-----+--------------+--------------------+--------------+

============================================================
+ Verbose Summary: Synthesis Manager
============================================================
InlineROM: 1
ExposeGlobal: 0
============================================================
+ Verbose Summary: CDFG Model
============================================================
IsTopModel: 1
ResetActiveHigh: 1
IsCombinational: 2
IsDatapathOnly: 2
HasWiredReturn: 1
HasMFsm: 0
HasVarLatency: 1
IsPipeline: 0
IsRtlPipelined: 0
IsInstanceOverlapped: 0
IsDontTouch: 0
HasImplIP: 0
IsGatedGlobalClock: 0


============================================================
+ Verbose Summary: Schedule
============================================================
* Number of FSM states : 6
* Pipeline : 0
* Dataflow Pipeline: 1
  DF-Pipeline-0: Size = 6, States = { 1 2 3 4 5 6 }

* FSM state transitions: 
1 --> 
	2  / true
2 --> 
	3  / true
3 --> 
	4  / true
4 --> 
	5  / true
5 --> 
	6  / true
6 --> 

* FSM state operations: 

State 1 <SV = 0> <Delay = 2.22>
ST_1 : Operation 7 [1/1] (0.00ns)   --->   "%myMacAddress_V_read = call i48 @_ssdm_op_Read.ap_stable.i48(i48 %myMacAddress_V)" [src/mac_header_strip/mac_header_strip.cpp:229]   --->   Operation 7 'read' 'myMacAddress_V_read' <Predicate = true> <Delay = 0.00>
ST_1 : Operation 8 [2/2] (2.22ns)   --->   "call fastcc void @detect_mac_protocol(i64* %dataIn_V_data_V, i8* %dataIn_V_keep_V, i1* %dataIn_V_last_V, i112* %dataIn_V_user_V, i48 %myMacAddress_V_read) noinline" [src/mac_header_strip/mac_header_strip.cpp:247]   --->   Operation 8 'call' <Predicate = true> <Delay = 2.22> <CoreType = "Generic">   --->   Core 0 '' <Latency = 0> <II = 1> <Delay = 1.00> <Generic> <Opcode : >

State 2 <SV = 1> <Delay = 0.00>
ST_2 : Operation 9 [1/2] (0.00ns)   --->   "call fastcc void @detect_mac_protocol(i64* %dataIn_V_data_V, i8* %dataIn_V_keep_V, i1* %dataIn_V_last_V, i112* %dataIn_V_user_V, i48 %myMacAddress_V_read) noinline" [src/mac_header_strip/mac_header_strip.cpp:247]   --->   Operation 9 'call' <Predicate = true> <Delay = 0.00> <CoreType = "Generic">   --->   Core 0 '' <Latency = 0> <II = 1> <Delay = 1.00> <Generic> <Opcode : >

State 3 <SV = 2> <Delay = 0.00>
ST_3 : Operation 10 [3/3] (0.00ns)   --->   "call fastcc void @strip_mac_header(i64* %IPdataOut_V_data_V, i8* %IPdataOut_V_keep_V, i1* %IPdataOut_V_last_V, i112* %IPdataOut_V_user_V) noinline" [src/mac_header_strip/mac_header_strip.cpp:248]   --->   Operation 10 'call' <Predicate = true> <Delay = 0.00> <CoreType = "Generic">   --->   Core 0 '' <Latency = 0> <II = 1> <Delay = 1.00> <Generic> <Opcode : >

State 4 <SV = 3> <Delay = 5.82>
ST_4 : Operation 11 [2/3] (5.82ns)   --->   "call fastcc void @strip_mac_header(i64* %IPdataOut_V_data_V, i8* %IPdataOut_V_keep_V, i1* %IPdataOut_V_last_V, i112* %IPdataOut_V_user_V) noinline" [src/mac_header_strip/mac_header_strip.cpp:248]   --->   Operation 11 'call' <Predicate = true> <Delay = 5.82> <CoreType = "Generic">   --->   Core 0 '' <Latency = 0> <II = 1> <Delay = 1.00> <Generic> <Opcode : >

State 5 <SV = 4> <Delay = 0.00>
ST_5 : Operation 12 [1/3] (0.00ns)   --->   "call fastcc void @strip_mac_header(i64* %IPdataOut_V_data_V, i8* %IPdataOut_V_keep_V, i1* %IPdataOut_V_last_V, i112* %IPdataOut_V_user_V) noinline" [src/mac_header_strip/mac_header_strip.cpp:248]   --->   Operation 12 'call' <Predicate = true> <Delay = 0.00> <CoreType = "Generic">   --->   Core 0 '' <Latency = 0> <II = 1> <Delay = 1.00> <Generic> <Opcode : >

State 6 <SV = 5> <Delay = 0.00>
ST_6 : Operation 13 [1/1] (0.00ns)   --->   "call void (...)* @_ssdm_op_SpecDataflowPipeline(i32 -1, i32 0, [1 x i8]* @p_str) nounwind" [src/mac_header_strip/mac_header_strip.cpp:232]   --->   Operation 13 'specdataflowpipeline' <Predicate = true> <Delay = 0.00>
ST_6 : Operation 14 [1/1] (0.00ns)   --->   "%empty = call i32 (...)* @_ssdm_op_SpecChannel([13 x i8]* @ipDataFifo_OC_V_str, i32 1, [1 x i8]* @p_str, [1 x i8]* @p_str, i32 4, i32 4, i185* @ipDataFifo_V, i185* @ipDataFifo_V)"   --->   Operation 14 'specchannel' 'empty' <Predicate = true> <Delay = 0.00>
ST_6 : Operation 15 [1/1] (0.00ns)   --->   "call void (...)* @_ssdm_op_SpecInterface(i185* @ipDataFifo_V, [8 x i8]* @ap_fifo_str, i32 0, i32 0, [1 x i8]* @p_str, i32 0, i32 0, [1 x i8]* @p_str, [1 x i8]* @p_str, [1 x i8]* @p_str, i32 2, i32 2, i32 16, i32 16, [1 x i8]* @p_str, [1 x i8]* @p_str)"   --->   Operation 15 'specinterface' <Predicate = true> <Delay = 0.00>
ST_6 : Operation 16 [1/1] (0.00ns)   --->   "call void (...)* @_ssdm_op_SpecBitsMap(i64* %dataIn_V_data_V), !map !187"   --->   Operation 16 'specbitsmap' <Predicate = true> <Delay = 0.00>
ST_6 : Operation 17 [1/1] (0.00ns)   --->   "call void (...)* @_ssdm_op_SpecBitsMap(i8* %dataIn_V_keep_V), !map !191"   --->   Operation 17 'specbitsmap' <Predicate = true> <Delay = 0.00>
ST_6 : Operation 18 [1/1] (0.00ns)   --->   "call void (...)* @_ssdm_op_SpecBitsMap(i1* %dataIn_V_last_V), !map !195"   --->   Operation 18 'specbitsmap' <Predicate = true> <Delay = 0.00>
ST_6 : Operation 19 [1/1] (0.00ns)   --->   "call void (...)* @_ssdm_op_SpecBitsMap(i112* %dataIn_V_user_V), !map !199"   --->   Operation 19 'specbitsmap' <Predicate = true> <Delay = 0.00>
ST_6 : Operation 20 [1/1] (0.00ns)   --->   "call void (...)* @_ssdm_op_SpecBitsMap(i64* %IPdataOut_V_data_V), !map !203"   --->   Operation 20 'specbitsmap' <Predicate = true> <Delay = 0.00>
ST_6 : Operation 21 [1/1] (0.00ns)   --->   "call void (...)* @_ssdm_op_SpecBitsMap(i8* %IPdataOut_V_keep_V), !map !207"   --->   Operation 21 'specbitsmap' <Predicate = true> <Delay = 0.00>
ST_6 : Operation 22 [1/1] (0.00ns)   --->   "call void (...)* @_ssdm_op_SpecBitsMap(i1* %IPdataOut_V_last_V), !map !211"   --->   Operation 22 'specbitsmap' <Predicate = true> <Delay = 0.00>
ST_6 : Operation 23 [1/1] (0.00ns)   --->   "call void (...)* @_ssdm_op_SpecBitsMap(i112* %IPdataOut_V_user_V), !map !215"   --->   Operation 23 'specbitsmap' <Predicate = true> <Delay = 0.00>
ST_6 : Operation 24 [1/1] (0.00ns)   --->   "call void (...)* @_ssdm_op_SpecBitsMap(i48 %myMacAddress_V), !map !219"   --->   Operation 24 'specbitsmap' <Predicate = true> <Delay = 0.00>
ST_6 : Operation 25 [1/1] (0.00ns)   --->   "call void (...)* @_ssdm_op_SpecTopModule([17 x i8]* @mac_header_strip_str) nounwind"   --->   Operation 25 'spectopmodule' <Predicate = true> <Delay = 0.00>
ST_6 : Operation 26 [1/1] (0.00ns)   --->   "call void (...)* @_ssdm_op_SpecInterface(i32 0, [13 x i8]* @p_str1, i32 0, i32 0, [1 x i8]* @p_str, i32 0, i32 0, [1 x i8]* @p_str, [1 x i8]* @p_str, [1 x i8]* @p_str, i32 0, i32 0, i32 0, i32 0, [1 x i8]* @p_str, [1 x i8]* @p_str) nounwind" [src/mac_header_strip/mac_header_strip.cpp:233]   --->   Operation 26 'specinterface' <Predicate = true> <Delay = 0.00>
ST_6 : Operation 27 [1/1] (0.00ns)   --->   "call void (...)* @_ssdm_op_SpecInterface(i64* %dataIn_V_data_V, i8* %dataIn_V_keep_V, i1* %dataIn_V_last_V, i112* %dataIn_V_user_V, [5 x i8]* @p_str2, i32 1, i32 1, [5 x i8]* @p_str3, i32 0, i32 0, [1 x i8]* @p_str, [1 x i8]* @p_str, [1 x i8]* @p_str, i32 0, i32 0, i32 0, i32 0, [1 x i8]* @p_str, [1 x i8]* @p_str) nounwind" [src/mac_header_strip/mac_header_strip.cpp:235]   --->   Operation 27 'specinterface' <Predicate = true> <Delay = 0.00>
ST_6 : Operation 28 [1/1] (0.00ns)   --->   "call void (...)* @_ssdm_op_SpecInterface(i64* %IPdataOut_V_data_V, i8* %IPdataOut_V_keep_V, i1* %IPdataOut_V_last_V, i112* %IPdataOut_V_user_V, [5 x i8]* @p_str2, i32 1, i32 1, [5 x i8]* @p_str3, i32 0, i32 0, [1 x i8]* @p_str, [1 x i8]* @p_str, [1 x i8]* @p_str, i32 0, i32 0, i32 0, i32 0, [1 x i8]* @p_str, [1 x i8]* @p_str) nounwind" [src/mac_header_strip/mac_header_strip.cpp:236]   --->   Operation 28 'specinterface' <Predicate = true> <Delay = 0.00>
ST_6 : Operation 29 [1/1] (0.00ns)   --->   "call void (...)* @_ssdm_op_SpecInterface(i48 %myMacAddress_V, [10 x i8]* @p_str4, i32 0, i32 0, [1 x i8]* @p_str, i32 0, i32 0, [1 x i8]* @p_str, [1 x i8]* @p_str, [1 x i8]* @p_str, i32 0, i32 0, i32 0, i32 0, [1 x i8]* @p_str, [1 x i8]* @p_str) nounwind" [src/mac_header_strip/mac_header_strip.cpp:241]   --->   Operation 29 'specinterface' <Predicate = true> <Delay = 0.00>
ST_6 : Operation 30 [1/1] (0.00ns)   --->   "ret void" [src/mac_header_strip/mac_header_strip.cpp:249]   --->   Operation 30 'ret' <Predicate = true> <Delay = 0.00>


============================================================
+ Verbose Summary: Binding
============================================================
STG Binding: 
---------------- STG Properties BEGIN ----------------
- Is combinational: 0
- Is one-state seq: 0
- Is datapath-only: 0
- Is pipelined: 0
- Is top level: 1
Port [ Return ] is wired: 1; IO mode=ap_ctrl_none:ce=0
Port [ dataIn_V_data_V]:  wired=1; compound=1; hidden=0; nouse=0; global=0; static=0; extern=0; dir=0; type=0; pingpong=0; private_global=0; IO mode=axis:ce=0
Port [ dataIn_V_keep_V]:  wired=1; compound=1; hidden=0; nouse=0; global=0; static=0; extern=0; dir=0; type=0; pingpong=0; private_global=0; IO mode=axis:ce=0
Port [ dataIn_V_last_V]:  wired=1; compound=1; hidden=0; nouse=0; global=0; static=0; extern=0; dir=0; type=0; pingpong=0; private_global=0; IO mode=axis:ce=0
Port [ dataIn_V_user_V]:  wired=1; compound=1; hidden=0; nouse=0; global=0; static=0; extern=0; dir=0; type=0; pingpong=0; private_global=0; IO mode=axis:ce=0
Port [ IPdataOut_V_data_V]:  wired=1; compound=1; hidden=0; nouse=0; global=0; static=0; extern=0; dir=1; type=0; pingpong=0; private_global=0; IO mode=axis:ce=0
Port [ IPdataOut_V_keep_V]:  wired=1; compound=1; hidden=0; nouse=0; global=0; static=0; extern=0; dir=1; type=0; pingpong=0; private_global=0; IO mode=axis:ce=0
Port [ IPdataOut_V_last_V]:  wired=1; compound=1; hidden=0; nouse=0; global=0; static=0; extern=0; dir=1; type=0; pingpong=0; private_global=0; IO mode=axis:ce=0
Port [ IPdataOut_V_user_V]:  wired=1; compound=1; hidden=0; nouse=0; global=0; static=0; extern=0; dir=1; type=0; pingpong=0; private_global=0; IO mode=axis:ce=0
Port [ myMacAddress_V]:  wired=1; compound=0; hidden=0; nouse=0; global=0; static=0; extern=0; dir=0; type=0; pingpong=0; private_global=0; IO mode=ap_stable:ce=0
Port [ dmp_fsmState_V]:  wired=0; compound=0; hidden=1; nouse=1; global=1; static=1; extern=0; dir=2; type=0; pingpong=0; private_global=0; linkage=7; visibility=0; IO mode=ap_ovld:ce=0
Port [ dmp_macType_V]:  wired=0; compound=0; hidden=1; nouse=1; global=1; static=1; extern=0; dir=2; type=0; pingpong=0; private_global=0; linkage=7; visibility=0; IO mode=ap_ovld:ce=0
Port [ dmp_prevWord_data_V]:  wired=0; compound=0; hidden=1; nouse=1; global=1; static=1; extern=0; dir=2; type=0; pingpong=0; private_global=0; linkage=7; visibility=0; IO mode=ap_ovld:ce=0
Port [ dmp_prevWord_keep_V]:  wired=0; compound=0; hidden=1; nouse=1; global=1; static=1; extern=0; dir=2; type=0; pingpong=0; private_global=0; linkage=7; visibility=0; IO mode=ap_ovld:ce=0
Port [ dmp_prevWord_last_V]:  wired=0; compound=0; hidden=1; nouse=1; global=1; static=1; extern=0; dir=2; type=0; pingpong=0; private_global=0; linkage=7; visibility=0; IO mode=ap_ovld:ce=0
Port [ dmp_prevWord_user_V]:  wired=0; compound=0; hidden=1; nouse=1; global=1; static=1; extern=0; dir=2; type=0; pingpong=0; private_global=0; linkage=7; visibility=0; IO mode=ap_ovld:ce=0
Port [ dmp_wordCount_V]:  wired=0; compound=0; hidden=1; nouse=1; global=1; static=1; extern=0; dir=2; type=0; pingpong=0; private_global=0; linkage=7; visibility=0; IO mode=ap_ovld:ce=0
Port [ ipDataFifo_V]:  wired=0; compound=1; hidden=1; nouse=0; global=1; static=1; extern=0; dir=2; type=3; pingpong=0; private_global=1; linkage=7; visibility=0; IO mode=ap_fifo:ce=0
Port [ cics_wasLast]:  wired=0; compound=0; hidden=1; nouse=1; global=1; static=1; extern=0; dir=2; type=0; pingpong=0; private_global=0; linkage=7; visibility=0; IO mode=ap_ovld:ce=0
Port [ dataLen_V]:  wired=0; compound=0; hidden=1; nouse=1; global=1; static=1; extern=0; dir=2; type=0; pingpong=0; private_global=0; linkage=7; visibility=0; IO mode=ap_ovld:ce=0
Port [ sentBytes_V]:  wired=0; compound=0; hidden=1; nouse=1; global=1; static=1; extern=0; dir=2; type=0; pingpong=0; private_global=0; linkage=7; visibility=0; IO mode=ap_ovld:ce=0
Port [ cics_prevWord_data_V]:  wired=0; compound=0; hidden=1; nouse=1; global=1; static=1; extern=0; dir=2; type=0; pingpong=0; private_global=0; linkage=7; visibility=0; IO mode=ap_ovld:ce=0
Port [ cics_prevWord_keep_V]:  wired=0; compound=0; hidden=1; nouse=1; global=1; static=1; extern=0; dir=2; type=0; pingpong=0; private_global=0; linkage=7; visibility=0; IO mode=ap_ovld:ce=0
Port [ cics_wordCount_V]:  wired=0; compound=0; hidden=1; nouse=1; global=1; static=1; extern=0; dir=2; type=0; pingpong=0; private_global=0; linkage=7; visibility=0; IO mode=ap_ovld:ce=0
Port [ destMacAddress_V]:  wired=0; compound=0; hidden=1; nouse=1; global=1; static=1; extern=0; dir=2; type=0; pingpong=0; private_global=0; linkage=7; visibility=0; IO mode=ap_ovld:ce=0
Port [ srcMacAddress_V]:  wired=0; compound=0; hidden=1; nouse=1; global=1; static=1; extern=0; dir=2; type=0; pingpong=0; private_global=0; linkage=7; visibility=0; IO mode=ap_ovld:ce=0
---------------- STG Properties END ------------------

---------------- Datapath Model BEGIN ----------------

<LifeTime>
<method=bitvector/>
myMacAddress_V_read (read                ) [ 0000000]
StgValue_9          (call                ) [ 0000000]
StgValue_12         (call                ) [ 0000000]
StgValue_13         (specdataflowpipeline) [ 0000000]
empty               (specchannel         ) [ 0000000]
StgValue_15         (specinterface       ) [ 0000000]
StgValue_16         (specbitsmap         ) [ 0000000]
StgValue_17         (specbitsmap         ) [ 0000000]
StgValue_18         (specbitsmap         ) [ 0000000]
StgValue_19         (specbitsmap         ) [ 0000000]
StgValue_20         (specbitsmap         ) [ 0000000]
StgValue_21         (specbitsmap         ) [ 0000000]
StgValue_22         (specbitsmap         ) [ 0000000]
StgValue_23         (specbitsmap         ) [ 0000000]
StgValue_24         (specbitsmap         ) [ 0000000]
StgValue_25         (spectopmodule       ) [ 0000000]
StgValue_26         (specinterface       ) [ 0000000]
StgValue_27         (specinterface       ) [ 0000000]
StgValue_28         (specinterface       ) [ 0000000]
StgValue_29         (specinterface       ) [ 0000000]
StgValue_30         (ret                 ) [ 0000000]
</LifeTime>

<model>

<comp_list>
<comp id="0" class="1000" name="dataIn_V_data_V">
<pin_list>
<pin id="1" dir="1" index="0" bw="1" slack="0"/>
</pin_list>
<bind>
<StgValue><ssdm name="dataIn_V_data_V"/></StgValue>
</bind>
</comp>

<comp id="2" class="1000" name="dataIn_V_keep_V">
<pin_list>
<pin id="3" dir="1" index="0" bw="1" slack="0"/>
</pin_list>
<bind>
<StgValue><ssdm name="dataIn_V_keep_V"/></StgValue>
</bind>
</comp>

<comp id="4" class="1000" name="dataIn_V_last_V">
<pin_list>
<pin id="5" dir="1" index="0" bw="1" slack="0"/>
</pin_list>
<bind>
<StgValue><ssdm name="dataIn_V_last_V"/></StgValue>
</bind>
</comp>

<comp id="6" class="1000" name="dataIn_V_user_V">
<pin_list>
<pin id="7" dir="1" index="0" bw="1" slack="0"/>
</pin_list>
<bind>
<StgValue><ssdm name="dataIn_V_user_V"/></StgValue>
</bind>
</comp>

<comp id="8" class="1000" name="IPdataOut_V_data_V">
<pin_list>
<pin id="9" dir="1" index="0" bw="1" slack="0"/>
</pin_list>
<bind>
<StgValue><ssdm name="IPdataOut_V_data_V"/></StgValue>
</bind>
</comp>

<comp id="10" class="1000" name="IPdataOut_V_keep_V">
<pin_list>
<pin id="11" dir="1" index="0" bw="1" slack="0"/>
</pin_list>
<bind>
<StgValue><ssdm name="IPdataOut_V_keep_V"/></StgValue>
</bind>
</comp>

<comp id="12" class="1000" name="IPdataOut_V_last_V">
<pin_list>
<pin id="13" dir="1" index="0" bw="1" slack="0"/>
</pin_list>
<bind>
<StgValue><ssdm name="IPdataOut_V_last_V"/></StgValue>
</bind>
</comp>

<comp id="14" class="1000" name="IPdataOut_V_user_V">
<pin_list>
<pin id="15" dir="1" index="0" bw="1" slack="0"/>
</pin_list>
<bind>
<StgValue><ssdm name="IPdataOut_V_user_V"/></StgValue>
</bind>
</comp>

<comp id="16" class="1000" name="myMacAddress_V">
<pin_list>
<pin id="17" dir="1" index="0" bw="1" slack="0"/>
</pin_list>
<bind>
<StgValue><ssdm name="myMacAddress_V"/></StgValue>
</bind>
</comp>

<comp id="18" class="1000" name="dmp_fsmState_V">
<pin_list>
<pin id="19" dir="1" index="0" bw="1" slack="0"/>
</pin_list>
<bind>
<StgValue><ssdm name="dmp_fsmState_V"/></StgValue>
</bind>
</comp>

<comp id="20" class="1000" name="dmp_macType_V">
<pin_list>
<pin id="21" dir="1" index="0" bw="1" slack="0"/>
</pin_list>
<bind>
<StgValue><ssdm name="dmp_macType_V"/></StgValue>
</bind>
</comp>

<comp id="22" class="1000" name="dmp_prevWord_data_V">
<pin_list>
<pin id="23" dir="1" index="0" bw="1" slack="0"/>
</pin_list>
<bind>
<StgValue><ssdm name="dmp_prevWord_data_V"/></StgValue>
</bind>
</comp>

<comp id="24" class="1000" name="dmp_prevWord_keep_V">
<pin_list>
<pin id="25" dir="1" index="0" bw="1" slack="0"/>
</pin_list>
<bind>
<StgValue><ssdm name="dmp_prevWord_keep_V"/></StgValue>
</bind>
</comp>

<comp id="26" class="1000" name="dmp_prevWord_last_V">
<pin_list>
<pin id="27" dir="1" index="0" bw="1" slack="0"/>
</pin_list>
<bind>
<StgValue><ssdm name="dmp_prevWord_last_V"/></StgValue>
</bind>
</comp>

<comp id="28" class="1000" name="dmp_prevWord_user_V">
<pin_list>
<pin id="29" dir="1" index="0" bw="1" slack="0"/>
</pin_list>
<bind>
<StgValue><ssdm name="dmp_prevWord_user_V"/></StgValue>
</bind>
</comp>

<comp id="30" class="1000" name="dmp_wordCount_V">
<pin_list>
<pin id="31" dir="1" index="0" bw="1" slack="0"/>
</pin_list>
<bind>
<StgValue><ssdm name="dmp_wordCount_V"/></StgValue>
</bind>
</comp>

<comp id="32" class="1000" name="ipDataFifo_V">
<pin_list>
<pin id="33" dir="1" index="0" bw="1" slack="0"/>
</pin_list>
<bind>
<StgValue><ssdm name="ipDataFifo_V"/></StgValue>
</bind>
</comp>

<comp id="34" class="1000" name="cics_wasLast">
<pin_list>
<pin id="35" dir="1" index="0" bw="1" slack="0"/>
</pin_list>
<bind>
<StgValue><ssdm name="cics_wasLast"/></StgValue>
</bind>
</comp>

<comp id="36" class="1000" name="dataLen_V">
<pin_list>
<pin id="37" dir="1" index="0" bw="1" slack="0"/>
</pin_list>
<bind>
<StgValue><ssdm name="dataLen_V"/></StgValue>
</bind>
</comp>

<comp id="38" class="1000" name="sentBytes_V">
<pin_list>
<pin id="39" dir="1" index="0" bw="1" slack="0"/>
</pin_list>
<bind>
<StgValue><ssdm name="sentBytes_V"/></StgValue>
</bind>
</comp>

<comp id="40" class="1000" name="cics_prevWord_data_V">
<pin_list>
<pin id="41" dir="1" index="0" bw="1" slack="0"/>
</pin_list>
<bind>
<StgValue><ssdm name="cics_prevWord_data_V"/></StgValue>
</bind>
</comp>

<comp id="42" class="1000" name="cics_prevWord_keep_V">
<pin_list>
<pin id="43" dir="1" index="0" bw="1" slack="0"/>
</pin_list>
<bind>
<StgValue><ssdm name="cics_prevWord_keep_V"/></StgValue>
</bind>
</comp>

<comp id="44" class="1000" name="cics_wordCount_V">
<pin_list>
<pin id="45" dir="1" index="0" bw="1" slack="0"/>
</pin_list>
<bind>
<StgValue><ssdm name="cics_wordCount_V"/></StgValue>
</bind>
</comp>

<comp id="46" class="1000" name="destMacAddress_V">
<pin_list>
<pin id="47" dir="1" index="0" bw="1" slack="0"/>
</pin_list>
<bind>
<StgValue><ssdm name="destMacAddress_V"/></StgValue>
</bind>
</comp>

<comp id="48" class="1000" name="srcMacAddress_V">
<pin_list>
<pin id="49" dir="1" index="0" bw="1" slack="0"/>
</pin_list>
<bind>
<StgValue><ssdm name="srcMacAddress_V"/></StgValue>
</bind>
</comp>

<comp id="50" class="1001" name="const_50">
<pin_list>
<pin id="51" dir="1" index="0" bw="1" slack="0"/>
</pin_list>
<bind>
<StgValue><ssdm name="_ssdm_op_Read.ap_stable.i48"/></StgValue>
</bind>
</comp>

<comp id="52" class="1001" name="const_52">
<pin_list>
<pin id="53" dir="1" index="0" bw="1" slack="0"/>
</pin_list>
<bind>
<StgValue><ssdm name="detect_mac_protocol"/></StgValue>
</bind>
</comp>

<comp id="54" class="1001" name="const_54">
<pin_list>
<pin id="55" dir="1" index="0" bw="1" slack="0"/>
</pin_list>
<bind>
<StgValue><ssdm name="strip_mac_header"/></StgValue>
</bind>
</comp>

<comp id="56" class="1001" name="const_56">
<pin_list>
<pin id="57" dir="1" index="0" bw="1" slack="2147483647"/>
</pin_list>
<bind>
<StgValue><ssdm name="_ssdm_op_SpecDataflowPipeline"/></StgValue>
</bind>
</comp>

<comp id="58" class="1001" name="const_58">
<pin_list>
<pin id="59" dir="1" index="0" bw="1" slack="2147483647"/>
</pin_list>
<bind>
<StgValue><ssdm name=""/></StgValue>
</bind>
</comp>

<comp id="60" class="1001" name="const_60">
<pin_list>
<pin id="61" dir="1" index="0" bw="1" slack="2147483647"/>
</pin_list>
<bind>
<StgValue><ssdm name=""/></StgValue>
</bind>
</comp>

<comp id="62" class="1001" name="const_62">
<pin_list>
<pin id="63" dir="1" index="0" bw="1" slack="2147483647"/>
</pin_list>
<bind>
<StgValue><ssdm name="p_str"/></StgValue>
</bind>
</comp>

<comp id="64" class="1001" name="const_64">
<pin_list>
<pin id="65" dir="1" index="0" bw="1" slack="2147483647"/>
</pin_list>
<bind>
<StgValue><ssdm name="_ssdm_op_SpecChannel"/></StgValue>
</bind>
</comp>

<comp id="66" class="1001" name="const_66">
<pin_list>
<pin id="67" dir="1" index="0" bw="1" slack="2147483647"/>
</pin_list>
<bind>
<StgValue><ssdm name="ipDataFifo_OC_V_str"/></StgValue>
</bind>
</comp>

<comp id="68" class="1001" name="const_68">
<pin_list>
<pin id="69" dir="1" index="0" bw="1" slack="2147483647"/>
</pin_list>
<bind>
<StgValue><ssdm name=""/></StgValue>
</bind>
</comp>

<comp id="70" class="1001" name="const_70">
<pin_list>
<pin id="71" dir="1" index="0" bw="1" slack="2147483647"/>
</pin_list>
<bind>
<StgValue><ssdm name=""/></StgValue>
</bind>
</comp>

<comp id="72" class="1001" name="const_72">
<pin_list>
<pin id="73" dir="1" index="0" bw="1" slack="2147483647"/>
</pin_list>
<bind>
<StgValue><ssdm name="_ssdm_op_SpecInterface"/></StgValue>
</bind>
</comp>

<comp id="74" class="1001" name="const_74">
<pin_list>
<pin id="75" dir="1" index="0" bw="1" slack="2147483647"/>
</pin_list>
<bind>
<StgValue><ssdm name="ap_fifo_str"/></StgValue>
</bind>
</comp>

<comp id="76" class="1001" name="const_76">
<pin_list>
<pin id="77" dir="1" index="0" bw="1" slack="2147483647"/>
</pin_list>
<bind>
<StgValue><ssdm name=""/></StgValue>
</bind>
</comp>

<comp id="78" class="1001" name="const_78">
<pin_list>
<pin id="79" dir="1" index="0" bw="1" slack="2147483647"/>
</pin_list>
<bind>
<StgValue><ssdm name=""/></StgValue>
</bind>
</comp>

<comp id="80" class="1001" name="const_80">
<pin_list>
<pin id="81" dir="1" index="0" bw="1" slack="2147483647"/>
</pin_list>
<bind>
<StgValue><ssdm name="_ssdm_op_SpecBitsMap"/></StgValue>
</bind>
</comp>

<comp id="82" class="1001" name="const_82">
<pin_list>
<pin id="83" dir="1" index="0" bw="1" slack="2147483647"/>
</pin_list>
<bind>
<StgValue><ssdm name="_ssdm_op_SpecTopModule"/></StgValue>
</bind>
</comp>

<comp id="84" class="1001" name="const_84">
<pin_list>
<pin id="85" dir="1" index="0" bw="1" slack="2147483647"/>
</pin_list>
<bind>
<StgValue><ssdm name="mac_header_strip_str"/></StgValue>
</bind>
</comp>

<comp id="86" class="1001" name="const_86">
<pin_list>
<pin id="87" dir="1" index="0" bw="1" slack="2147483647"/>
</pin_list>
<bind>
<StgValue><ssdm name="p_str1"/></StgValue>
</bind>
</comp>

<comp id="88" class="1001" name="const_88">
<pin_list>
<pin id="89" dir="1" index="0" bw="1" slack="2147483647"/>
</pin_list>
<bind>
<StgValue><ssdm name="p_str2"/></StgValue>
</bind>
</comp>

<comp id="90" class="1001" name="const_90">
<pin_list>
<pin id="91" dir="1" index="0" bw="1" slack="2147483647"/>
</pin_list>
<bind>
<StgValue><ssdm name="p_str3"/></StgValue>
</bind>
</comp>

<comp id="92" class="1001" name="const_92">
<pin_list>
<pin id="93" dir="1" index="0" bw="1" slack="2147483647"/>
</pin_list>
<bind>
<StgValue><ssdm name="p_str4"/></StgValue>
</bind>
</comp>

<comp id="94" class="1004" name="myMacAddress_V_read_read_fu_94">
<pin_list>
<pin id="95" dir="0" index="0" bw="48" slack="0"/>
<pin id="96" dir="0" index="1" bw="48" slack="0"/>
<pin id="97" dir="1" index="2" bw="48" slack="0"/>
</pin_list>
<bind>
<opcode="read(1150) " fcode="read"/>
<opset="myMacAddress_V_read/1 "/>
</bind>
</comp>

<comp id="100" class="1004" name="grp_strip_mac_header_fu_100">
<pin_list>
<pin id="101" dir="0" index="0" bw="0" slack="0"/>
<pin id="102" dir="0" index="1" bw="64" slack="0"/>
<pin id="103" dir="0" index="2" bw="8" slack="0"/>
<pin id="104" dir="0" index="3" bw="1" slack="0"/>
<pin id="105" dir="0" index="4" bw="112" slack="0"/>
<pin id="106" dir="0" index="5" bw="185" slack="0"/>
<pin id="107" dir="0" index="6" bw="1" slack="0"/>
<pin id="108" dir="0" index="7" bw="8" slack="0"/>
<pin id="109" dir="0" index="8" bw="8" slack="0"/>
<pin id="110" dir="0" index="9" bw="64" slack="0"/>
<pin id="111" dir="0" index="10" bw="8" slack="0"/>
<pin id="112" dir="0" index="11" bw="3" slack="0"/>
<pin id="113" dir="0" index="12" bw="48" slack="0"/>
<pin id="114" dir="0" index="13" bw="48" slack="0"/>
<pin id="115" dir="1" index="14" bw="0" slack="2147483647"/>
</pin_list>
<bind>
<opcode="call(48) " fcode="call"/>
<opset="StgValue_10/3 "/>
</bind>
</comp>

<comp id="130" class="1004" name="grp_detect_mac_protocol_fu_130">
<pin_list>
<pin id="131" dir="0" index="0" bw="0" slack="0"/>
<pin id="132" dir="0" index="1" bw="64" slack="0"/>
<pin id="133" dir="0" index="2" bw="8" slack="0"/>
<pin id="134" dir="0" index="3" bw="1" slack="0"/>
<pin id="135" dir="0" index="4" bw="112" slack="0"/>
<pin id="136" dir="0" index="5" bw="48" slack="0"/>
<pin id="137" dir="0" index="6" bw="1" slack="0"/>
<pin id="138" dir="0" index="7" bw="16" slack="0"/>
<pin id="139" dir="0" index="8" bw="64" slack="0"/>
<pin id="140" dir="0" index="9" bw="8" slack="0"/>
<pin id="141" dir="0" index="10" bw="1" slack="0"/>
<pin id="142" dir="0" index="11" bw="112" slack="0"/>
<pin id="143" dir="0" index="12" bw="2" slack="0"/>
<pin id="144" dir="0" index="13" bw="185" slack="0"/>
<pin id="145" dir="1" index="14" bw="0" slack="2147483647"/>
</pin_list>
<bind>
<opcode="call(48) " fcode="call"/>
<opset="StgValue_8/1 "/>
</bind>
</comp>

</comp_list>

<net_list>
<net id="98"><net_src comp="50" pin="0"/><net_sink comp="94" pin=0"/></net>

<net id="99"><net_src comp="16" pin="0"/><net_sink comp="94" pin=1"/></net>

<net id="116"><net_src comp="54" pin="0"/><net_sink comp="100" pin=0"/></net>

<net id="117"><net_src comp="8" pin="0"/><net_sink comp="100" pin=1"/></net>

<net id="118"><net_src comp="10" pin="0"/><net_sink comp="100" pin=2"/></net>

<net id="119"><net_src comp="12" pin="0"/><net_sink comp="100" pin=3"/></net>

<net id="120"><net_src comp="14" pin="0"/><net_sink comp="100" pin=4"/></net>

<net id="121"><net_src comp="32" pin="0"/><net_sink comp="100" pin=5"/></net>

<net id="122"><net_src comp="34" pin="0"/><net_sink comp="100" pin=6"/></net>

<net id="123"><net_src comp="36" pin="0"/><net_sink comp="100" pin=7"/></net>

<net id="124"><net_src comp="38" pin="0"/><net_sink comp="100" pin=8"/></net>

<net id="125"><net_src comp="40" pin="0"/><net_sink comp="100" pin=9"/></net>

<net id="126"><net_src comp="42" pin="0"/><net_sink comp="100" pin=10"/></net>

<net id="127"><net_src comp="44" pin="0"/><net_sink comp="100" pin=11"/></net>

<net id="128"><net_src comp="46" pin="0"/><net_sink comp="100" pin=12"/></net>

<net id="129"><net_src comp="48" pin="0"/><net_sink comp="100" pin=13"/></net>

<net id="146"><net_src comp="52" pin="0"/><net_sink comp="130" pin=0"/></net>

<net id="147"><net_src comp="0" pin="0"/><net_sink comp="130" pin=1"/></net>

<net id="148"><net_src comp="2" pin="0"/><net_sink comp="130" pin=2"/></net>

<net id="149"><net_src comp="4" pin="0"/><net_sink comp="130" pin=3"/></net>

<net id="150"><net_src comp="6" pin="0"/><net_sink comp="130" pin=4"/></net>

<net id="151"><net_src comp="94" pin="2"/><net_sink comp="130" pin=5"/></net>

<net id="152"><net_src comp="18" pin="0"/><net_sink comp="130" pin=6"/></net>

<net id="153"><net_src comp="20" pin="0"/><net_sink comp="130" pin=7"/></net>

<net id="154"><net_src comp="22" pin="0"/><net_sink comp="130" pin=8"/></net>

<net id="155"><net_src comp="24" pin="0"/><net_sink comp="130" pin=9"/></net>

<net id="156"><net_src comp="26" pin="0"/><net_sink comp="130" pin=10"/></net>

<net id="157"><net_src comp="28" pin="0"/><net_sink comp="130" pin=11"/></net>

<net id="158"><net_src comp="30" pin="0"/><net_sink comp="130" pin=12"/></net>

<net id="159"><net_src comp="32" pin="0"/><net_sink comp="130" pin=13"/></net>

</net_list>

</model> 
---------------- Datapath Model END ------------------

* FSMD analyzer results:
  - Output states:
	Port: IPdataOut_V_data_V | {5 }
	Port: IPdataOut_V_keep_V | {5 }
	Port: IPdataOut_V_last_V | {5 }
	Port: IPdataOut_V_user_V | {5 }
	Port: dmp_fsmState_V | {1 }
	Port: dmp_macType_V | {1 }
	Port: dmp_prevWord_data_V | {1 }
	Port: dmp_prevWord_keep_V | {2 }
	Port: dmp_prevWord_last_V | {2 }
	Port: dmp_prevWord_user_V | {2 }
	Port: dmp_wordCount_V | {1 }
	Port: ipDataFifo_V | {2 }
	Port: cics_wasLast | {3 }
	Port: dataLen_V | {3 }
	Port: sentBytes_V | {3 }
	Port: cics_prevWord_data_V | {4 }
	Port: cics_prevWord_keep_V | {3 }
	Port: cics_wordCount_V | {3 }
	Port: destMacAddress_V | {3 }
	Port: srcMacAddress_V | {3 }
 - Input state : 
	Port: mac_header_strip : dataIn_V_data_V | {1 }
	Port: mac_header_strip : dataIn_V_keep_V | {1 }
	Port: mac_header_strip : dataIn_V_last_V | {1 }
	Port: mac_header_strip : dataIn_V_user_V | {1 }
	Port: mac_header_strip : myMacAddress_V | {1 }
	Port: mac_header_strip : dmp_fsmState_V | {1 }
	Port: mac_header_strip : dmp_macType_V | {1 }
	Port: mac_header_strip : dmp_prevWord_data_V | {1 }
	Port: mac_header_strip : dmp_prevWord_keep_V | {2 }
	Port: mac_header_strip : dmp_prevWord_last_V | {2 }
	Port: mac_header_strip : dmp_prevWord_user_V | {2 }
	Port: mac_header_strip : dmp_wordCount_V | {1 }
	Port: mac_header_strip : ipDataFifo_V | {3 }
	Port: mac_header_strip : cics_wasLast | {3 }
	Port: mac_header_strip : dataLen_V | {3 }
	Port: mac_header_strip : sentBytes_V | {3 }
	Port: mac_header_strip : cics_prevWord_data_V | {4 }
	Port: mac_header_strip : cics_prevWord_keep_V | {3 }
	Port: mac_header_strip : cics_wordCount_V | {3 }
	Port: mac_header_strip : destMacAddress_V | {3 }
	Port: mac_header_strip : srcMacAddress_V | {3 }
  - Chain level:
	State 1
	State 2
	State 3
	State 4
	State 5
	State 6


============================================================
+ Verbose Summary: Datapath Resource usage 
============================================================

* Functional unit list:
|----------|--------------------------------|---------|---------|---------|
| Operation|         Functional Unit        |  Delay  |    FF   |   LUT   |
|----------|--------------------------------|---------|---------|---------|
|   call   |   grp_strip_mac_header_fu_100  |  4.5023 |   1205  |   837   |
|          | grp_detect_mac_protocol_fu_130 |  0.835  |   213   |   121   |
|----------|--------------------------------|---------|---------|---------|
|   read   | myMacAddress_V_read_read_fu_94 |    0    |    0    |    0    |
|----------|--------------------------------|---------|---------|---------|
|   Total  |                                |  5.3373 |   1418  |   958   |
|----------|--------------------------------|---------|---------|---------|

Memories:
N/A

* Register list:
N/A

* Multiplexer (MUX) list: 
|--------|------|------|------|--------|
|  Comp  |  Pin | Size |  BW  | S x BW |
|--------|------|------|------|--------|
|  Total |      |      |      |    0   |
|--------|------|------|------|--------|



* Summary:
+-----------+--------+--------+--------+
|           |  Delay |   FF   |   LUT  |
+-----------+--------+--------+--------+
|  Function |    5   |  1418  |   958  |
|   Memory  |    -   |    -   |    -   |
|Multiplexer|    -   |    -   |    -   |
|  Register |    -   |    -   |    -   |
+-----------+--------+--------+--------+
|   Total   |    5   |  1418  |   958  |
+-----------+--------+--------+--------+
