INFO-FLOW: Workspace /home/sameh/Dropbox/UofT/Research/Work/Designs/debugging/memcached/hls/flashModel_prj/solution1 opened at Wed Oct 14 13:18:47 EDT 2020
Execute     set_part xcku040-ffva1156-2-e 
Execute       add_library xilinx/kintexu/kintexu:xcku040:-ffva1156:-2-e 
Execute         get_default_platform 
Execute         license_isbetapart xcku040 
Command         license_isbetapart done; error code: 1; 
Execute         open_platform DefaultPlatform 
Execute         import_lib /home/sameh/Xilinx/Vivado/2018.3/common/technology/xilinx/kintexu/kintexu 
Execute           source /home/sameh/Xilinx/Vivado/2018.3/common/technology/xilinx/common/xilinx.lib 
Execute             source /home/sameh/Xilinx/Vivado/2018.3/common/technology/xilinx/interface/xilinx_interface.lib 
Execute               source /home/sameh/Xilinx/Vivado/2018.3/common/technology/xilinx/interface/plb46.lib 
Execute               source /home/sameh/Xilinx/Vivado/2018.3/common/technology/xilinx/interface/fsl.lib 
Execute               source /home/sameh/Xilinx/Vivado/2018.3/common/technology/xilinx/interface/axi4.lib 
Execute               source /home/sameh/Xilinx/Vivado/2018.3/common/technology/xilinx/interface/maxi.lib 
Execute               source /home/sameh/Xilinx/Vivado/2018.3/common/technology/xilinx/interface/saxilite.lib 
Execute             source /home/sameh/Xilinx/Vivado/2018.3/common/technology/xilinx/common/dsp48.lib 
Execute             source /home/sameh/Xilinx/Vivado/2018.3/common/technology/xilinx/ip/dds_compiler.lib 
Execute             source /home/sameh/Xilinx/Vivado/2018.3/common/technology/xilinx/ip/xfft.lib 
Execute             source /home/sameh/Xilinx/Vivado/2018.3/common/technology/xilinx/ip/xfir.lib 
Execute           source /home/sameh/Xilinx/Vivado/2018.3/common/technology/xilinx/common/xilinx_old.lib 
Execute           source /home/sameh/Xilinx/Vivado/2018.3/common/technology/xilinx/common/xilinx_vivado.lib 
Execute           source /home/sameh/Xilinx/Vivado/2018.3/common/technology/xilinx/common/xilinx.hlp 
Execute             source /home/sameh/Xilinx/Vivado/2018.3/common/technology/xilinx/common/target_info.tcl 
Execute             source /home/sameh/Xilinx/Vivado/2018.3/common/technology/xilinx/interface/xilinx_interface.hlp 
Execute               source /home/sameh/Xilinx/Vivado/2018.3/common/technology/xilinx/interface/maxi.hlp 
Execute               source /home/sameh/Xilinx/Vivado/2018.3/common/technology/xilinx/interface/saxilite.hlp 
Execute             source /home/sameh/Xilinx/Vivado/2018.3/common/technology/xilinx/common/dsp48.hlp 
Execute           source /home/sameh/Xilinx/Vivado/2018.3/common/technology/xilinx/kintexu/dsp48e2.hlp 
Execute           get_default_platform 
Execute           config_chip_info -quiet -resource  {SLICE 30300} {LUT 242400}    {FF 484800} {DSP48E 1920}   {BRAM 1200}  
Execute           config_chip_info -quiet -speed medium 
Execute           source /home/sameh/Xilinx/Vivado/2018.3/common/technology/xilinx/common/xilinx.hlp 
Execute             source /home/sameh/Xilinx/Vivado/2018.3/common/technology/xilinx/common/target_info.tcl 
Execute             source /home/sameh/Xilinx/Vivado/2018.3/common/technology/xilinx/interface/xilinx_interface.hlp 
Execute               source /home/sameh/Xilinx/Vivado/2018.3/common/technology/xilinx/interface/maxi.hlp 
Execute               source /home/sameh/Xilinx/Vivado/2018.3/common/technology/xilinx/interface/saxilite.hlp 
Execute             source /home/sameh/Xilinx/Vivado/2018.3/common/technology/xilinx/common/dsp48.hlp 
Execute         source /home/sameh/Xilinx/Vivado/2018.3/common/technology/xilinx/kintexu/kintexu.gen 
Execute           source /home/sameh/Xilinx/Vivado/2018.3/common/technology/xilinx/common/virtex.gen 
Execute             source /home/sameh/Xilinx/Vivado/2018.3/common/technology/xilinx/common/xilinx.gen 
Execute               source /home/sameh/Xilinx/Vivado/2018.3/common/technology/xilinx/interface/plb46.gen 
Execute               source /home/sameh/Xilinx/Vivado/2018.3/common/technology/xilinx/interface/fsl.gen 
Execute               source /home/sameh/Xilinx/Vivado/2018.3/common/technology/xilinx/interface/axi4.gen 
Execute               source /home/sameh/Xilinx/Vivado/2018.3/common/technology/xilinx/interface/nativeAXI4.gen 
Execute                 source /home/sameh/Xilinx/Vivado/2018.3/common/technology/xilinx/interface/saxilite.gen 
Execute                 source /home/sameh/Xilinx/Vivado/2018.3/common/technology/xilinx/interface/maxi.gen 
Execute               source /home/sameh/Xilinx/Vivado/2018.3/common/technology/xilinx/scripts/xilinxcoregen.gen 
Execute               source /home/sameh/Xilinx/Vivado/2018.3/common/technology/xilinx/interface/XilEDKCoreGen.gen 
Execute               source /home/sameh/Xilinx/Vivado/2018.3/common/technology/xilinx/ip/dds_compiler.gen 
Execute               source /home/sameh/Xilinx/Vivado/2018.3/common/technology/xilinx/ip/util.gen 
Execute               source /home/sameh/Xilinx/Vivado/2018.3/common/technology/xilinx/ip/xfft.gen 
Execute               source /home/sameh/Xilinx/Vivado/2018.3/common/technology/xilinx/ip/xfir.gen 
Execute             source /home/sameh/Xilinx/Vivado/2018.3/common/technology/xilinx/common/dsp48.gen 
Execute         get_default_platform 
Execute         config_chip_info -quiet -resource  {SLICE 30300} {LUT 242400}    {FF 484800} {DSP48E 1920}   {BRAM 1200}  
Execute         config_chip_info -quiet -speed medium 
Command       add_library done; 0.11 sec.
Execute       add_library xilinx/kintexu/kintexu_fpv7 
Execute         get_default_platform 
Execute         open_platform DefaultPlatform 
Execute         import_lib /home/sameh/Xilinx/Vivado/2018.3/common/technology/xilinx/kintexu/kintexu_fpv7 
Execute           source /home/sameh/Xilinx/Vivado/2018.3/common/technology/xilinx/common/xilinx_fpv7.lib 
Execute             source /home/sameh/Xilinx/Vivado/2018.3/common/technology/xilinx/common/xilinx_hp.lib 
Execute           source /home/sameh/Xilinx/Vivado/2018.3/common/technology/xilinx/common/xilinx_fpv.hlp 
Execute             source /home/sameh/Xilinx/Vivado/2018.3/common/technology/xilinx/common/xilinx.hlp 
Execute               source /home/sameh/Xilinx/Vivado/2018.3/common/technology/xilinx/common/target_info.tcl 
Execute               source /home/sameh/Xilinx/Vivado/2018.3/common/technology/xilinx/interface/xilinx_interface.hlp 
Execute                 source /home/sameh/Xilinx/Vivado/2018.3/common/technology/xilinx/interface/maxi.hlp 
Execute                 source /home/sameh/Xilinx/Vivado/2018.3/common/technology/xilinx/interface/saxilite.hlp 
Execute               source /home/sameh/Xilinx/Vivado/2018.3/common/technology/xilinx/common/dsp48.hlp 
Execute           source /home/sameh/Xilinx/Vivado/2018.3/common/technology/xilinx/kintexu/kintexu_hp.hlp 
Execute         source /home/sameh/Xilinx/Vivado/2018.3/common/technology/xilinx/kintexu/kintexu_fpv7.gen 
Execute           source /home/sameh/Xilinx/Vivado/2018.3/common/technology/xilinx/common/xilinx_fpv6.gen 
INFO: [HLS 200-10] Setting target device to 'xcku040-ffva1156-2-e'
Execute       get_default_platform 
Command     set_part done; 0.16 sec.
Execute     create_clock -period 6.4 -name default 
Execute       config_clock -quiet -name default -period 6.4 -default=false 
INFO: [SYN 201-201] Setting up clock 'default' with a period of 6.4ns.
Execute     csynth_design 
Execute       get_config_compile -effort 
Execute       get_config_compile -enable_clang39 
Execute       get_config_compile -g 
Execute       get_config_compile -lm 
Execute       get_config_compile -ng 
Execute       get_config_compile -opt_fp 
Execute       get_config_compile -skip_cdt 
Execute       get_config_compile -skip_syncheck 
Execute       get_config_compile -skip_transform 
Execute       config_compile -blackbox  
Execute       get_config_compile -keep_printf 
Execute       elaborate -effort=medium -skip_syncheck=0 -keep_printf=0 -lm=0 -skip_cdt=0 -skip_transform=0 -ng=0 -g=0 -opt_fp=0 -from_csynth_design=1 
Execute         get_config_schedule -relax_ii_for_timing 
INFO: [SCHED 204-61] Option 'relax_ii_for_timing' is enabled, will increase II to preserve clock frequency constraints.
Execute         get_config_schedule -suppress_dependence_error_break 
INFO: [HLS 200-10] Analyzing design file 'src/otherModules/flashModel/flashModel.cpp' ... 
INFO-FLOW: Compiling one TU...
Execute         is_m_axi_addr64 
INFO-FLOW: Handling src/otherModules/flashModel/flashModel.cpp as C++
Execute         get_default_platform 
Execute         is_encrypted src/otherModules/flashModel/flashModel.cpp 
Execute         get_default_platform 
INFO-FLOW: Running: GCC PP
INFO-FLOW: Source preprocessing
Execute         clang  -fno-limit-debug-info -gcc-toolchain "/home/sameh/Xilinx/Vivado/2018.3/lnx64/tools/gcc" -hls  -fno-exceptions  -D__llvm__  -E "src/otherModules/flashModel/flashModel.cpp"     -fno-math-errno -c -emit-llvm -O0  -mllvm -disable-llvm-optzns -fno-threadsafe-statics  -fno-use-cxa-atexit  -fno-threadsafe-statics -fno-use-cxa-atexit -D__CLANG_3_1__ -DAESL_SYN -D__SYNTHESIS__ -D__HLS_SYN__ -I "/home/sameh/Xilinx/Vivado/2018.3/common/technology/autopilot" -I "/home/sameh/Xilinx/Vivado/2018.3/common/technology/autopilot/ap_sysc" -include etc/autopilot_ssdm_op.h -D__DSP48E2__  -o "/home/sameh/Dropbox/UofT/Research/Work/Designs/debugging/memcached/hls/flashModel_prj/solution1/.autopilot/db/flashModel.pp.0.cpp" 
INFO-FLOW: exec /home/sameh/Xilinx/Vivado/2018.3/lnx64/tools/clang/bin/clang -fno-limit-debug-info -gcc-toolchain /home/sameh/Xilinx/Vivado/2018.3/lnx64/tools/gcc -hls -fno-exceptions -D__llvm__ -E src/otherModules/flashModel/flashModel.cpp -fno-math-errno -c -emit-llvm -O0 -mllvm -disable-llvm-optzns -fno-threadsafe-statics -fno-use-cxa-atexit -fno-threadsafe-statics -fno-use-cxa-atexit -D__CLANG_3_1__ -DAESL_SYN -D__SYNTHESIS__ -D__HLS_SYN__ -I /home/sameh/Xilinx/Vivado/2018.3/common/technology/autopilot -I /home/sameh/Xilinx/Vivado/2018.3/common/technology/autopilot/ap_sysc -include etc/autopilot_ssdm_op.h -D__DSP48E2__ -o /home/sameh/Dropbox/UofT/Research/Work/Designs/debugging/memcached/hls/flashModel_prj/solution1/.autopilot/db/flashModel.pp.0.cpp
Command         clang done; 1.29 sec.
Execute         tidy_31 xilinx-xfmat-array-geometry /home/sameh/Dropbox/UofT/Research/Work/Designs/debugging/memcached/hls/flashModel_prj/solution1/.autopilot/db/flashModel.pp.0.cpp std=gnu++98 
INFO-FLOW: exec /home/sameh/Xilinx/Vivado/2018.3/lnx64/tools/clang-3.9-csynth/bin/tidy-3.1 -header-filter=.* -checks=-*,xilinx-xfmat-array-geometry -quiet -fix /home/sameh/Dropbox/UofT/Research/Work/Designs/debugging/memcached/hls/flashModel_prj/solution1/.autopilot/db/flashModel.pp.0.cpp -- -std=gnu++98 -fhls -ferror-limit=0
Command         tidy_31 done; 0.71 sec.
INFO-FLOW: Syntax Checking before pre-processing...
Execute         clang -syntaxcheck -src /home/sameh/Dropbox/UofT/Research/Work/Designs/debugging/memcached/hls/flashModel_prj/solution1/.autopilot/db/flashModel.pp.0.cpp  -fno-limit-debug-info -gcc-toolchain "/home/sameh/Xilinx/Vivado/2018.3/lnx64/tools/gcc" -hls    -fno-math-errno -c -emit-llvm -O0  -mllvm -disable-llvm-optzns -fno-threadsafe-statics  -fno-use-cxa-atexit  -fno-threadsafe-statics -fno-use-cxa-atexit -D__CLANG_3_1__ -DAESL_SYN -D__SYNTHESIS__ -D__HLS_SYN__ -I "/home/sameh/Xilinx/Vivado/2018.3/common/technology/autopilot" -I "/home/sameh/Xilinx/Vivado/2018.3/common/technology/autopilot/ap_sysc" -include etc/autopilot_ssdm_op.h -D__DSP48E2__  "/home/sameh/Dropbox/UofT/Research/Work/Designs/debugging/memcached/hls/flashModel_prj/solution1/.autopilot/db/flashModel.pp.0.cpp"  -o "/home/sameh/Dropbox/UofT/Research/Work/Designs/debugging/memcached/hls/flashModel_prj/solution1/.autopilot/db/useless.bc"  
INFO-FLOW: exec /home/sameh/Xilinx/Vivado/2018.3/lnx64/tools/clang/bin/clang -fno-limit-debug-info -gcc-toolchain /home/sameh/Xilinx/Vivado/2018.3/lnx64/tools/gcc -hls -fno-math-errno -c -emit-llvm -O0 -mllvm -disable-llvm-optzns -fno-threadsafe-statics -fno-use-cxa-atexit -fno-threadsafe-statics -fno-use-cxa-atexit -D__CLANG_3_1__ -DAESL_SYN -D__SYNTHESIS__ -D__HLS_SYN__ -I /home/sameh/Xilinx/Vivado/2018.3/common/technology/autopilot -I /home/sameh/Xilinx/Vivado/2018.3/common/technology/autopilot/ap_sysc -include etc/autopilot_ssdm_op.h -D__DSP48E2__ /home/sameh/Dropbox/UofT/Research/Work/Designs/debugging/memcached/hls/flashModel_prj/solution1/.autopilot/db/flashModel.pp.0.cpp -o /home/sameh/Dropbox/UofT/Research/Work/Designs/debugging/memcached/hls/flashModel_prj/solution1/.autopilot/db/useless.bc
Command         clang done; 1.67 sec.
INFO-FLOW: Done: GCC PP time: 3.7 seconds per iteration
Execute         list_core -type functional_unit 
Execute         tidy_31 xilinx-systemc-detector /home/sameh/Dropbox/UofT/Research/Work/Designs/debugging/memcached/hls/flashModel_prj/solution1/.autopilot/db/flashModel.pp.0.cpp std=gnu++98 -directive=/home/sameh/Dropbox/UofT/Research/Work/Designs/debugging/memcached/hls/flashModel_prj/solution1/.autopilot/db/.systemc_flag 
INFO-FLOW: exec /home/sameh/Xilinx/Vivado/2018.3/lnx64/tools/clang-3.9-csynth/bin/tidy-3.1 -header-filter=.* -checks=-*,xilinx-systemc-detector -import-directive=/home/sameh/Dropbox/UofT/Research/Work/Designs/debugging/memcached/hls/flashModel_prj/solution1/.autopilot/db/.systemc_flag -quiet -fix-errors /home/sameh/Dropbox/UofT/Research/Work/Designs/debugging/memcached/hls/flashModel_prj/solution1/.autopilot/db/flashModel.pp.0.cpp -- -std=gnu++98 -fhls -ferror-limit=0
Command         tidy_31 done; 0.63 sec.
INFO-FLOW: Running: tidy-3.1 CDT preprocess
Execute         tidy_31 xilinx-directive2pragma /home/sameh/Dropbox/UofT/Research/Work/Designs/debugging/memcached/hls/flashModel_prj/solution1/.autopilot/db/flashModel.pp.0.cpp std=gnu++98 -directive=/home/sameh/Dropbox/UofT/Research/Work/Designs/debugging/memcached/hls/flashModel_prj/solution1/.autopilot/db/all.directive.json 
INFO-FLOW: exec /home/sameh/Xilinx/Vivado/2018.3/lnx64/tools/clang-3.9-csynth/bin/tidy-3.1 -header-filter=.* -checks=-*,xilinx-directive2pragma -import-directive=/home/sameh/Dropbox/UofT/Research/Work/Designs/debugging/memcached/hls/flashModel_prj/solution1/.autopilot/db/all.directive.json -quiet -fix-errors /home/sameh/Dropbox/UofT/Research/Work/Designs/debugging/memcached/hls/flashModel_prj/solution1/.autopilot/db/flashModel.pp.0.cpp -- -std=gnu++98 -fhls -ferror-limit=0
Command         tidy_31 done; 0.63 sec.
Execute         get_config_dataflow -strict_mode 
Execute         ap_eval exec -ignorestderr /home/sameh/Xilinx/Vivado/2018.3/lnx64/tools/clang-3.9-csynth/bin/xilinx-dataflow-lawyer -export-fixes=/home/sameh/Dropbox/UofT/Research/Work/Designs/debugging/memcached/hls/flashModel_prj/solution1/.autopilot/db/xilinx-dataflow-lawyer.flashModel.pp.0.cpp.diag.yml /home/sameh/Dropbox/UofT/Research/Work/Designs/debugging/memcached/hls/flashModel_prj/solution1/.autopilot/db/flashModel.pp.0.cpp -- -std=gnu++98 -fhls -ferror-limit=0 -fstrict-dataflow > /home/sameh/Dropbox/UofT/Research/Work/Designs/debugging/memcached/hls/flashModel_prj/solution1/.autopilot/db/xilinx-dataflow-lawyer.flashModel.pp.0.cpp.out.log 2> /home/sameh/Dropbox/UofT/Research/Work/Designs/debugging/memcached/hls/flashModel_prj/solution1/.autopilot/db/xilinx-dataflow-lawyer.flashModel.pp.0.cpp.err.log 
Command         ap_eval done; 0.61 sec.
Execute         tidy_31 -errorcheck xilinx-constantarray-param,xilinx-resource-pragma-transformer,xilinx-xfmat-array-geometry /home/sameh/Dropbox/UofT/Research/Work/Designs/debugging/memcached/hls/flashModel_prj/solution1/.autopilot/db/flashModel.pp.0.cpp std=gnu++98 
Execute           ap_eval exec -ignorestderr /home/sameh/Xilinx/Vivado/2018.3/lnx64/tools/clang-3.9-csynth/bin/tidy-3.1 -export-fixes=/home/sameh/Dropbox/UofT/Research/Work/Designs/debugging/memcached/hls/flashModel_prj/solution1/.autopilot/db/tidy-3.1.flashModel.pp.0.cpp.diag.yml -header-filter=.* -checks=-*,xilinx-constantarray-param,xilinx-resource-pragma-transformer,xilinx-xfmat-array-geometry -quiet -fix-errors /home/sameh/Dropbox/UofT/Research/Work/Designs/debugging/memcached/hls/flashModel_prj/solution1/.autopilot/db/flashModel.pp.0.cpp -- -std=gnu++98 -fhls -ferror-limit=0 > /home/sameh/Dropbox/UofT/Research/Work/Designs/debugging/memcached/hls/flashModel_prj/solution1/.autopilot/db/tidy-3.1.flashModel.pp.0.cpp.out.log 2> /home/sameh/Dropbox/UofT/Research/Work/Designs/debugging/memcached/hls/flashModel_prj/solution1/.autopilot/db/tidy-3.1.flashModel.pp.0.cpp.err.log 
Command           ap_eval done; 0.77 sec.
Execute           ap_eval exec -ignorestderr /home/sameh/Xilinx/Vivado/2018.3/lnx64/tools/clang-3.9-csynth/bin/xilinx-legacy-rewriter /home/sameh/Dropbox/UofT/Research/Work/Designs/debugging/memcached/hls/flashModel_prj/solution1/.autopilot/db/flashModel.pp.0.cpp -- -std=gnu++98 -fhls -ferror-limit=0 > /home/sameh/Dropbox/UofT/Research/Work/Designs/debugging/memcached/hls/flashModel_prj/solution1/.autopilot/db/xilinx-legacy-rewriter.flashModel.pp.0.cpp.out.log 2> /home/sameh/Dropbox/UofT/Research/Work/Designs/debugging/memcached/hls/flashModel_prj/solution1/.autopilot/db/xilinx-legacy-rewriter.flashModel.pp.0.cpp.err.log 
Command           ap_eval done; 0.83 sec.
Command         tidy_31 done; 1.6 sec.
INFO-FLOW: Done: tidy-3.1 CDT preprocess time: 2.8 seconds per iteration
INFO-FLOW: Pragma Handling...
Execute         tidy_31 xilinx-ssdm-intrinsics-arguments /home/sameh/Dropbox/UofT/Research/Work/Designs/debugging/memcached/hls/flashModel_prj/solution1/.autopilot/db/flashModel.pragma.1.cpp std=gnu++98 
INFO-FLOW: exec /home/sameh/Xilinx/Vivado/2018.3/lnx64/tools/clang-3.9-csynth/bin/tidy-3.1 -header-filter=.* -checks=-*,xilinx-ssdm-intrinsics-arguments -quiet -fix-errors /home/sameh/Dropbox/UofT/Research/Work/Designs/debugging/memcached/hls/flashModel_prj/solution1/.autopilot/db/flashModel.pragma.1.cpp -- -std=gnu++98 -fhls -ferror-limit=0
Command         tidy_31 done; 0.79 sec.
Execute         get_default_platform 
INFO-FLOW: Processing labels
Execute         clang -src /home/sameh/Dropbox/UofT/Research/Work/Designs/debugging/memcached/hls/flashModel_prj/solution1/.autopilot/db/flashModel.pragma.2.cpp  -fno-limit-debug-info -gcc-toolchain /home/sameh/Xilinx/Vivado/2018.3/lnx64/tools/gcc -hls -hls-analyze-label -hls-analyze-pragma -fno-exceptions  -D__llvm__  -w  "/home/sameh/Dropbox/UofT/Research/Work/Designs/debugging/memcached/hls/flashModel_prj/solution1/.autopilot/db/flashModel.pragma.2.cpp"    -fno-math-errno -c -emit-llvm -O0  -mllvm -disable-llvm-optzns -fno-threadsafe-statics  -fno-use-cxa-atexit -DAESL_SYN -D__SYNTHESIS__ -D__HLS_SYN__ -I "/home/sameh/Xilinx/Vivado/2018.3/common/technology/autopilot" -I "/home/sameh/Xilinx/Vivado/2018.3/common/technology/autopilot/ap_sysc" -include etc/autopilot_ssdm_op.h -D__DSP48E2__ -g -o "/home/sameh/Dropbox/UofT/Research/Work/Designs/debugging/memcached/hls/flashModel_prj/solution1/.autopilot/db/flashModel.bc" 
INFO-FLOW: exec /home/sameh/Xilinx/Vivado/2018.3/lnx64/tools/clang/bin/clang -fno-limit-debug-info -gcc-toolchain /home/sameh/Xilinx/Vivado/2018.3/lnx64/tools/gcc -hls -hls-analyze-label -hls-analyze-pragma -fno-exceptions -D__llvm__ -w /home/sameh/Dropbox/UofT/Research/Work/Designs/debugging/memcached/hls/flashModel_prj/solution1/.autopilot/db/flashModel.pragma.2.cpp -fno-math-errno -c -emit-llvm -O0 -mllvm -disable-llvm-optzns -fno-threadsafe-statics -fno-use-cxa-atexit -DAESL_SYN -D__SYNTHESIS__ -D__HLS_SYN__ -I /home/sameh/Xilinx/Vivado/2018.3/common/technology/autopilot -I /home/sameh/Xilinx/Vivado/2018.3/common/technology/autopilot/ap_sysc -include etc/autopilot_ssdm_op.h -D__DSP48E2__ -g -o /home/sameh/Dropbox/UofT/Research/Work/Designs/debugging/memcached/hls/flashModel_prj/solution1/.autopilot/db/flashModel.bc
Command         clang done; 1.7 sec.
INFO-FLOW: Linking Debug ...
Execute         llvm-ld /home/sameh/Dropbox/UofT/Research/Work/Designs/debugging/memcached/hls/flashModel_prj/solution1/.autopilot/db/flashModel.g.bc -hls-opt -except-internalize flashModel -L/home/sameh/Xilinx/Vivado/2018.3/lnx64/lib -lhlsm -lhlsmc++ -o /home/sameh/Dropbox/UofT/Research/Work/Designs/debugging/memcached/hls/flashModel_prj/solution1/.autopilot/db/a.g 
Command         llvm-ld done; 0.65 sec.
INFO: [HLS 200-111] Finished Linking Time (s): cpu = 00:00:11 ; elapsed = 00:00:11 . Memory (MB): peak = 438.012 ; gain = 0.145 ; free physical = 59836 ; free virtual = 176933
INFO: [HLS 200-111] Finished Checking Pragmas Time (s): cpu = 00:00:11 ; elapsed = 00:00:11 . Memory (MB): peak = 438.012 ; gain = 0.145 ; free physical = 59836 ; free virtual = 176933
Execute         get_config_sdx -target 
Execute         opt_and_import_c a -opt_level=2 -skip_syncheck=0 -ng=0 -keep_printf=0 
Execute           cleanup_all_models 
INFO: [HLS 200-10] Starting code transformations ...
Execute           transform -promote-dbg-pointer /home/sameh/Dropbox/UofT/Research/Work/Designs/debugging/memcached/hls/flashModel_prj/solution1/.autopilot/db/a.pp.bc -o /home/sameh/Dropbox/UofT/Research/Work/Designs/debugging/memcached/hls/flashModel_prj/solution1/.autopilot/db/a.pp.0.bc -f 
Execute           llvm-ld /home/sameh/Dropbox/UofT/Research/Work/Designs/debugging/memcached/hls/flashModel_prj/solution1/.autopilot/db/a.pp.0.bc -disable-opt -L/home/sameh/Xilinx/Vivado/2018.3/lnx64/lib -lfloatconversion -o /home/sameh/Dropbox/UofT/Research/Work/Designs/debugging/memcached/hls/flashModel_prj/solution1/.autopilot/db/a.g.0 
Command           llvm-ld done; 0.64 sec.
INFO-FLOW: Running Standard Transforms...
Execute           transform -hls -share-std-xform -demangle-name -inline-byval-memcpy -always-inline -promote-dbg-pointer -interface-preproc -mem2reg -lower-blackbox -scalarrepl -mem2reg -keep-read-access -instcombine -dce -promote-dbg-pointer -bitop-raise -loop-simplify -indvarspre -indvars -loop-simplify -xunroll -constprop -instcombine -simplifycfg -indvars -simplifycfg -dce -globaldce -basicaa -simplifycfg -mem2reg -globalopt -global-constprop -deadargelim -instcombine -simplifycfg -prune-eh -simplifycfg -scalarrepl -instcombine -reassociate -licm -simplifycfg -loop-simplify -indvars -instcombine -simplifycfg -mem2reg -loop-simplify -indvars -instcombine -gvn -gvn -instcombine -adce -break-crit-edges -simplifycfg -loop-delete -global-array-opt -dce -dse -adce -find-syn-modules -top flashModel -deadargelim -mem2reg -instcombine -dce -presyn-prepare -auto-rom-infer -interface-preproc -syn-check -check-rec-only -find-region -simplifycfg -func-extr -function-inline -globaldce -mem2reg -instcombine -dce -gvn -globaldce -adce -adse -constprop -instcombine -bit-constprop -instcombine -dce -simplifycfg -bitop-raise -simplifycfg -dce -loop-delete -reassociate -globalopt -global-privatize -mem2reg -dce -global-constprop -pointer-simplify -constprop -dce -func-inst -deadargelim -auto-shift-reg-idiom -promote-dbg-pointer -norm-name /home/sameh/Dropbox/UofT/Research/Work/Designs/debugging/memcached/hls/flashModel_prj/solution1/.autopilot/db/a.g.0.bc -o /home/sameh/Dropbox/UofT/Research/Work/Designs/debugging/memcached/hls/flashModel_prj/solution1/.autopilot/db/a.g.1.bc -f -phase std-opt 
INFO: [HLS 200-111] Finished Standard Transforms Time (s): cpu = 00:00:11 ; elapsed = 00:00:12 . Memory (MB): peak = 438.195 ; gain = 0.328 ; free physical = 59826 ; free virtual = 176924
INFO: [HLS 200-10] Checking synthesizability ...
INFO-FLOW: Checking Synthesizability 1/2..
Execute           transform -hls -syn-check -check-rec-only -disaggr -scalarrepl -norm-name -dce -mem2reg -instcombine -function-uniquify -directive-preproc -mem2reg -dse -dce -auto-rom-infer -dce -pag -array-normalize -instcombine -dce -warn-fifo-pointer -array-seg-normalize -instcombine -dce -array-flatten -instcombine -dce -array-burst -dce -deadargelim -promote-global-argument -simplifycfg -mem2reg -globaldce -resolve-double-ptr -dce -deadargelim -dce -instcombine -function-inline -globaldce -dce -doublePtrSimplify -doublePtrElim -dce -doublePtrSimplify -promote-dbg-pointer -dce -scalarrepl -dse -adse -instcombine -ptrLegalization -simplifycfg -dce -instcombine -pointer-simplify -ptrArgReplace -dce -instcombine -disaggr -scalarrepl -norm-name -dce -mem2reg -instcombine -ptrLegalization -simplifycfg -deadargelim -instcombine -dce -inst-simplify -function-uniquify -directive-preproc -mem2reg -dse -dce -globaldce -check-dspbuiltin /home/sameh/Dropbox/UofT/Research/Work/Designs/debugging/memcached/hls/flashModel_prj/solution1/.autopilot/db/a.g.1.bc -o /home/sameh/Dropbox/UofT/Research/Work/Designs/debugging/memcached/hls/flashModel_prj/solution1/.autopilot/db/a.g.2.prechk.bc -f 
INFO-FLOW: Checking Synthesizability 2/2..
Execute           transform -syn-check /home/sameh/Dropbox/UofT/Research/Work/Designs/debugging/memcached/hls/flashModel_prj/solution1/.autopilot/db/a.g.2.prechk.bc -o /home/sameh/Dropbox/UofT/Research/Work/Designs/debugging/memcached/hls/flashModel_prj/solution1/.autopilot/db/a.g.2.bc -f -phase syn-check 
INFO: [HLS 200-111] Finished Checking Synthesizability Time (s): cpu = 00:00:11 ; elapsed = 00:00:12 . Memory (MB): peak = 438.195 ; gain = 0.328 ; free physical = 59820 ; free virtual = 176919
INFO-FLOW: Compiler optimizing ...
INFO-FLOW: Share syncheck's 1.bc for syn flow: copy /home/sameh/Dropbox/UofT/Research/Work/Designs/debugging/memcached/hls/flashModel_prj/solution1/.autopilot/db/a.g.1.bc to /home/sameh/Dropbox/UofT/Research/Work/Designs/debugging/memcached/hls/flashModel_prj/solution1/.autopilot/db/a.o.1.bc
INFO-FLOW: Presyn 1...
Execute           transform -hls -tmp /home/sameh/Dropbox/UofT/Research/Work/Designs/debugging/memcached/hls/flashModel_prj/solution1/.autopilot/db -interface-port-rename -type-info -function-uniquify -directive-preproc -mem2reg -dse -dce -disaggr -scalarrepl -norm-name -deadargelim -mem2reg -instcombine -dce -simplifycfg -auto-rom-infer -dce -function-uniquify -resource-proc -simplifycfg -mem2reg -globaldce -resolve-double-ptr -dce -deadargelim -dce -instcombine -clib-intrinsic-prepare -dce -func-buffer -dce -pag -array-normalize -func-legal -instcombine -gvn -constprop -dce -ptrArgReplace -mem2reg -instcombine -dce -array-seg-normalize -deadargelim -instcombine -dce -pointer-simplify -dce -port-alignment -dce -interface-preproc -data-pack -instcombine -dce -basicaa -aggr-aa -aggrmodref-aa -aggr-aa -gvn -gvn -basicaa -aggr-aa -aggrmodref-aa -aggr-aa -dse -adse -adce -loop-simplify -indvars -instcombine -gvn -loop-simplify -mem2reg -dce -find-region -instcombine -auto-loop-pipeline -inst-simplify -interface-preproc -cfgopt -instcombine -indvars -auto-loop-unroll -loop-simplify -loop-bound -xunroll -constprop -instcombine -simplifycfg -indvars -simplifycfg -dce -globaldce -clean-region -attach-range -gvn -inst-simplify -constprop -simplifycfg -dce -pointer-simplify -dce -globalopt -constprop -dce -array-promote -constprop -instcombine -dce -ptrArgReplace -mem2reg -instcombine -simplifycfg -dce -auto-par -instcombine -dce -array-transform-check -array-reshape -instcombine -simplifycfg -dce -ptrArgReplace -deadargelim -mem2reg -instcombine -simplifycfg -dce -indvars -loop-simplify -loop-bound -xunroll -constprop -instcombine -simplifycfg -indvars -simplifycfg -dce -globaldce -basicaa -aggr-aa -aggrmodref-aa -aggr-aa -dse -duplicate-dataflow-processes -globaldce -instcombine -array-partition -instcombine -simplifycfg -dce -ptrArgReplace -global-constprop -deadargelim -mem2reg -func-legal -instcombine -dce -global-constprop -deadargelim -mem2reg -instcombine -simplifycfg -dce -merge-param -deadargelim -globalopt -constprop -dce -array-promote -constprop -instcombine -dce -ptrArgReplace -mem2reg -instcombine -simplifycfg -dce -mem-intrinsic-preproc -dce -global-internalize -global-privatize -mem2reg -globaldce -promote-global-argument -ptrArgReplace -mem2reg -instcombine -dce -globalopt -mergereturn -simplify-global-access -mem2reg -dce -pointer-simplify -dce -functionattrs -basicaa -aggr-aa -aggrmodref-aa -aggr-aa -gvn -gvn -basicaa -aggr-aa -aggrmodref-aa -aggr-aa -dse -adse -adce -inst-simplify -dce -norm-name -function-inline -globaldce -func-inst -constprop -instcombine -simplifycfg -dce -func-legal -dce -loop-bound -arraycheck -bitwidthmin -on-by-dataflow -loop-delete -instcombine -simplifycfg -globaldce -dce -gvn -deadargelim -dce -loop-simplify -clean-region -simplifycfg -propagate-stable-arguments -loop-stream -instcombine -simplifycfg -dce -globaldce -duplicate-dataflow-processes -stream-intrinsic-preproc -dce -check-ap-stream -loop-simplify -eliminate-keepreads -extract-dataflow-in-loop -loop-simplify -dce -gvn -deadargelim -dse -check-dataflow-syntax -legalize-stream-variable -legalize-global -extract-subproc -dce -dead-channel-elimination -canonicalize-gep -globaldce -dce -gvn -deadargelim -annotate-dataflow-channels -scalar-propagation -deadargelim -globaldce -mem2reg -check-dataflow-channels -function-stream -dce -globaldce -prop-fifo-spec -internal-stream-gen -canonicalize-gep -globaldce -dce -gvn -deadargelim -mergereturn -indvars -loop-simplify -instcombine -array-stream -array-seg-normalize -array-partition -func-legal -instcombine -simplifycfg -dce -bundle-memfifo-ops -deadargelim -function-uniquify -directive-preproc -mem2reg -dse -dce -group-axi-access -licm -simplifycfg -dce -loop-delete -norm-name /home/sameh/Dropbox/UofT/Research/Work/Designs/debugging/memcached/hls/flashModel_prj/solution1/.autopilot/db/a.o.1.bc -o /home/sameh/Dropbox/UofT/Research/Work/Designs/debugging/memcached/hls/flashModel_prj/solution1/.autopilot/db/a.o.1.tmp.bc -f 
INFO: [XFORM 203-1101] Packing variable 'rdCmdIn.V' (src/otherModules/flashModel/flashModel.cpp:93) into a 45-bit variable.
INFO: [XFORM 203-1101] Packing variable 'wrCmdIn.V' (src/otherModules/flashModel/flashModel.cpp:93) into a 45-bit variable.
INFO: [XFORM 203-712] Applying dataflow to function 'flashModel', detected/extracted 2 process function(s): 
	 'flashCmdAggregator'
	 'flashMemAccess'.
Command           transform done; 0.19 sec.
INFO-FLOW: Presyn 2...
Execute           transform -hls -keep-callgraph -scalarrepl -mem2reg -port-alignment -attach-range -dce -pipe-mux-gen -indvars -loop-bound -inst-simplify -instcombine -dce -merge-array-access -mem2reg -dce -clean-region -mergereturn -if-conv -instcombine -dce -constprop -basicaa -aggr-aa -aggrmodref-aa -aggr-aa -gvn -gvn -basicaa -aggr-aa -aggrmodref-aa -aggr-aa -dse -adse -adce -scalarrepl -mem2reg -global-constprop -deadargelim -deadargelim -instcombine -dce -simplifycfg -ptrArgReplace -mem2reg -function-inline -globaldce -mem2reg -instcombine -dce -expr-balance -instcombine -dce -bitwidthmin -interface-preproc -directive-preproc -inst-rectify -instcombine -dce -functionattrs -constprop -instcombine -bit-constprop -simplify-global-access -globalopt -globaldce -inst-simplify -instcombine -elimdeaddata -dce -loop-delete -simplifycfg -loop-simplify -auto-burst -norm-name /home/sameh/Dropbox/UofT/Research/Work/Designs/debugging/memcached/hls/flashModel_prj/solution1/.autopilot/db/a.o.1.tmp.bc -o /home/sameh/Dropbox/UofT/Research/Work/Designs/debugging/memcached/hls/flashModel_prj/solution1/.autopilot/db/a.o.2.bc -f -phase presyn 
INFO: [HLS 200-111] Finished Pre-synthesis Time (s): cpu = 00:00:12 ; elapsed = 00:00:12 . Memory (MB): peak = 565.867 ; gain = 128.000 ; free physical = 59786 ; free virtual = 176886
INFO-FLOW: Building ssdm...
Execute           transform -hls -function-uniquify -auto-function-inline -globaldce -ptrArgReplace -mem2reg -instcombine -dce -reset-lda -loop-simplify -indvars -licm -loop-dep -loop-bound -licm -loop-simplify -flattenloopnest -array-flatten -gvn -instcombine -dce -array-map -dce -func-legal -gvn -adce -instcombine -cfgopt -simplifycfg -loop-simplify -array-burst -promote-global-argument -dce -axi4-lower -array-seg-normalize -basicaa -aggrmodref-aa -globalsmodref-aa -aggr-aa -gvn -gvn -basicaa -aggrmodref-aa -globalsmodref-aa -aggr-aa -dse -adse -adce -licm -inst-simplify -dce -globaldce -instcombine -array-stream -eliminate-keepreads -instcombine -dce -deadargelim -doublePtrSimplify -doublePtrElim -dce -doublePtrSimplify -promote-dbg-pointer -dce -scalarrepl -mem2reg -disaggr -norm-name -mem2reg -instcombine -dse -adse -adce -ptrLegalization -dce -auto-rom-infer -array-flatten -dce -instcombine -check-doubleptr -loop-rot -constprop -cfgopt -simplifycfg -loop-simplify -indvars -pointer-simplify -dce -loop-bound -loop-simplify -loop-preproc -constprop -global-constprop -gvn -mem2reg -instcombine -dce -loop-bound -loop-merge -dce -bitwidthmin -deadargelim -dce -canonicalize-dataflow -dce -scalar-propagation -deadargelim -globaldce -mem2reg -read-loop-dep -interface-preproc -directive-preproc -interface-gen -bram-byte-enable -deadargelim -inst-simplify -dce -gvn -mem2reg -instcombine -dce -adse -loop-bound -instcombine -cfgopt -simplifycfg -loop-simplify -clean-region -io-protocol -find-region -mem2reg -bitop-raise -inst-simplify -inst-rectify -instcombine -adce -deadargelim -loop-simplify -phi-opt -bitop-raise -cfgopt -simplifycfg -strip-dead-prototypes -interface-lower -bitop-lower -intrinsic-lower -auto-function-inline -basicaa -aggrmodref-aa -globalsmodref-aa -aggr-aa -inst-simplify -simplifycfg -loop-simplify -mergereturn -inst-simplify -inst-rectify -dce -load-elim -bitop-lower -loop-rewind -pointer-simplify -dce -cfgopt -dce -bitwidth -loop-bound -loop-dep -read-loop-dep -dce -check-stream -norm-name -legalize -validate-dataflow -inst-clarity -cdfg-build /home/sameh/Dropbox/UofT/Research/Work/Designs/debugging/memcached/hls/flashModel_prj/solution1/.autopilot/db/a.o.2.bc -o /home/sameh/Dropbox/UofT/Research/Work/Designs/debugging/memcached/hls/flashModel_prj/solution1/.autopilot/db/a.o.3.bc -f -phase build-ssdm 
Command           transform done; 0.12 sec.
INFO: [HLS 200-111] Finished Architecture Synthesis Time (s): cpu = 00:00:12 ; elapsed = 00:00:12 . Memory (MB): peak = 565.867 ; gain = 128.000 ; free physical = 59769 ; free virtual = 176869
INFO-FLOW: Finish building internal data model.
Command         opt_and_import_c done; 1.24 sec.
Command       elaborate done; 11.79 sec.
Execute       autosyn -from_csynth_design=1 
INFO: [HLS 200-10] Starting hardware synthesis ...
INFO-FLOW: Synthesizing C/C++ design ...
INFO: [HLS 200-10] Synthesizing 'flashModel' ...
Execute         ap_set_top_model flashModel 
Execute         get_model_list flashModel -filter all-wo-channel -topdown 
Execute         preproc_iomode -model flashModel 
Execute         preproc_iomode -model flashMemAccess 
Execute         preproc_iomode -model flashCmdAggregator 
Execute         get_model_list flashModel -filter all-wo-channel 
INFO-FLOW: Model list for configure: flashCmdAggregator flashMemAccess flashModel
INFO-FLOW: Configuring Module : flashCmdAggregator ...
Execute         set_default_model flashCmdAggregator 
Execute         apply_spec_resource_limit flashCmdAggregator 
INFO-FLOW: Configuring Module : flashMemAccess ...
Execute         set_default_model flashMemAccess 
Execute         apply_spec_resource_limit flashMemAccess 
INFO-FLOW: Configuring Module : flashModel ...
Execute         set_default_model flashModel 
Execute         apply_spec_resource_limit flashModel 
INFO-FLOW: Model list for preprocess: flashCmdAggregator flashMemAccess flashModel
INFO-FLOW: Preprocessing Module: flashCmdAggregator ...
Execute         set_default_model flashCmdAggregator 
Execute         cdfg_preprocess -model flashCmdAggregator 
Execute         rtl_gen_preprocess flashCmdAggregator 
INFO-FLOW: Preprocessing Module: flashMemAccess ...
Execute         set_default_model flashMemAccess 
Execute         cdfg_preprocess -model flashMemAccess 
Execute         rtl_gen_preprocess flashMemAccess 
INFO-FLOW: Preprocessing Module: flashModel ...
Execute         set_default_model flashModel 
Execute         cdfg_preprocess -model flashModel 
Execute         rtl_gen_preprocess flashModel 
INFO-FLOW: Model list for synthesis: flashCmdAggregator flashMemAccess flashModel
INFO: [HLS 200-10] ----------------------------------------------------------------
INFO: [HLS 200-42] -- Implementing module 'flashCmdAggregator' 
INFO: [HLS 200-10] ----------------------------------------------------------------
Execute         set_default_model flashCmdAggregator 
Execute         schedule -model flashCmdAggregator 
INFO: [SCHED 204-11] Starting scheduling ...
INFO: [SCHED 204-11] Finished scheduling.
INFO: [HLS 200-111]  Elapsed time: 12.21 seconds; current allocated memory: 109.512 MB.
Execute         report -o /home/sameh/Dropbox/UofT/Research/Work/Designs/debugging/memcached/hls/flashModel_prj/solution1/.autopilot/db/flashCmdAggregator.verbose.sched.rpt -verbose -f 
Execute         db_write -o /home/sameh/Dropbox/UofT/Research/Work/Designs/debugging/memcached/hls/flashModel_prj/solution1/.autopilot/db/flashCmdAggregator.sched.adb -f 
INFO-FLOW: Finish scheduling flashCmdAggregator.
Execute         set_default_model flashCmdAggregator 
Execute         bind -model flashCmdAggregator 
BIND OPTION: fu_weight=[ 0.0 -- 1.0 ]
BIND OPTION: model=flashCmdAggregator
BIND OPTION: reg_weight=[ 0.0 -- 1.0 ]
INFO: [BIND 205-100] Starting micro-architecture generation ...
INFO: [BIND 205-101] Performing variable lifetime analysis.
INFO: [BIND 205-101] Exploring resource sharing.
INFO: [BIND 205-101] Binding ...
INFO: [BIND 205-100] Finished micro-architecture generation.
INFO: [HLS 200-111]  Elapsed time: 0.01 seconds; current allocated memory: 109.610 MB.
Execute         report -o /home/sameh/Dropbox/UofT/Research/Work/Designs/debugging/memcached/hls/flashModel_prj/solution1/.autopilot/db/flashCmdAggregator.verbose.bind.rpt -verbose -f 
Execute         db_write -o /home/sameh/Dropbox/UofT/Research/Work/Designs/debugging/memcached/hls/flashModel_prj/solution1/.autopilot/db/flashCmdAggregator.bind.adb -f 
INFO-FLOW: Finish binding flashCmdAggregator.
INFO: [HLS 200-10] ----------------------------------------------------------------
INFO: [HLS 200-42] -- Implementing module 'flashMemAccess' 
INFO: [HLS 200-10] ----------------------------------------------------------------
Execute         set_default_model flashMemAccess 
Execute         schedule -model flashMemAccess 
INFO: [SCHED 204-11] Starting scheduling ...
INFO: [SCHED 204-61] Pipelining function 'flashMemAccess'.
INFO: [SCHED 204-61] Pipelining result : Target II = 1, Final II = 1, Depth = 3.
INFO: [SCHED 204-11] Finished scheduling.
INFO: [HLS 200-111]  Elapsed time: 0.06 seconds; current allocated memory: 109.877 MB.
Execute         report -o /home/sameh/Dropbox/UofT/Research/Work/Designs/debugging/memcached/hls/flashModel_prj/solution1/.autopilot/db/flashMemAccess.verbose.sched.rpt -verbose -f 
Execute         db_write -o /home/sameh/Dropbox/UofT/Research/Work/Designs/debugging/memcached/hls/flashModel_prj/solution1/.autopilot/db/flashMemAccess.sched.adb -f 
INFO-FLOW: Finish scheduling flashMemAccess.
Execute         set_default_model flashMemAccess 
Execute         bind -model flashMemAccess 
BIND OPTION: fu_weight=[ 0.0 -- 1.0 ]
BIND OPTION: model=flashMemAccess
BIND OPTION: reg_weight=[ 0.0 -- 1.0 ]
INFO: [BIND 205-100] Starting micro-architecture generation ...
INFO: [BIND 205-101] Performing variable lifetime analysis.
INFO: [BIND 205-101] Exploring resource sharing.
INFO: [BIND 205-101] Binding ...
INFO: [BIND 205-100] Finished micro-architecture generation.
INFO: [HLS 200-111]  Elapsed time: 0.03 seconds; current allocated memory: 110.106 MB.
Execute         report -o /home/sameh/Dropbox/UofT/Research/Work/Designs/debugging/memcached/hls/flashModel_prj/solution1/.autopilot/db/flashMemAccess.verbose.bind.rpt -verbose -f 
Execute         db_write -o /home/sameh/Dropbox/UofT/Research/Work/Designs/debugging/memcached/hls/flashModel_prj/solution1/.autopilot/db/flashMemAccess.bind.adb -f 
INFO-FLOW: Finish binding flashMemAccess.
INFO: [HLS 200-10] ----------------------------------------------------------------
INFO: [HLS 200-42] -- Implementing module 'flashModel' 
INFO: [HLS 200-10] ----------------------------------------------------------------
Execute         set_default_model flashModel 
Execute         schedule -model flashModel 
INFO: [SCHED 204-11] Starting scheduling ...
INFO: [SCHED 204-11] Finished scheduling.
INFO: [HLS 200-111]  Elapsed time: 0.03 seconds; current allocated memory: 110.166 MB.
Execute         report -o /home/sameh/Dropbox/UofT/Research/Work/Designs/debugging/memcached/hls/flashModel_prj/solution1/.autopilot/db/flashModel.verbose.sched.rpt -verbose -f 
Execute         db_write -o /home/sameh/Dropbox/UofT/Research/Work/Designs/debugging/memcached/hls/flashModel_prj/solution1/.autopilot/db/flashModel.sched.adb -f 
INFO-FLOW: Finish scheduling flashModel.
Execute         set_default_model flashModel 
Execute         bind -model flashModel 
BIND OPTION: fu_weight=[ 0.0 -- 1.0 ]
BIND OPTION: model=flashModel
BIND OPTION: reg_weight=[ 0.0 -- 1.0 ]
INFO: [BIND 205-100] Starting micro-architecture generation ...
INFO: [BIND 205-101] Performing variable lifetime analysis.
INFO: [BIND 205-101] Exploring resource sharing.
INFO: [BIND 205-101] Binding ...
INFO: [BIND 205-100] Finished micro-architecture generation.
INFO: [HLS 200-111]  Elapsed time: 0.02 seconds; current allocated memory: 110.278 MB.
Execute         report -o /home/sameh/Dropbox/UofT/Research/Work/Designs/debugging/memcached/hls/flashModel_prj/solution1/.autopilot/db/flashModel.verbose.bind.rpt -verbose -f 
Execute         db_write -o /home/sameh/Dropbox/UofT/Research/Work/Designs/debugging/memcached/hls/flashModel_prj/solution1/.autopilot/db/flashModel.bind.adb -f 
INFO-FLOW: Finish binding flashModel.
Execute         get_model_list flashModel -filter all-wo-channel 
INFO-FLOW: Preprocessing for RTLGen ...
Execute         rtl_gen_preprocess flashCmdAggregator 
Execute         rtl_gen_preprocess flashMemAccess 
Execute         rtl_gen_preprocess flashModel 
INFO-FLOW: Model list for RTL generation: flashCmdAggregator flashMemAccess flashModel
INFO: [HLS 200-10] ----------------------------------------------------------------
INFO: [HLS 200-10] -- Generating RTL for module 'flashCmdAggregator' 
INFO: [HLS 200-10] ----------------------------------------------------------------
Execute         get_config_rtl -prefix 
Execute         get_config_rtl -auto_prefix 
Execute         create_rtl_model flashCmdAggregator -vendor xilinx -mg_file /home/sameh/Dropbox/UofT/Research/Work/Designs/debugging/memcached/hls/flashModel_prj/solution1/.autopilot/db/flashCmdAggregator.compgen.tcl 
INFO: [RTGEN 206-100] Finished creating RTL model for 'flashCmdAggregator'.
INFO: [HLS 200-111]  Elapsed time: 0.02 seconds; current allocated memory: 110.489 MB.
Execute         source /home/sameh/Dropbox/UofT/Research/Work/Designs/debugging/memcached/hls/flashModel_prj/solution1/.autopilot/db/flashModel.rtl_wrap.cfg.tcl 
Execute         gen_rtl flashCmdAggregator -style xilinx -tracefl mytrace -tracefmt vcd -traceopt all -f -lang sc -o /home/sameh/Dropbox/UofT/Research/Work/Designs/debugging/memcached/hls/flashModel_prj/solution1/syn/systemc/flashCmdAggregator -synmodules flashCmdAggregator flashMemAccess flashModel 
Execute         gen_rtl flashCmdAggregator -style xilinx -f -lang vhdl -o /home/sameh/Dropbox/UofT/Research/Work/Designs/debugging/memcached/hls/flashModel_prj/solution1/syn/vhdl/flashCmdAggregator 
Execute         gen_rtl flashCmdAggregator -style xilinx -f -lang vlog -o /home/sameh/Dropbox/UofT/Research/Work/Designs/debugging/memcached/hls/flashModel_prj/solution1/syn/verilog/flashCmdAggregator 
Execute         gen_tb_info flashCmdAggregator -o /home/sameh/Dropbox/UofT/Research/Work/Designs/debugging/memcached/hls/flashModel_prj/solution1/.autopilot/db/flashCmdAggregator -p /home/sameh/Dropbox/UofT/Research/Work/Designs/debugging/memcached/hls/flashModel_prj/solution1/.autopilot/db 
Execute         report -model flashCmdAggregator -o /home/sameh/Dropbox/UofT/Research/Work/Designs/debugging/memcached/hls/flashModel_prj/solution1/syn/report/flashCmdAggregator_csynth.rpt -f 
Execute         report -model flashCmdAggregator -o /home/sameh/Dropbox/UofT/Research/Work/Designs/debugging/memcached/hls/flashModel_prj/solution1/syn/report/flashCmdAggregator_csynth.xml -f -x 
Execute         report -model flashCmdAggregator -o /home/sameh/Dropbox/UofT/Research/Work/Designs/debugging/memcached/hls/flashModel_prj/solution1/.autopilot/db/flashCmdAggregator.verbose.rpt -verbose -f 
Execute         db_write -model flashCmdAggregator -o /home/sameh/Dropbox/UofT/Research/Work/Designs/debugging/memcached/hls/flashModel_prj/solution1/.autopilot/db/flashCmdAggregator.adb -f 
INFO: [HLS 200-10] ----------------------------------------------------------------
INFO: [HLS 200-10] -- Generating RTL for module 'flashMemAccess' 
INFO: [HLS 200-10] ----------------------------------------------------------------
Execute         get_config_rtl -prefix 
Execute         get_config_rtl -auto_prefix 
Execute         create_rtl_model flashMemAccess -vendor xilinx -mg_file /home/sameh/Dropbox/UofT/Research/Work/Designs/debugging/memcached/hls/flashModel_prj/solution1/.autopilot/db/flashMemAccess.compgen.tcl 
WARNING: [RTGEN 206-101] Register 'memState' is power-on initialization.
WARNING: [RTGEN 206-101] Register 'inputWord_address_V' is power-on initialization.
WARNING: [RTGEN 206-101] Register 'inputWord_count_V' is power-on initialization.
WARNING: [RTGEN 206-101] Register 'inputWord_rdOrWr_V' is power-on initialization.
INFO: [RTGEN 206-100] Finished creating RTL model for 'flashMemAccess'.
INFO: [HLS 200-111]  Elapsed time: 0.04 seconds; current allocated memory: 111.320 MB.
Execute         source /home/sameh/Dropbox/UofT/Research/Work/Designs/debugging/memcached/hls/flashModel_prj/solution1/.autopilot/db/flashModel.rtl_wrap.cfg.tcl 
Execute         gen_rtl flashMemAccess -style xilinx -tracefl mytrace -tracefmt vcd -traceopt all -f -lang sc -o /home/sameh/Dropbox/UofT/Research/Work/Designs/debugging/memcached/hls/flashModel_prj/solution1/syn/systemc/flashMemAccess -synmodules flashCmdAggregator flashMemAccess flashModel 
Execute         gen_rtl flashMemAccess -style xilinx -f -lang vhdl -o /home/sameh/Dropbox/UofT/Research/Work/Designs/debugging/memcached/hls/flashModel_prj/solution1/syn/vhdl/flashMemAccess 
Execute         gen_rtl flashMemAccess -style xilinx -f -lang vlog -o /home/sameh/Dropbox/UofT/Research/Work/Designs/debugging/memcached/hls/flashModel_prj/solution1/syn/verilog/flashMemAccess 
Execute         gen_tb_info flashMemAccess -o /home/sameh/Dropbox/UofT/Research/Work/Designs/debugging/memcached/hls/flashModel_prj/solution1/.autopilot/db/flashMemAccess -p /home/sameh/Dropbox/UofT/Research/Work/Designs/debugging/memcached/hls/flashModel_prj/solution1/.autopilot/db 
Execute         report -model flashMemAccess -o /home/sameh/Dropbox/UofT/Research/Work/Designs/debugging/memcached/hls/flashModel_prj/solution1/syn/report/flashMemAccess_csynth.rpt -f 
Execute         report -model flashMemAccess -o /home/sameh/Dropbox/UofT/Research/Work/Designs/debugging/memcached/hls/flashModel_prj/solution1/syn/report/flashMemAccess_csynth.xml -f -x 
Execute         report -model flashMemAccess -o /home/sameh/Dropbox/UofT/Research/Work/Designs/debugging/memcached/hls/flashModel_prj/solution1/.autopilot/db/flashMemAccess.verbose.rpt -verbose -f 
Execute         db_write -model flashMemAccess -o /home/sameh/Dropbox/UofT/Research/Work/Designs/debugging/memcached/hls/flashModel_prj/solution1/.autopilot/db/flashMemAccess.adb -f 
INFO: [HLS 200-10] ----------------------------------------------------------------
INFO: [HLS 200-10] -- Generating RTL for module 'flashModel' 
INFO: [HLS 200-10] ----------------------------------------------------------------
Execute         get_config_rtl -prefix 
Execute         get_config_rtl -auto_prefix 
Execute         create_rtl_model flashModel -vendor xilinx -mg_file /home/sameh/Dropbox/UofT/Research/Work/Designs/debugging/memcached/hls/flashModel_prj/solution1/.autopilot/db/flashModel.compgen.tcl 
INFO: [RTGEN 206-500] Setting interface mode on port 'flashModel/rdCmdIn_V' to 'axis'.
INFO: [RTGEN 206-500] Setting interface mode on port 'flashModel/rdDataOut_V_V' to 'axis' (register, both mode).
INFO: [RTGEN 206-500] Setting interface mode on port 'flashModel/wrCmdIn_V' to 'axis'.
INFO: [RTGEN 206-500] Setting interface mode on port 'flashModel/wrDataIn_V_V' to 'axis'.
INFO: [RTGEN 206-500] Setting interface mode on function 'flashModel' to 'ap_ctrl_none'.
INFO: [RTGEN 206-100] Finished creating RTL model for 'flashModel'.
INFO: [HLS 200-111]  Elapsed time: 0.11 seconds; current allocated memory: 112.352 MB.
Execute         source /home/sameh/Dropbox/UofT/Research/Work/Designs/debugging/memcached/hls/flashModel_prj/solution1/.autopilot/db/flashModel.rtl_wrap.cfg.tcl 
Execute         gen_rtl flashModel -istop -style xilinx -tracefl mytrace -tracefmt vcd -traceopt all -f -lang sc -o /home/sameh/Dropbox/UofT/Research/Work/Designs/debugging/memcached/hls/flashModel_prj/solution1/syn/systemc/flashModel -synmodules flashCmdAggregator flashMemAccess flashModel 
Execute         gen_rtl flashModel -istop -style xilinx -f -lang vhdl -o /home/sameh/Dropbox/UofT/Research/Work/Designs/debugging/memcached/hls/flashModel_prj/solution1/syn/vhdl/flashModel 
Execute         gen_rtl flashModel -istop -style xilinx -f -lang vlog -o /home/sameh/Dropbox/UofT/Research/Work/Designs/debugging/memcached/hls/flashModel_prj/solution1/syn/verilog/flashModel 
Execute         export_constraint_db -o /home/sameh/Dropbox/UofT/Research/Work/Designs/debugging/memcached/hls/flashModel_prj/solution1/.autopilot/db/flashModel.constraint.tcl -f -tool general 
Execute         report -model flashModel -o /home/sameh/Dropbox/UofT/Research/Work/Designs/debugging/memcached/hls/flashModel_prj/solution1/.autopilot/db/flashModel.design.xml -verbose -f -dv 
Execute         report -model flashModel -o /home/sameh/Dropbox/UofT/Research/Work/Designs/debugging/memcached/hls/flashModel_prj/solution1/.autopilot/db/flashModel.sdaccel.xml -verbose -f -sdaccel 
Execute         gen_tb_info flashModel -o /home/sameh/Dropbox/UofT/Research/Work/Designs/debugging/memcached/hls/flashModel_prj/solution1/.autopilot/db/flashModel -p /home/sameh/Dropbox/UofT/Research/Work/Designs/debugging/memcached/hls/flashModel_prj/solution1/.autopilot/db 
Execute         report -model flashModel -o /home/sameh/Dropbox/UofT/Research/Work/Designs/debugging/memcached/hls/flashModel_prj/solution1/syn/report/flashModel_csynth.rpt -f 
Execute         report -model flashModel -o /home/sameh/Dropbox/UofT/Research/Work/Designs/debugging/memcached/hls/flashModel_prj/solution1/syn/report/flashModel_csynth.xml -f -x 
Execute         report -model flashModel -o /home/sameh/Dropbox/UofT/Research/Work/Designs/debugging/memcached/hls/flashModel_prj/solution1/.autopilot/db/flashModel.verbose.rpt -verbose -f 
Execute         db_write -model flashModel -o /home/sameh/Dropbox/UofT/Research/Work/Designs/debugging/memcached/hls/flashModel_prj/solution1/.autopilot/db/flashModel.adb -f 
Execute         sc_get_clocks flashModel 
Execute         get_config_export -vivado_clock 
Execute         sc_get_portdomain flashModel 
INFO-FLOW: Model list for RTL component generation: flashCmdAggregator flashMemAccess flashModel
INFO-FLOW: Handling components in module [flashCmdAggregator] ... 
Execute         source /home/sameh/Dropbox/UofT/Research/Work/Designs/debugging/memcached/hls/flashModel_prj/solution1/.autopilot/db/flashCmdAggregator.compgen.tcl 
INFO-FLOW: Handling components in module [flashMemAccess] ... 
Execute         source /home/sameh/Dropbox/UofT/Research/Work/Designs/debugging/memcached/hls/flashModel_prj/solution1/.autopilot/db/flashMemAccess.compgen.tcl 
INFO-FLOW: Found component flashMemAccess_memArray_V.
INFO-FLOW: Append model flashMemAccess_memArray_V
INFO-FLOW: Handling components in module [flashModel] ... 
Execute         source /home/sameh/Dropbox/UofT/Research/Work/Designs/debugging/memcached/hls/flashModel_prj/solution1/.autopilot/db/flashModel.compgen.tcl 
INFO-FLOW: Found component fifo_w46_d16_A.
INFO-FLOW: Append model fifo_w46_d16_A
INFO-FLOW: Append model flashCmdAggregator
INFO-FLOW: Append model flashMemAccess
INFO-FLOW: Append model flashModel
INFO-FLOW: Generating RTL model list ...
INFO-FLOW: All models in this session: flashMemAccess_memArray_V fifo_w46_d16_A flashCmdAggregator flashMemAccess flashModel
INFO-FLOW: To file: write model flashMemAccess_memArray_V
INFO-FLOW: To file: write model fifo_w46_d16_A
INFO-FLOW: To file: write model flashCmdAggregator
INFO-FLOW: To file: write model flashMemAccess
INFO-FLOW: To file: write model flashModel
INFO-FLOW: Finished generating RTL model list.


INFO-FLOW: RTL Generation done.
INFO-FLOW: CAS Generation done.
INFO-FLOW: CBC Generation done.
INFO-FLOW: DBG:CMD: auto_generate_csynth_design
INFO-FLOW: DBG:CMD:     auto_generate --sim-model -phase csynth_design -d /home/sameh/Dropbox/UofT/Research/Work/Designs/debugging/memcached/hls/flashModel_prj/solution1
Execute         source /home/sameh/Dropbox/UofT/Research/Work/Designs/debugging/memcached/hls/flashModel_prj/solution1/.autopilot/db/global.setting.tcl 
INFO-FLOW: DBG:CMD: read_platform_lib /home/sameh/Dropbox/UofT/Research/Work/Designs/debugging/memcached/hls/flashModel_prj/solution1/.autopilot/db/global.setting.tcl
Execute         source /home/sameh/Xilinx/Vivado/2018.3/common/technology/generic/autopilot/common.gen 
Execute           source /home/sameh/Xilinx/Vivado/2018.3/common/technology/generic/autopilot/APCoreGen.gen 
Execute         source /home/sameh/Xilinx/Vivado/2018.3/common/technology/generic/autopilot/op.gen 
Execute         source /home/sameh/Xilinx/Vivado/2018.3/common/technology/generic/autopilot/op_simcore.gen 
Execute         source /home/sameh/Xilinx/Vivado/2018.3/common/technology/generic/autopilot/interface.gen 
Execute         source /home/sameh/Dropbox/UofT/Research/Work/Designs/debugging/memcached/hls/flashModel_prj/solution1/.autopilot/db/global.setting.tcl 
Execute         source /home/sameh/Xilinx/Vivado/2018.3/common/technology/xilinx/kintexu/kintexu.gen 
Execute           source /home/sameh/Xilinx/Vivado/2018.3/common/technology/xilinx/common/virtex.gen 
Execute             source /home/sameh/Xilinx/Vivado/2018.3/common/technology/xilinx/common/xilinx.gen 
Execute               source /home/sameh/Xilinx/Vivado/2018.3/common/technology/xilinx/interface/plb46.gen 
Execute               source /home/sameh/Xilinx/Vivado/2018.3/common/technology/xilinx/interface/fsl.gen 
Execute               source /home/sameh/Xilinx/Vivado/2018.3/common/technology/xilinx/interface/axi4.gen 
Execute               source /home/sameh/Xilinx/Vivado/2018.3/common/technology/xilinx/interface/nativeAXI4.gen 
Execute                 source /home/sameh/Xilinx/Vivado/2018.3/common/technology/xilinx/interface/saxilite.gen 
Execute                 source /home/sameh/Xilinx/Vivado/2018.3/common/technology/xilinx/interface/maxi.gen 
Execute               source /home/sameh/Xilinx/Vivado/2018.3/common/technology/xilinx/scripts/xilinxcoregen.gen 
Execute               source /home/sameh/Xilinx/Vivado/2018.3/common/technology/xilinx/interface/XilEDKCoreGen.gen 
Execute               source /home/sameh/Xilinx/Vivado/2018.3/common/technology/xilinx/ip/dds_compiler.gen 
Execute               source /home/sameh/Xilinx/Vivado/2018.3/common/technology/xilinx/ip/util.gen 
Execute               source /home/sameh/Xilinx/Vivado/2018.3/common/technology/xilinx/ip/xfft.gen 
Execute               source /home/sameh/Xilinx/Vivado/2018.3/common/technology/xilinx/ip/xfir.gen 
Execute             source /home/sameh/Xilinx/Vivado/2018.3/common/technology/xilinx/common/dsp48.gen 
Execute         source /home/sameh/Xilinx/Vivado/2018.3/common/technology/xilinx/kintexu/kintexu_fpv7.gen 
Execute           source /home/sameh/Xilinx/Vivado/2018.3/common/technology/xilinx/common/xilinx_fpv6.gen 
INFO-FLOW: DBG:CMD:   using AESL_AUTOCG::g_clock_period=6.400 (was NA)
INFO-FLOW: DBG:CMD:       generate_ip_cores sim=1 export=0 expOnly=0 dstVlogDir=syn/verilog
Execute         source /home/sameh/Dropbox/UofT/Research/Work/Designs/debugging/memcached/hls/flashModel_prj/solution1/.autopilot/db/global.setting.tcl 
Execute         source /home/sameh/Dropbox/UofT/Research/Work/Designs/debugging/memcached/hls/flashModel_prj/solution1/.autopilot/db/global.setting.tcl 
Execute         source /home/sameh/Dropbox/UofT/Research/Work/Designs/debugging/memcached/hls/flashModel_prj/solution1/.autopilot/db/global.setting.tcl 
Execute         source /home/sameh/Dropbox/UofT/Research/Work/Designs/debugging/memcached/hls/flashModel_prj/solution1/.autopilot/db/flashCmdAggregator.compgen.tcl 
Execute         source /home/sameh/Dropbox/UofT/Research/Work/Designs/debugging/memcached/hls/flashModel_prj/solution1/.autopilot/db/flashMemAccess.compgen.tcl 
INFO: [RTMG 210-278] Implementing memory 'flashMemAccess_memArray_V_ram (RAM_T2P_BRAM)' using block RAMs with power-on initialization.
Execute         source /home/sameh/Dropbox/UofT/Research/Work/Designs/debugging/memcached/hls/flashModel_prj/solution1/.autopilot/db/flashModel.compgen.tcl 
INFO: [RTMG 210-285] Implementing FIFO 'flashAggregateMemCmd_1_U(fifo_w46_d16_A)' using Shift Registers.
INFO-FLOW: DBG:CMD:     auto_generate -export -impltomg_flag -rtl both -tool Vivado -pcore_version 1.00.a -phase csynth_design -d /home/sameh/Dropbox/UofT/Research/Work/Designs/debugging/memcached/hls/flashModel_prj/solution1
Execute         source /home/sameh/Dropbox/UofT/Research/Work/Designs/debugging/memcached/hls/flashModel_prj/solution1/.autopilot/db/global.setting.tcl 
INFO-FLOW: DBG:CMD: read_platform_lib /home/sameh/Dropbox/UofT/Research/Work/Designs/debugging/memcached/hls/flashModel_prj/solution1/.autopilot/db/global.setting.tcl
Execute         source /home/sameh/Xilinx/Vivado/2018.3/common/technology/generic/autopilot/common.gen 
Execute           source /home/sameh/Xilinx/Vivado/2018.3/common/technology/generic/autopilot/APCoreGen.gen 
Execute         source /home/sameh/Xilinx/Vivado/2018.3/common/technology/generic/autopilot/op.gen 
Execute         source /home/sameh/Xilinx/Vivado/2018.3/common/technology/generic/autopilot/op_simcore.gen 
Execute         source /home/sameh/Xilinx/Vivado/2018.3/common/technology/generic/autopilot/interface.gen 
Execute         source /home/sameh/Dropbox/UofT/Research/Work/Designs/debugging/memcached/hls/flashModel_prj/solution1/.autopilot/db/global.setting.tcl 
Execute         source /home/sameh/Xilinx/Vivado/2018.3/common/technology/xilinx/kintexu/kintexu.gen 
Execute           source /home/sameh/Xilinx/Vivado/2018.3/common/technology/xilinx/common/virtex.gen 
Execute             source /home/sameh/Xilinx/Vivado/2018.3/common/technology/xilinx/common/xilinx.gen 
Execute               source /home/sameh/Xilinx/Vivado/2018.3/common/technology/xilinx/interface/plb46.gen 
Execute               source /home/sameh/Xilinx/Vivado/2018.3/common/technology/xilinx/interface/fsl.gen 
Execute               source /home/sameh/Xilinx/Vivado/2018.3/common/technology/xilinx/interface/axi4.gen 
Execute               source /home/sameh/Xilinx/Vivado/2018.3/common/technology/xilinx/interface/nativeAXI4.gen 
Execute                 source /home/sameh/Xilinx/Vivado/2018.3/common/technology/xilinx/interface/saxilite.gen 
Execute                 source /home/sameh/Xilinx/Vivado/2018.3/common/technology/xilinx/interface/maxi.gen 
Execute               source /home/sameh/Xilinx/Vivado/2018.3/common/technology/xilinx/scripts/xilinxcoregen.gen 
Execute               source /home/sameh/Xilinx/Vivado/2018.3/common/technology/xilinx/interface/XilEDKCoreGen.gen 
Execute               source /home/sameh/Xilinx/Vivado/2018.3/common/technology/xilinx/ip/dds_compiler.gen 
Execute               source /home/sameh/Xilinx/Vivado/2018.3/common/technology/xilinx/ip/util.gen 
Execute               source /home/sameh/Xilinx/Vivado/2018.3/common/technology/xilinx/ip/xfft.gen 
Execute               source /home/sameh/Xilinx/Vivado/2018.3/common/technology/xilinx/ip/xfir.gen 
Execute             source /home/sameh/Xilinx/Vivado/2018.3/common/technology/xilinx/common/dsp48.gen 
Execute         source /home/sameh/Xilinx/Vivado/2018.3/common/technology/xilinx/kintexu/kintexu_fpv7.gen 
Execute           source /home/sameh/Xilinx/Vivado/2018.3/common/technology/xilinx/common/xilinx_fpv6.gen 
INFO-FLOW: DBG:CMD:       initCTypeInfo top_module=flashModel xml_exists=0
Execute         source /home/sameh/Dropbox/UofT/Research/Work/Designs/debugging/memcached/hls/flashModel_prj/solution1/.autopilot/db/flashModel.rtl_wrap.cfg.tcl 
Execute         source /home/sameh/Dropbox/UofT/Research/Work/Designs/debugging/memcached/hls/flashModel_prj/solution1/.autopilot/db/flashModel.rtl_wrap.cfg.tcl 
Execute         source /home/sameh/Dropbox/UofT/Research/Work/Designs/debugging/memcached/hls/flashModel_prj/solution1/.autopilot/db/flashModel.rtl_wrap.cfg.tcl 
Execute         source /home/sameh/Dropbox/UofT/Research/Work/Designs/debugging/memcached/hls/flashModel_prj/solution1/.autopilot/db/flashModel.tbgen.tcl 
Execute         source /home/sameh/Dropbox/UofT/Research/Work/Designs/debugging/memcached/hls/flashModel_prj/solution1/.autopilot/db/flashModel.tbgen.tcl 
INFO-FLOW: DBG:CMD:       export_impl_rtl
INFO-FLOW: DBG:CMD:       generate_ip_cores sim=0 export=0 expOnly=0 dstVlogDir=impl/.verilog
Execute         source /home/sameh/Dropbox/UofT/Research/Work/Designs/debugging/memcached/hls/flashModel_prj/solution1/.autopilot/db/global.setting.tcl 
Execute         source /home/sameh/Dropbox/UofT/Research/Work/Designs/debugging/memcached/hls/flashModel_prj/solution1/.autopilot/db/flashCmdAggregator.compgen.tcl 
Execute         source /home/sameh/Dropbox/UofT/Research/Work/Designs/debugging/memcached/hls/flashModel_prj/solution1/.autopilot/db/flashMemAccess.compgen.tcl 
Execute         source /home/sameh/Dropbox/UofT/Research/Work/Designs/debugging/memcached/hls/flashModel_prj/solution1/.autopilot/db/flashModel.compgen.tcl 
INFO-FLOW: DBG:CMD:       generate_ip_cores sim=0 export=1 expOnly=1 dstVlogDir=impl/.pcores/verilog
Execute         source /home/sameh/Dropbox/UofT/Research/Work/Designs/debugging/memcached/hls/flashModel_prj/solution1/.autopilot/db/global.setting.tcl 
Execute         source /home/sameh/Dropbox/UofT/Research/Work/Designs/debugging/memcached/hls/flashModel_prj/solution1/.autopilot/db/flashCmdAggregator.compgen.tcl 
Execute         source /home/sameh/Dropbox/UofT/Research/Work/Designs/debugging/memcached/hls/flashModel_prj/solution1/.autopilot/db/flashMemAccess.compgen.tcl 
Execute         source /home/sameh/Dropbox/UofT/Research/Work/Designs/debugging/memcached/hls/flashModel_prj/solution1/.autopilot/db/flashModel.compgen.tcl 
INFO-FLOW: DBG:CMD:       generate_ip_cores sim=0 export=0 expOnly=0 dstVlogDir=impl/.pcores/verilog_sim
Execute         source /home/sameh/Dropbox/UofT/Research/Work/Designs/debugging/memcached/hls/flashModel_prj/solution1/.autopilot/db/global.setting.tcl 
Execute         source /home/sameh/Dropbox/UofT/Research/Work/Designs/debugging/memcached/hls/flashModel_prj/solution1/.autopilot/db/flashCmdAggregator.compgen.tcl 
Execute         source /home/sameh/Dropbox/UofT/Research/Work/Designs/debugging/memcached/hls/flashModel_prj/solution1/.autopilot/db/flashMemAccess.compgen.tcl 
Execute         source /home/sameh/Dropbox/UofT/Research/Work/Designs/debugging/memcached/hls/flashModel_prj/solution1/.autopilot/db/flashModel.compgen.tcl 
Execute         source /home/sameh/Dropbox/UofT/Research/Work/Designs/debugging/memcached/hls/flashModel_prj/solution1/.autopilot/db/global.setting.tcl 
Execute         source /home/sameh/Dropbox/UofT/Research/Work/Designs/debugging/memcached/hls/flashModel_prj/solution1/.autopilot/db/flashModel.constraint.tcl 
Execute         source /home/sameh/Dropbox/UofT/Research/Work/Designs/debugging/memcached/hls/flashModel_prj/solution1/.autopilot/db/flashModel.tbgen.tcl 
INFO-FLOW: DBG:CMD:       hasPcoreIpAdapter=false #gSsdmPorts=8
INFO-FLOW: DBG:CMD: Skipping loadAnalyze_DB, #g_database=4
INFO-FLOW: DBG:CMD:       generate_json is_phase_csynth=1 g_has_adaptors=false generate_bd_files=1 #modelList=5 #gSsdmPorts=8
Execute         source /home/sameh/Dropbox/UofT/Research/Work/Designs/debugging/memcached/hls/flashModel_prj/solution1/.autopilot/db/global.setting.tcl 
Execute         source /home/sameh/Dropbox/UofT/Research/Work/Designs/debugging/memcached/hls/flashModel_prj/solution1/.autopilot/db/global.setting.tcl 
Execute         source /home/sameh/Dropbox/UofT/Research/Work/Designs/debugging/memcached/hls/flashModel_prj/solution1/.autopilot/db/flashModel.tbgen.tcl 
Execute         source /home/sameh/Dropbox/UofT/Research/Work/Designs/debugging/memcached/hls/flashModel_prj/solution1/.autopilot/db/global.setting.tcl 
Execute         get_config_sdx -target 
Execute         get_config_export -xo 
Execute         source /home/sameh/Dropbox/UofT/Research/Work/Designs/debugging/memcached/hls/flashModel_prj/solution1/.autopilot/db/global.setting.tcl 
Execute         source /home/sameh/Dropbox/UofT/Research/Work/Designs/debugging/memcached/hls/flashModel_prj/solution1/.autopilot/db/flashModel.constraint.tcl 
Execute         sc_get_clocks flashModel 
Execute         source /home/sameh/Dropbox/UofT/Research/Work/Designs/debugging/memcached/hls/flashModel_prj/solution1/.autopilot/db/global.setting.tcl 
Execute         get_config_sdx -target 
Execute         get_config_sdx -profile 
Execute         ::config_rtl 
INFO-FLOW: DBG:CMD: add_json_sdx_info kernel file does not exist: /home/sameh/Dropbox/UofT/Research/Work/Designs/debugging/memcached/hls/flashModel_prj/solution1/.autopilot/db/kernel.internal.xml
INFO-FLOW: DBG:CMD:       delete-temp-dirs (skipped for debug)
INFO: [HLS 200-111] Finished generating all RTL models Time (s): cpu = 00:00:12 ; elapsed = 00:00:13 . Memory (MB): peak = 565.867 ; gain = 128.000 ; free physical = 59755 ; free virtual = 176860
INFO: [SYSC 207-301] Generating SystemC RTL for flashModel.
INFO: [VHDL 208-304] Generating VHDL RTL for flashModel.
INFO: [VLOG 209-307] Generating Verilog RTL for flashModel.
Command       autosyn done; 0.8 sec.
Execute       get_part 
Execute       get_config_export -sdx_tcl 
Command     csynth_design done; 12.59 sec.
Execute     export_design -format ip_catalog -display_name Flash Model for the KVS Pipeline -description A BRAM Value Store imitating the I/F of the SSD one. -vendor xilinx.labs -version 1.0 
Execute       get_config_export -acc 
Execute       get_config_export -clock_margin 
Execute       get_config_export -custom_script 
Execute       get_config_export -driver_input_dir 
Execute       get_config_export -ipname 
Execute       get_config_export -kernel_drc 
Execute       get_config_export -library 
Execute       get_config_export -qor_test 
Execute       get_config_export -rtl 
Execute       get_config_export -sdaccel 
Execute       get_config_export -sim 
Execute       get_config_export -taxonomy 
Execute       get_config_export -use_ip 
Execute       get_config_export -use_netlist 
Execute       get_config_export -xo 
Execute       config_export -description=A BRAM Value Store imitating the I/F of the SSD one. -display_name=Flash Model for the KVS Pipeline -format=ip_catalog -vendor=xilinx.labs -version=1.0 
INFO-FLOW: DBG:CMD: export_design_wrap: -format ip_catalog -vendor xilinx.labs -version 1.0 -description {A BRAM Value Store imitating the I/F of the SSD one.} -display_name {Flash Model for the KVS Pipeline}
Execute       source /home/sameh/Dropbox/UofT/Research/Work/Designs/debugging/memcached/hls/flashModel_prj/solution1/.autopilot/db/global.setting.tcl 
Execute       get_config_export -vivado_clock 
Execute       get_top 
Execute       get_config_sdx -target 
Execute       get_config_rtl -auto_prefix 
Execute       get_config_sdx -target 
INFO-FLOW: DBG:CMD:   auto_impl: pack: -export -tool vivado -sdx-target none
Execute       source /home/sameh/Dropbox/UofT/Research/Work/Designs/debugging/memcached/hls/flashModel_prj/solution1/.autopilot/db/global.setting.tcl 
INFO-FLOW: DBG:CMD: read_platform_lib /home/sameh/Dropbox/UofT/Research/Work/Designs/debugging/memcached/hls/flashModel_prj/solution1/.autopilot/db/global.setting.tcl
Execute       source /home/sameh/Xilinx/Vivado/2018.3/common/technology/generic/autopilot/common.gen 
Execute         source /home/sameh/Xilinx/Vivado/2018.3/common/technology/generic/autopilot/APCoreGen.gen 
Execute       source /home/sameh/Xilinx/Vivado/2018.3/common/technology/generic/autopilot/op.gen 
Execute       source /home/sameh/Xilinx/Vivado/2018.3/common/technology/generic/autopilot/op_simcore.gen 
Execute       source /home/sameh/Xilinx/Vivado/2018.3/common/technology/generic/autopilot/interface.gen 
Execute       source /home/sameh/Dropbox/UofT/Research/Work/Designs/debugging/memcached/hls/flashModel_prj/solution1/.autopilot/db/global.setting.tcl 
Execute       source /home/sameh/Xilinx/Vivado/2018.3/common/technology/xilinx/kintexu/kintexu.gen 
Execute         source /home/sameh/Xilinx/Vivado/2018.3/common/technology/xilinx/common/virtex.gen 
Execute           source /home/sameh/Xilinx/Vivado/2018.3/common/technology/xilinx/common/xilinx.gen 
Execute             source /home/sameh/Xilinx/Vivado/2018.3/common/technology/xilinx/interface/plb46.gen 
Execute             source /home/sameh/Xilinx/Vivado/2018.3/common/technology/xilinx/interface/fsl.gen 
Execute             source /home/sameh/Xilinx/Vivado/2018.3/common/technology/xilinx/interface/axi4.gen 
Execute             source /home/sameh/Xilinx/Vivado/2018.3/common/technology/xilinx/interface/nativeAXI4.gen 
Execute               source /home/sameh/Xilinx/Vivado/2018.3/common/technology/xilinx/interface/saxilite.gen 
Execute               source /home/sameh/Xilinx/Vivado/2018.3/common/technology/xilinx/interface/maxi.gen 
Execute             source /home/sameh/Xilinx/Vivado/2018.3/common/technology/xilinx/scripts/xilinxcoregen.gen 
Execute             source /home/sameh/Xilinx/Vivado/2018.3/common/technology/xilinx/interface/XilEDKCoreGen.gen 
Execute             source /home/sameh/Xilinx/Vivado/2018.3/common/technology/xilinx/ip/dds_compiler.gen 
Execute             source /home/sameh/Xilinx/Vivado/2018.3/common/technology/xilinx/ip/util.gen 
Execute             source /home/sameh/Xilinx/Vivado/2018.3/common/technology/xilinx/ip/xfft.gen 
Execute             source /home/sameh/Xilinx/Vivado/2018.3/common/technology/xilinx/ip/xfir.gen 
Execute           source /home/sameh/Xilinx/Vivado/2018.3/common/technology/xilinx/common/dsp48.gen 
Execute       source /home/sameh/Xilinx/Vivado/2018.3/common/technology/xilinx/kintexu/kintexu_fpv7.gen 
Execute         source /home/sameh/Xilinx/Vivado/2018.3/common/technology/xilinx/common/xilinx_fpv6.gen 
Execute       source /home/sameh/Dropbox/UofT/Research/Work/Designs/debugging/memcached/hls/flashModel_prj/solution1/.autopilot/db/global.setting.tcl 
INFO: [IMPL 213-8] Exporting RTL as a Vivado IP.
Execute       source /home/sameh/Dropbox/UofT/Research/Work/Designs/debugging/memcached/hls/flashModel_prj/solution1/.autopilot/db/global.setting.tcl 
INFO-FLOW: DBG:CMD: automg_wrap -export -pcore_version 1.00.a -rtl both -sdx-target none -tool Vivado -impltomg_flag
INFO-FLOW: DBG:CMD:     auto_generate -export -pcore_version 1.00.a -rtl both -sdx-target none -tool Vivado -impltomg_flag
Execute       source /home/sameh/Dropbox/UofT/Research/Work/Designs/debugging/memcached/hls/flashModel_prj/solution1/.autopilot/db/global.setting.tcl 
INFO-FLOW: DBG:CMD: read_platform_lib /home/sameh/Dropbox/UofT/Research/Work/Designs/debugging/memcached/hls/flashModel_prj/solution1/.autopilot/db/global.setting.tcl
Execute       source /home/sameh/Xilinx/Vivado/2018.3/common/technology/generic/autopilot/common.gen 
Execute         source /home/sameh/Xilinx/Vivado/2018.3/common/technology/generic/autopilot/APCoreGen.gen 
Execute       source /home/sameh/Xilinx/Vivado/2018.3/common/technology/generic/autopilot/op.gen 
Execute       source /home/sameh/Xilinx/Vivado/2018.3/common/technology/generic/autopilot/op_simcore.gen 
Execute       source /home/sameh/Xilinx/Vivado/2018.3/common/technology/generic/autopilot/interface.gen 
Execute       source /home/sameh/Dropbox/UofT/Research/Work/Designs/debugging/memcached/hls/flashModel_prj/solution1/.autopilot/db/global.setting.tcl 
Execute       source /home/sameh/Xilinx/Vivado/2018.3/common/technology/xilinx/kintexu/kintexu.gen 
Execute         source /home/sameh/Xilinx/Vivado/2018.3/common/technology/xilinx/common/virtex.gen 
Execute           source /home/sameh/Xilinx/Vivado/2018.3/common/technology/xilinx/common/xilinx.gen 
Execute             source /home/sameh/Xilinx/Vivado/2018.3/common/technology/xilinx/interface/plb46.gen 
Execute             source /home/sameh/Xilinx/Vivado/2018.3/common/technology/xilinx/interface/fsl.gen 
Execute             source /home/sameh/Xilinx/Vivado/2018.3/common/technology/xilinx/interface/axi4.gen 
Execute             source /home/sameh/Xilinx/Vivado/2018.3/common/technology/xilinx/interface/nativeAXI4.gen 
Execute               source /home/sameh/Xilinx/Vivado/2018.3/common/technology/xilinx/interface/saxilite.gen 
Execute               source /home/sameh/Xilinx/Vivado/2018.3/common/technology/xilinx/interface/maxi.gen 
Execute             source /home/sameh/Xilinx/Vivado/2018.3/common/technology/xilinx/scripts/xilinxcoregen.gen 
Execute             source /home/sameh/Xilinx/Vivado/2018.3/common/technology/xilinx/interface/XilEDKCoreGen.gen 
Execute             source /home/sameh/Xilinx/Vivado/2018.3/common/technology/xilinx/ip/dds_compiler.gen 
Execute             source /home/sameh/Xilinx/Vivado/2018.3/common/technology/xilinx/ip/util.gen 
Execute             source /home/sameh/Xilinx/Vivado/2018.3/common/technology/xilinx/ip/xfft.gen 
Execute             source /home/sameh/Xilinx/Vivado/2018.3/common/technology/xilinx/ip/xfir.gen 
Execute           source /home/sameh/Xilinx/Vivado/2018.3/common/technology/xilinx/common/dsp48.gen 
Execute       source /home/sameh/Xilinx/Vivado/2018.3/common/technology/xilinx/kintexu/kintexu_fpv7.gen 
Execute         source /home/sameh/Xilinx/Vivado/2018.3/common/technology/xilinx/common/xilinx_fpv6.gen 
INFO-FLOW: DBG:CMD:       export_impl_rtl
INFO-FLOW: DBG:CMD:       generate_ip_cores sim=0 export=0 expOnly=0 dstVlogDir=impl/.verilog
Execute       source /home/sameh/Dropbox/UofT/Research/Work/Designs/debugging/memcached/hls/flashModel_prj/solution1/.autopilot/db/global.setting.tcl 
Execute       source /home/sameh/Dropbox/UofT/Research/Work/Designs/debugging/memcached/hls/flashModel_prj/solution1/.autopilot/db/flashCmdAggregator.compgen.tcl 
Execute       source /home/sameh/Dropbox/UofT/Research/Work/Designs/debugging/memcached/hls/flashModel_prj/solution1/.autopilot/db/flashMemAccess.compgen.tcl 
Execute       source /home/sameh/Dropbox/UofT/Research/Work/Designs/debugging/memcached/hls/flashModel_prj/solution1/.autopilot/db/flashModel.compgen.tcl 
INFO-FLOW: DBG:CMD:       generate_ip_cores sim=0 export=1 expOnly=1 dstVlogDir=impl/.pcores/verilog
Execute       source /home/sameh/Dropbox/UofT/Research/Work/Designs/debugging/memcached/hls/flashModel_prj/solution1/.autopilot/db/global.setting.tcl 
Execute       source /home/sameh/Dropbox/UofT/Research/Work/Designs/debugging/memcached/hls/flashModel_prj/solution1/.autopilot/db/flashCmdAggregator.compgen.tcl 
Execute       source /home/sameh/Dropbox/UofT/Research/Work/Designs/debugging/memcached/hls/flashModel_prj/solution1/.autopilot/db/flashMemAccess.compgen.tcl 
Execute       source /home/sameh/Dropbox/UofT/Research/Work/Designs/debugging/memcached/hls/flashModel_prj/solution1/.autopilot/db/flashModel.compgen.tcl 
INFO-FLOW: DBG:CMD:       generate_ip_cores sim=0 export=0 expOnly=0 dstVlogDir=impl/.pcores/verilog_sim
Execute       source /home/sameh/Dropbox/UofT/Research/Work/Designs/debugging/memcached/hls/flashModel_prj/solution1/.autopilot/db/global.setting.tcl 
Execute       source /home/sameh/Dropbox/UofT/Research/Work/Designs/debugging/memcached/hls/flashModel_prj/solution1/.autopilot/db/flashCmdAggregator.compgen.tcl 
Execute       source /home/sameh/Dropbox/UofT/Research/Work/Designs/debugging/memcached/hls/flashModel_prj/solution1/.autopilot/db/flashMemAccess.compgen.tcl 
Execute       source /home/sameh/Dropbox/UofT/Research/Work/Designs/debugging/memcached/hls/flashModel_prj/solution1/.autopilot/db/flashModel.compgen.tcl 
Execute       source /home/sameh/Dropbox/UofT/Research/Work/Designs/debugging/memcached/hls/flashModel_prj/solution1/.autopilot/db/global.setting.tcl 
Execute       source /home/sameh/Dropbox/UofT/Research/Work/Designs/debugging/memcached/hls/flashModel_prj/solution1/.autopilot/db/flashModel.constraint.tcl 
Execute       source /home/sameh/Dropbox/UofT/Research/Work/Designs/debugging/memcached/hls/flashModel_prj/solution1/.autopilot/db/flashModel.tbgen.tcl 
INFO-FLOW: DBG:CMD:       hasPcoreIpAdapter=false #gSsdmPorts=8
INFO-FLOW: DBG:CMD: Skipping loadAnalyze_DB, #g_database=4
INFO-FLOW: DBG:CMD:       generate_json is_phase_csynth=0 g_has_adaptors=false generate_bd_files=1 #modelList=5 #gSsdmPorts=8
Execute       source /home/sameh/Dropbox/UofT/Research/Work/Designs/debugging/memcached/hls/flashModel_prj/solution1/.autopilot/db/global.setting.tcl 
Execute       source /home/sameh/Dropbox/UofT/Research/Work/Designs/debugging/memcached/hls/flashModel_prj/solution1/.autopilot/db/global.setting.tcl 
Execute       source /home/sameh/Dropbox/UofT/Research/Work/Designs/debugging/memcached/hls/flashModel_prj/solution1/.autopilot/db/flashModel.tbgen.tcl 
Execute       source /home/sameh/Dropbox/UofT/Research/Work/Designs/debugging/memcached/hls/flashModel_prj/solution1/.autopilot/db/global.setting.tcl 
Execute       get_config_sdx -target 
Execute       get_config_export -xo 
Execute       source /home/sameh/Dropbox/UofT/Research/Work/Designs/debugging/memcached/hls/flashModel_prj/solution1/.autopilot/db/global.setting.tcl 
Execute       source /home/sameh/Dropbox/UofT/Research/Work/Designs/debugging/memcached/hls/flashModel_prj/solution1/.autopilot/db/flashModel.constraint.tcl 
Execute       sc_get_clocks flashModel 
Execute       source /home/sameh/Dropbox/UofT/Research/Work/Designs/debugging/memcached/hls/flashModel_prj/solution1/.autopilot/db/global.setting.tcl 
Execute       get_config_sdx -target 
Execute       get_config_sdx -profile 
Execute       ::config_rtl 
INFO-FLOW: DBG:CMD: add_json_sdx_info kernel file does not exist: /home/sameh/Dropbox/UofT/Research/Work/Designs/debugging/memcached/hls/flashModel_prj/solution1/.autopilot/db/kernel.internal.xml
INFO-FLOW: DBG:CMD:       generate_ip_script #gSsdmPorts=8
Execute       source /home/sameh/Dropbox/UofT/Research/Work/Designs/debugging/memcached/hls/flashModel_prj/solution1/.autopilot/db/flashModel.tbgen.tcl 
Execute       source /home/sameh/Dropbox/UofT/Research/Work/Designs/debugging/memcached/hls/flashModel_prj/solution1/.autopilot/db/global.setting.tcl 
Execute       get_config_sdx -target 
INFO-FLOW: DBG:CMD:       generate_ip_auxiliary
Execute       source /home/sameh/Dropbox/UofT/Research/Work/Designs/debugging/memcached/hls/flashModel_prj/solution1/.autopilot/db/global.setting.tcl 
INFO-FLOW: DBG:CMD:       prepArgInfo -> loadAnalyze_DB top_module=flashModel
Execute       source /home/sameh/Dropbox/UofT/Research/Work/Designs/debugging/memcached/hls/flashModel_prj/solution1/.autopilot/db/flashModel.rtl_wrap.cfg.tcl 
Execute       source /home/sameh/Dropbox/UofT/Research/Work/Designs/debugging/memcached/hls/flashModel_prj/solution1/.autopilot/db/flashModel.rtl_wrap.cfg.tcl 
Execute       source /home/sameh/Dropbox/UofT/Research/Work/Designs/debugging/memcached/hls/flashModel_prj/solution1/.autopilot/db/flashModel.rtl_wrap.cfg.tcl 
Execute       source /home/sameh/Dropbox/UofT/Research/Work/Designs/debugging/memcached/hls/flashModel_prj/solution1/.autopilot/db/flashModel.tbgen.tcl 
Execute       source /home/sameh/Dropbox/UofT/Research/Work/Designs/debugging/memcached/hls/flashModel_prj/solution1/.autopilot/db/flashModel.tbgen.tcl 
Execute       source /home/sameh/Dropbox/UofT/Research/Work/Designs/debugging/memcached/hls/flashModel_prj/solution1/.autopilot/db/flashModel.tbgen.tcl 
INFO-FLOW: DBG:CMD:       generate_top_info
INFO-FLOW: DBG:CMD:       prepArgInfo -> loadAnalyze_DB top_module=flashModel
Execute       source /home/sameh/Dropbox/UofT/Research/Work/Designs/debugging/memcached/hls/flashModel_prj/solution1/.autopilot/db/flashModel.rtl_wrap.cfg.tcl 
Execute       source /home/sameh/Dropbox/UofT/Research/Work/Designs/debugging/memcached/hls/flashModel_prj/solution1/.autopilot/db/flashModel.rtl_wrap.cfg.tcl 
Execute       source /home/sameh/Dropbox/UofT/Research/Work/Designs/debugging/memcached/hls/flashModel_prj/solution1/.autopilot/db/flashModel.rtl_wrap.cfg.tcl 
Execute       source /home/sameh/Dropbox/UofT/Research/Work/Designs/debugging/memcached/hls/flashModel_prj/solution1/.autopilot/db/flashModel.tbgen.tcl 
Execute       source /home/sameh/Dropbox/UofT/Research/Work/Designs/debugging/memcached/hls/flashModel_prj/solution1/.autopilot/db/flashModel.tbgen.tcl 
INFO-FLOW: DBG:CMD:       generate_ip_bd_script
Execute       source /home/sameh/Dropbox/UofT/Research/Work/Designs/debugging/memcached/hls/flashModel_prj/solution1/.autopilot/db/flashModel.tbgen.tcl 
Execute       source /home/sameh/Dropbox/UofT/Research/Work/Designs/debugging/memcached/hls/flashModel_prj/solution1/.autopilot/db/global.setting.tcl 
Execute       source /home/sameh/Dropbox/UofT/Research/Work/Designs/debugging/memcached/hls/flashModel_prj/solution1/.autopilot/db/flashModel.constraint.tcl 
INFO-FLOW: DBG:CMD:       generate_ipi_example_script
INFO-FLOW: DBG:CMD:       generate_syn_sh
Execute       source /home/sameh/Dropbox/UofT/Research/Work/Designs/debugging/memcached/hls/flashModel_prj/solution1/.autopilot/db/global.setting.tcl 
Execute       source /home/sameh/Dropbox/UofT/Research/Work/Designs/debugging/memcached/hls/flashModel_prj/solution1/.autopilot/db/global.setting.tcl 
INFO-FLOW: DBG:CMD:       generate_imp_constraints
Execute       source /home/sameh/Dropbox/UofT/Research/Work/Designs/debugging/memcached/hls/flashModel_prj/solution1/.autopilot/db/flashModel.constraint.tcl 
Execute       source /home/sameh/Dropbox/UofT/Research/Work/Designs/debugging/memcached/hls/flashModel_prj/solution1/.autopilot/db/flashModel.tbgen.tcl 
Execute       source /home/sameh/Dropbox/UofT/Research/Work/Designs/debugging/memcached/hls/flashModel_prj/solution1/.autopilot/db/flashModel.constraint.tcl 
Execute       source /home/sameh/Dropbox/UofT/Research/Work/Designs/debugging/memcached/hls/flashModel_prj/solution1/.autopilot/db/flashModel.tbgen.tcl 
INFO-FLOW: DBG:CMD:       copy-tb-rtl-files
INFO-FLOW: DBG:CMD:       copy-tb-data-files
INFO-FLOW: DBG:CMD:       delete-temp-dirs (skipped for debug)
INFO-FLOW: DBG:CMD: read_platform_lib /home/sameh/Dropbox/UofT/Research/Work/Designs/debugging/memcached/hls/flashModel_prj/solution1/.autopilot/db/global.setting.tcl
Execute       source /home/sameh/Xilinx/Vivado/2018.3/common/technology/generic/autopilot/common.gen 
Execute         source /home/sameh/Xilinx/Vivado/2018.3/common/technology/generic/autopilot/APCoreGen.gen 
Execute       source /home/sameh/Xilinx/Vivado/2018.3/common/technology/generic/autopilot/op.gen 
Execute       source /home/sameh/Xilinx/Vivado/2018.3/common/technology/generic/autopilot/op_simcore.gen 
Execute       source /home/sameh/Xilinx/Vivado/2018.3/common/technology/generic/autopilot/interface.gen 
Execute       source /home/sameh/Dropbox/UofT/Research/Work/Designs/debugging/memcached/hls/flashModel_prj/solution1/.autopilot/db/global.setting.tcl 
Execute       source /home/sameh/Xilinx/Vivado/2018.3/common/technology/xilinx/kintexu/kintexu.gen 
Execute         source /home/sameh/Xilinx/Vivado/2018.3/common/technology/xilinx/common/virtex.gen 
Execute           source /home/sameh/Xilinx/Vivado/2018.3/common/technology/xilinx/common/xilinx.gen 
Execute             source /home/sameh/Xilinx/Vivado/2018.3/common/technology/xilinx/interface/plb46.gen 
Execute             source /home/sameh/Xilinx/Vivado/2018.3/common/technology/xilinx/interface/fsl.gen 
Execute             source /home/sameh/Xilinx/Vivado/2018.3/common/technology/xilinx/interface/axi4.gen 
Execute             source /home/sameh/Xilinx/Vivado/2018.3/common/technology/xilinx/interface/nativeAXI4.gen 
Execute               source /home/sameh/Xilinx/Vivado/2018.3/common/technology/xilinx/interface/saxilite.gen 
Execute               source /home/sameh/Xilinx/Vivado/2018.3/common/technology/xilinx/interface/maxi.gen 
Execute             source /home/sameh/Xilinx/Vivado/2018.3/common/technology/xilinx/scripts/xilinxcoregen.gen 
Execute             source /home/sameh/Xilinx/Vivado/2018.3/common/technology/xilinx/interface/XilEDKCoreGen.gen 
Execute             source /home/sameh/Xilinx/Vivado/2018.3/common/technology/xilinx/ip/dds_compiler.gen 
Execute             source /home/sameh/Xilinx/Vivado/2018.3/common/technology/xilinx/ip/util.gen 
Execute             source /home/sameh/Xilinx/Vivado/2018.3/common/technology/xilinx/ip/xfft.gen 
Execute             source /home/sameh/Xilinx/Vivado/2018.3/common/technology/xilinx/ip/xfir.gen 
Execute           source /home/sameh/Xilinx/Vivado/2018.3/common/technology/xilinx/common/dsp48.gen 
Execute       source /home/sameh/Xilinx/Vivado/2018.3/common/technology/xilinx/kintexu/kintexu_fpv7.gen 
Execute         source /home/sameh/Xilinx/Vivado/2018.3/common/technology/xilinx/common/xilinx_fpv6.gen 
INFO-FLOW: DBG:CMD:     exec /home/sameh/Dropbox/UofT/Research/Work/Designs/debugging/memcached/hls/flashModel_prj/solution1/impl/ip/pack.sh
Command     export_design done; 8.97 sec.
Execute     cleanup_all 
