

================================================================
== Vivado HLS Report for 'flashModel'
================================================================
* Date:           Wed Oct 14 13:19:00 2020

* Version:        2018.3 (Build 2405991 on Thu Dec 06 23:56:15 MST 2018)
* Project:        flashModel_prj
* Solution:       solution1
* Product family: kintexu
* Target device:  xcku040-ffva1156-2-e


================================================================
== Performance Estimates
================================================================
+ Timing (ns): 
    * Summary: 
    +--------+-------+----------+------------+
    |  Clock | Target| Estimated| Uncertainty|
    +--------+-------+----------+------------+
    |ap_clk  |   6.40|     3.183|        0.80|
    +--------+-------+----------+------------+

+ Latency (clock cycles): 
    * Summary: 
    +-----+-----+-----+-----+----------+
    |  Latency  |  Interval | Pipeline |
    | min | max | min | max |   Type   |
    +-----+-----+-----+-----+----------+
    |    3|    3|    1|    1| dataflow |
    +-----+-----+-----+-----+----------+

    + Detail: 
        * Instance: 
        +-----------------------+--------------------+-----+-----+-----+-----+----------+
        |                       |                    |  Latency  |  Interval | Pipeline |
        |        Instance       |       Module       | min | max | min | max |   Type   |
        +-----------------------+--------------------+-----+-----+-----+-----+----------+
        |flashMemAccess_U0      |flashMemAccess      |    2|    2|    1|    1| function |
        |flashCmdAggregator_U0  |flashCmdAggregator  |    0|    0|    0|    0|   none   |
        +-----------------------+--------------------+-----+-----+-----+-----+----------+

        * Loop: 
        N/A



================================================================
== Utilization Estimates
================================================================
* Summary: 
+-----------------+---------+-------+--------+--------+
|       Name      | BRAM_18K| DSP48E|   FF   |   LUT  |
+-----------------+---------+-------+--------+--------+
|DSP              |        -|      -|       -|       -|
|Expression       |        -|      -|       -|       -|
|FIFO             |        3|      -|      62|      54|
|Instance         |      228|      -|     191|     280|
|Memory           |        -|      -|       -|       -|
|Multiplexer      |        -|      -|       -|       -|
|Register         |        -|      -|       -|       -|
+-----------------+---------+-------+--------+--------+
|Total            |      231|      0|     253|     334|
+-----------------+---------+-------+--------+--------+
|Available        |     1200|   1920|  484800|  242400|
+-----------------+---------+-------+--------+--------+
|Utilization (%)  |       19|      0|   ~0   |   ~0   |
+-----------------+---------+-------+--------+--------+

+ Detail: 
    * Instance: 
    +-----------------------+--------------------+---------+-------+-----+-----+
    |        Instance       |       Module       | BRAM_18K| DSP48E|  FF | LUT |
    +-----------------------+--------------------+---------+-------+-----+-----+
    |flashCmdAggregator_U0  |flashCmdAggregator  |        0|      0|    2|   57|
    |flashMemAccess_U0      |flashMemAccess      |      228|      0|  189|  223|
    +-----------------------+--------------------+---------+-------+-----+-----+
    |Total                  |                    |      228|      0|  191|  280|
    +-----------------------+--------------------+---------+-------+-----+-----+

    * DSP48: 
    N/A

    * Memory: 
    N/A

    * FIFO: 
    +--------------------------+---------+----+----+------+-----+---------+
    |           Name           | BRAM_18K| FF | LUT| Depth| Bits| Size:D*B|
    +--------------------------+---------+----+----+------+-----+---------+
    |flashAggregateMemCmd_1_U  |        3|  62|  54|    16|   46|      736|
    +--------------------------+---------+----+----+------+-----+---------+
    |Total                     |        3|  62|  54|    16|   46|      736|
    +--------------------------+---------+----+----+------+-----+---------+

    * Expression: 
    N/A

    * Multiplexer: 
    N/A

    * Register: 
    N/A



================================================================
== Interface
================================================================
* Summary: 
+----------------------+-----+-----+--------------+---------------+--------------+
|       RTL Ports      | Dir | Bits|   Protocol   | Source Object |    C Type    |
+----------------------+-----+-----+--------------+---------------+--------------+
|rdCmdIn_V_TDATA       |  in |   48|     axis     |   rdCmdIn_V   |    pointer   |
|rdCmdIn_V_TVALID      |  in |    1|     axis     |   rdCmdIn_V   |    pointer   |
|rdCmdIn_V_TREADY      | out |    1|     axis     |   rdCmdIn_V   |    pointer   |
|rdDataOut_V_V_TDATA   | out |   64|     axis     | rdDataOut_V_V |    pointer   |
|rdDataOut_V_V_TVALID  | out |    1|     axis     | rdDataOut_V_V |    pointer   |
|rdDataOut_V_V_TREADY  |  in |    1|     axis     | rdDataOut_V_V |    pointer   |
|wrCmdIn_V_TDATA       |  in |   48|     axis     |   wrCmdIn_V   |    pointer   |
|wrCmdIn_V_TVALID      |  in |    1|     axis     |   wrCmdIn_V   |    pointer   |
|wrCmdIn_V_TREADY      | out |    1|     axis     |   wrCmdIn_V   |    pointer   |
|wrDataIn_V_V_TDATA    |  in |   64|     axis     |  wrDataIn_V_V |    pointer   |
|wrDataIn_V_V_TVALID   |  in |    1|     axis     |  wrDataIn_V_V |    pointer   |
|wrDataIn_V_V_TREADY   | out |    1|     axis     |  wrDataIn_V_V |    pointer   |
|ap_clk                |  in |    1| ap_ctrl_none |   flashModel  | return value |
|ap_rst_n              |  in |    1| ap_ctrl_none |   flashModel  | return value |
+----------------------+-----+-----+--------------+---------------+--------------+

============================================================
+ Verbose Summary: Synthesis Manager
============================================================
InlineROM: 1
ExposeGlobal: 0
============================================================
+ Verbose Summary: CDFG Model
============================================================
IsTopModel: 1
ResetActiveHigh: 1
IsCombinational: 2
IsDatapathOnly: 2
HasWiredReturn: 1
HasMFsm: 0
HasVarLatency: 1
IsPipeline: 0
IsRtlPipelined: 0
IsInstanceOverlapped: 0
IsDontTouch: 0
HasImplIP: 0
IsGatedGlobalClock: 0


============================================================
+ Verbose Summary: Schedule
============================================================
* Number of FSM states : 5
* Pipeline : 0
* Dataflow Pipeline: 1
  DF-Pipeline-0: Size = 5, States = { 1 2 3 4 5 }

* FSM state transitions: 
1 --> 
	2  / true
2 --> 
	3  / true
3 --> 
	4  / true
4 --> 
	5  / true
5 --> 

* FSM state operations: 

State 1 <SV = 0> <Delay = 2.26>
ST_1 : Operation 6 [1/1] (2.26ns)   --->   "call fastcc void @flashCmdAggregator(i48* %rdCmdIn_V, i48* %wrCmdIn_V)"   --->   Operation 6 'call' <Predicate = true> <Delay = 2.26> <CoreType = "Generic">   --->   Core 0 '' <Latency = 0> <II = 1> <Delay = 1.00> <Generic> <Opcode : >

State 2 <SV = 1> <Delay = 1.77>
ST_2 : Operation 7 [3/3] (1.77ns)   --->   "call fastcc void @flashMemAccess(i64* %rdDataOut_V_V, i64* %wrDataIn_V_V) noinline" [src/otherModules/flashModel/flashModel.cpp:118]   --->   Operation 7 'call' <Predicate = true> <Delay = 1.77> <CoreType = "Generic">   --->   Core 0 '' <Latency = 0> <II = 1> <Delay = 1.00> <Generic> <Opcode : >

State 3 <SV = 2> <Delay = 3.18>
ST_3 : Operation 8 [2/3] (3.18ns)   --->   "call fastcc void @flashMemAccess(i64* %rdDataOut_V_V, i64* %wrDataIn_V_V) noinline" [src/otherModules/flashModel/flashModel.cpp:118]   --->   Operation 8 'call' <Predicate = true> <Delay = 3.18> <CoreType = "Generic">   --->   Core 0 '' <Latency = 0> <II = 1> <Delay = 1.00> <Generic> <Opcode : >

State 4 <SV = 3> <Delay = 0.00>
ST_4 : Operation 9 [1/3] (0.00ns)   --->   "call fastcc void @flashMemAccess(i64* %rdDataOut_V_V, i64* %wrDataIn_V_V) noinline" [src/otherModules/flashModel/flashModel.cpp:118]   --->   Operation 9 'call' <Predicate = true> <Delay = 0.00> <CoreType = "Generic">   --->   Core 0 '' <Latency = 0> <II = 1> <Delay = 1.00> <Generic> <Opcode : >

State 5 <SV = 4> <Delay = 0.00>
ST_5 : Operation 10 [1/1] (0.00ns)   --->   "call void (...)* @_ssdm_op_SpecDataflowPipeline(i32 -1, i32 0, [1 x i8]* @p_str) nounwind" [src/otherModules/flashModel/flashModel.cpp:96]   --->   Operation 10 'specdataflowpipeline' <Predicate = true> <Delay = 0.00>
ST_5 : Operation 11 [1/1] (0.00ns)   --->   "%empty = call i32 (...)* @_ssdm_op_SpecChannel([23 x i8]* @flashAggregateMemCmd, i32 1, [1 x i8]* @p_str, [1 x i8]* @p_str, i32 16, i32 16, i46* @flashAggregateMemCmd_1, i46* @flashAggregateMemCmd_1)"   --->   Operation 11 'specchannel' 'empty' <Predicate = true> <Delay = 0.00>
ST_5 : Operation 12 [1/1] (0.00ns)   --->   "call void (...)* @_ssdm_op_SpecInterface(i46* @flashAggregateMemCmd_1, [8 x i8]* @ap_fifo_str, i32 0, i32 0, [1 x i8]* @p_str, i32 0, i32 0, [1 x i8]* @p_str, [1 x i8]* @p_str, [1 x i8]* @p_str, i32 2, i32 2, i32 16, i32 16, [1 x i8]* @p_str, [1 x i8]* @p_str)"   --->   Operation 12 'specinterface' <Predicate = true> <Delay = 0.00>
ST_5 : Operation 13 [1/1] (0.00ns)   --->   "call void (...)* @_ssdm_op_SpecBitsMap(i48* %wrCmdIn_V), !map !85"   --->   Operation 13 'specbitsmap' <Predicate = true> <Delay = 0.00>
ST_5 : Operation 14 [1/1] (0.00ns)   --->   "call void (...)* @_ssdm_op_SpecBitsMap(i48* %rdCmdIn_V), !map !92"   --->   Operation 14 'specbitsmap' <Predicate = true> <Delay = 0.00>
ST_5 : Operation 15 [1/1] (0.00ns)   --->   "call void (...)* @_ssdm_op_SpecBitsMap(i64* %rdDataOut_V_V), !map !99"   --->   Operation 15 'specbitsmap' <Predicate = true> <Delay = 0.00>
ST_5 : Operation 16 [1/1] (0.00ns)   --->   "call void (...)* @_ssdm_op_SpecBitsMap(i64* %wrDataIn_V_V), !map !103"   --->   Operation 16 'specbitsmap' <Predicate = true> <Delay = 0.00>
ST_5 : Operation 17 [1/1] (0.00ns)   --->   "call void (...)* @_ssdm_op_SpecTopModule([11 x i8]* @flashModel_str) nounwind"   --->   Operation 17 'spectopmodule' <Predicate = true> <Delay = 0.00>
ST_5 : Operation 18 [1/1] (0.00ns)   --->   "call void (...)* @_ssdm_op_SpecInterface(i32 0, [13 x i8]* @p_str2, i32 0, i32 0, [1 x i8]* @p_str, i32 0, i32 0, [1 x i8]* @p_str, [1 x i8]* @p_str, [1 x i8]* @p_str, i32 0, i32 0, i32 0, i32 0, [1 x i8]* @p_str, [1 x i8]* @p_str) nounwind" [src/otherModules/flashModel/flashModel.cpp:94]   --->   Operation 18 'specinterface' <Predicate = true> <Delay = 0.00>
ST_5 : Operation 19 [1/1] (0.00ns)   --->   "call void (...)* @_ssdm_op_SpecInterface(i48* %rdCmdIn_V, [5 x i8]* @p_str3, i32 1, i32 1, [5 x i8]* @p_str4, i32 0, i32 0, [1 x i8]* @p_str, [1 x i8]* @p_str, [1 x i8]* @p_str, i32 0, i32 0, i32 0, i32 0, [1 x i8]* @p_str, [1 x i8]* @p_str)"   --->   Operation 19 'specinterface' <Predicate = true> <Delay = 0.00>
ST_5 : Operation 20 [1/1] (0.00ns)   --->   "call void (...)* @_ssdm_op_SpecInterface(i64* %rdDataOut_V_V, [5 x i8]* @p_str3, i32 1, i32 1, [5 x i8]* @p_str4, i32 0, i32 0, [1 x i8]* @p_str, [1 x i8]* @p_str, [1 x i8]* @p_str, i32 0, i32 0, i32 0, i32 0, [1 x i8]* @p_str, [1 x i8]* @p_str) nounwind" [src/otherModules/flashModel/flashModel.cpp:107]   --->   Operation 20 'specinterface' <Predicate = true> <Delay = 0.00>
ST_5 : Operation 21 [1/1] (0.00ns)   --->   "call void (...)* @_ssdm_op_SpecInterface(i48* %wrCmdIn_V, [5 x i8]* @p_str3, i32 1, i32 1, [5 x i8]* @p_str4, i32 0, i32 0, [1 x i8]* @p_str, [1 x i8]* @p_str, [1 x i8]* @p_str, i32 0, i32 0, i32 0, i32 0, [1 x i8]* @p_str, [1 x i8]* @p_str)"   --->   Operation 21 'specinterface' <Predicate = true> <Delay = 0.00>
ST_5 : Operation 22 [1/1] (0.00ns)   --->   "call void (...)* @_ssdm_op_SpecInterface(i64* %wrDataIn_V_V, [5 x i8]* @p_str3, i32 1, i32 1, [5 x i8]* @p_str4, i32 0, i32 0, [1 x i8]* @p_str, [1 x i8]* @p_str, [1 x i8]* @p_str, i32 0, i32 0, i32 0, i32 0, [1 x i8]* @p_str, [1 x i8]* @p_str) nounwind" [src/otherModules/flashModel/flashModel.cpp:109]   --->   Operation 22 'specinterface' <Predicate = true> <Delay = 0.00>
ST_5 : Operation 23 [1/1] (0.00ns)   --->   "ret void" [src/otherModules/flashModel/flashModel.cpp:119]   --->   Operation 23 'ret' <Predicate = true> <Delay = 0.00>


============================================================
+ Verbose Summary: Binding
============================================================
STG Binding: 
---------------- STG Properties BEGIN ----------------
- Is combinational: 0
- Is one-state seq: 0
- Is datapath-only: 0
- Is pipelined: 0
- Is top level: 1
Port [ Return ] is wired: 1; IO mode=ap_ctrl_none:ce=0
Port [ rdCmdIn_V]:  wired=1; compound=1; hidden=0; nouse=0; global=0; static=0; extern=0; dir=0; type=0; pingpong=0; private_global=0; IO mode=axis:ce=0
Port [ rdDataOut_V_V]:  wired=1; compound=1; hidden=0; nouse=0; global=0; static=0; extern=0; dir=1; type=0; pingpong=0; private_global=0; IO mode=axis:ce=0
Port [ wrCmdIn_V]:  wired=1; compound=1; hidden=0; nouse=0; global=0; static=0; extern=0; dir=0; type=0; pingpong=0; private_global=0; IO mode=axis:ce=0
Port [ wrDataIn_V_V]:  wired=1; compound=1; hidden=0; nouse=0; global=0; static=0; extern=0; dir=0; type=0; pingpong=0; private_global=0; IO mode=axis:ce=0
Port [ flashAggregateMemCmd_1]:  wired=0; compound=1; hidden=1; nouse=0; global=1; static=1; extern=0; dir=2; type=3; pingpong=0; private_global=1; linkage=7; visibility=0; IO mode=ap_fifo:ce=0
Port [ memState]:  wired=0; compound=0; hidden=1; nouse=1; global=1; static=1; extern=0; dir=2; type=0; pingpong=0; private_global=0; linkage=7; visibility=0; IO mode=ap_ovld:ce=0
Port [ inputWord_address_V]:  wired=0; compound=0; hidden=1; nouse=1; global=1; static=1; extern=0; dir=2; type=0; pingpong=0; private_global=0; linkage=7; visibility=0; IO mode=ap_ovld:ce=0
Port [ inputWord_count_V]:  wired=0; compound=0; hidden=1; nouse=1; global=1; static=1; extern=0; dir=2; type=0; pingpong=0; private_global=0; linkage=7; visibility=0; IO mode=ap_ovld:ce=0
Port [ inputWord_rdOrWr_V]:  wired=0; compound=0; hidden=1; nouse=1; global=1; static=1; extern=0; dir=2; type=0; pingpong=0; private_global=0; linkage=7; visibility=0; IO mode=ap_ovld:ce=0
Port [ memArray_V]:  wired=0; compound=1; hidden=1; nouse=1; global=1; static=1; extern=0; dir=2; type=1; pingpong=0; private_global=0; linkage=7; visibility=0; MemPort=[23]; IO mode=ap_memory:ce=0
---------------- STG Properties END ------------------

---------------- Datapath Model BEGIN ----------------

<LifeTime>
<method=bitvector/>
StgValue_6  (call                ) [ 000000]
StgValue_9  (call                ) [ 000000]
StgValue_10 (specdataflowpipeline) [ 000000]
empty       (specchannel         ) [ 000000]
StgValue_12 (specinterface       ) [ 000000]
StgValue_13 (specbitsmap         ) [ 000000]
StgValue_14 (specbitsmap         ) [ 000000]
StgValue_15 (specbitsmap         ) [ 000000]
StgValue_16 (specbitsmap         ) [ 000000]
StgValue_17 (spectopmodule       ) [ 000000]
StgValue_18 (specinterface       ) [ 000000]
StgValue_19 (specinterface       ) [ 000000]
StgValue_20 (specinterface       ) [ 000000]
StgValue_21 (specinterface       ) [ 000000]
StgValue_22 (specinterface       ) [ 000000]
StgValue_23 (ret                 ) [ 000000]
</LifeTime>

<model>

<comp_list>
<comp id="0" class="1000" name="rdCmdIn_V">
<pin_list>
<pin id="1" dir="1" index="0" bw="1" slack="0"/>
</pin_list>
<bind>
<StgValue><ssdm name="rdCmdIn_V"/></StgValue>
</bind>
</comp>

<comp id="2" class="1000" name="rdDataOut_V_V">
<pin_list>
<pin id="3" dir="1" index="0" bw="1" slack="0"/>
</pin_list>
<bind>
<StgValue><ssdm name="rdDataOut_V_V"/></StgValue>
</bind>
</comp>

<comp id="4" class="1000" name="wrCmdIn_V">
<pin_list>
<pin id="5" dir="1" index="0" bw="1" slack="0"/>
</pin_list>
<bind>
<StgValue><ssdm name="wrCmdIn_V"/></StgValue>
</bind>
</comp>

<comp id="6" class="1000" name="wrDataIn_V_V">
<pin_list>
<pin id="7" dir="1" index="0" bw="1" slack="0"/>
</pin_list>
<bind>
<StgValue><ssdm name="wrDataIn_V_V"/></StgValue>
</bind>
</comp>

<comp id="8" class="1000" name="flashAggregateMemCmd_1">
<pin_list>
<pin id="9" dir="1" index="0" bw="1" slack="0"/>
</pin_list>
<bind>
<StgValue><ssdm name="flashAggregateMemCmd_1"/></StgValue>
</bind>
</comp>

<comp id="10" class="1000" name="memState">
<pin_list>
<pin id="11" dir="1" index="0" bw="1" slack="0"/>
</pin_list>
<bind>
<StgValue><ssdm name="memState"/></StgValue>
</bind>
</comp>

<comp id="12" class="1000" name="inputWord_address_V">
<pin_list>
<pin id="13" dir="1" index="0" bw="1" slack="0"/>
</pin_list>
<bind>
<StgValue><ssdm name="inputWord_address_V"/></StgValue>
</bind>
</comp>

<comp id="14" class="1000" name="inputWord_count_V">
<pin_list>
<pin id="15" dir="1" index="0" bw="1" slack="0"/>
</pin_list>
<bind>
<StgValue><ssdm name="inputWord_count_V"/></StgValue>
</bind>
</comp>

<comp id="16" class="1000" name="inputWord_rdOrWr_V">
<pin_list>
<pin id="17" dir="1" index="0" bw="1" slack="0"/>
</pin_list>
<bind>
<StgValue><ssdm name="inputWord_rdOrWr_V"/></StgValue>
</bind>
</comp>

<comp id="18" class="1000" name="memArray_V">
<pin_list>
<pin id="19" dir="1" index="0" bw="1" slack="0"/>
</pin_list>
<bind>
<StgValue><ssdm name="memArray_V"/><MemPortTyVec>2 3 </MemPortTyVec>
</StgValue>
</bind>
</comp>

<comp id="20" class="1001" name="const_20">
<pin_list>
<pin id="21" dir="1" index="0" bw="1" slack="0"/>
</pin_list>
<bind>
<StgValue><ssdm name="flashCmdAggregator"/></StgValue>
</bind>
</comp>

<comp id="22" class="1001" name="const_22">
<pin_list>
<pin id="23" dir="1" index="0" bw="1" slack="0"/>
</pin_list>
<bind>
<StgValue><ssdm name="flashMemAccess"/></StgValue>
</bind>
</comp>

<comp id="24" class="1001" name="const_24">
<pin_list>
<pin id="25" dir="1" index="0" bw="1" slack="2147483647"/>
</pin_list>
<bind>
<StgValue><ssdm name="_ssdm_op_SpecDataflowPipeline"/></StgValue>
</bind>
</comp>

<comp id="26" class="1001" name="const_26">
<pin_list>
<pin id="27" dir="1" index="0" bw="1" slack="2147483647"/>
</pin_list>
<bind>
<StgValue><ssdm name=""/></StgValue>
</bind>
</comp>

<comp id="28" class="1001" name="const_28">
<pin_list>
<pin id="29" dir="1" index="0" bw="1" slack="2147483647"/>
</pin_list>
<bind>
<StgValue><ssdm name=""/></StgValue>
</bind>
</comp>

<comp id="30" class="1001" name="const_30">
<pin_list>
<pin id="31" dir="1" index="0" bw="1" slack="2147483647"/>
</pin_list>
<bind>
<StgValue><ssdm name="p_str"/></StgValue>
</bind>
</comp>

<comp id="32" class="1001" name="const_32">
<pin_list>
<pin id="33" dir="1" index="0" bw="1" slack="2147483647"/>
</pin_list>
<bind>
<StgValue><ssdm name="_ssdm_op_SpecChannel"/></StgValue>
</bind>
</comp>

<comp id="34" class="1001" name="const_34">
<pin_list>
<pin id="35" dir="1" index="0" bw="1" slack="2147483647"/>
</pin_list>
<bind>
<StgValue><ssdm name="flashAggregateMemCmd"/></StgValue>
</bind>
</comp>

<comp id="36" class="1001" name="const_36">
<pin_list>
<pin id="37" dir="1" index="0" bw="1" slack="2147483647"/>
</pin_list>
<bind>
<StgValue><ssdm name=""/></StgValue>
</bind>
</comp>

<comp id="38" class="1001" name="const_38">
<pin_list>
<pin id="39" dir="1" index="0" bw="1" slack="2147483647"/>
</pin_list>
<bind>
<StgValue><ssdm name=""/></StgValue>
</bind>
</comp>

<comp id="40" class="1001" name="const_40">
<pin_list>
<pin id="41" dir="1" index="0" bw="1" slack="2147483647"/>
</pin_list>
<bind>
<StgValue><ssdm name="_ssdm_op_SpecInterface"/></StgValue>
</bind>
</comp>

<comp id="42" class="1001" name="const_42">
<pin_list>
<pin id="43" dir="1" index="0" bw="1" slack="2147483647"/>
</pin_list>
<bind>
<StgValue><ssdm name="ap_fifo_str"/></StgValue>
</bind>
</comp>

<comp id="44" class="1001" name="const_44">
<pin_list>
<pin id="45" dir="1" index="0" bw="1" slack="2147483647"/>
</pin_list>
<bind>
<StgValue><ssdm name=""/></StgValue>
</bind>
</comp>

<comp id="46" class="1001" name="const_46">
<pin_list>
<pin id="47" dir="1" index="0" bw="1" slack="2147483647"/>
</pin_list>
<bind>
<StgValue><ssdm name="_ssdm_op_SpecBitsMap"/></StgValue>
</bind>
</comp>

<comp id="48" class="1001" name="const_48">
<pin_list>
<pin id="49" dir="1" index="0" bw="1" slack="2147483647"/>
</pin_list>
<bind>
<StgValue><ssdm name="_ssdm_op_SpecTopModule"/></StgValue>
</bind>
</comp>

<comp id="50" class="1001" name="const_50">
<pin_list>
<pin id="51" dir="1" index="0" bw="1" slack="2147483647"/>
</pin_list>
<bind>
<StgValue><ssdm name="flashModel_str"/></StgValue>
</bind>
</comp>

<comp id="52" class="1001" name="const_52">
<pin_list>
<pin id="53" dir="1" index="0" bw="1" slack="2147483647"/>
</pin_list>
<bind>
<StgValue><ssdm name="p_str2"/></StgValue>
</bind>
</comp>

<comp id="54" class="1001" name="const_54">
<pin_list>
<pin id="55" dir="1" index="0" bw="1" slack="2147483647"/>
</pin_list>
<bind>
<StgValue><ssdm name="p_str3"/></StgValue>
</bind>
</comp>

<comp id="56" class="1001" name="const_56">
<pin_list>
<pin id="57" dir="1" index="0" bw="1" slack="2147483647"/>
</pin_list>
<bind>
<StgValue><ssdm name="p_str4"/></StgValue>
</bind>
</comp>

<comp id="58" class="1004" name="grp_flashMemAccess_fu_58">
<pin_list>
<pin id="59" dir="0" index="0" bw="0" slack="0"/>
<pin id="60" dir="0" index="1" bw="64" slack="0"/>
<pin id="61" dir="0" index="2" bw="64" slack="0"/>
<pin id="62" dir="0" index="3" bw="1" slack="0"/>
<pin id="63" dir="0" index="4" bw="32" slack="0"/>
<pin id="64" dir="0" index="5" bw="13" slack="0"/>
<pin id="65" dir="0" index="6" bw="1" slack="0"/>
<pin id="66" dir="0" index="7" bw="46" slack="0"/>
<pin id="67" dir="0" index="8" bw="64" slack="0"/>
<pin id="68" dir="1" index="9" bw="0" slack="2147483647"/>
</pin_list>
<bind>
<opcode="call(48) " fcode="call"/>
<opset="StgValue_7/2 "/>
</bind>
</comp>

<comp id="78" class="1004" name="StgValue_6_flashCmdAggregator_fu_78">
<pin_list>
<pin id="79" dir="0" index="0" bw="0" slack="0"/>
<pin id="80" dir="0" index="1" bw="48" slack="0"/>
<pin id="81" dir="0" index="2" bw="48" slack="0"/>
<pin id="82" dir="0" index="3" bw="46" slack="0"/>
<pin id="83" dir="1" index="4" bw="0" slack="2147483647"/>
</pin_list>
<bind>
<opcode="call(48) " fcode="call"/>
<opset="StgValue_6/1 "/>
</bind>
</comp>

</comp_list>

<net_list>
<net id="69"><net_src comp="22" pin="0"/><net_sink comp="58" pin=0"/></net>

<net id="70"><net_src comp="2" pin="0"/><net_sink comp="58" pin=1"/></net>

<net id="71"><net_src comp="6" pin="0"/><net_sink comp="58" pin=2"/></net>

<net id="72"><net_src comp="10" pin="0"/><net_sink comp="58" pin=3"/></net>

<net id="73"><net_src comp="12" pin="0"/><net_sink comp="58" pin=4"/></net>

<net id="74"><net_src comp="14" pin="0"/><net_sink comp="58" pin=5"/></net>

<net id="75"><net_src comp="16" pin="0"/><net_sink comp="58" pin=6"/></net>

<net id="76"><net_src comp="8" pin="0"/><net_sink comp="58" pin=7"/></net>

<net id="77"><net_src comp="18" pin="0"/><net_sink comp="58" pin=8"/></net>

<net id="84"><net_src comp="20" pin="0"/><net_sink comp="78" pin=0"/></net>

<net id="85"><net_src comp="0" pin="0"/><net_sink comp="78" pin=1"/></net>

<net id="86"><net_src comp="4" pin="0"/><net_sink comp="78" pin=2"/></net>

<net id="87"><net_src comp="8" pin="0"/><net_sink comp="78" pin=3"/></net>

</net_list>

</model> 
---------------- Datapath Model END ------------------

* FSMD analyzer results:
  - Output states:
	Port: rdDataOut_V_V | {4 }
	Port: flashAggregateMemCmd_1 | {1 }
	Port: memState | {2 }
	Port: inputWord_address_V | {2 }
	Port: inputWord_count_V | {2 }
	Port: inputWord_rdOrWr_V | {2 }
	Port: memArray_V | {2 3 }
 - Input state : 
	Port: flashModel : rdCmdIn_V | {1 }
	Port: flashModel : wrCmdIn_V | {1 }
	Port: flashModel : wrDataIn_V_V | {2 }
	Port: flashModel : flashAggregateMemCmd_1 | {2 }
	Port: flashModel : memState | {2 }
	Port: flashModel : inputWord_address_V | {2 }
	Port: flashModel : inputWord_count_V | {2 }
	Port: flashModel : inputWord_rdOrWr_V | {2 }
	Port: flashModel : memArray_V | {2 3 }
  - Chain level:
	State 1
	State 2
	State 3
	State 4
	State 5


============================================================
+ Verbose Summary: Datapath Resource usage 
============================================================

* Functional unit list:
|----------|-------------------------------------|---------|---------|---------|
| Operation|           Functional Unit           |  Delay  |    FF   |   LUT   |
|----------|-------------------------------------|---------|---------|---------|
|   call   |       grp_flashMemAccess_fu_58      |  2.672  |   166   |   111   |
|          | StgValue_6_flashCmdAggregator_fu_78 |  0.835  |    0    |    9    |
|----------|-------------------------------------|---------|---------|---------|
|   Total  |                                     |  3.507  |   166   |   120   |
|----------|-------------------------------------|---------|---------|---------|

Memories:
+----------+--------+--------+--------+
|          |  BRAM  |   FF   |   LUT  |
+----------+--------+--------+--------+
|memArray_V|   228  |    0   |    0   |
+----------+--------+--------+--------+
|   Total  |   228  |    0   |    0   |
+----------+--------+--------+--------+

* Register list:
N/A

* Multiplexer (MUX) list: 
|--------|------|------|------|--------|
|  Comp  |  Pin | Size |  BW  | S x BW |
|--------|------|------|------|--------|
|  Total |      |      |      |    0   |
|--------|------|------|------|--------|



* Summary:
+-----------+--------+--------+--------+--------+
|           |  BRAM  |  Delay |   FF   |   LUT  |
+-----------+--------+--------+--------+--------+
|  Function |    -   |    3   |   166  |   120  |
|   Memory  |   228  |    -   |    0   |    0   |
|Multiplexer|    -   |    -   |    -   |    -   |
|  Register |    -   |    -   |    -   |    -   |
+-----------+--------+--------+--------+--------+
|   Total   |   228  |    3   |   166  |   120  |
+-----------+--------+--------+--------+--------+
