

================================================================
== Vivado HLS Report for 'flashMemAccess'
================================================================
* Date:           Wed Oct 14 13:18:59 2020

* Version:        2018.3 (Build 2405991 on Thu Dec 06 23:56:15 MST 2018)
* Project:        flashModel_prj
* Solution:       solution1
* Product family: kintexu
* Target device:  xcku040-ffva1156-2-e


================================================================
== Performance Estimates
================================================================
+ Timing (ns): 
    * Summary: 
    +--------+-------+----------+------------+
    |  Clock | Target| Estimated| Uncertainty|
    +--------+-------+----------+------------+
    |ap_clk  |   6.40|     3.183|        0.80|
    +--------+-------+----------+------------+

+ Latency (clock cycles): 
    * Summary: 
    +-----+-----+-----+-----+----------+
    |  Latency  |  Interval | Pipeline |
    | min | max | min | max |   Type   |
    +-----+-----+-----+-----+----------+
    |    2|    2|    1|    1| function |
    +-----+-----+-----+-----+----------+

    + Detail: 
        * Instance: 
        N/A

        * Loop: 
        N/A

============================================================
+ Verbose Summary: Synthesis Manager
============================================================
InlineROM: 1
ExposeGlobal: 0
============================================================
+ Verbose Summary: CDFG Model
============================================================
IsTopModel: 0
ResetActiveHigh: 1
IsCombinational: 2
IsDatapathOnly: 0
HasWiredReturn: 1
HasMFsm: 1
HasVarLatency: 0
IsPipeline: 1
IsRtlPipelined: 1
IsInstanceOverlapped: 0
IsDontTouch: 0
HasImplIP: 0
IsGatedGlobalClock: 0

+ Individual pipeline summary: 
  * Pipeline-0: initiation interval (II) = 1, depth = 3


============================================================
+ Verbose Summary: Schedule
============================================================
* Number of FSM states : 3
* Pipeline : 1
  Pipeline-0 : II = 1, D = 3, States = { 1 2 3 }
* Dataflow Pipeline: 0

* FSM state transitions: 
1 --> 
	2  / true
2 --> 
	3  / true
3 --> 

* FSM state operations: 

State 1 <SV = 0> <Delay = 3.18>
ST_1 : Operation 4 [1/1] (0.00ns)   --->   "%memState_load = load i1* @memState, align 1" [src/otherModules/flashModel/flashModel.cpp:45]   --->   Operation 4 'load' 'memState_load' <Predicate = true> <Delay = 0.00>
ST_1 : Operation 5 [1/1] (0.00ns)   --->   "%p_Val2_s = load i32* @inputWord_address_V, align 4" [src/otherModules/flashModel/flashModel.cpp:56]   --->   Operation 5 'load' 'p_Val2_s' <Predicate = true> <Delay = 0.00>
ST_1 : Operation 6 [1/1] (0.00ns)   --->   "%t_V = load i13* @inputWord_count_V, align 2" [src/otherModules/flashModel/flashModel.cpp:57]   --->   Operation 6 'load' 't_V' <Predicate = true> <Delay = 0.00>
ST_1 : Operation 7 [1/1] (0.00ns)   --->   "%inputWord_rdOrWr_V_l = load i1* @inputWord_rdOrWr_V, align 1" [src/otherModules/flashModel/flashModel.cpp:55]   --->   Operation 7 'load' 'inputWord_rdOrWr_V_l' <Predicate = true> <Delay = 0.00>
ST_1 : Operation 8 [1/1] (0.00ns)   --->   "br i1 %memState_load, label %2, label %0" [src/otherModules/flashModel/flashModel.cpp:45]   --->   Operation 8 'br' <Predicate = true> <Delay = 0.00>
ST_1 : Operation 9 [1/1] (0.00ns)   --->   "%tmp = call i1 @_ssdm_op_NbReadReq.ap_fifo.i46P(i46* @flashAggregateMemCmd_1, i32 1)"   --->   Operation 9 'nbreadreq' 'tmp' <Predicate = (!memState_load)> <Delay = 0.00> <Core = "FIFO_SRL">   --->   Core 36 'FIFO_SRL' <Latency = 0> <II = 1> <Delay = 2.26> <Storage> <Opcode : 'read' 'write' 'nbread' 'nbwrite'> <Ports = 0> <Width = 46> <Depth = 0> <FIFO>
ST_1 : Operation 10 [1/1] (0.00ns)   --->   "br i1 %tmp, label %1, label %._crit_edge3.i" [src/otherModules/flashModel/flashModel.cpp:48]   --->   Operation 10 'br' <Predicate = (!memState_load)> <Delay = 0.00>
ST_1 : Operation 11 [1/1] (2.26ns)   --->   "%tmp_3 = call i46 @_ssdm_op_Read.ap_fifo.volatile.i46P(i46* @flashAggregateMemCmd_1)"   --->   Operation 11 'read' 'tmp_3' <Predicate = (!memState_load & tmp)> <Delay = 2.26> <Core = "FIFO_SRL">   --->   Core 36 'FIFO_SRL' <Latency = 0> <II = 1> <Delay = 2.26> <Storage> <Opcode : 'read' 'write' 'nbread' 'nbwrite'> <Ports = 0> <Width = 46> <Depth = 0> <FIFO>
ST_1 : Operation 12 [1/1] (0.00ns)   --->   "%tmp_4 = trunc i46 %tmp_3 to i32" [src/otherModules/flashModel/flashModel.h:53->src/otherModules/flashModel/flashModel.cpp:50]   --->   Operation 12 'trunc' 'tmp_4' <Predicate = (!memState_load & tmp)> <Delay = 0.00>
ST_1 : Operation 13 [1/1] (0.91ns)   --->   "store i32 %tmp_4, i32* @inputWord_address_V, align 4" [src/otherModules/flashModel/flashModel.h:53->src/otherModules/flashModel/flashModel.cpp:50]   --->   Operation 13 'store' <Predicate = (!memState_load & tmp)> <Delay = 0.91>
ST_1 : Operation 14 [1/1] (0.00ns)   --->   "%tmp_count_V_load_new = call i13 @_ssdm_op_PartSelect.i13.i46.i32.i32(i46 %tmp_3, i32 32, i32 44)" [src/otherModules/flashModel/flashModel.h:53->src/otherModules/flashModel/flashModel.cpp:50]   --->   Operation 14 'partselect' 'tmp_count_V_load_new' <Predicate = (!memState_load & tmp)> <Delay = 0.00>
ST_1 : Operation 15 [1/1] (0.91ns)   --->   "store i13 %tmp_count_V_load_new, i13* @inputWord_count_V, align 4" [src/otherModules/flashModel/flashModel.h:53->src/otherModules/flashModel/flashModel.cpp:50]   --->   Operation 15 'store' <Predicate = (!memState_load & tmp)> <Delay = 0.91>
ST_1 : Operation 16 [1/1] (0.00ns)   --->   "%tmp_5 = call i1 @_ssdm_op_BitSelect.i1.i46.i32(i46 %tmp_3, i32 45)" [src/otherModules/flashModel/flashModel.h:53->src/otherModules/flashModel/flashModel.cpp:50]   --->   Operation 16 'bitselect' 'tmp_5' <Predicate = (!memState_load & tmp)> <Delay = 0.00>
ST_1 : Operation 17 [1/1] (0.00ns)   --->   "store i1 %tmp_5, i1* @inputWord_rdOrWr_V, align 2" [src/otherModules/flashModel/flashModel.h:53->src/otherModules/flashModel/flashModel.cpp:50]   --->   Operation 17 'store' <Predicate = (!memState_load & tmp)> <Delay = 0.00>
ST_1 : Operation 18 [1/1] (0.83ns)   --->   "store i1 true, i1* @memState, align 1" [src/otherModules/flashModel/flashModel.cpp:51]   --->   Operation 18 'store' <Predicate = (!memState_load & tmp)> <Delay = 0.83>
ST_1 : Operation 19 [1/1] (0.00ns)   --->   "br i1 %inputWord_rdOrWr_V_l, label %7, label %3" [src/otherModules/flashModel/flashModel.cpp:55]   --->   Operation 19 'br' <Predicate = (memState_load)> <Delay = 0.00>
ST_1 : Operation 20 [1/1] (0.00ns)   --->   "%tmp_2 = trunc i32 %p_Val2_s to i16" [src/otherModules/flashModel/flashModel.cpp:56]   --->   Operation 20 'trunc' 'tmp_2' <Predicate = (memState_load & !inputWord_rdOrWr_V_l)> <Delay = 0.00>
ST_1 : Operation 21 [1/1] (0.00ns)   --->   "%tmp_6_i = zext i16 %tmp_2 to i64" [src/otherModules/flashModel/flashModel.cpp:56]   --->   Operation 21 'zext' 'tmp_6_i' <Predicate = (memState_load & !inputWord_rdOrWr_V_l)> <Delay = 0.00>
ST_1 : Operation 22 [1/1] (0.00ns)   --->   "%memArray_V_addr = getelementptr [65536 x i64]* @memArray_V, i64 0, i64 %tmp_6_i" [src/otherModules/flashModel/flashModel.cpp:56]   --->   Operation 22 'getelementptr' 'memArray_V_addr' <Predicate = (memState_load & !inputWord_rdOrWr_V_l)> <Delay = 0.00>
ST_1 : Operation 23 [2/2] (1.77ns)   --->   "%tmp_V = load i64* %memArray_V_addr, align 8" [src/otherModules/flashModel/flashModel.cpp:56]   --->   Operation 23 'load' 'tmp_V' <Predicate = (memState_load & !inputWord_rdOrWr_V_l)> <Delay = 1.77> <Core = "RAM_T2P_BRAM">   --->   Core 38 'RAM_T2P_BRAM' <Latency = 1> <II = 1> <Delay = 1.77> <Storage> <Opcode : 'load' 'store'> <Ports = 2> <Width = 64> <Depth = 65536> <RAM>
ST_1 : Operation 24 [1/1] (0.97ns)   --->   "%tmp_8_i = icmp eq i13 %t_V, 1" [src/otherModules/flashModel/flashModel.cpp:57]   --->   Operation 24 'icmp' 'tmp_8_i' <Predicate = (memState_load & !inputWord_rdOrWr_V_l)> <Delay = 0.97> <Core = "Cmp">   --->   Core 25 'Cmp' <Latency = 0> <II = 1> <Delay = 0.97> <FuncUnit> <Opcode : 'icmp'> <InPorts = 2> <OutPorts = 1>
ST_1 : Operation 25 [1/1] (0.00ns)   --->   "br i1 %tmp_8_i, label %4, label %5" [src/otherModules/flashModel/flashModel.cpp:57]   --->   Operation 25 'br' <Predicate = (memState_load & !inputWord_rdOrWr_V_l)> <Delay = 0.00>
ST_1 : Operation 26 [1/1] (1.36ns)   --->   "%tmp_5_i = add i13 %t_V, -1" [src/otherModules/flashModel/flashModel.cpp:61]   --->   Operation 26 'add' 'tmp_5_i' <Predicate = (memState_load & !inputWord_rdOrWr_V_l & !tmp_8_i)> <Delay = 1.36> <Core = "AddSub">   --->   Core 14 'AddSub' <Latency = 0> <II = 1> <Delay = 1.48> <FuncUnit> <Opcode : 'add' 'sub'> <InPorts = 2> <OutPorts = 1>
ST_1 : Operation 27 [1/1] (0.91ns)   --->   "store i13 %tmp_5_i, i13* @inputWord_count_V, align 4" [src/otherModules/flashModel/flashModel.cpp:61]   --->   Operation 27 'store' <Predicate = (memState_load & !inputWord_rdOrWr_V_l & !tmp_8_i)> <Delay = 0.91>
ST_1 : Operation 28 [1/1] (1.48ns)   --->   "%tmp_7_i = add i32 %p_Val2_s, 1" [src/otherModules/flashModel/flashModel.cpp:62]   --->   Operation 28 'add' 'tmp_7_i' <Predicate = (memState_load & !inputWord_rdOrWr_V_l & !tmp_8_i)> <Delay = 1.48> <Core = "AddSub">   --->   Core 14 'AddSub' <Latency = 0> <II = 1> <Delay = 1.48> <FuncUnit> <Opcode : 'add' 'sub'> <InPorts = 2> <OutPorts = 1>
ST_1 : Operation 29 [1/1] (0.91ns)   --->   "store i32 %tmp_7_i, i32* @inputWord_address_V, align 4" [src/otherModules/flashModel/flashModel.cpp:62]   --->   Operation 29 'store' <Predicate = (memState_load & !inputWord_rdOrWr_V_l & !tmp_8_i)> <Delay = 0.91>
ST_1 : Operation 30 [1/1] (0.83ns)   --->   "store i1 false, i1* @memState, align 1" [src/otherModules/flashModel/flashModel.cpp:58]   --->   Operation 30 'store' <Predicate = (memState_load & !inputWord_rdOrWr_V_l & tmp_8_i)> <Delay = 0.83>
ST_1 : Operation 31 [1/1] (0.00ns)   --->   "%tmp_1 = call i1 @_ssdm_op_NbReadReq.axis.i64P(i64* %wrDataIn_V_V, i32 1)" [src/otherModules/flashModel/flashModel.cpp:65]   --->   Operation 31 'nbreadreq' 'tmp_1' <Predicate = (memState_load & inputWord_rdOrWr_V_l)> <Delay = 0.00> <Core = "AXI4Stream">   --->   Core 5 'AXI4Stream' <Latency = 0> <II = 1> <Delay = 1.00> <Adapter> <Opcode : >
ST_1 : Operation 32 [1/1] (0.00ns)   --->   "br i1 %tmp_1, label %8, label %._crit_edge5.i" [src/otherModules/flashModel/flashModel.cpp:65]   --->   Operation 32 'br' <Predicate = (memState_load & inputWord_rdOrWr_V_l)> <Delay = 0.00>
ST_1 : Operation 33 [1/1] (0.00ns)   --->   "%tmp_6 = trunc i32 %p_Val2_s to i16" [src/otherModules/flashModel/flashModel.cpp:66]   --->   Operation 33 'trunc' 'tmp_6' <Predicate = (memState_load & inputWord_rdOrWr_V_l & tmp_1)> <Delay = 0.00>
ST_1 : Operation 34 [1/1] (0.00ns)   --->   "%tmp_9_i = zext i16 %tmp_6 to i64" [src/otherModules/flashModel/flashModel.cpp:66]   --->   Operation 34 'zext' 'tmp_9_i' <Predicate = (memState_load & inputWord_rdOrWr_V_l & tmp_1)> <Delay = 0.00>
ST_1 : Operation 35 [1/1] (0.00ns)   --->   "%tmp_V_1 = call i64 @_ssdm_op_Read.axis.volatile.i64P(i64* %wrDataIn_V_V)" [src/otherModules/flashModel/flashModel.cpp:66]   --->   Operation 35 'read' 'tmp_V_1' <Predicate = (memState_load & inputWord_rdOrWr_V_l & tmp_1)> <Delay = 0.00> <Core = "AXI4Stream">   --->   Core 5 'AXI4Stream' <Latency = 0> <II = 1> <Delay = 1.00> <Adapter> <Opcode : >
ST_1 : Operation 36 [1/1] (0.00ns)   --->   "%memArray_V_addr_1 = getelementptr [65536 x i64]* @memArray_V, i64 0, i64 %tmp_9_i" [src/otherModules/flashModel/flashModel.cpp:66]   --->   Operation 36 'getelementptr' 'memArray_V_addr_1' <Predicate = (memState_load & inputWord_rdOrWr_V_l & tmp_1)> <Delay = 0.00>
ST_1 : Operation 37 [2/2] (1.77ns)   --->   "store i64 %tmp_V_1, i64* %memArray_V_addr_1, align 8" [src/otherModules/flashModel/flashModel.cpp:66]   --->   Operation 37 'store' <Predicate = (memState_load & inputWord_rdOrWr_V_l & tmp_1)> <Delay = 1.77> <Core = "RAM_T2P_BRAM">   --->   Core 38 'RAM_T2P_BRAM' <Latency = 1> <II = 1> <Delay = 1.77> <Storage> <Opcode : 'load' 'store'> <Ports = 2> <Width = 64> <Depth = 65536> <RAM>
ST_1 : Operation 38 [1/1] (0.97ns)   --->   "%tmp_i = icmp eq i13 %t_V, 1" [src/otherModules/flashModel/flashModel.cpp:67]   --->   Operation 38 'icmp' 'tmp_i' <Predicate = (memState_load & inputWord_rdOrWr_V_l & tmp_1)> <Delay = 0.97> <Core = "Cmp">   --->   Core 25 'Cmp' <Latency = 0> <II = 1> <Delay = 0.97> <FuncUnit> <Opcode : 'icmp'> <InPorts = 2> <OutPorts = 1>
ST_1 : Operation 39 [1/1] (0.00ns)   --->   "br i1 %tmp_i, label %9, label %10" [src/otherModules/flashModel/flashModel.cpp:67]   --->   Operation 39 'br' <Predicate = (memState_load & inputWord_rdOrWr_V_l & tmp_1)> <Delay = 0.00>
ST_1 : Operation 40 [1/1] (1.36ns)   --->   "%tmp_3_i = add i13 %t_V, -1" [src/otherModules/flashModel/flashModel.cpp:70]   --->   Operation 40 'add' 'tmp_3_i' <Predicate = (memState_load & inputWord_rdOrWr_V_l & tmp_1 & !tmp_i)> <Delay = 1.36> <Core = "AddSub">   --->   Core 14 'AddSub' <Latency = 0> <II = 1> <Delay = 1.48> <FuncUnit> <Opcode : 'add' 'sub'> <InPorts = 2> <OutPorts = 1>
ST_1 : Operation 41 [1/1] (0.91ns)   --->   "store i13 %tmp_3_i, i13* @inputWord_count_V, align 4" [src/otherModules/flashModel/flashModel.cpp:70]   --->   Operation 41 'store' <Predicate = (memState_load & inputWord_rdOrWr_V_l & tmp_1 & !tmp_i)> <Delay = 0.91>
ST_1 : Operation 42 [1/1] (1.48ns)   --->   "%tmp_4_i = add i32 %p_Val2_s, 1" [src/otherModules/flashModel/flashModel.cpp:71]   --->   Operation 42 'add' 'tmp_4_i' <Predicate = (memState_load & inputWord_rdOrWr_V_l & tmp_1 & !tmp_i)> <Delay = 1.48> <Core = "AddSub">   --->   Core 14 'AddSub' <Latency = 0> <II = 1> <Delay = 1.48> <FuncUnit> <Opcode : 'add' 'sub'> <InPorts = 2> <OutPorts = 1>
ST_1 : Operation 43 [1/1] (0.91ns)   --->   "store i32 %tmp_4_i, i32* @inputWord_address_V, align 4" [src/otherModules/flashModel/flashModel.cpp:71]   --->   Operation 43 'store' <Predicate = (memState_load & inputWord_rdOrWr_V_l & tmp_1 & !tmp_i)> <Delay = 0.91>
ST_1 : Operation 44 [1/1] (0.83ns)   --->   "store i1 false, i1* @memState, align 1" [src/otherModules/flashModel/flashModel.cpp:68]   --->   Operation 44 'store' <Predicate = (memState_load & inputWord_rdOrWr_V_l & tmp_1 & tmp_i)> <Delay = 0.83>

State 2 <SV = 1> <Delay = 1.77>
ST_2 : Operation 45 [1/2] (1.77ns)   --->   "%tmp_V = load i64* %memArray_V_addr, align 8" [src/otherModules/flashModel/flashModel.cpp:56]   --->   Operation 45 'load' 'tmp_V' <Predicate = (memState_load & !inputWord_rdOrWr_V_l)> <Delay = 1.77> <Core = "RAM_T2P_BRAM">   --->   Core 38 'RAM_T2P_BRAM' <Latency = 1> <II = 1> <Delay = 1.77> <Storage> <Opcode : 'load' 'store'> <Ports = 2> <Width = 64> <Depth = 65536> <RAM>
ST_2 : Operation 46 [2/2] (0.00ns)   --->   "call void @_ssdm_op_Write.axis.volatile.i64P(i64* %rdDataOut_V_V, i64 %tmp_V)" [src/otherModules/flashModel/flashModel.cpp:56]   --->   Operation 46 'write' <Predicate = (memState_load & !inputWord_rdOrWr_V_l)> <Delay = 0.00> <Core = "AXI4Stream">   --->   Core 5 'AXI4Stream' <Latency = 0> <II = 1> <Delay = 1.00> <Adapter> <Opcode : >
ST_2 : Operation 47 [1/2] (1.77ns)   --->   "store i64 %tmp_V_1, i64* %memArray_V_addr_1, align 8" [src/otherModules/flashModel/flashModel.cpp:66]   --->   Operation 47 'store' <Predicate = (memState_load & inputWord_rdOrWr_V_l & tmp_1)> <Delay = 1.77> <Core = "RAM_T2P_BRAM">   --->   Core 38 'RAM_T2P_BRAM' <Latency = 1> <II = 1> <Delay = 1.77> <Storage> <Opcode : 'load' 'store'> <Ports = 2> <Width = 64> <Depth = 65536> <RAM>

State 3 <SV = 2> <Delay = 0.00>
ST_3 : Operation 48 [1/1] (0.00ns)   --->   "call void (...)* @_ssdm_op_SpecInterface(i46* @flashAggregateMemCmd_1, [8 x i8]* @ap_fifo_str, i32 0, i32 0, [1 x i8]* @p_str, i32 0, i32 0, [1 x i8]* @p_str, [1 x i8]* @p_str, [1 x i8]* @p_str, i32 2, i32 2, i32 16, i32 16, [1 x i8]* @p_str, [1 x i8]* @p_str)"   --->   Operation 48 'specinterface' <Predicate = true> <Delay = 0.00>
ST_3 : Operation 49 [1/1] (0.00ns)   --->   "call void (...)* @_ssdm_op_SpecInterface(i64* %wrDataIn_V_V, [5 x i8]* @p_str3, i32 1, i32 1, [5 x i8]* @p_str4, i32 0, i32 0, [1 x i8]* @p_str, [1 x i8]* @p_str, [1 x i8]* @p_str, i32 0, i32 0, i32 0, i32 0, [1 x i8]* @p_str, [1 x i8]* @p_str) nounwind"   --->   Operation 49 'specinterface' <Predicate = true> <Delay = 0.00>
ST_3 : Operation 50 [1/1] (0.00ns)   --->   "call void (...)* @_ssdm_op_SpecInterface(i64* %rdDataOut_V_V, [5 x i8]* @p_str3, i32 1, i32 1, [5 x i8]* @p_str4, i32 0, i32 0, [1 x i8]* @p_str, [1 x i8]* @p_str, [1 x i8]* @p_str, i32 0, i32 0, i32 0, i32 0, [1 x i8]* @p_str, [1 x i8]* @p_str) nounwind"   --->   Operation 50 'specinterface' <Predicate = true> <Delay = 0.00>
ST_3 : Operation 51 [1/1] (0.00ns)   --->   "call void (...)* @_ssdm_op_SpecPipeline(i32 1, i32 2, i32 1, i32 0, [1 x i8]* @p_str) nounwind" [src/otherModules/flashModel/flashModel.cpp:33]   --->   Operation 51 'specpipeline' <Predicate = true> <Delay = 0.00>
ST_3 : Operation 52 [1/1] (0.00ns)   --->   "call void (...)* @_ssdm_op_SpecLatency(i32 1, i32 5, [1 x i8]* @p_str) nounwind" [src/otherModules/flashModel/flashModel.cpp:36]   --->   Operation 52 'speclatency' <Predicate = true> <Delay = 0.00>
ST_3 : Operation 53 [1/1] (0.00ns)   --->   "call void (...)* @_ssdm_op_SpecMemCore([65536 x i64]* @memArray_V, [1 x i8]* @p_str, [13 x i8]* @p_str1, [1 x i8]* @p_str, i32 -1, [1 x i8]* @p_str, [1 x i8]* @p_str, [1 x i8]* @p_str, [1 x i8]* @p_str, [1 x i8]* @p_str)" [src/otherModules/flashModel/flashModel.cpp:39]   --->   Operation 53 'specmemcore' <Predicate = true> <Delay = 0.00>
ST_3 : Operation 54 [1/1] (0.00ns)   --->   "br label %._crit_edge3.i" [src/otherModules/flashModel/flashModel.cpp:52]   --->   Operation 54 'br' <Predicate = (!memState_load & tmp)> <Delay = 0.00>
ST_3 : Operation 55 [1/1] (0.00ns)   --->   "br label %flashMemAccess.exit" [src/otherModules/flashModel/flashModel.cpp:53]   --->   Operation 55 'br' <Predicate = (!memState_load)> <Delay = 0.00>
ST_3 : Operation 56 [1/2] (0.00ns)   --->   "call void @_ssdm_op_Write.axis.volatile.i64P(i64* %rdDataOut_V_V, i64 %tmp_V)" [src/otherModules/flashModel/flashModel.cpp:56]   --->   Operation 56 'write' <Predicate = (memState_load & !inputWord_rdOrWr_V_l)> <Delay = 0.00> <Core = "AXI4Stream">   --->   Core 5 'AXI4Stream' <Latency = 0> <II = 1> <Delay = 1.00> <Adapter> <Opcode : >
ST_3 : Operation 57 [1/1] (0.00ns)   --->   "br label %6"   --->   Operation 57 'br' <Predicate = (memState_load & !inputWord_rdOrWr_V_l & !tmp_8_i)> <Delay = 0.00>
ST_3 : Operation 58 [1/1] (0.00ns)   --->   "br label %6" [src/otherModules/flashModel/flashModel.cpp:58]   --->   Operation 58 'br' <Predicate = (memState_load & !inputWord_rdOrWr_V_l & tmp_8_i)> <Delay = 0.00>
ST_3 : Operation 59 [1/1] (0.00ns)   --->   "br label %12" [src/otherModules/flashModel/flashModel.cpp:64]   --->   Operation 59 'br' <Predicate = (memState_load & !inputWord_rdOrWr_V_l)> <Delay = 0.00>
ST_3 : Operation 60 [1/1] (0.00ns)   --->   "br label %11"   --->   Operation 60 'br' <Predicate = (memState_load & inputWord_rdOrWr_V_l & tmp_1 & !tmp_i)> <Delay = 0.00>
ST_3 : Operation 61 [1/1] (0.00ns)   --->   "br label %11" [src/otherModules/flashModel/flashModel.cpp:68]   --->   Operation 61 'br' <Predicate = (memState_load & inputWord_rdOrWr_V_l & tmp_1 & tmp_i)> <Delay = 0.00>
ST_3 : Operation 62 [1/1] (0.00ns)   --->   "br label %._crit_edge5.i" [src/otherModules/flashModel/flashModel.cpp:73]   --->   Operation 62 'br' <Predicate = (memState_load & inputWord_rdOrWr_V_l & tmp_1)> <Delay = 0.00>
ST_3 : Operation 63 [1/1] (0.00ns)   --->   "br label %12"   --->   Operation 63 'br' <Predicate = (memState_load & inputWord_rdOrWr_V_l)> <Delay = 0.00>
ST_3 : Operation 64 [1/1] (0.00ns)   --->   "br label %flashMemAccess.exit" [src/otherModules/flashModel/flashModel.cpp:74]   --->   Operation 64 'br' <Predicate = (memState_load)> <Delay = 0.00>
ST_3 : Operation 65 [1/1] (0.00ns)   --->   "ret void"   --->   Operation 65 'ret' <Predicate = true> <Delay = 0.00>


============================================================
+ Verbose Summary: Binding
============================================================
STG Binding: 
---------------- STG Properties BEGIN ----------------
- Is combinational: 0
- Is one-state seq: 0
- Is datapath-only: 0
- Is pipelined: 1
- Is top level: 0
Port [ Return ] is wired: 1; IO mode=ap_ctrl_hs:ce=0
Port [ rdDataOut_V_V]:  wired=1; compound=1; hidden=0; nouse=0; global=0; static=0; extern=0; dir=1; type=0; pingpong=0; private_global=0; IO mode=axis:ce=0
Port [ wrDataIn_V_V]:  wired=1; compound=1; hidden=0; nouse=0; global=0; static=0; extern=0; dir=0; type=0; pingpong=0; private_global=0; IO mode=axis:ce=0
Port [ memState]:  wired=0; compound=0; hidden=1; nouse=0; global=1; static=1; extern=0; dir=2; type=0; pingpong=0; private_global=1; linkage=7; visibility=0; IO mode=ap_ovld:ce=0
Port [ inputWord_address_V]:  wired=0; compound=0; hidden=1; nouse=0; global=1; static=1; extern=0; dir=2; type=0; pingpong=0; private_global=1; linkage=7; visibility=0; IO mode=ap_ovld:ce=0
Port [ inputWord_count_V]:  wired=0; compound=0; hidden=1; nouse=0; global=1; static=1; extern=0; dir=2; type=0; pingpong=0; private_global=1; linkage=7; visibility=0; IO mode=ap_ovld:ce=0
Port [ inputWord_rdOrWr_V]:  wired=0; compound=0; hidden=1; nouse=0; global=1; static=1; extern=0; dir=2; type=0; pingpong=0; private_global=1; linkage=7; visibility=0; IO mode=ap_ovld:ce=0
Port [ flashAggregateMemCmd_1]:  wired=1; compound=1; hidden=0; nouse=0; global=1; static=1; extern=0; dir=0; type=3; pingpong=0; private_global=0; linkage=7; visibility=0; IO mode=ap_fifo:ce=0
Port [ memArray_V]:  wired=0; compound=1; hidden=1; nouse=0; global=1; static=1; extern=0; dir=2; type=1; pingpong=0; private_global=1; linkage=7; visibility=0; MemPort=[23]; IO mode=ap_memory:ce=0
---------------- STG Properties END ------------------

---------------- Datapath Model BEGIN ----------------

<LifeTime>
<method=bitvector/>
memState_load        (load         ) [ 0111]
p_Val2_s             (load         ) [ 0000]
t_V                  (load         ) [ 0000]
inputWord_rdOrWr_V_l (load         ) [ 0111]
StgValue_8           (br           ) [ 0000]
tmp                  (nbreadreq    ) [ 0111]
StgValue_10          (br           ) [ 0000]
tmp_3                (read         ) [ 0000]
tmp_4                (trunc        ) [ 0000]
StgValue_13          (store        ) [ 0000]
tmp_count_V_load_new (partselect   ) [ 0000]
StgValue_15          (store        ) [ 0000]
tmp_5                (bitselect    ) [ 0000]
StgValue_17          (store        ) [ 0000]
StgValue_18          (store        ) [ 0000]
StgValue_19          (br           ) [ 0000]
tmp_2                (trunc        ) [ 0000]
tmp_6_i              (zext         ) [ 0000]
memArray_V_addr      (getelementptr) [ 0110]
tmp_8_i              (icmp         ) [ 0111]
StgValue_25          (br           ) [ 0000]
tmp_5_i              (add          ) [ 0000]
StgValue_27          (store        ) [ 0000]
tmp_7_i              (add          ) [ 0000]
StgValue_29          (store        ) [ 0000]
StgValue_30          (store        ) [ 0000]
tmp_1                (nbreadreq    ) [ 0111]
StgValue_32          (br           ) [ 0000]
tmp_6                (trunc        ) [ 0000]
tmp_9_i              (zext         ) [ 0000]
tmp_V_1              (read         ) [ 0110]
memArray_V_addr_1    (getelementptr) [ 0110]
tmp_i                (icmp         ) [ 0111]
StgValue_39          (br           ) [ 0000]
tmp_3_i              (add          ) [ 0000]
StgValue_41          (store        ) [ 0000]
tmp_4_i              (add          ) [ 0000]
StgValue_43          (store        ) [ 0000]
StgValue_44          (store        ) [ 0000]
tmp_V                (load         ) [ 0101]
StgValue_47          (store        ) [ 0000]
StgValue_48          (specinterface) [ 0000]
StgValue_49          (specinterface) [ 0000]
StgValue_50          (specinterface) [ 0000]
StgValue_51          (specpipeline ) [ 0000]
StgValue_52          (speclatency  ) [ 0000]
StgValue_53          (specmemcore  ) [ 0000]
StgValue_54          (br           ) [ 0000]
StgValue_55          (br           ) [ 0000]
StgValue_56          (write        ) [ 0000]
StgValue_57          (br           ) [ 0000]
StgValue_58          (br           ) [ 0000]
StgValue_59          (br           ) [ 0000]
StgValue_60          (br           ) [ 0000]
StgValue_61          (br           ) [ 0000]
StgValue_62          (br           ) [ 0000]
StgValue_63          (br           ) [ 0000]
StgValue_64          (br           ) [ 0000]
StgValue_65          (ret          ) [ 0000]
</LifeTime>

<model>

<comp_list>
<comp id="0" class="1000" name="rdDataOut_V_V">
<pin_list>
<pin id="1" dir="1" index="0" bw="1" slack="0"/>
</pin_list>
<bind>
<StgValue><ssdm name="rdDataOut_V_V"/></StgValue>
</bind>
</comp>

<comp id="2" class="1000" name="wrDataIn_V_V">
<pin_list>
<pin id="3" dir="1" index="0" bw="1" slack="0"/>
</pin_list>
<bind>
<StgValue><ssdm name="wrDataIn_V_V"/></StgValue>
</bind>
</comp>

<comp id="4" class="1000" name="memState">
<pin_list>
<pin id="5" dir="1" index="0" bw="1" slack="0"/>
</pin_list>
<bind>
<StgValue><ssdm name="memState"/></StgValue>
</bind>
</comp>

<comp id="6" class="1000" name="inputWord_address_V">
<pin_list>
<pin id="7" dir="1" index="0" bw="1" slack="0"/>
</pin_list>
<bind>
<StgValue><ssdm name="inputWord_address_V"/></StgValue>
</bind>
</comp>

<comp id="8" class="1000" name="inputWord_count_V">
<pin_list>
<pin id="9" dir="1" index="0" bw="1" slack="0"/>
</pin_list>
<bind>
<StgValue><ssdm name="inputWord_count_V"/></StgValue>
</bind>
</comp>

<comp id="10" class="1000" name="inputWord_rdOrWr_V">
<pin_list>
<pin id="11" dir="1" index="0" bw="1" slack="0"/>
</pin_list>
<bind>
<StgValue><ssdm name="inputWord_rdOrWr_V"/></StgValue>
</bind>
</comp>

<comp id="12" class="1000" name="flashAggregateMemCmd_1">
<pin_list>
<pin id="13" dir="1" index="0" bw="1" slack="0"/>
</pin_list>
<bind>
<StgValue><ssdm name="flashAggregateMemCmd_1"/></StgValue>
</bind>
</comp>

<comp id="14" class="1000" name="memArray_V">
<pin_list>
<pin id="15" dir="1" index="0" bw="1" slack="0"/>
</pin_list>
<bind>
<StgValue><ssdm name="memArray_V"/><MemPortTyVec>2 3 </MemPortTyVec>
</StgValue>
</bind>
</comp>

<comp id="16" class="1001" name="const_16">
<pin_list>
<pin id="17" dir="1" index="0" bw="1" slack="0"/>
</pin_list>
<bind>
<StgValue><ssdm name="_ssdm_op_NbReadReq.ap_fifo.i46P"/></StgValue>
</bind>
</comp>

<comp id="18" class="1001" name="const_18">
<pin_list>
<pin id="19" dir="1" index="0" bw="1" slack="0"/>
</pin_list>
<bind>
<StgValue><ssdm name=""/></StgValue>
</bind>
</comp>

<comp id="20" class="1001" name="const_20">
<pin_list>
<pin id="21" dir="1" index="0" bw="1" slack="0"/>
</pin_list>
<bind>
<StgValue><ssdm name="_ssdm_op_Read.ap_fifo.volatile.i46P"/></StgValue>
</bind>
</comp>

<comp id="22" class="1001" name="const_22">
<pin_list>
<pin id="23" dir="1" index="0" bw="1" slack="0"/>
</pin_list>
<bind>
<StgValue><ssdm name="_ssdm_op_PartSelect.i13.i46.i32.i32"/></StgValue>
</bind>
</comp>

<comp id="24" class="1001" name="const_24">
<pin_list>
<pin id="25" dir="1" index="0" bw="1" slack="0"/>
</pin_list>
<bind>
<StgValue><ssdm name=""/></StgValue>
</bind>
</comp>

<comp id="26" class="1001" name="const_26">
<pin_list>
<pin id="27" dir="1" index="0" bw="1" slack="0"/>
</pin_list>
<bind>
<StgValue><ssdm name=""/></StgValue>
</bind>
</comp>

<comp id="28" class="1001" name="const_28">
<pin_list>
<pin id="29" dir="1" index="0" bw="1" slack="0"/>
</pin_list>
<bind>
<StgValue><ssdm name="_ssdm_op_BitSelect.i1.i46.i32"/></StgValue>
</bind>
</comp>

<comp id="30" class="1001" name="const_30">
<pin_list>
<pin id="31" dir="1" index="0" bw="1" slack="0"/>
</pin_list>
<bind>
<StgValue><ssdm name=""/></StgValue>
</bind>
</comp>

<comp id="32" class="1001" name="const_32">
<pin_list>
<pin id="33" dir="1" index="0" bw="1" slack="0"/>
</pin_list>
<bind>
<StgValue><ssdm name=""/></StgValue>
</bind>
</comp>

<comp id="34" class="1001" name="const_34">
<pin_list>
<pin id="35" dir="1" index="0" bw="1" slack="0"/>
</pin_list>
<bind>
<StgValue><ssdm name=""/></StgValue>
</bind>
</comp>

<comp id="36" class="1001" name="const_36">
<pin_list>
<pin id="37" dir="1" index="0" bw="1" slack="0"/>
</pin_list>
<bind>
<StgValue><ssdm name=""/></StgValue>
</bind>
</comp>

<comp id="38" class="1001" name="const_38">
<pin_list>
<pin id="39" dir="1" index="0" bw="1" slack="0"/>
</pin_list>
<bind>
<StgValue><ssdm name=""/></StgValue>
</bind>
</comp>

<comp id="40" class="1001" name="const_40">
<pin_list>
<pin id="41" dir="1" index="0" bw="1" slack="0"/>
</pin_list>
<bind>
<StgValue><ssdm name=""/></StgValue>
</bind>
</comp>

<comp id="42" class="1001" name="const_42">
<pin_list>
<pin id="43" dir="1" index="0" bw="1" slack="0"/>
</pin_list>
<bind>
<StgValue><ssdm name="_ssdm_op_NbReadReq.axis.i64P"/></StgValue>
</bind>
</comp>

<comp id="44" class="1001" name="const_44">
<pin_list>
<pin id="45" dir="1" index="0" bw="1" slack="0"/>
</pin_list>
<bind>
<StgValue><ssdm name="_ssdm_op_Read.axis.volatile.i64P"/></StgValue>
</bind>
</comp>

<comp id="46" class="1001" name="const_46">
<pin_list>
<pin id="47" dir="1" index="0" bw="1" slack="0"/>
</pin_list>
<bind>
<StgValue><ssdm name="_ssdm_op_Write.axis.volatile.i64P"/></StgValue>
</bind>
</comp>

<comp id="48" class="1001" name="const_48">
<pin_list>
<pin id="49" dir="1" index="0" bw="1" slack="2147483647"/>
</pin_list>
<bind>
<StgValue><ssdm name="_ssdm_op_SpecInterface"/></StgValue>
</bind>
</comp>

<comp id="50" class="1001" name="const_50">
<pin_list>
<pin id="51" dir="1" index="0" bw="1" slack="2147483647"/>
</pin_list>
<bind>
<StgValue><ssdm name="ap_fifo_str"/></StgValue>
</bind>
</comp>

<comp id="52" class="1001" name="const_52">
<pin_list>
<pin id="53" dir="1" index="0" bw="1" slack="2147483647"/>
</pin_list>
<bind>
<StgValue><ssdm name=""/></StgValue>
</bind>
</comp>

<comp id="54" class="1001" name="const_54">
<pin_list>
<pin id="55" dir="1" index="0" bw="1" slack="2147483647"/>
</pin_list>
<bind>
<StgValue><ssdm name="p_str"/></StgValue>
</bind>
</comp>

<comp id="56" class="1001" name="const_56">
<pin_list>
<pin id="57" dir="1" index="0" bw="1" slack="2147483647"/>
</pin_list>
<bind>
<StgValue><ssdm name=""/></StgValue>
</bind>
</comp>

<comp id="58" class="1001" name="const_58">
<pin_list>
<pin id="59" dir="1" index="0" bw="1" slack="2147483647"/>
</pin_list>
<bind>
<StgValue><ssdm name=""/></StgValue>
</bind>
</comp>

<comp id="60" class="1001" name="const_60">
<pin_list>
<pin id="61" dir="1" index="0" bw="1" slack="2147483647"/>
</pin_list>
<bind>
<StgValue><ssdm name="p_str3"/></StgValue>
</bind>
</comp>

<comp id="62" class="1001" name="const_62">
<pin_list>
<pin id="63" dir="1" index="0" bw="1" slack="2147483647"/>
</pin_list>
<bind>
<StgValue><ssdm name="p_str4"/></StgValue>
</bind>
</comp>

<comp id="64" class="1001" name="const_64">
<pin_list>
<pin id="65" dir="1" index="0" bw="1" slack="2147483647"/>
</pin_list>
<bind>
<StgValue><ssdm name="_ssdm_op_SpecPipeline"/></StgValue>
</bind>
</comp>

<comp id="66" class="1001" name="const_66">
<pin_list>
<pin id="67" dir="1" index="0" bw="1" slack="2147483647"/>
</pin_list>
<bind>
<StgValue><ssdm name="_ssdm_op_SpecLatency"/></StgValue>
</bind>
</comp>

<comp id="68" class="1001" name="const_68">
<pin_list>
<pin id="69" dir="1" index="0" bw="1" slack="2147483647"/>
</pin_list>
<bind>
<StgValue><ssdm name=""/></StgValue>
</bind>
</comp>

<comp id="70" class="1001" name="const_70">
<pin_list>
<pin id="71" dir="1" index="0" bw="1" slack="2147483647"/>
</pin_list>
<bind>
<StgValue><ssdm name="_ssdm_op_SpecMemCore"/></StgValue>
</bind>
</comp>

<comp id="72" class="1001" name="const_72">
<pin_list>
<pin id="73" dir="1" index="0" bw="1" slack="2147483647"/>
</pin_list>
<bind>
<StgValue><ssdm name="p_str1"/></StgValue>
</bind>
</comp>

<comp id="74" class="1001" name="const_74">
<pin_list>
<pin id="75" dir="1" index="0" bw="1" slack="2147483647"/>
</pin_list>
<bind>
<StgValue><ssdm name=""/></StgValue>
</bind>
</comp>

<comp id="76" class="1004" name="tmp_nbreadreq_fu_76">
<pin_list>
<pin id="77" dir="0" index="0" bw="1" slack="0"/>
<pin id="78" dir="0" index="1" bw="46" slack="0"/>
<pin id="79" dir="0" index="2" bw="1" slack="0"/>
<pin id="80" dir="1" index="3" bw="1" slack="2"/>
</pin_list>
<bind>
<opcode="nbreadreq(1156) " fcode="nbreadreq"/>
<opset="tmp/1 "/>
</bind>
</comp>

<comp id="84" class="1004" name="tmp_3_read_fu_84">
<pin_list>
<pin id="85" dir="0" index="0" bw="46" slack="0"/>
<pin id="86" dir="0" index="1" bw="46" slack="0"/>
<pin id="87" dir="1" index="2" bw="46" slack="0"/>
</pin_list>
<bind>
<opcode="read(1150) " fcode="read"/>
<opset="tmp_3/1 "/>
</bind>
</comp>

<comp id="90" class="1004" name="tmp_1_nbreadreq_fu_90">
<pin_list>
<pin id="91" dir="0" index="0" bw="1" slack="0"/>
<pin id="92" dir="0" index="1" bw="64" slack="0"/>
<pin id="93" dir="0" index="2" bw="1" slack="0"/>
<pin id="94" dir="1" index="3" bw="1" slack="1"/>
</pin_list>
<bind>
<opcode="nbreadreq(1156) " fcode="nbreadreq"/>
<opset="tmp_1/1 "/>
</bind>
</comp>

<comp id="98" class="1004" name="tmp_V_1_read_fu_98">
<pin_list>
<pin id="99" dir="0" index="0" bw="64" slack="0"/>
<pin id="100" dir="0" index="1" bw="64" slack="0"/>
<pin id="101" dir="1" index="2" bw="64" slack="0"/>
</pin_list>
<bind>
<opcode="read(1150) " fcode="read"/>
<opset="tmp_V_1/1 "/>
</bind>
</comp>

<comp id="104" class="1004" name="grp_write_fu_104">
<pin_list>
<pin id="105" dir="0" index="0" bw="0" slack="0"/>
<pin id="106" dir="0" index="1" bw="64" slack="0"/>
<pin id="107" dir="0" index="2" bw="64" slack="0"/>
<pin id="108" dir="1" index="3" bw="0" slack="2147483647"/>
</pin_list>
<bind>
<opcode="write(1151) " fcode="write"/>
<opset="StgValue_46/2 "/>
</bind>
</comp>

<comp id="111" class="1004" name="memArray_V_addr_gep_fu_111">
<pin_list>
<pin id="112" dir="0" index="0" bw="64" slack="0"/>
<pin id="113" dir="0" index="1" bw="1" slack="0"/>
<pin id="114" dir="0" index="2" bw="16" slack="0"/>
<pin id="115" dir="1" index="3" bw="16" slack="0"/>
</pin_list>
<bind>
<opcode="getelementptr(29) " fcode="getelementptr"/>
<opset="memArray_V_addr/1 "/>
</bind>
</comp>

<comp id="118" class="1004" name="grp_access_fu_118">
<pin_list>
<pin id="119" dir="0" index="0" bw="16" slack="0"/>
<pin id="120" dir="0" index="1" bw="64" slack="0"/>
<pin id="121" dir="0" index="2" bw="0" slack="2147483647"/>
<pin id="122" dir="1" index="3" bw="64" slack="0"/>
</pin_list>
<bind>
<opcode="load(27) store(28) " fcode="store"/>
<opset="tmp_V/1 StgValue_37/1 "/>
</bind>
</comp>

<comp id="125" class="1004" name="memArray_V_addr_1_gep_fu_125">
<pin_list>
<pin id="126" dir="0" index="0" bw="64" slack="0"/>
<pin id="127" dir="0" index="1" bw="1" slack="0"/>
<pin id="128" dir="0" index="2" bw="16" slack="0"/>
<pin id="129" dir="1" index="3" bw="16" slack="0"/>
</pin_list>
<bind>
<opcode="getelementptr(29) " fcode="getelementptr"/>
<opset="memArray_V_addr_1/1 "/>
</bind>
</comp>

<comp id="134" class="1004" name="grp_fu_134">
<pin_list>
<pin id="135" dir="0" index="0" bw="13" slack="0"/>
<pin id="136" dir="0" index="1" bw="1" slack="0"/>
<pin id="137" dir="1" index="2" bw="1" slack="2"/>
</pin_list>
<bind>
<opcode="icmp(45) " fcode="icmp"/>
<opset="tmp_8_i/1 tmp_i/1 "/>
</bind>
</comp>

<comp id="139" class="1004" name="grp_fu_139">
<pin_list>
<pin id="140" dir="0" index="0" bw="13" slack="0"/>
<pin id="141" dir="0" index="1" bw="1" slack="0"/>
<pin id="142" dir="1" index="2" bw="13" slack="0"/>
</pin_list>
<bind>
<opcode="add(8) " fcode="add"/>
<opset="tmp_5_i/1 tmp_3_i/1 "/>
</bind>
</comp>

<comp id="144" class="1004" name="grp_store_fu_144">
<pin_list>
<pin id="145" dir="0" index="0" bw="13" slack="0"/>
<pin id="146" dir="0" index="1" bw="13" slack="0"/>
<pin id="147" dir="1" index="2" bw="0" slack="2147483647"/>
</pin_list>
<bind>
<opcode="store(28) " fcode="store"/>
<opset="StgValue_27/1 StgValue_41/1 "/>
</bind>
</comp>

<comp id="150" class="1004" name="grp_fu_150">
<pin_list>
<pin id="151" dir="0" index="0" bw="32" slack="0"/>
<pin id="152" dir="0" index="1" bw="1" slack="0"/>
<pin id="153" dir="1" index="2" bw="32" slack="0"/>
</pin_list>
<bind>
<opcode="add(8) " fcode="add"/>
<opset="tmp_7_i/1 tmp_4_i/1 "/>
</bind>
</comp>

<comp id="155" class="1004" name="grp_store_fu_155">
<pin_list>
<pin id="156" dir="0" index="0" bw="32" slack="0"/>
<pin id="157" dir="0" index="1" bw="32" slack="0"/>
<pin id="158" dir="1" index="2" bw="0" slack="2147483647"/>
</pin_list>
<bind>
<opcode="store(28) " fcode="store"/>
<opset="StgValue_29/1 StgValue_43/1 "/>
</bind>
</comp>

<comp id="161" class="1004" name="grp_store_fu_161">
<pin_list>
<pin id="162" dir="0" index="0" bw="1" slack="0"/>
<pin id="163" dir="0" index="1" bw="1" slack="0"/>
<pin id="164" dir="1" index="2" bw="0" slack="2147483647"/>
</pin_list>
<bind>
<opcode="store(28) " fcode="store"/>
<opset="StgValue_30/1 StgValue_44/1 "/>
</bind>
</comp>

<comp id="167" class="1004" name="memState_load_load_fu_167">
<pin_list>
<pin id="168" dir="0" index="0" bw="1" slack="0"/>
<pin id="169" dir="1" index="1" bw="1" slack="1"/>
</pin_list>
<bind>
<opcode="load(27) " fcode="load"/>
<opset="memState_load/1 "/>
</bind>
</comp>

<comp id="171" class="1004" name="p_Val2_s_load_fu_171">
<pin_list>
<pin id="172" dir="0" index="0" bw="32" slack="0"/>
<pin id="173" dir="1" index="1" bw="32" slack="0"/>
</pin_list>
<bind>
<opcode="load(27) " fcode="load"/>
<opset="p_Val2_s/1 "/>
</bind>
</comp>

<comp id="176" class="1004" name="t_V_load_fu_176">
<pin_list>
<pin id="177" dir="0" index="0" bw="13" slack="0"/>
<pin id="178" dir="1" index="1" bw="13" slack="0"/>
</pin_list>
<bind>
<opcode="load(27) " fcode="load"/>
<opset="t_V/1 "/>
</bind>
</comp>

<comp id="182" class="1004" name="inputWord_rdOrWr_V_l_load_fu_182">
<pin_list>
<pin id="183" dir="0" index="0" bw="1" slack="0"/>
<pin id="184" dir="1" index="1" bw="1" slack="1"/>
</pin_list>
<bind>
<opcode="load(27) " fcode="load"/>
<opset="inputWord_rdOrWr_V_l/1 "/>
</bind>
</comp>

<comp id="186" class="1004" name="tmp_4_fu_186">
<pin_list>
<pin id="187" dir="0" index="0" bw="46" slack="0"/>
<pin id="188" dir="1" index="1" bw="32" slack="0"/>
</pin_list>
<bind>
<opcode="trunc(33) " fcode="trunc"/>
<opset="tmp_4/1 "/>
</bind>
</comp>

<comp id="190" class="1004" name="StgValue_13_store_fu_190">
<pin_list>
<pin id="191" dir="0" index="0" bw="32" slack="0"/>
<pin id="192" dir="0" index="1" bw="32" slack="0"/>
<pin id="193" dir="1" index="2" bw="0" slack="2147483647"/>
</pin_list>
<bind>
<opcode="store(28) " fcode="store"/>
<opset="StgValue_13/1 "/>
</bind>
</comp>

<comp id="196" class="1004" name="tmp_count_V_load_new_fu_196">
<pin_list>
<pin id="197" dir="0" index="0" bw="13" slack="0"/>
<pin id="198" dir="0" index="1" bw="46" slack="0"/>
<pin id="199" dir="0" index="2" bw="7" slack="0"/>
<pin id="200" dir="0" index="3" bw="7" slack="0"/>
<pin id="201" dir="1" index="4" bw="13" slack="0"/>
</pin_list>
<bind>
<opcode="partselect(1002) " fcode="partselect"/>
<opset="tmp_count_V_load_new/1 "/>
</bind>
</comp>

<comp id="206" class="1004" name="StgValue_15_store_fu_206">
<pin_list>
<pin id="207" dir="0" index="0" bw="13" slack="0"/>
<pin id="208" dir="0" index="1" bw="13" slack="0"/>
<pin id="209" dir="1" index="2" bw="0" slack="2147483647"/>
</pin_list>
<bind>
<opcode="store(28) " fcode="store"/>
<opset="StgValue_15/1 "/>
</bind>
</comp>

<comp id="212" class="1004" name="tmp_5_fu_212">
<pin_list>
<pin id="213" dir="0" index="0" bw="1" slack="0"/>
<pin id="214" dir="0" index="1" bw="46" slack="0"/>
<pin id="215" dir="0" index="2" bw="7" slack="0"/>
<pin id="216" dir="1" index="3" bw="1" slack="0"/>
</pin_list>
<bind>
<opcode="bitselect(1000) " fcode="bitselect"/>
<opset="tmp_5/1 "/>
</bind>
</comp>

<comp id="220" class="1004" name="StgValue_17_store_fu_220">
<pin_list>
<pin id="221" dir="0" index="0" bw="1" slack="0"/>
<pin id="222" dir="0" index="1" bw="1" slack="0"/>
<pin id="223" dir="1" index="2" bw="0" slack="2147483647"/>
</pin_list>
<bind>
<opcode="store(28) " fcode="store"/>
<opset="StgValue_17/1 "/>
</bind>
</comp>

<comp id="226" class="1004" name="StgValue_18_store_fu_226">
<pin_list>
<pin id="227" dir="0" index="0" bw="1" slack="0"/>
<pin id="228" dir="0" index="1" bw="1" slack="0"/>
<pin id="229" dir="1" index="2" bw="0" slack="2147483647"/>
</pin_list>
<bind>
<opcode="store(28) " fcode="store"/>
<opset="StgValue_18/1 "/>
</bind>
</comp>

<comp id="232" class="1004" name="tmp_2_fu_232">
<pin_list>
<pin id="233" dir="0" index="0" bw="32" slack="0"/>
<pin id="234" dir="1" index="1" bw="16" slack="0"/>
</pin_list>
<bind>
<opcode="trunc(33) " fcode="trunc"/>
<opset="tmp_2/1 "/>
</bind>
</comp>

<comp id="236" class="1004" name="tmp_6_i_fu_236">
<pin_list>
<pin id="237" dir="0" index="0" bw="16" slack="0"/>
<pin id="238" dir="1" index="1" bw="64" slack="0"/>
</pin_list>
<bind>
<opcode="zext(34) " fcode="zext"/>
<opset="tmp_6_i/1 "/>
</bind>
</comp>

<comp id="241" class="1004" name="tmp_6_fu_241">
<pin_list>
<pin id="242" dir="0" index="0" bw="32" slack="0"/>
<pin id="243" dir="1" index="1" bw="16" slack="0"/>
</pin_list>
<bind>
<opcode="trunc(33) " fcode="trunc"/>
<opset="tmp_6/1 "/>
</bind>
</comp>

<comp id="245" class="1004" name="tmp_9_i_fu_245">
<pin_list>
<pin id="246" dir="0" index="0" bw="16" slack="0"/>
<pin id="247" dir="1" index="1" bw="64" slack="0"/>
</pin_list>
<bind>
<opcode="zext(34) " fcode="zext"/>
<opset="tmp_9_i/1 "/>
</bind>
</comp>

<comp id="250" class="1005" name="memState_load_reg_250">
<pin_list>
<pin id="251" dir="0" index="0" bw="1" slack="1"/>
<pin id="252" dir="1" index="1" bw="1" slack="2147483647"/>
</pin_list>
<bind>
<opset="memState_load "/>
</bind>
</comp>

<comp id="254" class="1005" name="inputWord_rdOrWr_V_l_reg_254">
<pin_list>
<pin id="255" dir="0" index="0" bw="1" slack="1"/>
<pin id="256" dir="1" index="1" bw="1" slack="2147483647"/>
</pin_list>
<bind>
<opset="inputWord_rdOrWr_V_l "/>
</bind>
</comp>

<comp id="258" class="1005" name="tmp_reg_258">
<pin_list>
<pin id="259" dir="0" index="0" bw="1" slack="2"/>
<pin id="260" dir="1" index="1" bw="1" slack="2147483647"/>
</pin_list>
<bind>
<opset="tmp "/>
</bind>
</comp>

<comp id="262" class="1005" name="memArray_V_addr_reg_262">
<pin_list>
<pin id="263" dir="0" index="0" bw="16" slack="1"/>
<pin id="264" dir="1" index="1" bw="16" slack="1"/>
</pin_list>
<bind>
<opset="memArray_V_addr "/>
</bind>
</comp>

<comp id="267" class="1005" name="tmp_8_i_reg_267">
<pin_list>
<pin id="268" dir="0" index="0" bw="1" slack="2"/>
<pin id="269" dir="1" index="1" bw="1" slack="2147483647"/>
</pin_list>
<bind>
<opset="tmp_8_i "/>
</bind>
</comp>

<comp id="271" class="1005" name="tmp_1_reg_271">
<pin_list>
<pin id="272" dir="0" index="0" bw="1" slack="1"/>
<pin id="273" dir="1" index="1" bw="1" slack="2147483647"/>
</pin_list>
<bind>
<opset="tmp_1 "/>
</bind>
</comp>

<comp id="275" class="1005" name="tmp_V_1_reg_275">
<pin_list>
<pin id="276" dir="0" index="0" bw="64" slack="1"/>
<pin id="277" dir="1" index="1" bw="64" slack="1"/>
</pin_list>
<bind>
<opset="tmp_V_1 "/>
</bind>
</comp>

<comp id="280" class="1005" name="memArray_V_addr_1_reg_280">
<pin_list>
<pin id="281" dir="0" index="0" bw="16" slack="1"/>
<pin id="282" dir="1" index="1" bw="16" slack="1"/>
</pin_list>
<bind>
<opset="memArray_V_addr_1 "/>
</bind>
</comp>

<comp id="285" class="1005" name="tmp_i_reg_285">
<pin_list>
<pin id="286" dir="0" index="0" bw="1" slack="2"/>
<pin id="287" dir="1" index="1" bw="1" slack="2147483647"/>
</pin_list>
<bind>
<opset="tmp_i "/>
</bind>
</comp>

<comp id="289" class="1005" name="tmp_V_reg_289">
<pin_list>
<pin id="290" dir="0" index="0" bw="64" slack="1"/>
<pin id="291" dir="1" index="1" bw="64" slack="1"/>
</pin_list>
<bind>
<opset="tmp_V "/>
</bind>
</comp>

</comp_list>

<net_list>
<net id="81"><net_src comp="16" pin="0"/><net_sink comp="76" pin=0"/></net>

<net id="82"><net_src comp="12" pin="0"/><net_sink comp="76" pin=1"/></net>

<net id="83"><net_src comp="18" pin="0"/><net_sink comp="76" pin=2"/></net>

<net id="88"><net_src comp="20" pin="0"/><net_sink comp="84" pin=0"/></net>

<net id="89"><net_src comp="12" pin="0"/><net_sink comp="84" pin=1"/></net>

<net id="95"><net_src comp="42" pin="0"/><net_sink comp="90" pin=0"/></net>

<net id="96"><net_src comp="2" pin="0"/><net_sink comp="90" pin=1"/></net>

<net id="97"><net_src comp="18" pin="0"/><net_sink comp="90" pin=2"/></net>

<net id="102"><net_src comp="44" pin="0"/><net_sink comp="98" pin=0"/></net>

<net id="103"><net_src comp="2" pin="0"/><net_sink comp="98" pin=1"/></net>

<net id="109"><net_src comp="46" pin="0"/><net_sink comp="104" pin=0"/></net>

<net id="110"><net_src comp="0" pin="0"/><net_sink comp="104" pin=1"/></net>

<net id="116"><net_src comp="14" pin="0"/><net_sink comp="111" pin=0"/></net>

<net id="117"><net_src comp="34" pin="0"/><net_sink comp="111" pin=1"/></net>

<net id="123"><net_src comp="118" pin="3"/><net_sink comp="104" pin=2"/></net>

<net id="124"><net_src comp="111" pin="3"/><net_sink comp="118" pin=0"/></net>

<net id="130"><net_src comp="14" pin="0"/><net_sink comp="125" pin=0"/></net>

<net id="131"><net_src comp="34" pin="0"/><net_sink comp="125" pin=1"/></net>

<net id="132"><net_src comp="98" pin="2"/><net_sink comp="118" pin=1"/></net>

<net id="133"><net_src comp="125" pin="3"/><net_sink comp="118" pin=0"/></net>

<net id="138"><net_src comp="36" pin="0"/><net_sink comp="134" pin=1"/></net>

<net id="143"><net_src comp="38" pin="0"/><net_sink comp="139" pin=1"/></net>

<net id="148"><net_src comp="139" pin="2"/><net_sink comp="144" pin=0"/></net>

<net id="149"><net_src comp="8" pin="0"/><net_sink comp="144" pin=1"/></net>

<net id="154"><net_src comp="18" pin="0"/><net_sink comp="150" pin=1"/></net>

<net id="159"><net_src comp="150" pin="2"/><net_sink comp="155" pin=0"/></net>

<net id="160"><net_src comp="6" pin="0"/><net_sink comp="155" pin=1"/></net>

<net id="165"><net_src comp="40" pin="0"/><net_sink comp="161" pin=0"/></net>

<net id="166"><net_src comp="4" pin="0"/><net_sink comp="161" pin=1"/></net>

<net id="170"><net_src comp="4" pin="0"/><net_sink comp="167" pin=0"/></net>

<net id="174"><net_src comp="6" pin="0"/><net_sink comp="171" pin=0"/></net>

<net id="175"><net_src comp="171" pin="1"/><net_sink comp="150" pin=0"/></net>

<net id="179"><net_src comp="8" pin="0"/><net_sink comp="176" pin=0"/></net>

<net id="180"><net_src comp="176" pin="1"/><net_sink comp="134" pin=0"/></net>

<net id="181"><net_src comp="176" pin="1"/><net_sink comp="139" pin=0"/></net>

<net id="185"><net_src comp="10" pin="0"/><net_sink comp="182" pin=0"/></net>

<net id="189"><net_src comp="84" pin="2"/><net_sink comp="186" pin=0"/></net>

<net id="194"><net_src comp="186" pin="1"/><net_sink comp="190" pin=0"/></net>

<net id="195"><net_src comp="6" pin="0"/><net_sink comp="190" pin=1"/></net>

<net id="202"><net_src comp="22" pin="0"/><net_sink comp="196" pin=0"/></net>

<net id="203"><net_src comp="84" pin="2"/><net_sink comp="196" pin=1"/></net>

<net id="204"><net_src comp="24" pin="0"/><net_sink comp="196" pin=2"/></net>

<net id="205"><net_src comp="26" pin="0"/><net_sink comp="196" pin=3"/></net>

<net id="210"><net_src comp="196" pin="4"/><net_sink comp="206" pin=0"/></net>

<net id="211"><net_src comp="8" pin="0"/><net_sink comp="206" pin=1"/></net>

<net id="217"><net_src comp="28" pin="0"/><net_sink comp="212" pin=0"/></net>

<net id="218"><net_src comp="84" pin="2"/><net_sink comp="212" pin=1"/></net>

<net id="219"><net_src comp="30" pin="0"/><net_sink comp="212" pin=2"/></net>

<net id="224"><net_src comp="212" pin="3"/><net_sink comp="220" pin=0"/></net>

<net id="225"><net_src comp="10" pin="0"/><net_sink comp="220" pin=1"/></net>

<net id="230"><net_src comp="32" pin="0"/><net_sink comp="226" pin=0"/></net>

<net id="231"><net_src comp="4" pin="0"/><net_sink comp="226" pin=1"/></net>

<net id="235"><net_src comp="171" pin="1"/><net_sink comp="232" pin=0"/></net>

<net id="239"><net_src comp="232" pin="1"/><net_sink comp="236" pin=0"/></net>

<net id="240"><net_src comp="236" pin="1"/><net_sink comp="111" pin=2"/></net>

<net id="244"><net_src comp="171" pin="1"/><net_sink comp="241" pin=0"/></net>

<net id="248"><net_src comp="241" pin="1"/><net_sink comp="245" pin=0"/></net>

<net id="249"><net_src comp="245" pin="1"/><net_sink comp="125" pin=2"/></net>

<net id="253"><net_src comp="167" pin="1"/><net_sink comp="250" pin=0"/></net>

<net id="257"><net_src comp="182" pin="1"/><net_sink comp="254" pin=0"/></net>

<net id="261"><net_src comp="76" pin="3"/><net_sink comp="258" pin=0"/></net>

<net id="265"><net_src comp="111" pin="3"/><net_sink comp="262" pin=0"/></net>

<net id="266"><net_src comp="262" pin="1"/><net_sink comp="118" pin=0"/></net>

<net id="270"><net_src comp="134" pin="2"/><net_sink comp="267" pin=0"/></net>

<net id="274"><net_src comp="90" pin="3"/><net_sink comp="271" pin=0"/></net>

<net id="278"><net_src comp="98" pin="2"/><net_sink comp="275" pin=0"/></net>

<net id="279"><net_src comp="275" pin="1"/><net_sink comp="118" pin=1"/></net>

<net id="283"><net_src comp="125" pin="3"/><net_sink comp="280" pin=0"/></net>

<net id="284"><net_src comp="280" pin="1"/><net_sink comp="118" pin=0"/></net>

<net id="288"><net_src comp="134" pin="2"/><net_sink comp="285" pin=0"/></net>

<net id="292"><net_src comp="118" pin="3"/><net_sink comp="289" pin=0"/></net>

<net id="293"><net_src comp="289" pin="1"/><net_sink comp="104" pin=2"/></net>

</net_list>

</model> 
---------------- Datapath Model END ------------------

* FSMD analyzer results:
  - Output states:
	Port: rdDataOut_V_V | {3 }
	Port: memState | {1 }
	Port: inputWord_address_V | {1 }
	Port: inputWord_count_V | {1 }
	Port: inputWord_rdOrWr_V | {1 }
	Port: memArray_V | {1 2 }
 - Input state : 
	Port: flashMemAccess : wrDataIn_V_V | {1 }
	Port: flashMemAccess : memState | {1 }
	Port: flashMemAccess : inputWord_address_V | {1 }
	Port: flashMemAccess : inputWord_count_V | {1 }
	Port: flashMemAccess : inputWord_rdOrWr_V | {1 }
	Port: flashMemAccess : flashAggregateMemCmd_1 | {1 }
	Port: flashMemAccess : memArray_V | {1 2 }
  - Chain level:
	State 1
		StgValue_8 : 1
		StgValue_13 : 1
		StgValue_15 : 1
		StgValue_17 : 1
		StgValue_19 : 1
		tmp_2 : 1
		tmp_6_i : 2
		memArray_V_addr : 3
		tmp_V : 4
		tmp_8_i : 1
		StgValue_25 : 2
		tmp_5_i : 1
		StgValue_27 : 2
		tmp_7_i : 1
		StgValue_29 : 2
		tmp_6 : 1
		tmp_9_i : 2
		memArray_V_addr_1 : 3
		StgValue_37 : 4
		tmp_i : 1
		StgValue_39 : 2
		tmp_3_i : 1
		StgValue_41 : 2
		tmp_4_i : 1
		StgValue_43 : 2
	State 2
		StgValue_46 : 1
	State 3


============================================================
+ Verbose Summary: Datapath Resource usage 
============================================================

* Functional unit list:
|----------|-----------------------------|---------|---------|
| Operation|       Functional Unit       |    FF   |   LUT   |
|----------|-----------------------------|---------|---------|
|    add   |          grp_fu_139         |    0    |    20   |
|          |          grp_fu_150         |    0    |    39   |
|----------|-----------------------------|---------|---------|
|   icmp   |          grp_fu_134         |    0    |    13   |
|----------|-----------------------------|---------|---------|
| nbreadreq|     tmp_nbreadreq_fu_76     |    0    |    0    |
|          |    tmp_1_nbreadreq_fu_90    |    0    |    0    |
|----------|-----------------------------|---------|---------|
|   read   |       tmp_3_read_fu_84      |    0    |    0    |
|          |      tmp_V_1_read_fu_98     |    0    |    0    |
|----------|-----------------------------|---------|---------|
|   write  |       grp_write_fu_104      |    0    |    0    |
|----------|-----------------------------|---------|---------|
|          |         tmp_4_fu_186        |    0    |    0    |
|   trunc  |         tmp_2_fu_232        |    0    |    0    |
|          |         tmp_6_fu_241        |    0    |    0    |
|----------|-----------------------------|---------|---------|
|partselect| tmp_count_V_load_new_fu_196 |    0    |    0    |
|----------|-----------------------------|---------|---------|
| bitselect|         tmp_5_fu_212        |    0    |    0    |
|----------|-----------------------------|---------|---------|
|   zext   |        tmp_6_i_fu_236       |    0    |    0    |
|          |        tmp_9_i_fu_245       |    0    |    0    |
|----------|-----------------------------|---------|---------|
|   Total  |                             |    0    |    72   |
|----------|-----------------------------|---------|---------|

Memories:
N/A

* Register list:
+----------------------------+--------+
|                            |   FF   |
+----------------------------+--------+
|inputWord_rdOrWr_V_l_reg_254|    1   |
|  memArray_V_addr_1_reg_280 |   16   |
|   memArray_V_addr_reg_262  |   16   |
|    memState_load_reg_250   |    1   |
|        tmp_1_reg_271       |    1   |
|       tmp_8_i_reg_267      |    1   |
|       tmp_V_1_reg_275      |   64   |
|        tmp_V_reg_289       |   64   |
|        tmp_i_reg_285       |    1   |
|         tmp_reg_258        |    1   |
+----------------------------+--------+
|            Total           |   166  |
+----------------------------+--------+

* Multiplexer (MUX) list: 
|-------------------|------|------|------|--------||---------||---------|
|        Comp       |  Pin | Size |  BW  | S x BW ||  Delay  ||   LUT   |
|-------------------|------|------|------|--------||---------||---------|
|  grp_write_fu_104 |  p2  |   2  |  64  |   128  ||    9    |
| grp_access_fu_118 |  p0  |   4  |  16  |   64   ||    21   |
| grp_access_fu_118 |  p1  |   2  |  64  |   128  ||    9    |
|-------------------|------|------|------|--------||---------||---------|
|       Total       |      |      |      |   320  ||  2.672  ||    39   |
|-------------------|------|------|------|--------||---------||---------|



* Summary:
+-----------+--------+--------+--------+
|           |  Delay |   FF   |   LUT  |
+-----------+--------+--------+--------+
|  Function |    -   |    0   |   72   |
|   Memory  |    -   |    -   |    -   |
|Multiplexer|    2   |    -   |   39   |
|  Register |    -   |   166  |    -   |
+-----------+--------+--------+--------+
|   Total   |    2   |   166  |   111  |
+-----------+--------+--------+--------+
