

================================================================
== Vivado HLS Report for 'flashMemAccess'
================================================================
* Date:           Wed Oct 14 13:18:59 2020

* Version:        2018.3 (Build 2405991 on Thu Dec 06 23:56:15 MST 2018)
* Project:        flashModel_prj
* Solution:       solution1
* Product family: kintexu
* Target device:  xcku040-ffva1156-2-e


================================================================
== Performance Estimates
================================================================
+ Timing (ns): 
    * Summary: 
    +--------+-------+----------+------------+
    |  Clock | Target| Estimated| Uncertainty|
    +--------+-------+----------+------------+
    |ap_clk  |   6.40|     3.183|        0.80|
    +--------+-------+----------+------------+

+ Latency (clock cycles): 
    * Summary: 
    +-----+-----+-----+-----+----------+
    |  Latency  |  Interval | Pipeline |
    | min | max | min | max |   Type   |
    +-----+-----+-----+-----+----------+
    |    2|    2|    1|    1| function |
    +-----+-----+-----+-----+----------+

    + Detail: 
        * Instance: 
        N/A

        * Loop: 
        N/A

============================================================
+ Verbose Summary: Synthesis Manager
============================================================
InlineROM: 1
ExposeGlobal: 0
============================================================
+ Verbose Summary: CDFG Model
============================================================
IsTopModel: 0
ResetActiveHigh: 1
IsCombinational: 2
IsDatapathOnly: 0
HasWiredReturn: 1
HasMFsm: 1
HasVarLatency: 0
IsPipeline: 1
IsRtlPipelined: 1
IsInstanceOverlapped: 0
IsDontTouch: 0
HasImplIP: 0
IsGatedGlobalClock: 0

+ Individual pipeline summary: 
  * Pipeline-0: initiation interval (II) = 1, depth = 3


============================================================
+ Verbose Summary: Schedule
============================================================
* Number of FSM states : 3
* Pipeline : 1
  Pipeline-0 : II = 1, D = 3, States = { 1 2 3 }
* Dataflow Pipeline: 0

* FSM state transitions: 
1 --> 
	2  / true
2 --> 
	3  / true
3 --> 

* FSM state operations: 

State 1 <SV = 0> <Delay = 3.18>
ST_1 : Operation 4 [1/1] (0.00ns)   --->   "%memState_load = load i1* @memState, align 1" [src/otherModules/flashModel/flashModel.cpp:45]   --->   Operation 4 'load' 'memState_load' <Predicate = true> <Delay = 0.00>
ST_1 : Operation 5 [1/1] (0.00ns)   --->   "%p_Val2_s = load i32* @inputWord_address_V, align 4" [src/otherModules/flashModel/flashModel.cpp:56]   --->   Operation 5 'load' 'p_Val2_s' <Predicate = true> <Delay = 0.00>
ST_1 : Operation 6 [1/1] (0.00ns)   --->   "%t_V = load i13* @inputWord_count_V, align 2" [src/otherModules/flashModel/flashModel.cpp:57]   --->   Operation 6 'load' 't_V' <Predicate = true> <Delay = 0.00>
ST_1 : Operation 7 [1/1] (0.00ns)   --->   "%inputWord_rdOrWr_V_l = load i1* @inputWord_rdOrWr_V, align 1" [src/otherModules/flashModel/flashModel.cpp:55]   --->   Operation 7 'load' 'inputWord_rdOrWr_V_l' <Predicate = true> <Delay = 0.00>
ST_1 : Operation 8 [1/1] (0.00ns)   --->   "br i1 %memState_load, label %2, label %0" [src/otherModules/flashModel/flashModel.cpp:45]   --->   Operation 8 'br' <Predicate = true> <Delay = 0.00>
ST_1 : Operation 9 [1/1] (0.00ns)   --->   "%tmp = call i1 @_ssdm_op_NbReadReq.ap_fifo.i46P(i46* @flashAggregateMemCmd_1, i32 1)"   --->   Operation 9 'nbreadreq' 'tmp' <Predicate = (!memState_load)> <Delay = 0.00> <Core = "FIFO_SRL">   --->   Core 36 'FIFO_SRL' <Latency = 0> <II = 1> <Delay = 2.26> <Storage> <Opcode : 'read' 'write' 'nbread' 'nbwrite'> <Ports = 0> <Width = 46> <Depth = 0> <FIFO>
ST_1 : Operation 10 [1/1] (0.00ns)   --->   "br i1 %tmp, label %1, label %._crit_edge3.i" [src/otherModules/flashModel/flashModel.cpp:48]   --->   Operation 10 'br' <Predicate = (!memState_load)> <Delay = 0.00>
ST_1 : Operation 11 [1/1] (2.26ns)   --->   "%tmp_3 = call i46 @_ssdm_op_Read.ap_fifo.volatile.i46P(i46* @flashAggregateMemCmd_1)"   --->   Operation 11 'read' 'tmp_3' <Predicate = (!memState_load & tmp)> <Delay = 2.26> <Core = "FIFO_SRL">   --->   Core 36 'FIFO_SRL' <Latency = 0> <II = 1> <Delay = 2.26> <Storage> <Opcode : 'read' 'write' 'nbread' 'nbwrite'> <Ports = 0> <Width = 46> <Depth = 0> <FIFO>
ST_1 : Operation 12 [1/1] (0.00ns)   --->   "%tmp_4 = trunc i46 %tmp_3 to i32" [src/otherModules/flashModel/flashModel.h:53->src/otherModules/flashModel/flashModel.cpp:50]   --->   Operation 12 'trunc' 'tmp_4' <Predicate = (!memState_load & tmp)> <Delay = 0.00>
ST_1 : Operation 13 [1/1] (0.91ns)   --->   "store i32 %tmp_4, i32* @inputWord_address_V, align 4" [src/otherModules/flashModel/flashModel.h:53->src/otherModules/flashModel/flashModel.cpp:50]   --->   Operation 13 'store' <Predicate = (!memState_load & tmp)> <Delay = 0.91>
ST_1 : Operation 14 [1/1] (0.00ns)   --->   "%tmp_count_V_load_new = call i13 @_ssdm_op_PartSelect.i13.i46.i32.i32(i46 %tmp_3, i32 32, i32 44)" [src/otherModules/flashModel/flashModel.h:53->src/otherModules/flashModel/flashModel.cpp:50]   --->   Operation 14 'partselect' 'tmp_count_V_load_new' <Predicate = (!memState_load & tmp)> <Delay = 0.00>
ST_1 : Operation 15 [1/1] (0.91ns)   --->   "store i13 %tmp_count_V_load_new, i13* @inputWord_count_V, align 4" [src/otherModules/flashModel/flashModel.h:53->src/otherModules/flashModel/flashModel.cpp:50]   --->   Operation 15 'store' <Predicate = (!memState_load & tmp)> <Delay = 0.91>
ST_1 : Operation 16 [1/1] (0.00ns)   --->   "%tmp_5 = call i1 @_ssdm_op_BitSelect.i1.i46.i32(i46 %tmp_3, i32 45)" [src/otherModules/flashModel/flashModel.h:53->src/otherModules/flashModel/flashModel.cpp:50]   --->   Operation 16 'bitselect' 'tmp_5' <Predicate = (!memState_load & tmp)> <Delay = 0.00>
ST_1 : Operation 17 [1/1] (0.00ns)   --->   "store i1 %tmp_5, i1* @inputWord_rdOrWr_V, align 2" [src/otherModules/flashModel/flashModel.h:53->src/otherModules/flashModel/flashModel.cpp:50]   --->   Operation 17 'store' <Predicate = (!memState_load & tmp)> <Delay = 0.00>
ST_1 : Operation 18 [1/1] (0.83ns)   --->   "store i1 true, i1* @memState, align 1" [src/otherModules/flashModel/flashModel.cpp:51]   --->   Operation 18 'store' <Predicate = (!memState_load & tmp)> <Delay = 0.83>
ST_1 : Operation 19 [1/1] (0.00ns)   --->   "br i1 %inputWord_rdOrWr_V_l, label %7, label %3" [src/otherModules/flashModel/flashModel.cpp:55]   --->   Operation 19 'br' <Predicate = (memState_load)> <Delay = 0.00>
ST_1 : Operation 20 [1/1] (0.00ns)   --->   "%tmp_2 = trunc i32 %p_Val2_s to i16" [src/otherModules/flashModel/flashModel.cpp:56]   --->   Operation 20 'trunc' 'tmp_2' <Predicate = (memState_load & !inputWord_rdOrWr_V_l)> <Delay = 0.00>
ST_1 : Operation 21 [1/1] (0.00ns)   --->   "%tmp_6_i = zext i16 %tmp_2 to i64" [src/otherModules/flashModel/flashModel.cpp:56]   --->   Operation 21 'zext' 'tmp_6_i' <Predicate = (memState_load & !inputWord_rdOrWr_V_l)> <Delay = 0.00>
ST_1 : Operation 22 [1/1] (0.00ns)   --->   "%memArray_V_addr = getelementptr [65536 x i64]* @memArray_V, i64 0, i64 %tmp_6_i" [src/otherModules/flashModel/flashModel.cpp:56]   --->   Operation 22 'getelementptr' 'memArray_V_addr' <Predicate = (memState_load & !inputWord_rdOrWr_V_l)> <Delay = 0.00>
ST_1 : Operation 23 [2/2] (1.77ns)   --->   "%tmp_V = load i64* %memArray_V_addr, align 8" [src/otherModules/flashModel/flashModel.cpp:56]   --->   Operation 23 'load' 'tmp_V' <Predicate = (memState_load & !inputWord_rdOrWr_V_l)> <Delay = 1.77> <Core = "RAM_T2P_BRAM">   --->   Core 38 'RAM_T2P_BRAM' <Latency = 1> <II = 1> <Delay = 1.77> <Storage> <Opcode : 'load' 'store'> <Ports = 2> <Width = 64> <Depth = 65536> <RAM>
ST_1 : Operation 24 [1/1] (0.97ns)   --->   "%tmp_8_i = icmp eq i13 %t_V, 1" [src/otherModules/flashModel/flashModel.cpp:57]   --->   Operation 24 'icmp' 'tmp_8_i' <Predicate = (memState_load & !inputWord_rdOrWr_V_l)> <Delay = 0.97> <Core = "Cmp">   --->   Core 25 'Cmp' <Latency = 0> <II = 1> <Delay = 0.97> <FuncUnit> <Opcode : 'icmp'> <InPorts = 2> <OutPorts = 1>
ST_1 : Operation 25 [1/1] (0.00ns)   --->   "br i1 %tmp_8_i, label %4, label %5" [src/otherModules/flashModel/flashModel.cpp:57]   --->   Operation 25 'br' <Predicate = (memState_load & !inputWord_rdOrWr_V_l)> <Delay = 0.00>
ST_1 : Operation 26 [1/1] (1.36ns)   --->   "%tmp_5_i = add i13 %t_V, -1" [src/otherModules/flashModel/flashModel.cpp:61]   --->   Operation 26 'add' 'tmp_5_i' <Predicate = (memState_load & !inputWord_rdOrWr_V_l & !tmp_8_i)> <Delay = 1.36> <Core = "AddSub">   --->   Core 14 'AddSub' <Latency = 0> <II = 1> <Delay = 1.48> <FuncUnit> <Opcode : 'add' 'sub'> <InPorts = 2> <OutPorts = 1>
ST_1 : Operation 27 [1/1] (0.91ns)   --->   "store i13 %tmp_5_i, i13* @inputWord_count_V, align 4" [src/otherModules/flashModel/flashModel.cpp:61]   --->   Operation 27 'store' <Predicate = (memState_load & !inputWord_rdOrWr_V_l & !tmp_8_i)> <Delay = 0.91>
ST_1 : Operation 28 [1/1] (1.48ns)   --->   "%tmp_7_i = add i32 %p_Val2_s, 1" [src/otherModules/flashModel/flashModel.cpp:62]   --->   Operation 28 'add' 'tmp_7_i' <Predicate = (memState_load & !inputWord_rdOrWr_V_l & !tmp_8_i)> <Delay = 1.48> <Core = "AddSub">   --->   Core 14 'AddSub' <Latency = 0> <II = 1> <Delay = 1.48> <FuncUnit> <Opcode : 'add' 'sub'> <InPorts = 2> <OutPorts = 1>
ST_1 : Operation 29 [1/1] (0.91ns)   --->   "store i32 %tmp_7_i, i32* @inputWord_address_V, align 4" [src/otherModules/flashModel/flashModel.cpp:62]   --->   Operation 29 'store' <Predicate = (memState_load & !inputWord_rdOrWr_V_l & !tmp_8_i)> <Delay = 0.91>
ST_1 : Operation 30 [1/1] (0.83ns)   --->   "store i1 false, i1* @memState, align 1" [src/otherModules/flashModel/flashModel.cpp:58]   --->   Operation 30 'store' <Predicate = (memState_load & !inputWord_rdOrWr_V_l & tmp_8_i)> <Delay = 0.83>
ST_1 : Operation 31 [1/1] (0.00ns)   --->   "%tmp_1 = call i1 @_ssdm_op_NbReadReq.axis.i64P(i64* %wrDataIn_V_V, i32 1)" [src/otherModules/flashModel/flashModel.cpp:65]   --->   Operation 31 'nbreadreq' 'tmp_1' <Predicate = (memState_load & inputWord_rdOrWr_V_l)> <Delay = 0.00> <Core = "AXI4Stream">   --->   Core 5 'AXI4Stream' <Latency = 0> <II = 1> <Delay = 1.00> <Adapter> <Opcode : >
ST_1 : Operation 32 [1/1] (0.00ns)   --->   "br i1 %tmp_1, label %8, label %._crit_edge5.i" [src/otherModules/flashModel/flashModel.cpp:65]   --->   Operation 32 'br' <Predicate = (memState_load & inputWord_rdOrWr_V_l)> <Delay = 0.00>
ST_1 : Operation 33 [1/1] (0.00ns)   --->   "%tmp_6 = trunc i32 %p_Val2_s to i16" [src/otherModules/flashModel/flashModel.cpp:66]   --->   Operation 33 'trunc' 'tmp_6' <Predicate = (memState_load & inputWord_rdOrWr_V_l & tmp_1)> <Delay = 0.00>
ST_1 : Operation 34 [1/1] (0.00ns)   --->   "%tmp_9_i = zext i16 %tmp_6 to i64" [src/otherModules/flashModel/flashModel.cpp:66]   --->   Operation 34 'zext' 'tmp_9_i' <Predicate = (memState_load & inputWord_rdOrWr_V_l & tmp_1)> <Delay = 0.00>
ST_1 : Operation 35 [1/1] (0.00ns)   --->   "%tmp_V_1 = call i64 @_ssdm_op_Read.axis.volatile.i64P(i64* %wrDataIn_V_V)" [src/otherModules/flashModel/flashModel.cpp:66]   --->   Operation 35 'read' 'tmp_V_1' <Predicate = (memState_load & inputWord_rdOrWr_V_l & tmp_1)> <Delay = 0.00> <Core = "AXI4Stream">   --->   Core 5 'AXI4Stream' <Latency = 0> <II = 1> <Delay = 1.00> <Adapter> <Opcode : >
ST_1 : Operation 36 [1/1] (0.00ns)   --->   "%memArray_V_addr_1 = getelementptr [65536 x i64]* @memArray_V, i64 0, i64 %tmp_9_i" [src/otherModules/flashModel/flashModel.cpp:66]   --->   Operation 36 'getelementptr' 'memArray_V_addr_1' <Predicate = (memState_load & inputWord_rdOrWr_V_l & tmp_1)> <Delay = 0.00>
ST_1 : Operation 37 [2/2] (1.77ns)   --->   "store i64 %tmp_V_1, i64* %memArray_V_addr_1, align 8" [src/otherModules/flashModel/flashModel.cpp:66]   --->   Operation 37 'store' <Predicate = (memState_load & inputWord_rdOrWr_V_l & tmp_1)> <Delay = 1.77> <Core = "RAM_T2P_BRAM">   --->   Core 38 'RAM_T2P_BRAM' <Latency = 1> <II = 1> <Delay = 1.77> <Storage> <Opcode : 'load' 'store'> <Ports = 2> <Width = 64> <Depth = 65536> <RAM>
ST_1 : Operation 38 [1/1] (0.97ns)   --->   "%tmp_i = icmp eq i13 %t_V, 1" [src/otherModules/flashModel/flashModel.cpp:67]   --->   Operation 38 'icmp' 'tmp_i' <Predicate = (memState_load & inputWord_rdOrWr_V_l & tmp_1)> <Delay = 0.97> <Core = "Cmp">   --->   Core 25 'Cmp' <Latency = 0> <II = 1> <Delay = 0.97> <FuncUnit> <Opcode : 'icmp'> <InPorts = 2> <OutPorts = 1>
ST_1 : Operation 39 [1/1] (0.00ns)   --->   "br i1 %tmp_i, label %9, label %10" [src/otherModules/flashModel/flashModel.cpp:67]   --->   Operation 39 'br' <Predicate = (memState_load & inputWord_rdOrWr_V_l & tmp_1)> <Delay = 0.00>
ST_1 : Operation 40 [1/1] (1.36ns)   --->   "%tmp_3_i = add i13 %t_V, -1" [src/otherModules/flashModel/flashModel.cpp:70]   --->   Operation 40 'add' 'tmp_3_i' <Predicate = (memState_load & inputWord_rdOrWr_V_l & tmp_1 & !tmp_i)> <Delay = 1.36> <Core = "AddSub">   --->   Core 14 'AddSub' <Latency = 0> <II = 1> <Delay = 1.48> <FuncUnit> <Opcode : 'add' 'sub'> <InPorts = 2> <OutPorts = 1>
ST_1 : Operation 41 [1/1] (0.91ns)   --->   "store i13 %tmp_3_i, i13* @inputWord_count_V, align 4" [src/otherModules/flashModel/flashModel.cpp:70]   --->   Operation 41 'store' <Predicate = (memState_load & inputWord_rdOrWr_V_l & tmp_1 & !tmp_i)> <Delay = 0.91>
ST_1 : Operation 42 [1/1] (1.48ns)   --->   "%tmp_4_i = add i32 %p_Val2_s, 1" [src/otherModules/flashModel/flashModel.cpp:71]   --->   Operation 42 'add' 'tmp_4_i' <Predicate = (memState_load & inputWord_rdOrWr_V_l & tmp_1 & !tmp_i)> <Delay = 1.48> <Core = "AddSub">   --->   Core 14 'AddSub' <Latency = 0> <II = 1> <Delay = 1.48> <FuncUnit> <Opcode : 'add' 'sub'> <InPorts = 2> <OutPorts = 1>
ST_1 : Operation 43 [1/1] (0.91ns)   --->   "store i32 %tmp_4_i, i32* @inputWord_address_V, align 4" [src/otherModules/flashModel/flashModel.cpp:71]   --->   Operation 43 'store' <Predicate = (memState_load & inputWord_rdOrWr_V_l & tmp_1 & !tmp_i)> <Delay = 0.91>
ST_1 : Operation 44 [1/1] (0.83ns)   --->   "store i1 false, i1* @memState, align 1" [src/otherModules/flashModel/flashModel.cpp:68]   --->   Operation 44 'store' <Predicate = (memState_load & inputWord_rdOrWr_V_l & tmp_1 & tmp_i)> <Delay = 0.83>

State 2 <SV = 1> <Delay = 1.77>
ST_2 : Operation 45 [1/2] (1.77ns)   --->   "%tmp_V = load i64* %memArray_V_addr, align 8" [src/otherModules/flashModel/flashModel.cpp:56]   --->   Operation 45 'load' 'tmp_V' <Predicate = (memState_load & !inputWord_rdOrWr_V_l)> <Delay = 1.77> <Core = "RAM_T2P_BRAM">   --->   Core 38 'RAM_T2P_BRAM' <Latency = 1> <II = 1> <Delay = 1.77> <Storage> <Opcode : 'load' 'store'> <Ports = 2> <Width = 64> <Depth = 65536> <RAM>
ST_2 : Operation 46 [2/2] (0.00ns)   --->   "call void @_ssdm_op_Write.axis.volatile.i64P(i64* %rdDataOut_V_V, i64 %tmp_V)" [src/otherModules/flashModel/flashModel.cpp:56]   --->   Operation 46 'write' <Predicate = (memState_load & !inputWord_rdOrWr_V_l)> <Delay = 0.00> <Core = "AXI4Stream">   --->   Core 5 'AXI4Stream' <Latency = 0> <II = 1> <Delay = 1.00> <Adapter> <Opcode : >
ST_2 : Operation 47 [1/2] (1.77ns)   --->   "store i64 %tmp_V_1, i64* %memArray_V_addr_1, align 8" [src/otherModules/flashModel/flashModel.cpp:66]   --->   Operation 47 'store' <Predicate = (memState_load & inputWord_rdOrWr_V_l & tmp_1)> <Delay = 1.77> <Core = "RAM_T2P_BRAM">   --->   Core 38 'RAM_T2P_BRAM' <Latency = 1> <II = 1> <Delay = 1.77> <Storage> <Opcode : 'load' 'store'> <Ports = 2> <Width = 64> <Depth = 65536> <RAM>

State 3 <SV = 2> <Delay = 0.00>
ST_3 : Operation 48 [1/1] (0.00ns)   --->   "call void (...)* @_ssdm_op_SpecInterface(i46* @flashAggregateMemCmd_1, [8 x i8]* @ap_fifo_str, i32 0, i32 0, [1 x i8]* @p_str, i32 0, i32 0, [1 x i8]* @p_str, [1 x i8]* @p_str, [1 x i8]* @p_str, i32 2, i32 2, i32 16, i32 16, [1 x i8]* @p_str, [1 x i8]* @p_str)"   --->   Operation 48 'specinterface' <Predicate = true> <Delay = 0.00>
ST_3 : Operation 49 [1/1] (0.00ns)   --->   "call void (...)* @_ssdm_op_SpecInterface(i64* %wrDataIn_V_V, [5 x i8]* @p_str3, i32 1, i32 1, [5 x i8]* @p_str4, i32 0, i32 0, [1 x i8]* @p_str, [1 x i8]* @p_str, [1 x i8]* @p_str, i32 0, i32 0, i32 0, i32 0, [1 x i8]* @p_str, [1 x i8]* @p_str) nounwind"   --->   Operation 49 'specinterface' <Predicate = true> <Delay = 0.00>
ST_3 : Operation 50 [1/1] (0.00ns)   --->   "call void (...)* @_ssdm_op_SpecInterface(i64* %rdDataOut_V_V, [5 x i8]* @p_str3, i32 1, i32 1, [5 x i8]* @p_str4, i32 0, i32 0, [1 x i8]* @p_str, [1 x i8]* @p_str, [1 x i8]* @p_str, i32 0, i32 0, i32 0, i32 0, [1 x i8]* @p_str, [1 x i8]* @p_str) nounwind"   --->   Operation 50 'specinterface' <Predicate = true> <Delay = 0.00>
ST_3 : Operation 51 [1/1] (0.00ns)   --->   "call void (...)* @_ssdm_op_SpecPipeline(i32 1, i32 2, i32 1, i32 0, [1 x i8]* @p_str) nounwind" [src/otherModules/flashModel/flashModel.cpp:33]   --->   Operation 51 'specpipeline' <Predicate = true> <Delay = 0.00>
ST_3 : Operation 52 [1/1] (0.00ns)   --->   "call void (...)* @_ssdm_op_SpecLatency(i32 1, i32 5, [1 x i8]* @p_str) nounwind" [src/otherModules/flashModel/flashModel.cpp:36]   --->   Operation 52 'speclatency' <Predicate = true> <Delay = 0.00>
ST_3 : Operation 53 [1/1] (0.00ns)   --->   "call void (...)* @_ssdm_op_SpecMemCore([65536 x i64]* @memArray_V, [1 x i8]* @p_str, [13 x i8]* @p_str1, [1 x i8]* @p_str, i32 -1, [1 x i8]* @p_str, [1 x i8]* @p_str, [1 x i8]* @p_str, [1 x i8]* @p_str, [1 x i8]* @p_str)" [src/otherModules/flashModel/flashModel.cpp:39]   --->   Operation 53 'specmemcore' <Predicate = true> <Delay = 0.00>
ST_3 : Operation 54 [1/1] (0.00ns)   --->   "br label %._crit_edge3.i" [src/otherModules/flashModel/flashModel.cpp:52]   --->   Operation 54 'br' <Predicate = (!memState_load & tmp)> <Delay = 0.00>
ST_3 : Operation 55 [1/1] (0.00ns)   --->   "br label %flashMemAccess.exit" [src/otherModules/flashModel/flashModel.cpp:53]   --->   Operation 55 'br' <Predicate = (!memState_load)> <Delay = 0.00>
ST_3 : Operation 56 [1/2] (0.00ns)   --->   "call void @_ssdm_op_Write.axis.volatile.i64P(i64* %rdDataOut_V_V, i64 %tmp_V)" [src/otherModules/flashModel/flashModel.cpp:56]   --->   Operation 56 'write' <Predicate = (memState_load & !inputWord_rdOrWr_V_l)> <Delay = 0.00> <Core = "AXI4Stream">   --->   Core 5 'AXI4Stream' <Latency = 0> <II = 1> <Delay = 1.00> <Adapter> <Opcode : >
ST_3 : Operation 57 [1/1] (0.00ns)   --->   "br label %6"   --->   Operation 57 'br' <Predicate = (memState_load & !inputWord_rdOrWr_V_l & !tmp_8_i)> <Delay = 0.00>
ST_3 : Operation 58 [1/1] (0.00ns)   --->   "br label %6" [src/otherModules/flashModel/flashModel.cpp:58]   --->   Operation 58 'br' <Predicate = (memState_load & !inputWord_rdOrWr_V_l & tmp_8_i)> <Delay = 0.00>
ST_3 : Operation 59 [1/1] (0.00ns)   --->   "br label %12" [src/otherModules/flashModel/flashModel.cpp:64]   --->   Operation 59 'br' <Predicate = (memState_load & !inputWord_rdOrWr_V_l)> <Delay = 0.00>
ST_3 : Operation 60 [1/1] (0.00ns)   --->   "br label %11"   --->   Operation 60 'br' <Predicate = (memState_load & inputWord_rdOrWr_V_l & tmp_1 & !tmp_i)> <Delay = 0.00>
ST_3 : Operation 61 [1/1] (0.00ns)   --->   "br label %11" [src/otherModules/flashModel/flashModel.cpp:68]   --->   Operation 61 'br' <Predicate = (memState_load & inputWord_rdOrWr_V_l & tmp_1 & tmp_i)> <Delay = 0.00>
ST_3 : Operation 62 [1/1] (0.00ns)   --->   "br label %._crit_edge5.i" [src/otherModules/flashModel/flashModel.cpp:73]   --->   Operation 62 'br' <Predicate = (memState_load & inputWord_rdOrWr_V_l & tmp_1)> <Delay = 0.00>
ST_3 : Operation 63 [1/1] (0.00ns)   --->   "br label %12"   --->   Operation 63 'br' <Predicate = (memState_load & inputWord_rdOrWr_V_l)> <Delay = 0.00>
ST_3 : Operation 64 [1/1] (0.00ns)   --->   "br label %flashMemAccess.exit" [src/otherModules/flashModel/flashModel.cpp:74]   --->   Operation 64 'br' <Predicate = (memState_load)> <Delay = 0.00>
ST_3 : Operation 65 [1/1] (0.00ns)   --->   "ret void"   --->   Operation 65 'ret' <Predicate = true> <Delay = 0.00>


============================================================
+ Verbose Summary: Timing violations
============================================================
Target clock period: 6.4ns, clock uncertainty: 0.8ns.

 <State 1>: 3.18ns
The critical path consists of the following:
	fifo read on port 'flashAggregateMemCmd_1' [24]  (2.27 ns)
	'store' operation (src/otherModules/flashModel/flashModel.h:53->src/otherModules/flashModel/flashModel.cpp:50) of variable 'tmp_4', src/otherModules/flashModel/flashModel.h:53->src/otherModules/flashModel/flashModel.cpp:50 on static variable 'inputWord_address_V' [26]  (0.918 ns)

 <State 2>: 1.77ns
The critical path consists of the following:
	'load' operation ('tmp.V', src/otherModules/flashModel/flashModel.cpp:56) on array 'memArray_V' [41]  (1.77 ns)

 <State 3>: 0ns
The critical path consists of the following:


============================================================
+ Verbose Summary: Binding
============================================================
N/A
* FSMD analyzer results:
  - Output states:
 - Input state : 
  - Chain level:
	State 1
	State 2
	State 3


============================================================
+ Verbose Summary: Datapath Resource usage 
============================================================
N/A
