

================================================================
== Vivado HLS Report for 'memcachedPipeline_bobj'
================================================================
* Date:           Wed Oct 21 12:18:27 2020

* Version:        2015.1 (Build 1215546 on Mon Apr 27 19:24:50 PM 2015)
* Project:        memcachedPipeline_prj
* Solution:       solution1
* Product family: kintexu
* Target device:  xcku040-ffva1156-2-e


================================================================
== Performance Estimates
================================================================
+ Timing (ns): 
    * Summary: 
    +---------+-------+----------+------------+
    |  Clock  | Target| Estimated| Uncertainty|
    +---------+-------+----------+------------+
    |default  |   6.66|      6.32|        0.83|
    +---------+-------+----------+------------+

+ Latency (clock cycles): 
    * Summary: 
    +-----+-----+-----+-----+----------+
    |  Latency  |  Interval | Pipeline |
    | min | max | min | max |   Type   |
    +-----+-----+-----+-----+----------+
    |    1|    1|    1|    1| function |
    +-----+-----+-----+-----+----------+

    + Detail: 
        * Instance: 
        N/A

        * Loop: 
        N/A



================================================================
== Utilization Estimates
================================================================
* Summary: 
+-----------------+---------+-------+--------+--------+
|       Name      | BRAM_18K| DSP48E|   FF   |   LUT  |
+-----------------+---------+-------+--------+--------+
|Expression       |        -|      -|       -|       -|
|FIFO             |        -|      -|       -|       -|
|Instance         |        -|      -|       -|       -|
|Memory           |        -|      -|       -|       -|
|Multiplexer      |        -|      -|       -|       -|
|Register         |        -|      -|       -|       -|
+-----------------+---------+-------+--------+--------+
|Total            |        0|      0|       0|       0|
+-----------------+---------+-------+--------+--------+
|Available        |     1200|   1920|  484800|  242400|
+-----------------+---------+-------+--------+--------+
|Utilization (%)  |        0|      0|       0|       0|
+-----------------+---------+-------+--------+--------+

+ Detail: 
    * Instance: 
    N/A

    * Memory: 
    N/A

    * FIFO: 
    N/A

    * Expression: 
    N/A

    * Multiplexer: 
    N/A

    * Register: 
    N/A



================================================================
== Interface
================================================================
* Summary: 
N/A

============================================================
+ Verbose Summary: Synthesis Manager
============================================================
InlineROM: 1
ExposeGlobal: 0
============================================================
+ Verbose Summary: CDFG Model
============================================================
IsTopModel: 0
ResetActiveHigh: 1
IsCombinational: 2
IsDatapathOnly: 0
HasWiredReturn: 1
HasMFsm: 1
HasVarLatency: 0
IsPipeline: 1
IsRtlPipelined: 1
IsInstanceOverlapped: 0
IsDontTouch: 0
HasImplIP: 0
IsGatedGlobalClock: 0

+ Individual pipeline summary: 
  * Pipeline-0: initiation interval (II) = 1, depth = 2


============================================================
+ Verbose Summary: Schedule
============================================================
* Number of FSM states: 2
* Pipeline: 1
  Pipeline-0: II = 1, D = 2, States = { 1 2 }
* Dataflow Pipeline: 0

* FSM state transitions: 
1 --> 
	2  / true
2 --> 
* FSM state operations: 

 <State 1>: 6.32ns
ST_1: hashState_load [1/1] 0.00ns
:7  %hashState_load = load i4* @hashState, align 1

ST_1: length_load [1/1] 0.00ns
:8  %length_load = load i64* @length_r, align 8

ST_1: stg_5 [1/1] 1.17ns
:12  switch i4 %hashState_load, label %._crit_edge [
    i4 0, label %1
    i4 1, label %4
    i4 2, label %6
    i4 3, label %7
    i4 4, label %8
    i4 5, label %9
    i4 6, label %26
    i4 7, label %27
    i4 -8, label %28
    i4 -7, label %29
  ]

ST_1: stg_6 [1/1] 1.20ns
:7  store i4 0, i4* @hashState, align 1

ST_1: stg_7 [1/1] 0.00ns
:8  br label %._crit_edge

ST_1: stg_8 [1/1] 1.20ns
:12  store i4 -7, i4* @hashState, align 1

ST_1: stg_9 [1/1] 0.00ns
:13  br label %._crit_edge

ST_1: stg_10 [1/1] 1.20ns
:12  store i4 -8, i4* @hashState, align 1

ST_1: stg_11 [1/1] 0.00ns
:13  br label %._crit_edge

ST_1: stg_12 [1/1] 1.20ns
:12  store i4 7, i4* @hashState, align 1

ST_1: stg_13 [1/1] 0.00ns
:13  br label %._crit_edge

ST_1: tmp_222 [1/1] 1.52ns
:0  %tmp_222 = icmp eq i64 %length_load, 0

ST_1: stg_15 [1/1] 0.00ns
:1  br i1 %tmp_222, label %10, label %11

ST_1: tmp_60 [1/1] 0.00ns
:0  %tmp_60 = call i1 @_ssdm_op_NbReadReq.ap_fifo.i96P(i96* @resizedKey_V_V, i32 1) nounwind

ST_1: stg_17 [1/1] 0.00ns
:1  br i1 %tmp_60, label %12, label %._crit_edge457

ST_1: stg_18 [1/1] 1.17ns
:0  switch i64 %length_load, label %._crit_edge458 [
    i64 12, label %13
    i64 11, label %14
    i64 10, label %15
    i64 9, label %16
    i64 8, label %17
    i64 7, label %18
    i64 6, label %19
    i64 5, label %20
    i64 4, label %21
    i64 3, label %22
    i64 2, label %23
    i64 1, label %24
  ]

ST_1: tmp_V_89 [1/1] 2.91ns
:0  %tmp_V_89 = call i96 @_ssdm_op_Read.ap_fifo.volatile.i96P(i96* @resizedKey_V_V) nounwind

ST_1: tmp_383 [1/1] 0.00ns
:1  %tmp_383 = trunc i96 %tmp_V_89 to i8

ST_1: tmp_V_88 [1/1] 2.91ns
:0  %tmp_V_88 = call i96 @_ssdm_op_Read.ap_fifo.volatile.i96P(i96* @resizedKey_V_V) nounwind

ST_1: tmp_382 [1/1] 0.00ns
:1  %tmp_382 = trunc i96 %tmp_V_88 to i16

ST_1: tmp_V_87 [1/1] 2.91ns
:0  %tmp_V_87 = call i96 @_ssdm_op_Read.ap_fifo.volatile.i96P(i96* @resizedKey_V_V) nounwind

ST_1: tmp_381 [1/1] 0.00ns
:1  %tmp_381 = trunc i96 %tmp_V_87 to i24

ST_1: tmp_V_86 [1/1] 2.91ns
:0  %tmp_V_86 = call i96 @_ssdm_op_Read.ap_fifo.volatile.i96P(i96* @resizedKey_V_V) nounwind

ST_1: tmp_380 [1/1] 0.00ns
:1  %tmp_380 = trunc i96 %tmp_V_86 to i32

ST_1: tmp_V_85 [1/1] 2.91ns
:0  %tmp_V_85 = call i96 @_ssdm_op_Read.ap_fifo.volatile.i96P(i96* @resizedKey_V_V) nounwind

ST_1: tmp_379 [1/1] 0.00ns
:1  %tmp_379 = trunc i96 %tmp_V_85 to i32

ST_1: temp_5_cast [1/1] 0.00ns
:4  %temp_5_cast = call i8 @_ssdm_op_PartSelect.i8.i96.i32.i32(i96 %tmp_V_85, i32 32, i32 39)

ST_1: tmp_V_84 [1/1] 2.91ns
:0  %tmp_V_84 = call i96 @_ssdm_op_Read.ap_fifo.volatile.i96P(i96* @resizedKey_V_V) nounwind

ST_1: tmp_378 [1/1] 0.00ns
:1  %tmp_378 = trunc i96 %tmp_V_84 to i32

ST_1: temp_4_cast [1/1] 0.00ns
:4  %temp_4_cast = call i16 @_ssdm_op_PartSelect.i16.i96.i32.i32(i96 %tmp_V_84, i32 32, i32 47)

ST_1: tmp_V_83 [1/1] 2.91ns
:0  %tmp_V_83 = call i96 @_ssdm_op_Read.ap_fifo.volatile.i96P(i96* @resizedKey_V_V) nounwind

ST_1: tmp_377 [1/1] 0.00ns
:1  %tmp_377 = trunc i96 %tmp_V_83 to i32

ST_1: temp_3_cast [1/1] 0.00ns
:4  %temp_3_cast = call i24 @_ssdm_op_PartSelect.i24.i96.i32.i32(i96 %tmp_V_83, i32 32, i32 55)

ST_1: tmp_V_82 [1/1] 2.91ns
:0  %tmp_V_82 = call i96 @_ssdm_op_Read.ap_fifo.volatile.i96P(i96* @resizedKey_V_V) nounwind

ST_1: tmp_376 [1/1] 0.00ns
:1  %tmp_376 = trunc i96 %tmp_V_82 to i32

ST_1: p_Result_19 [1/1] 0.00ns
:4  %p_Result_19 = call i32 @_ssdm_op_PartSelect.i32.i96.i32.i32(i96 %tmp_V_82, i32 32, i32 63)

ST_1: tmp_V_81 [1/1] 2.91ns
:0  %tmp_V_81 = call i96 @_ssdm_op_Read.ap_fifo.volatile.i96P(i96* @resizedKey_V_V) nounwind

ST_1: tmp_375 [1/1] 0.00ns
:1  %tmp_375 = trunc i96 %tmp_V_81 to i32

ST_1: p_Result_18 [1/1] 0.00ns
:4  %p_Result_18 = call i32 @_ssdm_op_PartSelect.i32.i96.i32.i32(i96 %tmp_V_81, i32 32, i32 63)

ST_1: temp_2_cast [1/1] 0.00ns
:7  %temp_2_cast = call i8 @_ssdm_op_PartSelect.i8.i96.i32.i32(i96 %tmp_V_81, i32 64, i32 71)

ST_1: tmp_V_80 [1/1] 2.91ns
:0  %tmp_V_80 = call i96 @_ssdm_op_Read.ap_fifo.volatile.i96P(i96* @resizedKey_V_V) nounwind

ST_1: tmp_374 [1/1] 0.00ns
:1  %tmp_374 = trunc i96 %tmp_V_80 to i32

ST_1: p_Result_17 [1/1] 0.00ns
:4  %p_Result_17 = call i32 @_ssdm_op_PartSelect.i32.i96.i32.i32(i96 %tmp_V_80, i32 32, i32 63)

ST_1: temp_1_cast [1/1] 0.00ns
:7  %temp_1_cast = call i16 @_ssdm_op_PartSelect.i16.i96.i32.i32(i96 %tmp_V_80, i32 64, i32 79)

ST_1: tmp_V_79 [1/1] 2.91ns
:0  %tmp_V_79 = call i96 @_ssdm_op_Read.ap_fifo.volatile.i96P(i96* @resizedKey_V_V) nounwind

ST_1: tmp_373 [1/1] 0.00ns
:1  %tmp_373 = trunc i96 %tmp_V_79 to i32

ST_1: p_Result_16 [1/1] 0.00ns
:4  %p_Result_16 = call i32 @_ssdm_op_PartSelect.i32.i96.i32.i32(i96 %tmp_V_79, i32 32, i32 63)

ST_1: temp_cast [1/1] 0.00ns
:7  %temp_cast = call i24 @_ssdm_op_PartSelect.i24.i96.i32.i32(i96 %tmp_V_79, i32 64, i32 87)

ST_1: tmp_V_78 [1/1] 2.91ns
:0  %tmp_V_78 = call i96 @_ssdm_op_Read.ap_fifo.volatile.i96P(i96* @resizedKey_V_V) nounwind

ST_1: tmp_372 [1/1] 0.00ns
:1  %tmp_372 = trunc i96 %tmp_V_78 to i32

ST_1: p_Result_14 [1/1] 0.00ns
:4  %p_Result_14 = call i32 @_ssdm_op_PartSelect.i32.i96.i32.i32(i96 %tmp_V_78, i32 32, i32 63)

ST_1: p_Result_15 [1/1] 0.00ns
:7  %p_Result_15 = call i32 @_ssdm_op_PartSelect.i32.i96.i32.i32(i96 %tmp_V_78, i32 64, i32 95)

ST_1: stg_55 [1/1] 1.20ns
._crit_edge458:0  store i4 6, i4* @hashState, align 1

ST_1: stg_56 [1/1] 1.20ns
:1  store i4 0, i4* @hashState, align 1

ST_1: stg_57 [1/1] 0.00ns
:0  br label %._crit_edge

ST_1: tmp_220 [1/1] 2.08ns
:8  %tmp_220 = add i64 -12, %length_load

ST_1: stg_59 [1/1] 0.89ns
:9  store i64 %tmp_220, i64* @length_r, align 8

ST_1: tmp_221 [1/1] 1.52ns
:10  %tmp_221 = icmp ugt i64 %tmp_220, 12

ST_1: storemerge_cast_cast_cast [1/1] 0.71ns
:11  %storemerge_cast_cast_cast = select i1 %tmp_221, i4 1, i4 5

ST_1: stg_62 [1/1] 1.20ns
:12  store i4 %storemerge_cast_cast_cast, i4* @hashState, align 1

ST_1: stg_63 [1/1] 0.00ns
:13  br label %._crit_edge

ST_1: stg_64 [1/1] 1.20ns
:15  store i4 4, i4* @hashState, align 1

ST_1: stg_65 [1/1] 0.00ns
:16  br label %._crit_edge

ST_1: stg_66 [1/1] 1.20ns
:15  store i4 3, i4* @hashState, align 1

ST_1: stg_67 [1/1] 0.00ns
:16  br label %._crit_edge

ST_1: tmp_58 [1/1] 0.00ns
:0  %tmp_58 = call i1 @_ssdm_op_NbReadReq.ap_fifo.i96P(i96* @resizedKey_V_V, i32 1) nounwind

ST_1: stg_69 [1/1] 0.00ns
:1  br i1 %tmp_58, label %5, label %._crit_edge456

ST_1: tmp_V_77 [1/1] 2.91ns
:0  %tmp_V_77 = call i96 @_ssdm_op_Read.ap_fifo.volatile.i96P(i96* @resizedKey_V_V) nounwind

ST_1: tmp_368 [1/1] 0.00ns
:1  %tmp_368 = trunc i96 %tmp_V_77 to i32

ST_1: p_Result_s [1/1] 0.00ns
:2  %p_Result_s = call i32 @_ssdm_op_PartSelect.i32.i96.i32.i32(i96 %tmp_V_77, i32 32, i32 63)

ST_1: p_Result_13 [1/1] 0.00ns
:5  %p_Result_13 = call i32 @_ssdm_op_PartSelect.i32.i96.i32.i32(i96 %tmp_V_77, i32 64, i32 95)

ST_1: stg_74 [1/1] 1.20ns
:16  store i4 2, i4* @hashState, align 1

ST_1: stg_75 [1/1] 0.00ns
._crit_edge456:0  br label %._crit_edge

ST_1: tmp [1/1] 0.00ns
:0  %tmp = call i1 @_ssdm_op_NbReadReq.ap_fifo.i32P(i32* @resizedKeyLength_V, i32 1) nounwind

ST_1: stg_77 [1/1] 0.00ns
:1  br i1 %tmp, label %2, label %._crit_edge454

ST_1: tmp_59 [1/1] 0.00ns
:0  %tmp_59 = call i1 @_ssdm_op_NbReadReq.ap_fifo.i32P(i32* @resizedInitValue_V, i32 1) nounwind

ST_1: stg_79 [1/1] 0.00ns
:1  br i1 %tmp_59, label %3, label %._crit_edge454

ST_1: tmp_370 [1/1] 2.91ns
:0  %tmp_370 = call i32 @_ssdm_op_Read.ap_fifo.volatile.i32P(i32* @resizedKeyLength_V) nounwind

ST_1: tmp_258 [1/1] 0.00ns
:1  %tmp_258 = zext i32 %tmp_370 to i64

ST_1: stg_82 [1/1] 0.89ns
:2  store i64 %tmp_258, i64* @length_r, align 8

ST_1: tmp_384 [1/1] 2.91ns
:3  %tmp_384 = call i32 @_ssdm_op_Read.ap_fifo.volatile.i32P(i32* @resizedInitValue_V) nounwind

ST_1: tmp1 [1/1] 1.36ns
:4  %tmp1 = add i32 %tmp_370, -559038737

ST_1: tmp_259 [1/1] 1.36ns
:5  %tmp_259 = add i32 %tmp_384, %tmp1

ST_1: tmp_260 [1/1] 1.50ns
:9  %tmp_260 = icmp ugt i32 %tmp_370, 12

ST_1: storemerge35_cast_cast_cast [1/1] 0.71ns
:10  %storemerge35_cast_cast_cast = select i1 %tmp_260, i4 1, i4 5

ST_1: stg_88 [1/1] 1.20ns
:11  store i4 %storemerge35_cast_cast_cast, i4* @hashState, align 1

ST_1: stg_89 [1/1] 0.00ns
._crit_edge454:0  br label %._crit_edge


 <State 2>: 6.25ns
ST_2: stg_90 [1/1] 0.00ns
:0  call void (...)* @_ssdm_op_SpecInterface(i32* @resizedInitValue_V, [8 x i8]* @str1730, i32 0, i32 0, i32 0, i32 0, [1 x i8]* @str1731, [1 x i8]* @str1731, [8 x i8]* @str1730)

ST_2: stg_91 [1/1] 0.00ns
:1  call void (...)* @_ssdm_op_SpecInterface(i32* @resizedKeyLength_V, [8 x i8]* @str1726, i32 0, i32 0, i32 0, i32 0, [1 x i8]* @str1727, [1 x i8]* @str1727, [8 x i8]* @str1726)

ST_2: stg_92 [1/1] 0.00ns
:2  call void (...)* @_ssdm_op_SpecInterface(i96* @resizedKey_V_V, [8 x i8]* @str1722, i32 0, i32 0, i32 0, i32 0, [1 x i8]* @str1723, [1 x i8]* @str1723, [8 x i8]* @str1722)

ST_2: stg_93 [1/1] 0.00ns
:3  call void (...)* @_ssdm_op_SpecInterface(i32* @hash2cc_V_V, [8 x i8]* @str1610, i32 0, i32 0, i32 0, i32 0, [1 x i8]* @str1611, [1 x i8]* @str1611, [8 x i8]* @str1610)

ST_2: stg_94 [1/1] 0.00ns
:4  call void (...)* @_ssdm_op_SpecLatency(i32 1, i32 10, [1 x i8]* @p_str308) nounwind

ST_2: stg_95 [1/1] 0.00ns
:5  call void (...)* @_ssdm_op_SpecPipeline(i32 1, i32 2, i32 1, i32 0, [1 x i8]* @p_str308) nounwind

ST_2: stg_96 [1/1] 0.00ns
:6  call void (...)* @_ssdm_op_SpecInterface(i32 0, [13 x i8]* @p_str1309, i32 0, i32 0, i32 0, i32 0, [1 x i8]* @p_str308, [1 x i8]* @p_str308, [1 x i8]* @p_str308) nounwind

ST_2: tmp_V_64 [1/1] 0.00ns
:9  %tmp_V_64 = load i32* @c, align 4

ST_2: b_load [1/1] 0.00ns
:10  %b_load = load i32* @b, align 4

ST_2: a_load [1/1] 0.00ns
:11  %a_load = load i32* @a, align 4

ST_2: tmp_247 [1/1] 0.71ns
:0  %tmp_247 = xor i32 %tmp_V_64, %b_load

ST_2: tmp_367 [1/1] 0.00ns
:1  %tmp_367 = trunc i32 %b_load to i8

ST_2: tmp_248 [1/1] 0.00ns
:2  %tmp_248 = call i24 @_ssdm_op_PartSelect.i24.i32.i32.i32(i32 %b_load, i32 8, i32 31)

ST_2: tmp_249 [1/1] 0.00ns
:3  %tmp_249 = call i32 @_ssdm_op_BitConcatenate.i32.i8.i24(i8 %tmp_367, i24 %tmp_248)

ST_2: tmp_V [1/1] 1.60ns
:4  %tmp_V = sub i32 %tmp_247, %tmp_249

ST_2: stg_105 [1/1] 1.20ns
:5  store i32 %tmp_V, i32* @c, align 4

ST_2: stg_106 [1/1] 2.91ns
:6  call void @_ssdm_op_Write.ap_fifo.volatile.i32P(i32* @hash2cc_V_V, i32 %tmp_V) nounwind

ST_2: tmp_239 [1/1] 0.71ns
:0  %tmp_239 = xor i32 %a_load, %tmp_V_64

ST_2: tmp_365 [1/1] 0.00ns
:1  %tmp_365 = trunc i32 %tmp_V_64 to i28

ST_2: tmp_240 [1/1] 0.00ns
:2  %tmp_240 = call i4 @_ssdm_op_PartSelect.i4.i32.i32.i32(i32 %tmp_V_64, i32 28, i32 31)

ST_2: tmp_241 [1/1] 0.00ns
:3  %tmp_241 = call i32 @_ssdm_op_BitConcatenate.i32.i28.i4(i28 %tmp_365, i4 %tmp_240)

ST_2: tmp_242 [1/1] 1.60ns
:4  %tmp_242 = sub i32 %tmp_239, %tmp_241

ST_2: stg_112 [1/1] 1.64ns
:5  store i32 %tmp_242, i32* @a, align 4

ST_2: tmp_243 [1/1] 0.71ns
:6  %tmp_243 = xor i32 %b_load, %tmp_242

ST_2: tmp_366 [1/1] 0.00ns
:7  %tmp_366 = trunc i32 %tmp_242 to i18

ST_2: tmp_244 [1/1] 0.00ns
:8  %tmp_244 = call i14 @_ssdm_op_PartSelect.i14.i32.i32.i32(i32 %tmp_242, i32 18, i32 31)

ST_2: tmp_245 [1/1] 0.00ns
:9  %tmp_245 = call i32 @_ssdm_op_BitConcatenate.i32.i18.i14(i18 %tmp_366, i14 %tmp_244)

ST_2: tmp_246 [1/1] 1.60ns
:10  %tmp_246 = sub i32 %tmp_243, %tmp_245

ST_2: stg_118 [1/1] 1.20ns
:11  store i32 %tmp_246, i32* @b, align 4

ST_2: tmp_231 [1/1] 0.71ns
:0  %tmp_231 = xor i32 %b_load, %a_load

ST_2: tmp_363 [1/1] 0.00ns
:1  %tmp_363 = trunc i32 %a_load to i7

ST_2: tmp_232 [1/1] 0.00ns
:2  %tmp_232 = call i25 @_ssdm_op_PartSelect.i25.i32.i32.i32(i32 %a_load, i32 7, i32 31)

ST_2: tmp_233 [1/1] 0.00ns
:3  %tmp_233 = call i32 @_ssdm_op_BitConcatenate.i32.i7.i25(i7 %tmp_363, i25 %tmp_232)

ST_2: tmp_234 [1/1] 1.60ns
:4  %tmp_234 = sub i32 %tmp_231, %tmp_233

ST_2: stg_124 [1/1] 1.20ns
:5  store i32 %tmp_234, i32* @b, align 4

ST_2: tmp_235 [1/1] 0.71ns
:6  %tmp_235 = xor i32 %tmp_V_64, %tmp_234

ST_2: tmp_364 [1/1] 0.00ns
:7  %tmp_364 = trunc i32 %tmp_234 to i16

ST_2: tmp_236 [1/1] 0.00ns
:8  %tmp_236 = call i16 @_ssdm_op_PartSelect.i16.i32.i32.i32(i32 %tmp_234, i32 16, i32 31)

ST_2: tmp_237 [1/1] 0.00ns
:9  %tmp_237 = call i32 @_ssdm_op_BitConcatenate.i32.i16.i16(i16 %tmp_364, i16 %tmp_236)

ST_2: tmp_238 [1/1] 1.60ns
:10  %tmp_238 = sub i32 %tmp_235, %tmp_237

ST_2: stg_130 [1/1] 1.20ns
:11  store i32 %tmp_238, i32* @c, align 4

ST_2: tmp_223 [1/1] 0.71ns
:0  %tmp_223 = xor i32 %tmp_V_64, %b_load

ST_2: tmp_361 [1/1] 0.00ns
:1  %tmp_361 = trunc i32 %b_load to i18

ST_2: tmp_224 [1/1] 0.00ns
:2  %tmp_224 = call i14 @_ssdm_op_PartSelect.i14.i32.i32.i32(i32 %b_load, i32 18, i32 31)

ST_2: tmp_225 [1/1] 0.00ns
:3  %tmp_225 = call i32 @_ssdm_op_BitConcatenate.i32.i18.i14(i18 %tmp_361, i14 %tmp_224)

ST_2: tmp_226 [1/1] 1.60ns
:4  %tmp_226 = sub i32 %tmp_223, %tmp_225

ST_2: stg_136 [1/1] 1.20ns
:5  store i32 %tmp_226, i32* @c, align 4

ST_2: tmp_227 [1/1] 0.71ns
:6  %tmp_227 = xor i32 %a_load, %tmp_226

ST_2: tmp_362 [1/1] 0.00ns
:7  %tmp_362 = trunc i32 %tmp_226 to i21

ST_2: tmp_228 [1/1] 0.00ns
:8  %tmp_228 = call i11 @_ssdm_op_PartSelect.i11.i32.i32.i32(i32 %tmp_226, i32 21, i32 31)

ST_2: tmp_229 [1/1] 0.00ns
:9  %tmp_229 = call i32 @_ssdm_op_BitConcatenate.i32.i21.i11(i21 %tmp_362, i11 %tmp_228)

ST_2: tmp_230 [1/1] 1.60ns
:10  %tmp_230 = sub i32 %tmp_227, %tmp_229

ST_2: stg_142 [1/1] 1.64ns
:11  store i32 %tmp_230, i32* @a, align 4

ST_2: tmp_393_cast [1/1] 0.00ns
:2  %tmp_393_cast = zext i8 %tmp_383 to i32

ST_2: tmp_284 [1/1] 1.60ns
:3  %tmp_284 = add i32 %tmp_393_cast, %a_load

ST_2: stg_145 [1/1] 1.64ns
:4  store i32 %tmp_284, i32* @a, align 4

ST_2: stg_146 [1/1] 0.00ns
:5  br label %._crit_edge458

ST_2: tmp_391_cast [1/1] 0.00ns
:2  %tmp_391_cast = zext i16 %tmp_382 to i32

ST_2: tmp_283 [1/1] 1.60ns
:3  %tmp_283 = add i32 %tmp_391_cast, %a_load

ST_2: stg_149 [1/1] 1.64ns
:4  store i32 %tmp_283, i32* @a, align 4

ST_2: stg_150 [1/1] 0.00ns
:5  br label %._crit_edge458

ST_2: tmp_389_cast [1/1] 0.00ns
:2  %tmp_389_cast = zext i24 %tmp_381 to i32

ST_2: tmp_282 [1/1] 1.60ns
:3  %tmp_282 = add i32 %tmp_389_cast, %a_load

ST_2: stg_153 [1/1] 1.64ns
:4  store i32 %tmp_282, i32* @a, align 4

ST_2: stg_154 [1/1] 0.00ns
:5  br label %._crit_edge458

ST_2: tmp_281 [1/1] 1.60ns
:2  %tmp_281 = add i32 %tmp_380, %a_load

ST_2: stg_156 [1/1] 1.64ns
:3  store i32 %tmp_281, i32* @a, align 4

ST_2: stg_157 [1/1] 0.00ns
:4  br label %._crit_edge458

ST_2: tmp_279 [1/1] 1.60ns
:2  %tmp_279 = add i32 %tmp_379, %a_load

ST_2: stg_159 [1/1] 1.64ns
:3  store i32 %tmp_279, i32* @a, align 4

ST_2: tmp_386_cast [1/1] 0.00ns
:5  %tmp_386_cast = zext i8 %temp_5_cast to i32

ST_2: tmp_280 [1/1] 1.60ns
:6  %tmp_280 = add i32 %tmp_386_cast, %b_load

ST_2: stg_162 [1/1] 1.20ns
:7  store i32 %tmp_280, i32* @b, align 4

ST_2: stg_163 [1/1] 0.00ns
:8  br label %._crit_edge458

ST_2: tmp_277 [1/1] 1.60ns
:2  %tmp_277 = add i32 %tmp_378, %a_load

ST_2: stg_165 [1/1] 1.64ns
:3  store i32 %tmp_277, i32* @a, align 4

ST_2: tmp_383_cast [1/1] 0.00ns
:5  %tmp_383_cast = zext i16 %temp_4_cast to i32

ST_2: tmp_278 [1/1] 1.60ns
:6  %tmp_278 = add i32 %tmp_383_cast, %b_load

ST_2: stg_168 [1/1] 1.20ns
:7  store i32 %tmp_278, i32* @b, align 4

ST_2: stg_169 [1/1] 0.00ns
:8  br label %._crit_edge458

ST_2: tmp_275 [1/1] 1.60ns
:2  %tmp_275 = add i32 %tmp_377, %a_load

ST_2: stg_171 [1/1] 1.64ns
:3  store i32 %tmp_275, i32* @a, align 4

ST_2: tmp_380_cast [1/1] 0.00ns
:5  %tmp_380_cast = zext i24 %temp_3_cast to i32

ST_2: tmp_276 [1/1] 1.60ns
:6  %tmp_276 = add i32 %tmp_380_cast, %b_load

ST_2: stg_174 [1/1] 1.20ns
:7  store i32 %tmp_276, i32* @b, align 4

ST_2: stg_175 [1/1] 0.00ns
:8  br label %._crit_edge458

ST_2: tmp_273 [1/1] 1.60ns
:2  %tmp_273 = add i32 %tmp_376, %a_load

ST_2: stg_177 [1/1] 1.64ns
:3  store i32 %tmp_273, i32* @a, align 4

ST_2: tmp_274 [1/1] 1.60ns
:5  %tmp_274 = add i32 %p_Result_19, %b_load

ST_2: stg_179 [1/1] 1.20ns
:6  store i32 %tmp_274, i32* @b, align 4

ST_2: stg_180 [1/1] 0.00ns
:7  br label %._crit_edge458

ST_2: tmp_270 [1/1] 1.60ns
:2  %tmp_270 = add i32 %tmp_375, %a_load

ST_2: stg_182 [1/1] 1.64ns
:3  store i32 %tmp_270, i32* @a, align 4

ST_2: tmp_271 [1/1] 1.60ns
:5  %tmp_271 = add i32 %p_Result_18, %b_load

ST_2: stg_184 [1/1] 1.20ns
:6  store i32 %tmp_271, i32* @b, align 4

ST_2: tmp_375_cast [1/1] 0.00ns
:8  %tmp_375_cast = zext i8 %temp_2_cast to i32

ST_2: tmp_272 [1/1] 1.60ns
:9  %tmp_272 = add i32 %tmp_375_cast, %tmp_V_64

ST_2: stg_187 [1/1] 1.20ns
:10  store i32 %tmp_272, i32* @c, align 4

ST_2: stg_188 [1/1] 0.00ns
:11  br label %._crit_edge458

ST_2: tmp_267 [1/1] 1.60ns
:2  %tmp_267 = add i32 %tmp_374, %a_load

ST_2: stg_190 [1/1] 1.64ns
:3  store i32 %tmp_267, i32* @a, align 4

ST_2: tmp_268 [1/1] 1.60ns
:5  %tmp_268 = add i32 %p_Result_17, %b_load

ST_2: stg_192 [1/1] 1.20ns
:6  store i32 %tmp_268, i32* @b, align 4

ST_2: tmp_371_cast [1/1] 0.00ns
:8  %tmp_371_cast = zext i16 %temp_1_cast to i32

ST_2: tmp_269 [1/1] 1.60ns
:9  %tmp_269 = add i32 %tmp_371_cast, %tmp_V_64

ST_2: stg_195 [1/1] 1.20ns
:10  store i32 %tmp_269, i32* @c, align 4

ST_2: stg_196 [1/1] 0.00ns
:11  br label %._crit_edge458

ST_2: tmp_264 [1/1] 1.60ns
:2  %tmp_264 = add i32 %tmp_373, %a_load

ST_2: stg_198 [1/1] 1.64ns
:3  store i32 %tmp_264, i32* @a, align 4

ST_2: tmp_265 [1/1] 1.60ns
:5  %tmp_265 = add i32 %p_Result_16, %b_load

ST_2: stg_200 [1/1] 1.20ns
:6  store i32 %tmp_265, i32* @b, align 4

ST_2: tmp_367_cast [1/1] 0.00ns
:8  %tmp_367_cast = zext i24 %temp_cast to i32

ST_2: tmp_266 [1/1] 1.60ns
:9  %tmp_266 = add i32 %tmp_367_cast, %tmp_V_64

ST_2: stg_203 [1/1] 1.20ns
:10  store i32 %tmp_266, i32* @c, align 4

ST_2: stg_204 [1/1] 0.00ns
:11  br label %._crit_edge458

ST_2: tmp_261 [1/1] 1.60ns
:2  %tmp_261 = add i32 %tmp_372, %a_load

ST_2: stg_206 [1/1] 1.64ns
:3  store i32 %tmp_261, i32* @a, align 4

ST_2: tmp_262 [1/1] 1.60ns
:5  %tmp_262 = add i32 %p_Result_14, %b_load

ST_2: stg_208 [1/1] 1.20ns
:6  store i32 %tmp_262, i32* @b, align 4

ST_2: tmp_263 [1/1] 1.60ns
:8  %tmp_263 = add i32 %p_Result_15, %tmp_V_64

ST_2: stg_210 [1/1] 1.20ns
:9  store i32 %tmp_263, i32* @c, align 4

ST_2: stg_211 [1/1] 0.00ns
:10  br label %._crit_edge458

ST_2: stg_212 [1/1] 0.00ns
._crit_edge458:1  br label %._crit_edge457

ST_2: stg_213 [1/1] 0.00ns
._crit_edge457:0  br label %25

ST_2: stg_214 [1/1] 2.91ns
:0  call void @_ssdm_op_Write.ap_fifo.volatile.i32P(i32* @hash2cc_V_V, i32 %tmp_V_64) nounwind

ST_2: stg_215 [1/1] 0.00ns
:2  br label %25

ST_2: tmp_215 [1/1] 1.60ns
:0  %tmp_215 = sub i32 %tmp_V_64, %b_load

ST_2: tmp_360 [1/1] 0.00ns
:1  %tmp_360 = trunc i32 %b_load to i28

ST_2: tmp_216 [1/1] 0.00ns
:2  %tmp_216 = call i4 @_ssdm_op_PartSelect.i4.i32.i32.i32(i32 %b_load, i32 28, i32 31)

ST_2: tmp_217 [1/1] 0.00ns
:3  %tmp_217 = call i32 @_ssdm_op_BitConcatenate.i32.i28.i4(i28 %tmp_360, i4 %tmp_216)

ST_2: tmp_218 [1/1] 0.71ns
:4  %tmp_218 = xor i32 %tmp_215, %tmp_217

ST_2: stg_221 [1/1] 1.20ns
:5  store i32 %tmp_218, i32* @c, align 4

ST_2: tmp_219 [1/1] 1.60ns
:6  %tmp_219 = add i32 %b_load, %a_load

ST_2: stg_223 [1/1] 1.20ns
:7  store i32 %tmp_219, i32* @b, align 4

ST_2: tmp_205 [1/1] 1.60ns
:0  %tmp_205 = sub i32 %a_load, %tmp_V_64

ST_2: tmp_358 [1/1] 0.00ns
:1  %tmp_358 = trunc i32 %tmp_V_64 to i16

ST_2: tmp_206 [1/1] 0.00ns
:2  %tmp_206 = call i16 @_ssdm_op_PartSelect.i16.i32.i32.i32(i32 %tmp_V_64, i32 16, i32 31)

ST_2: tmp_207 [1/1] 0.00ns
:3  %tmp_207 = call i32 @_ssdm_op_BitConcatenate.i32.i16.i16(i16 %tmp_358, i16 %tmp_206)

ST_2: tmp_208 [1/1] 0.71ns
:4  %tmp_208 = xor i32 %tmp_205, %tmp_207

ST_2: tmp_209 [1/1] 1.60ns
:5  %tmp_209 = add i32 %b_load, %tmp_V_64

ST_2: stg_230 [1/1] 1.20ns
:6  store i32 %tmp_209, i32* @c, align 4

ST_2: tmp_210 [1/1] 1.60ns
:7  %tmp_210 = sub i32 %b_load, %tmp_208

ST_2: tmp_359 [1/1] 0.00ns
:8  %tmp_359 = trunc i32 %tmp_208 to i13

ST_2: tmp_211 [1/1] 0.00ns
:9  %tmp_211 = call i19 @_ssdm_op_PartSelect.i19.i32.i32.i32(i32 %tmp_208, i32 13, i32 31)

ST_2: tmp_212 [1/1] 0.00ns
:10  %tmp_212 = call i32 @_ssdm_op_BitConcatenate.i32.i13.i19(i13 %tmp_359, i19 %tmp_211)

ST_2: tmp_213 [1/1] 0.71ns
:11  %tmp_213 = xor i32 %tmp_212, %tmp_210

ST_2: stg_236 [1/1] 1.20ns
:12  store i32 %tmp_213, i32* @b, align 4

ST_2: tmp_214 [1/1] 1.60ns
:13  %tmp_214 = add i32 %tmp_208, %tmp_209

ST_2: stg_238 [1/1] 1.64ns
:14  store i32 %tmp_214, i32* @a, align 4

ST_2: tmp_s [1/1] 1.60ns
:0  %tmp_s = sub i32 %b_load, %a_load

ST_2: tmp_356 [1/1] 0.00ns
:1  %tmp_356 = trunc i32 %a_load to i26

ST_2: tmp_196 [1/1] 0.00ns
:2  %tmp_196 = call i6 @_ssdm_op_PartSelect.i6.i32.i32.i32(i32 %a_load, i32 26, i32 31)

ST_2: tmp_197 [1/1] 0.00ns
:3  %tmp_197 = call i32 @_ssdm_op_BitConcatenate.i32.i26.i6(i26 %tmp_356, i6 %tmp_196)

ST_2: tmp_198 [1/1] 0.71ns
:4  %tmp_198 = xor i32 %tmp_s, %tmp_197

ST_2: tmp_199 [1/1] 1.60ns
:5  %tmp_199 = add i32 %tmp_V_64, %a_load

ST_2: stg_245 [1/1] 1.64ns
:6  store i32 %tmp_199, i32* @a, align 4

ST_2: tmp_200 [1/1] 1.60ns
:7  %tmp_200 = sub i32 %tmp_V_64, %tmp_198

ST_2: tmp_357 [1/1] 0.00ns
:8  %tmp_357 = trunc i32 %tmp_198 to i24

ST_2: tmp_201 [1/1] 0.00ns
:9  %tmp_201 = call i8 @_ssdm_op_PartSelect.i8.i32.i32.i32(i32 %tmp_198, i32 24, i32 31)

ST_2: tmp_202 [1/1] 0.00ns
:10  %tmp_202 = call i32 @_ssdm_op_BitConcatenate.i32.i24.i8(i24 %tmp_357, i8 %tmp_201)

ST_2: tmp_203 [1/1] 0.71ns
:11  %tmp_203 = xor i32 %tmp_202, %tmp_200

ST_2: stg_251 [1/1] 1.20ns
:12  store i32 %tmp_203, i32* @c, align 4

ST_2: tmp_204 [1/1] 1.60ns
:13  %tmp_204 = add i32 %tmp_198, %tmp_199

ST_2: stg_253 [1/1] 1.20ns
:14  store i32 %tmp_204, i32* @b, align 4

ST_2: tmp_250 [1/1] 1.60ns
:3  %tmp_250 = add i32 %b_load, %p_Result_s

ST_2: stg_255 [1/1] 1.20ns
:4  store i32 %tmp_250, i32* @b, align 4

ST_2: tmp_251 [1/1] 1.60ns
:6  %tmp_251 = add i32 %tmp_V_64, %p_Result_13

ST_2: tmp_252 [1/1] 1.60ns
:7  %tmp_252 = add i32 %a_load, %tmp_368

ST_2: tmp_253 [1/1] 1.60ns
:8  %tmp_253 = sub i32 %tmp_252, %tmp_251

ST_2: tmp_369 [1/1] 0.00ns
:9  %tmp_369 = trunc i32 %tmp_251 to i28

ST_2: tmp_254 [1/1] 0.00ns
:10  %tmp_254 = call i4 @_ssdm_op_PartSelect.i4.i32.i32.i32(i32 %tmp_251, i32 28, i32 31)

ST_2: tmp_255 [1/1] 0.00ns
:11  %tmp_255 = call i32 @_ssdm_op_BitConcatenate.i32.i28.i4(i28 %tmp_369, i4 %tmp_254)

ST_2: tmp_256 [1/1] 0.71ns
:12  %tmp_256 = xor i32 %tmp_255, %tmp_253

ST_2: stg_263 [1/1] 1.64ns
:13  store i32 %tmp_256, i32* @a, align 4

ST_2: tmp_257 [1/1] 1.60ns
:14  %tmp_257 = add i32 %tmp_251, %tmp_250

ST_2: stg_265 [1/1] 1.20ns
:15  store i32 %tmp_257, i32* @c, align 4

ST_2: stg_266 [1/1] 0.00ns
:17  br label %._crit_edge456

ST_2: stg_267 [1/1] 1.20ns
:6  store i32 %tmp_259, i32* @c, align 4

ST_2: stg_268 [1/1] 1.20ns
:7  store i32 %tmp_259, i32* @b, align 4

ST_2: stg_269 [1/1] 1.64ns
:8  store i32 %tmp_259, i32* @a, align 4

ST_2: stg_270 [1/1] 0.00ns
:12  br label %._crit_edge454

ST_2: stg_271 [1/1] 0.00ns
._crit_edge:0  ret void



============================================================
+ Verbose Summary: Binding
============================================================
N/A
* FSMD analyzer results:
  - Output states:
  - Chain level:
	State 1
	State 2


============================================================
+ Verbose Summary: Datapath Resource usage 
============================================================
N/A
