

================================================================
== Vivado HLS Report for 'memcachedPipeline_bp_f'
================================================================
* Date:           Wed Oct 21 12:18:24 2020

* Version:        2015.1 (Build 1215546 on Mon Apr 27 19:24:50 PM 2015)
* Project:        memcachedPipeline_prj
* Solution:       solution1
* Product family: kintexu
* Target device:  xcku040-ffva1156-2-e


================================================================
== Performance Estimates
================================================================
+ Timing (ns): 
    * Summary: 
    +---------+-------+----------+------------+
    |  Clock  | Target| Estimated| Uncertainty|
    +---------+-------+----------+------------+
    |default  |   6.66|     11.23|        0.83|
    +---------+-------+----------+------------+

+ Latency (clock cycles): 
    * Summary: 
    +-----+-----+-----+-----+----------+
    |  Latency  |  Interval | Pipeline |
    | min | max | min | max |   Type   |
    +-----+-----+-----+-----+----------+
    |    1|    1|    1|    1| function |
    +-----+-----+-----+-----+----------+

    + Detail: 
        * Instance: 
        N/A

        * Loop: 
        N/A



================================================================
== Utilization Estimates
================================================================
* Summary: 
+-----------------+---------+-------+--------+--------+
|       Name      | BRAM_18K| DSP48E|   FF   |   LUT  |
+-----------------+---------+-------+--------+--------+
|Expression       |        -|      -|       -|       -|
|FIFO             |        -|      -|       -|       -|
|Instance         |        -|      -|       -|       -|
|Memory           |        -|      -|       -|       -|
|Multiplexer      |        -|      -|       -|       -|
|Register         |        -|      -|       -|       -|
+-----------------+---------+-------+--------+--------+
|Total            |        0|      0|       0|       0|
+-----------------+---------+-------+--------+--------+
|Available        |     1200|   1920|  484800|  242400|
+-----------------+---------+-------+--------+--------+
|Utilization (%)  |        0|      0|       0|       0|
+-----------------+---------+-------+--------+--------+

+ Detail: 
    * Instance: 
    N/A

    * Memory: 
    N/A

    * FIFO: 
    N/A

    * Expression: 
    N/A

    * Multiplexer: 
    N/A

    * Register: 
    N/A



================================================================
== Interface
================================================================
* Summary: 
N/A

============================================================
+ Verbose Summary: Synthesis Manager
============================================================
InlineROM: 1
ExposeGlobal: 0
============================================================
+ Verbose Summary: CDFG Model
============================================================
IsTopModel: 0
ResetActiveHigh: 1
IsCombinational: 2
IsDatapathOnly: 0
HasWiredReturn: 1
HasMFsm: 1
HasVarLatency: 0
IsPipeline: 1
IsRtlPipelined: 1
IsInstanceOverlapped: 0
IsDontTouch: 0
HasImplIP: 0
IsGatedGlobalClock: 0

+ Individual pipeline summary: 
  * Pipeline-0: initiation interval (II) = 1, depth = 2


============================================================
+ Verbose Summary: Schedule
============================================================
* Number of FSM states: 2
* Pipeline: 1
  Pipeline-0: II = 1, D = 2, States = { 1 2 }
* Dataflow Pipeline: 0

* FSM state transitions: 
1 --> 
	2  / true
2 --> 
* FSM state operations: 

 <State 1>: 11.23ns
ST_1: lastValueWord_load [1/1] 0.00ns
codeRepl:5  %lastValueWord_load = load i1* @lastValueWord, align 1

ST_1: bpf_wordCounter_load [1/1] 0.00ns
codeRepl:6  %bpf_wordCounter_load = load i4* @bpf_wordCounter, align 1

ST_1: p_Val2_21 [1/1] 0.00ns
codeRepl:7  %p_Val2_21 = load i64* @valueTempBuffer_V, align 8

ST_1: stg_6 [1/1] 0.00ns
codeRepl:8  br i1 %lastValueWord_load, label %39, label %0

ST_1: tmp [1/1] 0.00ns
:0  %tmp = call i1 @_ssdm_op_NbReadReq.axis.i64P.i112P.i8P.i1P(i64* %feInput_V_data_V, i112* %feInput_V_user_V, i8* %feInput_V_keep_V, i1* %feInput_V_last_V, i32 1)

ST_1: stg_8 [1/1] 0.00ns
:1  br i1 %tmp, label %1, label %._crit_edge689

ST_1: empty [1/1] 0.00ns
:0  %empty = call { i64, i112, i8, i1 } @_ssdm_op_Read.axis.volatile.i64P.i112P.i8P.i1P(i64* %feInput_V_data_V, i112* %feInput_V_user_V, i8* %feInput_V_keep_V, i1* %feInput_V_last_V)

ST_1: tmp_data_V [1/1] 0.00ns
:1  %tmp_data_V = extractvalue { i64, i112, i8, i1 } %empty, 0

ST_1: tmp_user_V [1/1] 0.00ns
:2  %tmp_user_V = extractvalue { i64, i112, i8, i1 } %empty, 1

ST_1: tmp_s [1/1] 1.11ns
:3  %tmp_s = icmp eq i4 %bpf_wordCounter_load, 0

ST_1: keyLengthBuffer_load [1/1] 0.00ns
:6  %keyLengthBuffer_load = load i8* @keyLengthBuffer, align 1

ST_1: bpf_opCode_V_load [1/1] 0.00ns
:7  %bpf_opCode_V_load = load i8* @bpf_opCode_V, align 1

ST_1: tmp_52 [1/1] 1.34ns
:9  %tmp_52 = icmp eq i8 %bpf_opCode_V_load, 4

ST_1: tmp_54 [1/1] 1.34ns
:10  %tmp_54 = icmp eq i8 %bpf_opCode_V_load, 0

ST_1: tmp_56 [1/1] 0.71ns
:11  %tmp_56 = or i1 %tmp_54, %tmp_52

ST_1: stg_18 [1/1] 0.00ns
:12  br i1 %tmp_s, label %2, label %3

ST_1: tmp_120 [1/1] 1.11ns
:0  %tmp_120 = icmp eq i4 %bpf_wordCounter_load, 1

ST_1: bpf_valueLengthBuffer_V_load [1/1] 0.00ns
:1  %bpf_valueLengthBuffer_V_load = load i17* @bpf_valueLengthBuffer_V, align 4

ST_1: stg_21 [1/1] 0.00ns
:2  br i1 %tmp_120, label %4, label %5

ST_1: tmp_124 [1/1] 1.11ns
:0  %tmp_124 = icmp eq i4 %bpf_wordCounter_load, 2

ST_1: stg_23 [1/1] 0.00ns
:1  br i1 %tmp_124, label %6, label %13

ST_1: tmp_126 [1/1] 1.11ns
:0  %tmp_126 = icmp eq i4 %bpf_wordCounter_load, 3

ST_1: stg_25 [1/1] 0.00ns
:1  br i1 %tmp_126, label %14, label %15

ST_1: tmp_128 [1/1] 1.11ns
:0  %tmp_128 = icmp eq i4 %bpf_wordCounter_load, 4

ST_1: valueShift_load [1/1] 0.00ns
:1  %valueShift_load = load i8* @valueShift, align 1

ST_1: stg_28 [1/1] 0.00ns
:2  br i1 %tmp_128, label %16, label %22

ST_1: tmp_131 [1/1] 1.11ns
:0  %tmp_131 = icmp eq i4 %bpf_wordCounter_load, 5

ST_1: stg_30 [1/1] 0.00ns
:1  br i1 %tmp_131, label %23, label %28

ST_1: tmp_133 [1/1] 1.11ns
:0  %tmp_133 = icmp eq i4 %bpf_wordCounter_load, 6

ST_1: stg_32 [1/1] 0.89ns
:1  br i1 %tmp_133, label %29, label %._crit_edge707

ST_1: Lo_assign_5_cast [1/1] 0.00ns
:0  %Lo_assign_5_cast = zext i8 %valueShift_load to i9

ST_1: tmp_49 [1/1] 0.00ns
:1  %tmp_49 = call i5 @_ssdm_op_PartSelect.i5.i8.i32.i32(i8 %valueShift_load, i32 3, i32 7)

ST_1: tmp_206_cast [1/1] 0.00ns
:2  %tmp_206_cast = zext i5 %tmp_49 to i6

ST_1: op2_assign_1 [1/1] 1.24ns
:3  %op2_assign_1 = sub i6 8, %tmp_206_cast

ST_1: op2_assign_1_cast [1/1] 0.00ns
:4  %op2_assign_1_cast = sext i6 %op2_assign_1 to i18

ST_1: tmp_207_cast [1/1] 0.00ns
:5  %tmp_207_cast = zext i17 %bpf_valueLengthBuffer_V_load to i18

ST_1: tmp_139 [1/1] 1.27ns
:6  %tmp_139 = icmp sgt i18 %tmp_207_cast, %op2_assign_1_cast

ST_1: tmp_194 [1/1] 0.00ns
:7  %tmp_194 = trunc i8 %valueShift_load to i7

ST_1: tmp_195 [1/1] 0.00ns
:8  %tmp_195 = zext i7 %tmp_194 to i64

ST_1: tmp_196 [1/1] 0.82ns
:9  %tmp_196 = lshr i64 -1, %tmp_195

ST_1: p_Result_44 [1/1] 0.71ns
:10  %p_Result_44 = and i64 %tmp_data_V, %tmp_196

ST_1: tmp_198 [1/1] 0.00ns
:11  %tmp_198 = call i2 @_ssdm_op_PartSelect.i2.i8.i32.i32(i8 %valueShift_load, i32 6, i32 7)

ST_1: tmp_199 [1/1] 0.00ns
:12  %tmp_199 = zext i2 %tmp_198 to i26

ST_1: icmp9 [1/1] 0.76ns
:13  %icmp9 = icmp ne i26 %tmp_199, 0

ST_1: tmp_200 [1/1] 0.00ns
:14  %tmp_200 = trunc i8 %valueShift_load to i7

ST_1: tmp_201 [1/1] 1.24ns
:15  %tmp_201 = sub i7 63, %tmp_200

ST_1: tmp_202 [1/1] 0.71ns
:16  %tmp_202 = select i1 %icmp9, i7 63, i7 %tmp_200

ST_1: tmp_203 [1/1] 0.71ns
:17  %tmp_203 = select i1 %icmp9, i7 %tmp_201, i7 %tmp_200

ST_1: p_op [1/1] 1.24ns
:18  %p_op = sub i7 63, %tmp_200

ST_1: tmp_204 [1/1] 0.71ns
:19  %tmp_204 = select i1 %icmp9, i7 %p_op, i7 0

ST_1: tmp_205 [1/1] 0.00ns
:20  %tmp_205 = zext i7 %tmp_203 to i64

ST_1: tmp_206 [1/1] 0.00ns
:21  %tmp_206 = zext i7 %tmp_202 to i64

ST_1: tmp_207 [1/1] 0.00ns
:22  %tmp_207 = zext i7 %tmp_204 to i64

ST_1: tmp_208 [1/1] 2.58ns
:23  %tmp_208 = shl i64 %p_Result_44, %tmp_205

ST_1: tmp_209 [1/1] 0.00ns
:24  %tmp_209 = call i64 @llvm.part.select.i64(i64 %tmp_208, i32 63, i32 0)

ST_1: tmp_210 [1/1] 0.71ns
:25  %tmp_210 = select i1 %icmp9, i64 %tmp_209, i64 %tmp_208

ST_1: tmp_211 [1/1] 0.82ns
:26  %tmp_211 = shl i64 -1, %tmp_206

ST_1: tmp_212 [1/1] 0.82ns
:27  %tmp_212 = lshr i64 -1, %tmp_207

ST_1: p_demorgan [1/1] 0.71ns
:28  %p_demorgan = and i64 %tmp_211, %tmp_212

ST_1: tmp_213 [1/1] 0.71ns
:29  %tmp_213 = xor i64 %p_demorgan, -1

ST_1: tmp_214 [1/1] 0.71ns
:30  %tmp_214 = and i64 %p_Val2_21, %tmp_213

ST_1: tmp_215 [1/1] 0.71ns
:31  %tmp_215 = and i64 %tmp_210, %p_demorgan

ST_1: p_Result_45 [1/1] 0.71ns
:32  %p_Result_45 = or i64 %tmp_214, %tmp_215

ST_1: stg_66 [1/1] 0.00ns
:34  br i1 %tmp_139, label %31, label %30

ST_1: stg_67 [1/1] 1.20ns
:0  store i4 0, i4* @bpf_wordCounter, align 1

ST_1: stg_68 [1/1] 0.89ns
:1  br label %._crit_edge710

ST_1: tmp_140 [1/1] 1.34ns
:0  %tmp_140 = icmp eq i8 %valueShift_load, 0

ST_1: stg_70 [1/1] 0.89ns
:1  br i1 %tmp_140, label %._crit_edge708, label %32

ST_1: tmp_266 [1/1] 0.00ns
:0  %tmp_266 = trunc i17 %bpf_valueLengthBuffer_V_load to i16

ST_1: tmp_141 [1/1] 0.00ns
:1  %tmp_141 = zext i8 %keyLengthBuffer_load to i16

ST_1: valueTemp [1/1] 1.36ns
:2  %valueTemp = sub i16 %tmp_266, %tmp_141

ST_1: tmp_267 [1/1] 0.00ns
:3  %tmp_267 = trunc i8 %valueShift_load to i7

ST_1: Lo_assign_4 [1/1] 1.24ns
:4  %Lo_assign_4 = sub i9 64, %Lo_assign_5_cast

ST_1: tmp_268 [1/1] 0.00ns
:5  %tmp_268 = call i3 @_ssdm_op_PartSelect.i3.i9.i32.i32(i9 %Lo_assign_4, i32 6, i32 8)

ST_1: tmp_269 [1/1] 0.00ns
:6  %tmp_269 = sext i3 %tmp_268 to i26

ST_1: icmp12 [1/1] 0.94ns
:7  %icmp12 = icmp ne i26 %tmp_269, 0

ST_1: tmp_270 [1/1] 0.00ns
:8  %tmp_270 = trunc i9 %Lo_assign_4 to i7

ST_1: tmp_271 [1/1] 0.00ns
:9  %tmp_271 = call i64 @llvm.part.select.i64(i64 %tmp_data_V, i32 63, i32 0)

ST_1: tmp_272 [1/1] 1.24ns
:10  %tmp_272 = add i7 -63, %tmp_270

ST_1: tmp_273 [1/1] 1.24ns
:11  %tmp_273 = sub i7 63, %tmp_270

ST_1: tmp_274 [1/1] 1.24ns
:12  %tmp_274 = sub i7 63, %tmp_270

ST_1: tmp_275 [1/1] 0.71ns
:13  %tmp_275 = select i1 %icmp12, i7 %tmp_272, i7 %tmp_274

ST_1: tmp_276 [1/1] 0.71ns
:14  %tmp_276 = select i1 %icmp12, i64 %tmp_271, i64 %tmp_data_V

ST_1: tmp_277 [1/1] 0.71ns
:15  %tmp_277 = select i1 %icmp12, i7 %tmp_273, i7 %tmp_270

ST_1: tmp_278 [1/1] 1.24ns
:16  %tmp_278 = sub i7 63, %tmp_275

ST_1: tmp_279 [1/1] 0.00ns
:17  %tmp_279 = zext i7 %tmp_277 to i64

ST_1: tmp_280 [1/1] 0.00ns
:18  %tmp_280 = zext i7 %tmp_278 to i64

ST_1: tmp_281 [1/1] 2.58ns
:19  %tmp_281 = lshr i64 %tmp_276, %tmp_279

ST_1: tmp_282 [1/1] 0.82ns
:20  %tmp_282 = lshr i64 -1, %tmp_280

ST_1: p_Result_46 [1/1] 0.71ns
:21  %p_Result_46 = and i64 %tmp_281, %tmp_282

ST_1: tmp_284 [1/1] 1.24ns
:22  %tmp_284 = sub i7 -64, %tmp_267

ST_1: tmp_285 [1/1] 0.00ns
:23  %tmp_285 = zext i7 %tmp_284 to i64

ST_1: tmp_286 [1/1] 0.82ns
:24  %tmp_286 = lshr i64 -1, %tmp_285

ST_1: tmp_287 [1/1] 0.71ns
:25  %tmp_287 = xor i64 %tmp_286, -1

ST_1: tmp_288 [1/1] 0.71ns
:26  %tmp_288 = and i64 %p_Result_45, %tmp_287

ST_1: tmp_289 [1/1] 0.71ns
:27  %tmp_289 = and i64 %p_Result_46, %tmp_286

ST_1: p_Result_35 [1/1] 0.71ns
:28  %p_Result_35 = or i64 %tmp_288, %tmp_289

ST_1: tmp_142 [1/1] 1.26ns
:29  %tmp_142 = icmp ugt i16 %valueTemp, 8

ST_1: tmp_143 [1/1] 1.26ns
:30  %tmp_143 = icmp eq i16 %tmp_266, %tmp_141

ST_1: or_cond [1/1] 0.71ns
:31  %or_cond = or i1 %tmp_142, %tmp_143

ST_1: stg_103 [1/1] 0.00ns
:32  br i1 %or_cond, label %._crit_edge709, label %33

ST_1: stg_104 [1/1] 0.89ns
:0  store i1 true, i1* @lastValueWord, align 1

ST_1: stg_105 [1/1] 0.89ns
._crit_edge709:0  br label %._crit_edge708

ST_1: valueTempBuffer_V_new_2 [1/1] 0.00ns
._crit_edge708:0  %valueTempBuffer_V_new_2 = phi i64 [ %p_Result_45, %31 ], [ %p_Result_35, %._crit_edge709 ]

ST_1: tmp_145 [1/1] 1.27ns
._crit_edge708:1  %tmp_145 = icmp ugt i17 %bpf_valueLengthBuffer_V_load, 8

ST_1: tmp_146 [1/1] 1.42ns
._crit_edge708:2  %tmp_146 = add i17 %bpf_valueLengthBuffer_V_load, -8

ST_1: tmp_330_s [1/1] 0.71ns
._crit_edge708:3  %tmp_330_s = select i1 %tmp_145, i17 %tmp_146, i17 0

ST_1: stg_110 [1/1] 0.89ns
._crit_edge708:4  br label %._crit_edge710

ST_1: valueTempBuffer_V_new_3 [1/1] 0.00ns
._crit_edge710:0  %valueTempBuffer_V_new_3 = phi i64 [ %valueTempBuffer_V_new_2, %._crit_edge708 ], [ %p_Result_45, %30 ]

ST_1: storemerge1 [1/1] 0.00ns
._crit_edge710:1  %storemerge1 = phi i17 [ %tmp_330_s, %._crit_edge708 ], [ 0, %30 ]

ST_1: stg_113 [1/1] 0.89ns
._crit_edge710:2  store i17 %storemerge1, i17* @bpf_valueLengthBuffer_V, align 4

ST_1: stg_114 [1/1] 0.89ns
._crit_edge710:3  br label %._crit_edge707

ST_1: tmp_132 [1/1] 1.34ns
:1  %tmp_132 = icmp eq i8 %bpf_opCode_V_load, 1

ST_1: stg_116 [1/1] 0.00ns
:2  br i1 %tmp_132, label %_ifconv, label %27

ST_1: tmp_191 [1/1] 1.34ns
:0  %tmp_191 = icmp eq i8 %bpf_opCode_V_load, 4

ST_1: tmp_192 [1/1] 1.34ns
:1  %tmp_192 = icmp eq i8 %bpf_opCode_V_load, 0

ST_1: tmp_193 [1/1] 0.71ns
:2  %tmp_193 = or i1 %tmp_192, %tmp_191

ST_1: stg_120 [1/1] 0.00ns
:3  br i1 %tmp_193, label %._crit_edge704, label %._crit_edge706

ST_1: stg_121 [1/1] 0.89ns
._crit_edge704:0  store i8 0, i8* @keyLengthBuffer, align 1

ST_1: stg_122 [1/1] 1.20ns
._crit_edge704:1  store i4 0, i4* @bpf_wordCounter, align 1

ST_1: stg_123 [1/1] 0.89ns
._crit_edge706:0  br label %._crit_edge707

ST_1: tmp_189 [1/1] 0.00ns
_ifconv:0  %tmp_189 = trunc i8 %keyLengthBuffer_load to i5

ST_1: tmp_134 [1/1] 1.24ns
_ifconv:1  %tmp_134 = sub i5 8, %tmp_189

ST_1: tmp_190 [1/1] 0.00ns
_ifconv:2  %tmp_190 = trunc i5 %tmp_134 to i4

ST_1: tmp_135 [1/1] 0.00ns
_ifconv:3  %tmp_135 = call i8 @_ssdm_op_BitConcatenate.i8.i5.i3(i5 %tmp_134, i3 0)

ST_1: stg_128 [1/1] 0.89ns
_ifconv:4  store i8 %tmp_135, i8* @valueShift, align 1

ST_1: tmp_203_cast [1/1] 0.00ns
_ifconv:5  %tmp_203_cast = zext i8 %keyLengthBuffer_load to i9

ST_1: op2_assign [1/1] 1.24ns
_ifconv:6  %op2_assign = sub i9 8, %tmp_203_cast

ST_1: op2_assign_cast [1/1] 0.00ns
_ifconv:7  %op2_assign_cast = sext i9 %op2_assign to i18

ST_1: tmp_204_cast [1/1] 0.00ns
_ifconv:8  %tmp_204_cast = zext i17 %bpf_valueLengthBuffer_V_load to i18

ST_1: tmp_136 [1/1] 1.27ns
_ifconv:9  %tmp_136 = icmp sgt i18 %tmp_204_cast, %op2_assign_cast

ST_1: p_0283_s [1/1] 1.24ns
_ifconv:10  %p_0283_s = add i9 %tmp_203_cast, -8

ST_1: p_0283_cast [1/1] 0.00ns
_ifconv:11  %p_0283_cast = sext i9 %p_0283_s to i17

ST_1: tmp_137 [1/1] 1.42ns
_ifconv:12  %tmp_137 = add i17 %p_0283_cast, %bpf_valueLengthBuffer_V_load

ST_1: storemerge [1/1] 0.71ns
_ifconv:13  %storemerge = select i1 %tmp_136, i17 %tmp_137, i17 0

ST_1: stg_138 [1/1] 0.89ns
_ifconv:14  store i17 %storemerge, i17* @bpf_valueLengthBuffer_V, align 4

ST_1: tmp_138 [1/1] 1.27ns
_ifconv:15  %tmp_138 = icmp eq i17 %storemerge, 0

ST_1: stg_140 [1/1] 0.00ns
_ifconv:16  br i1 %tmp_138, label %25, label %24

ST_1: tmp_215_cast [1/1] 0.00ns
:0  %tmp_215_cast = zext i8 %tmp_135 to i9

ST_1: tmp_242 [1/1] 0.00ns
:1  %tmp_242 = call i7 @_ssdm_op_BitConcatenate.i7.i4.i3(i4 %tmp_190, i3 0)

ST_1: Lo_assign [1/1] 1.24ns
:2  %Lo_assign = sub i9 64, %tmp_215_cast

ST_1: tmp_243 [1/1] 0.00ns
:3  %tmp_243 = call i3 @_ssdm_op_PartSelect.i3.i9.i32.i32(i9 %Lo_assign, i32 6, i32 8)

ST_1: tmp_244 [1/1] 0.00ns
:4  %tmp_244 = sext i3 %tmp_243 to i26

ST_1: icmp11 [1/1] 0.94ns
:5  %icmp11 = icmp ne i26 %tmp_244, 0

ST_1: tmp_245 [1/1] 0.00ns
:6  %tmp_245 = trunc i9 %Lo_assign to i7

ST_1: tmp_246 [1/1] 0.00ns
:7  %tmp_246 = call i64 @llvm.part.select.i64(i64 %tmp_data_V, i32 63, i32 0)

ST_1: tmp_247 [1/1] 1.24ns
:8  %tmp_247 = add i7 -63, %tmp_245

ST_1: tmp_248 [1/1] 1.24ns
:9  %tmp_248 = sub i7 63, %tmp_245

ST_1: tmp_249 [1/1] 1.24ns
:10  %tmp_249 = sub i7 63, %tmp_245

ST_1: tmp_250 [1/1] 0.71ns
:11  %tmp_250 = select i1 %icmp11, i7 %tmp_247, i7 %tmp_249

ST_1: tmp_251 [1/1] 0.71ns
:12  %tmp_251 = select i1 %icmp11, i64 %tmp_246, i64 %tmp_data_V

ST_1: tmp_252 [1/1] 0.71ns
:13  %tmp_252 = select i1 %icmp11, i7 %tmp_248, i7 %tmp_245

ST_1: tmp_253 [1/1] 1.24ns
:14  %tmp_253 = sub i7 63, %tmp_250

ST_1: tmp_254 [1/1] 0.00ns
:15  %tmp_254 = zext i7 %tmp_252 to i64

ST_1: tmp_255 [1/1] 0.00ns
:16  %tmp_255 = zext i7 %tmp_253 to i64

ST_1: tmp_256 [1/1] 2.58ns
:17  %tmp_256 = lshr i64 %tmp_251, %tmp_254

ST_1: tmp_257 [1/1] 0.82ns
:18  %tmp_257 = lshr i64 -1, %tmp_255

ST_1: p_Result_41 [1/1] 0.71ns
:19  %p_Result_41 = and i64 %tmp_256, %tmp_257

ST_1: tmp_259 [1/1] 1.24ns
:20  %tmp_259 = sub i7 -64, %tmp_242

ST_1: tmp_260 [1/1] 0.00ns
:21  %tmp_260 = zext i7 %tmp_259 to i64

ST_1: tmp_261 [1/1] 0.82ns
:22  %tmp_261 = lshr i64 -1, %tmp_260

ST_1: tmp_262 [1/1] 0.71ns
:23  %tmp_262 = xor i64 %tmp_261, -1

ST_1: tmp_263 [1/1] 0.71ns
:24  %tmp_263 = and i64 %p_Val2_21, %tmp_262

ST_1: tmp_264 [1/1] 0.71ns
:25  %tmp_264 = and i64 %p_Result_41, %tmp_261

ST_1: p_Result_29 [1/1] 0.71ns
:26  %p_Result_29 = or i64 %tmp_263, %tmp_264

ST_1: stg_168 [1/1] 0.89ns
:27  br label %26

ST_1: tmp_218 [1/1] 0.00ns
:0  %tmp_218 = trunc i8 %keyLengthBuffer_load to i4

ST_1: tmp_219 [1/1] 0.00ns
:1  %tmp_219 = trunc i8 %keyLengthBuffer_load to i4

ST_1: Lo_assign_4_cast [1/1] 0.00ns
:2  %Lo_assign_4_cast = call i7 @_ssdm_op_BitConcatenate.i7.i4.i3(i4 %tmp_219, i3 0)

ST_1: tmp_220 [1/1] 0.00ns
:3  %tmp_220 = call i5 @_ssdm_op_PartSelect.i5.i8.i32.i32(i8 %keyLengthBuffer_load, i32 3, i32 7)

ST_1: tmp_221 [1/1] 0.00ns
:4  %tmp_221 = zext i5 %tmp_220 to i26

ST_1: icmp10 [1/1] 1.17ns
:5  %icmp10 = icmp ne i26 %tmp_221, 0

ST_1: tmp_222 [1/1] 0.00ns
:6  %tmp_222 = call i7 @_ssdm_op_BitConcatenate.i7.i4.i3(i4 %tmp_218, i3 0)

ST_1: tmp_223 [1/1] 0.00ns
:7  %tmp_223 = call i64 @llvm.part.select.i64(i64 %tmp_data_V, i32 63, i32 0)

ST_1: tmp_224 [1/1] 1.24ns
:8  %tmp_224 = add i7 %tmp_222, -63

ST_1: tmp_225 [1/1] 1.24ns
:9  %tmp_225 = sub i7 63, %tmp_222

ST_1: tmp_226 [1/1] 1.24ns
:10  %tmp_226 = sub i7 63, %tmp_222

ST_1: tmp_227 [1/1] 0.71ns
:11  %tmp_227 = select i1 %icmp10, i7 %tmp_224, i7 %tmp_226

ST_1: tmp_228 [1/1] 0.71ns
:12  %tmp_228 = select i1 %icmp10, i64 %tmp_223, i64 %tmp_data_V

ST_1: tmp_229 [1/1] 0.71ns
:13  %tmp_229 = select i1 %icmp10, i7 %tmp_225, i7 %tmp_222

ST_1: tmp_230 [1/1] 1.24ns
:14  %tmp_230 = sub i7 63, %tmp_227

ST_1: tmp_231 [1/1] 0.00ns
:15  %tmp_231 = zext i7 %tmp_229 to i64

ST_1: tmp_232 [1/1] 0.00ns
:16  %tmp_232 = zext i7 %tmp_230 to i64

ST_1: tmp_233 [1/1] 2.58ns
:17  %tmp_233 = lshr i64 %tmp_228, %tmp_231

ST_1: tmp_234 [1/1] 0.82ns
:18  %tmp_234 = lshr i64 -1, %tmp_232

ST_1: p_Result_42 [1/1] 0.71ns
:19  %p_Result_42 = and i64 %tmp_233, %tmp_234

ST_1: tmp_236 [1/1] 0.00ns
:20  %tmp_236 = zext i7 %Lo_assign_4_cast to i64

ST_1: tmp_237 [1/1] 0.82ns
:21  %tmp_237 = lshr i64 -1, %tmp_236

ST_1: tmp_238 [1/1] 0.71ns
:22  %tmp_238 = xor i64 %tmp_237, -1

ST_1: tmp_239 [1/1] 0.71ns
:23  %tmp_239 = and i64 %p_Val2_21, %tmp_238

ST_1: tmp_240 [1/1] 0.71ns
:24  %tmp_240 = and i64 %p_Result_42, %tmp_237

ST_1: p_Result_43 [1/1] 0.71ns
:25  %p_Result_43 = or i64 %tmp_239, %tmp_240

ST_1: stg_195 [1/1] 0.89ns
:27  br label %26

ST_1: valueTempBuffer_V_new [1/1] 0.00ns
:0  %valueTempBuffer_V_new = phi i64 [ %p_Result_43, %25 ], [ %p_Result_29, %24 ]

ST_1: storemerge9 [1/1] 0.00ns
:1  %storemerge9 = phi i2 [ 0, %25 ], [ -2, %24 ]

ST_1: storemerge28_cast [1/1] 0.00ns
:2  %storemerge28_cast = sext i2 %storemerge9 to i3

ST_1: stg_199 [1/1] 0.89ns
:3  store i8 0, i8* @keyLengthBuffer, align 1

ST_1: storemerge28_cast_cast_cast_ca [1/1] 0.00ns
:4  %storemerge28_cast_cast_cast_ca = zext i3 %storemerge28_cast to i4

ST_1: stg_201 [1/1] 1.20ns
:5  store i4 %storemerge28_cast_cast_cast_ca, i4* @bpf_wordCounter, align 1

ST_1: stg_202 [1/1] 0.89ns
:6  br label %._crit_edge707

ST_1: valueTempBuffer_V_flag_5 [1/1] 0.00ns
._crit_edge707:0  %valueTempBuffer_V_flag_5 = phi i1 [ true, %26 ], [ false, %._crit_edge706 ], [ true, %._crit_edge710 ], [ false, %28 ]

ST_1: valueTempBuffer_V_new_5 [1/1] 0.00ns
._crit_edge707:1  %valueTempBuffer_V_new_5 = phi i64 [ %valueTempBuffer_V_new, %26 ], [ undef, %._crit_edge706 ], [ %valueTempBuffer_V_new_3, %._crit_edge710 ], [ undef, %28 ]

ST_1: stg_205 [1/1] 0.00ns
._crit_edge707:2  br i1 %valueTempBuffer_V_flag_5, label %mergeST, label %.new

ST_1: stg_206 [1/1] 0.00ns
mergeST:0  store i64 %valueTempBuffer_V_new_5, i64* @valueTempBuffer_V, align 8

ST_1: tmp_130 [1/1] 1.34ns
:0  %tmp_130 = icmp eq i8 %keyLengthBuffer_load, 8

ST_1: stg_208 [1/1] 0.00ns
:1  br i1 %tmp_130, label %._crit_edge698, label %17

ST_1: tmp_187 [1/1] 0.00ns
:0  %tmp_187 = call i5 @_ssdm_op_PartSelect.i5.i8.i32.i32(i8 %keyLengthBuffer_load, i32 3, i32 7)

ST_1: icmp7 [1/1] 1.17ns
:1  %icmp7 = icmp eq i5 %tmp_187, 0

ST_1: stg_211 [1/1] 0.00ns
:2  br i1 %icmp7, label %18, label %19

ST_1: tmp_188 [1/1] 0.00ns
:0  %tmp_188 = call i4 @_ssdm_op_PartSelect.i4.i8.i32.i32(i8 %keyLengthBuffer_load, i32 4, i32 7)

ST_1: icmp8 [1/1] 1.11ns
:1  %icmp8 = icmp eq i4 %tmp_188, 0

ST_1: stg_214 [1/1] 0.00ns
:2  br i1 %icmp8, label %._crit_edge702, label %._crit_edge699

ST_1: tmp_217 [1/1] 0.71ns
._crit_edge702:0  %tmp_217 = select i1 %tmp_56, i4 4, i4 5

ST_1: stg_216 [1/1] 1.20ns
._crit_edge702:1  store i4 %tmp_217, i4* @bpf_wordCounter, align 1

ST_1: stg_217 [1/1] 1.20ns
:0  store i4 0, i4* @bpf_wordCounter, align 1

ST_1: storemerge_cast_cast_cast_cast [1/1] 0.71ns
._crit_edge698:0  %storemerge_cast_cast_cast_cast = select i1 %tmp_56, i4 0, i4 6

ST_1: stg_219 [1/1] 1.20ns
._crit_edge698:1  store i4 %storemerge_cast_cast_cast_cast, i4* @bpf_wordCounter, align 1

ST_1: stg_220 [1/1] 0.89ns
._crit_edge698:2  store i8 0, i8* @valueShift, align 1

ST_1: tmp_144 [1/1] 1.24ns
:1  %tmp_144 = add i8 %keyLengthBuffer_load, -8

ST_1: stg_222 [1/1] 0.89ns
:2  store i8 %tmp_144, i8* @keyLengthBuffer, align 1

ST_1: tmp_127 [1/1] 1.42ns
:3  %tmp_127 = add i17 -8, %bpf_valueLengthBuffer_V_load

ST_1: stg_224 [1/1] 0.89ns
:4  store i17 %tmp_127, i17* @bpf_valueLengthBuffer_V, align 4

ST_1: tmp_183 [1/1] 0.00ns
:5  %tmp_183 = call i5 @_ssdm_op_PartSelect.i5.i8.i32.i32(i8 %keyLengthBuffer_load, i32 3, i32 7)

ST_1: icmp6 [1/1] 1.17ns
:6  %icmp6 = icmp ne i5 %tmp_183, 0

ST_1: tmp_184 [1/1] 0.71ns
:7  %tmp_184 = select i1 %icmp6, i4 4, i4 5

ST_1: stg_228 [1/1] 1.20ns
:8  store i4 %tmp_184, i4* @bpf_wordCounter, align 1

ST_1: tmp_125 [1/1] 1.34ns
:0  %tmp_125 = icmp eq i8 %bpf_opCode_V_load, 1

ST_1: stg_230 [1/1] 0.00ns
:1  br i1 %tmp_125, label %7, label %8

ST_1: tmp_179 [1/1] 1.34ns
:0  %tmp_179 = icmp eq i8 %bpf_opCode_V_load, 4

ST_1: tmp_180 [1/1] 1.34ns
:1  %tmp_180 = icmp eq i8 %bpf_opCode_V_load, 0

ST_1: tmp_181 [1/1] 0.71ns
:2  %tmp_181 = or i1 %tmp_180, %tmp_179

ST_1: stg_234 [1/1] 0.00ns
:3  br i1 %tmp_181, label %._crit_edge691, label %9

ST_1: tmp_129 [1/1] 1.34ns
:0  %tmp_129 = icmp eq i8 %bpf_opCode_V_load, 8

ST_1: stg_236 [1/1] 0.00ns
:1  br i1 %tmp_129, label %10, label %._crit_edge694

ST_1: stg_237 [1/1] 1.20ns
:0  store i4 0, i4* @bpf_wordCounter, align 1

ST_1: tmp_185 [1/1] 0.00ns
._crit_edge691:0  %tmp_185 = call i5 @_ssdm_op_PartSelect.i5.i8.i32.i32(i8 %keyLengthBuffer_load, i32 3, i32 7)

ST_1: icmp [1/1] 1.17ns
._crit_edge691:1  %icmp = icmp ne i5 %tmp_185, 0

ST_1: tmp_186 [1/1] 0.71ns
._crit_edge691:2  %tmp_186 = select i1 %icmp, i4 4, i4 5

ST_1: stg_241 [1/1] 1.20ns
._crit_edge691:3  store i4 %tmp_186, i4* @bpf_wordCounter, align 1

ST_1: stg_242 [1/1] 1.20ns
:0  store i4 3, i4* @bpf_wordCounter, align 1

ST_1: p_Result_i [1/1] 0.00ns
:0  %p_Result_i = call i8 @_ssdm_op_PartSelect.i8.i64.i32.i32(i64 %tmp_data_V, i32 24, i32 31)

ST_1: p_Result_2_i [1/1] 0.00ns
:1  %p_Result_2_i = call i8 @_ssdm_op_PartSelect.i8.i64.i32.i32(i64 %tmp_data_V, i32 16, i32 23)

ST_1: tmp_177 [1/1] 0.00ns
:2  %tmp_177 = call i1 @_ssdm_op_BitSelect.i1.i64.i32(i64 %tmp_data_V, i32 8)

ST_1: tmp_121 [1/1] 0.00ns
:3  %tmp_121 = call i17 @_ssdm_op_BitConcatenate.i17.i1.i8.i8(i1 %tmp_177, i8 %p_Result_2_i, i8 %p_Result_i)

ST_1: tmp_122 [1/1] 0.00ns
:4  %tmp_122 = zext i8 %keyLengthBuffer_load to i17

ST_1: tmp_123 [1/1] 1.42ns
:5  %tmp_123 = sub i17 %tmp_121, %tmp_122

ST_1: stg_249 [1/1] 0.89ns
:6  store i17 %tmp_123, i17* @bpf_valueLengthBuffer_V, align 4

ST_1: stg_250 [1/1] 1.20ns
:15  store i4 2, i4* @bpf_wordCounter, align 1

ST_1: tmp_175 [1/1] 0.00ns
:0  %tmp_175 = trunc i112 %tmp_user_V to i108

ST_1: p_Result_s_92 [1/1] 0.00ns
:4  %p_Result_s_92 = call i8 @_ssdm_op_PartSelect.i8.i64.i32.i32(i64 %tmp_data_V, i32 24, i32 31)

ST_1: stg_253 [1/1] 0.89ns
:6  store i8 %p_Result_s_92, i8* @keyLengthBuffer, align 1

ST_1: p_Result_8 [1/1] 0.00ns
:7  %p_Result_8 = call i8 @_ssdm_op_PartSelect.i8.i64.i32.i32(i64 %tmp_data_V, i32 8, i32 15)

ST_1: stg_255 [1/1] 0.00ns
:8  store i8 %p_Result_8, i8* @bpf_opCode_V, align 1

ST_1: stg_256 [1/1] 1.20ns
:11  store i4 1, i4* @bpf_wordCounter, align 1

ST_1: stg_257 [1/1] 0.89ns
:1  store i1 false, i1* @lastValueWord, align 1

ST_1: stg_258 [1/1] 1.20ns
:2  store i4 0, i4* @bpf_wordCounter, align 1


 <State 2>: 2.91ns
ST_2: stg_259 [1/1] 0.00ns
codeRepl:0  call void (...)* @_ssdm_op_SpecInterface(i1* %feInput_V_last_V, i8* %feInput_V_keep_V, i112* %feInput_V_user_V, i64* %feInput_V_data_V, [5 x i8]* @p_str3, i32 0, i32 0, i32 0, i32 0, [1 x i8]* @p_str1, [1 x i8]* @p_str1, [1 x i8]* @p_str1)

ST_2: stg_260 [1/1] 0.00ns
codeRepl:1  call void (...)* @_ssdm_op_SpecInterface(i64* @valueBuffer_rp_V_V, [8 x i8]* @str1550, i32 0, i32 0, i32 0, i32 0, [1 x i8]* @str1551, [1 x i8]* @str1551, [8 x i8]* @str1550)

ST_2: stg_261 [1/1] 0.00ns
codeRepl:2  call void (...)* @_ssdm_op_SpecInterface(i64* @keyBuffer_rp_V_V, [8 x i8]* @str1546, i32 0, i32 0, i32 0, i32 0, [1 x i8]* @str1547, [1 x i8]* @str1547, [8 x i8]* @str1546)

ST_2: stg_262 [1/1] 0.00ns
codeRepl:3  call void (...)* @_ssdm_op_SpecInterface(i248* @metadataBuffer_rp_V_V, [8 x i8]* @str1542, i32 0, i32 0, i32 0, i32 0, [1 x i8]* @str1543, [1 x i8]* @str1543, [8 x i8]* @str1542)

ST_2: stg_263 [1/1] 0.00ns
codeRepl:4  call void (...)* @_ssdm_op_SpecPipeline(i32 1, i32 2, i32 1, i32 0, [1 x i8]* @p_str192) nounwind

ST_2: p_Val2_15 [1/1] 0.00ns
:4  %p_Val2_15 = load i248* @metadataTempBuffer_V, align 16

ST_2: bpf_keyLength_V_load [1/1] 0.00ns
:5  %bpf_keyLength_V_load = load i8* @bpf_keyLength_V, align 1

ST_2: protocol_V_load [1/1] 0.00ns
:8  %protocol_V_load = load i4* @protocol_V, align 1

ST_2: stg_267 [1/1] 2.91ns
:33  call void @_ssdm_op_Write.ap_fifo.volatile.i64P(i64* @valueBuffer_rp_V_V, i64 %p_Result_45)

ST_2: stg_268 [1/1] 0.00ns
:1  br label %._crit_edge709

ST_2: stg_269 [1/1] 2.91ns
:0  call void @_ssdm_op_Write.ap_fifo.volatile.i64P(i64* @keyBuffer_rp_V_V, i64 %tmp_data_V)

ST_2: stg_270 [1/1] 0.00ns
._crit_edge704:2  br label %._crit_edge706

ST_2: stg_271 [1/1] 2.91ns
:26  call void @_ssdm_op_Write.ap_fifo.volatile.i64P(i64* @valueBuffer_rp_V_V, i64 %p_Result_43)

ST_2: stg_272 [1/1] 0.00ns
mergeST:1  br label %.new

ST_2: stg_273 [1/1] 0.00ns
.new:0  br label %34

ST_2: stg_274 [1/1] 0.00ns
._crit_edge702:2  br label %._crit_edge699

ST_2: stg_275 [1/1] 0.00ns
._crit_edge699:0  br label %20

ST_2: stg_276 [1/1] 0.00ns
:1  br label %20

ST_2: stg_277 [1/1] 0.00ns
:0  br label %21

ST_2: stg_278 [1/1] 0.00ns
._crit_edge698:3  br label %21

ST_2: stg_279 [1/1] 2.91ns
:0  call void @_ssdm_op_Write.ap_fifo.volatile.i64P(i64* @keyBuffer_rp_V_V, i64 %tmp_data_V)

ST_2: stg_280 [1/1] 0.00ns
:3  br label %34

ST_2: stg_281 [1/1] 0.00ns
:0  br label %35

ST_2: tmp_182 [1/1] 0.00ns
:0  %tmp_182 = trunc i64 %tmp_data_V to i32

ST_2: p_Result_40 [1/1] 0.00ns
:1  %p_Result_40 = zext i32 %tmp_182 to i64

ST_2: stg_284 [1/1] 2.91ns
:2  call void @_ssdm_op_Write.ap_fifo.volatile.i64P(i64* @valueBuffer_rp_V_V, i64 %p_Result_40)

ST_2: stg_285 [1/1] 0.00ns
:9  br label %35

ST_2: stg_286 [1/1] 0.00ns
:0  br label %36

ST_2: stg_287 [1/1] 0.00ns
:1  br label %._crit_edge694

ST_2: stg_288 [1/1] 0.00ns
._crit_edge694:0  br label %11

ST_2: stg_289 [1/1] 0.00ns
._crit_edge691:4  br label %11

ST_2: stg_290 [1/1] 0.00ns
:0  br label %12

ST_2: stg_291 [1/1] 0.00ns
:1  br label %12

ST_2: stg_292 [1/1] 0.00ns
:0  br label %36

ST_2: stg_293 [1/1] 0.00ns
:0  br label %37

ST_2: p_Result_36 [1/1] 0.00ns
:7  %p_Result_36 = call i248 @llvm.part.set.i248.i4(i248 %p_Val2_15, i4 %protocol_V_load, i32 120, i32 123)

ST_2: p_Result_37 [1/1] 0.00ns
:8  %p_Result_37 = call i248 @llvm.part.set.i248.i8(i248 %p_Result_36, i8 %bpf_opCode_V_load, i32 104, i32 111)

ST_2: tmp_178 [1/1] 0.00ns
:9  %tmp_178 = trunc i64 %tmp_data_V to i30

ST_2: p_Result_38 [1/1] 0.00ns
:10  %p_Result_38 = call i248 @llvm.part.set.i248.i30(i248 %p_Result_37, i30 %tmp_178, i32 56, i32 85)

ST_2: tmp_53 [1/1] 0.00ns
:11  %tmp_53 = call i25 @_ssdm_op_BitConcatenate.i25.i17.i8(i17 %tmp_123, i8 %bpf_keyLength_V_load)

ST_2: p_Result_39 [1/1] 0.00ns
:12  %p_Result_39 = call i248 @_ssdm_op_PartSet.i248.i248.i25.i32.i32(i248 %p_Result_38, i25 %tmp_53, i32 0, i32 24)

ST_2: stg_300 [1/1] 0.89ns
:13  store i248 %p_Result_39, i248* @metadataTempBuffer_V, align 16

ST_2: stg_301 [1/1] 2.91ns
:14  call void @_ssdm_op_Write.ap_fifo.volatile.i248P(i248* @metadataBuffer_rp_V_V, i248 %p_Result_39)

ST_2: stg_302 [1/1] 0.00ns
:16  br label %37

ST_2: stg_303 [1/1] 0.00ns
:0  br label %38

ST_2: loc_V_trunc [1/1] 0.00ns
:1  %loc_V_trunc = zext i108 %tmp_175 to i124

ST_2: p_Result_s [1/1] 0.00ns
:2  %p_Result_s = call i248 @llvm.part.set.i248.i124(i248 %p_Val2_15, i124 %loc_V_trunc, i32 124, i32 247)

ST_2: stg_306 [1/1] 0.89ns
:3  store i248 %p_Result_s, i248* @metadataTempBuffer_V, align 16

ST_2: stg_307 [1/1] 0.00ns
:5  store i8 %p_Result_s_92, i8* @bpf_keyLength_V, align 1

ST_2: tmp_176 [1/1] 0.00ns
:9  %tmp_176 = trunc i64 %tmp_data_V to i4

ST_2: stg_309 [1/1] 0.00ns
:10  store i4 %tmp_176, i4* @protocol_V, align 1

ST_2: stg_310 [1/1] 0.00ns
:12  br label %38

ST_2: stg_311 [1/1] 0.00ns
:0  br label %._crit_edge689

ST_2: stg_312 [1/1] 0.00ns
._crit_edge689:0  br label %40

ST_2: stg_313 [1/1] 2.91ns
:0  call void @_ssdm_op_Write.ap_fifo.volatile.i64P(i64* @valueBuffer_rp_V_V, i64 %p_Val2_21)

ST_2: stg_314 [1/1] 0.00ns
:3  br label %40

ST_2: stg_315 [1/1] 0.00ns
:0  ret void



============================================================
+ Verbose Summary: Binding
============================================================
N/A
* FSMD analyzer results:
  - Output states:
  - Chain level:
	State 1
	State 2


============================================================
+ Verbose Summary: Datapath Resource usage 
============================================================
N/A
