

================================================================
== Vivado HLS Report for 'memcachedPipeline_demux'
================================================================
* Date:           Wed Oct 21 12:18:36 2020

* Version:        2015.1 (Build 1215546 on Mon Apr 27 19:24:50 PM 2015)
* Project:        memcachedPipeline_prj
* Solution:       solution1
* Product family: kintexu
* Target device:  xcku040-ffva1156-2-e


================================================================
== Performance Estimates
================================================================
+ Timing (ns): 
    * Summary: 
    +---------+-------+----------+------------+
    |  Clock  | Target| Estimated| Uncertainty|
    +---------+-------+----------+------------+
    |default  |   6.66|      6.38|        0.83|
    +---------+-------+----------+------------+

+ Latency (clock cycles): 
    * Summary: 
    +-----+-----+-----+-----+----------+
    |  Latency  |  Interval | Pipeline |
    | min | max | min | max |   Type   |
    +-----+-----+-----+-----+----------+
    |    1|    1|    1|    1| function |
    +-----+-----+-----+-----+----------+

    + Detail: 
        * Instance: 
        N/A

        * Loop: 
        N/A



================================================================
== Utilization Estimates
================================================================
* Summary: 
+-----------------+---------+-------+--------+--------+
|       Name      | BRAM_18K| DSP48E|   FF   |   LUT  |
+-----------------+---------+-------+--------+--------+
|Expression       |        -|      -|       -|       -|
|FIFO             |        -|      -|       -|       -|
|Instance         |        -|      -|       -|       -|
|Memory           |        -|      -|       -|       -|
|Multiplexer      |        -|      -|       -|       -|
|Register         |        -|      -|       -|       -|
+-----------------+---------+-------+--------+--------+
|Total            |        0|      0|       0|       0|
+-----------------+---------+-------+--------+--------+
|Available        |     1200|   1920|  484800|  242400|
+-----------------+---------+-------+--------+--------+
|Utilization (%)  |        0|      0|       0|       0|
+-----------------+---------+-------+--------+--------+

+ Detail: 
    * Instance: 
    N/A

    * Memory: 
    N/A

    * FIFO: 
    N/A

    * Expression: 
    N/A

    * Multiplexer: 
    N/A

    * Register: 
    N/A



================================================================
== Interface
================================================================
* Summary: 
N/A

============================================================
+ Verbose Summary: Synthesis Manager
============================================================
InlineROM: 1
ExposeGlobal: 0
============================================================
+ Verbose Summary: CDFG Model
============================================================
IsTopModel: 0
ResetActiveHigh: 1
IsCombinational: 2
IsDatapathOnly: 0
HasWiredReturn: 1
HasMFsm: 1
HasVarLatency: 0
IsPipeline: 1
IsRtlPipelined: 1
IsInstanceOverlapped: 0
IsDontTouch: 0
HasImplIP: 0
IsGatedGlobalClock: 0

+ Individual pipeline summary: 
  * Pipeline-0: initiation interval (II) = 1, depth = 2


============================================================
+ Verbose Summary: Schedule
============================================================
* Number of FSM states: 2
* Pipeline: 1
  Pipeline-0: II = 1, D = 2, States = { 1 2 }
* Dataflow Pipeline: 0

* FSM state transitions: 
1 --> 
	2  / true
2 --> 
* FSM state operations: 

 <State 1>: 6.38ns
ST_1: demuxState_load [1/1] 0.00ns
codeRepl:22  %demuxState_load = load i2* @demuxState, align 1

ST_1: wordCounter_V_load [1/1] 0.00ns
codeRepl:23  %wordCounter_V_load = load i2* @wordCounter_V, align 1

ST_1: valueLength_V_load [1/1] 0.00ns
codeRepl:24  %valueLength_V_load = load i16* @valueLength_V, align 2

ST_1: stg_6 [1/1] 1.11ns
codeRepl:25  switch i2 %demuxState_load, label %._crit_edge530 [
    i2 0, label %0
    i2 -2, label %13
    i2 1, label %18
  ]

ST_1: tmp_9 [1/1] 2.91ns
:0  %tmp_9 = call i256 @_ssdm_op_Read.ap_fifo.volatile.i256P(i256* @accCtrl2demux_V) nounwind

ST_1: metadataWrWord_keyValid_V_6 [1/1] 0.00ns
:1  %metadataWrWord_keyValid_V_6 = call i1 @_ssdm_op_BitSelect.i1.i256.i32(i256 %tmp_9, i32 125)

ST_1: metadataWrWord_valueValid_V [1/1] 0.00ns
:2  %metadataWrWord_valueValid_V = call i1 @_ssdm_op_BitSelect.i1.i256.i32(i256 %tmp_9, i32 126)

ST_1: metadataWrWord_EOP_V_4 [1/1] 0.00ns
:3  %metadataWrWord_EOP_V_4 = call i1 @_ssdm_op_BitSelect.i1.i256.i32(i256 %tmp_9, i32 127)

ST_1: setData_data_V_4 [1/1] 0.00ns
:4  %setData_data_V_4 = call i64 @_ssdm_op_PartSelect.i64.i256.i32.i32(i256 %tmp_9, i32 128, i32 191)

ST_1: tmp_V [1/1] 0.00ns
:5  %tmp_V = call i64 @_ssdm_op_PartSelect.i64.i256.i32.i32(i256 %tmp_9, i32 192, i32 255)

ST_1: tmp_86 [1/1] 0.00ns
:6  %tmp_86 = call i1 @_ssdm_op_BitSelect.i1.i2.i32(i2 %wordCounter_V_load, i32 1)

ST_1: stg_14 [1/1] 0.00ns
:7  br i1 %tmp_86, label %._crit_edge546, label %19

ST_1: tmp_10 [1/1] 0.00ns
:0  %tmp_10 = trunc i256 %tmp_9 to i128

ST_1: tmp_s [1/1] 0.43ns
:2  %tmp_s = add i2 1, %wordCounter_V_load

ST_1: stg_17 [1/1] 0.89ns
:3  store i2 %tmp_s, i2* @wordCounter_V, align 1

ST_1: stg_18 [1/1] 0.00ns
._crit_edge546:0  br i1 %metadataWrWord_keyValid_V_6, label %20, label %._crit_edge547

ST_1: tmp_59 [1/1] 1.26ns
._crit_edge547:0  %tmp_59 = icmp ult i16 %valueLength_V_load, 9

ST_1: stg_20 [1/1] 0.89ns
._crit_edge547:1  br i1 %tmp_59, label %._crit_edge548, label %21

ST_1: tmp_61 [1/1] 1.36ns
:0  %tmp_61 = add i16 %valueLength_V_load, -8

ST_1: stg_22 [1/1] 0.89ns
:1  store i16 %tmp_61, i16* @valueLength_V, align 2

ST_1: stg_23 [1/1] 0.89ns
:2  br label %._crit_edge548

ST_1: stg_24 [1/1] 0.00ns
._crit_edge548:1  br i1 %metadataWrWord_valueValid_V, label %22, label %._crit_edge549

ST_1: stg_25 [1/1] 0.00ns
._crit_edge549:0  br i1 %metadataWrWord_EOP_V_4, label %23, label %._crit_edge550

ST_1: stg_26 [1/1] 0.89ns
:0  store i2 0, i2* @demuxState, align 1

ST_1: tmp_27 [1/1] 0.00ns
:0  %tmp_27 = call i1 @_ssdm_op_NbReadReq.ap_fifo.i256P(i256* @accCtrl2demux_V, i32 1) nounwind

ST_1: stg_28 [1/1] 0.00ns
:1  br i1 %tmp_27, label %14, label %._crit_edge542

ST_1: tmp_7 [1/1] 2.91ns
:0  %tmp_7 = call i256 @_ssdm_op_Read.ap_fifo.volatile.i256P(i256* @accCtrl2demux_V) nounwind

ST_1: metadataWrWord_keyValid_V_5 [1/1] 0.00ns
:1  %metadataWrWord_keyValid_V_5 = call i1 @_ssdm_op_BitSelect.i1.i256.i32(i256 %tmp_7, i32 125)

ST_1: metadataWrWord_EOP_V [1/1] 0.00ns
:2  %metadataWrWord_EOP_V = call i1 @_ssdm_op_BitSelect.i1.i256.i32(i256 %tmp_7, i32 127)

ST_1: tmp_V_17 [1/1] 0.00ns
:3  %tmp_V_17 = call i64 @_ssdm_op_PartSelect.i64.i256.i32.i32(i256 %tmp_7, i32 192, i32 255)

ST_1: tmp_92 [1/1] 0.00ns
:4  %tmp_92 = call i1 @_ssdm_op_BitSelect.i1.i2.i32(i2 %wordCounter_V_load, i32 1)

ST_1: stg_34 [1/1] 0.00ns
:5  br i1 %tmp_92, label %._crit_edge543, label %15

ST_1: tmp_8 [1/1] 0.00ns
:0  %tmp_8 = trunc i256 %tmp_7 to i128

ST_1: tmp_58 [1/1] 0.43ns
:2  %tmp_58 = add i2 1, %wordCounter_V_load

ST_1: stg_37 [1/1] 0.89ns
:3  store i2 %tmp_58, i2* @wordCounter_V, align 1

ST_1: stg_38 [1/1] 0.00ns
._crit_edge543:0  br i1 %metadataWrWord_keyValid_V_5, label %16, label %._crit_edge544

ST_1: stg_39 [1/1] 0.00ns
._crit_edge544:0  br i1 %metadataWrWord_EOP_V, label %17, label %._crit_edge545

ST_1: stg_40 [1/1] 0.89ns
:0  store i2 0, i2* @demuxState, align 1

ST_1: tmp [1/1] 0.00ns
:0  %tmp = call i1 @_ssdm_op_NbReadReq.ap_fifo.i256P(i256* @accCtrl2demux_V, i32 1) nounwind

ST_1: stg_42 [1/1] 0.00ns
:1  br i1 %tmp, label %1, label %._crit_edge531

ST_1: tmp272 [1/1] 2.91ns
:0  %tmp272 = call i256 @_ssdm_op_Read.ap_fifo.volatile.i256P(i256* @accCtrl2demux_V) nounwind

ST_1: p_Val2_s [1/1] 0.00ns
:1  %p_Val2_s = trunc i256 %tmp272 to i124

ST_1: metadataWrWord_SOP_V [1/1] 0.00ns
:2  %metadataWrWord_SOP_V = call i1 @_ssdm_op_BitSelect.i1.i256.i32(i256 %tmp272, i32 124)

ST_1: metadataWrWord_keyValid_V [1/1] 0.00ns
:3  %metadataWrWord_keyValid_V = call i1 @_ssdm_op_BitSelect.i1.i256.i32(i256 %tmp272, i32 125)

ST_1: setData_data_V [1/1] 0.00ns
:4  %setData_data_V = call i64 @_ssdm_op_PartSelect.i64.i256.i32.i32(i256 %tmp272, i32 128, i32 191)

ST_1: tmp_V_18 [1/1] 0.00ns
:5  %tmp_V_18 = call i64 @_ssdm_op_PartSelect.i64.i256.i32.i32(i256 %tmp272, i32 192, i32 255)

ST_1: stg_49 [1/1] 0.00ns
:6  br i1 %metadataWrWord_SOP_V, label %2, label %._crit_edge532

ST_1: stg_50 [1/1] 0.89ns
:0  store i2 1, i2* @wordCounter_V, align 1

ST_1: tmp_94 [1/1] 0.00ns
:1  %tmp_94 = call i1 @_ssdm_op_BitSelect.i1.i256.i32(i256 %tmp272, i32 112)

ST_1: stg_52 [1/1] 0.00ns
:2  br i1 %tmp_94, label %._crit_edge533, label %3

ST_1: p_Result_s [1/1] 0.00ns
:0  %p_Result_s = call i8 @_ssdm_op_PartSelect.i8.i256.i32.i32(i256 %tmp272, i32 104, i32 111)

ST_1: tmp_96 [1/1] 1.34ns
:1  %tmp_96 = icmp eq i8 %p_Result_s, 8

ST_1: tmp_97 [1/1] 1.34ns
:2  %tmp_97 = icmp eq i8 %p_Result_s, 4

ST_1: tmp_98 [1/1] 0.71ns
:3  %tmp_98 = or i1 %tmp_97, %tmp_96

ST_1: stg_57 [1/1] 0.00ns
:4  br i1 %tmp_98, label %._crit_edge533, label %6

ST_1: tmp_60 [1/1] 1.34ns
:0  %tmp_60 = icmp eq i8 %p_Result_s, 0

ST_1: stg_59 [1/1] 0.00ns
:1  br i1 %tmp_60, label %7, label %9

ST_1: tmp_63 [1/1] 1.34ns
:0  %tmp_63 = icmp eq i8 %p_Result_s, 1

ST_1: stg_61 [1/1] 0.00ns
:1  br i1 %tmp_63, label %._crit_edge540, label %._crit_edge539

ST_1: tmp_34 [1/1] 0.00ns
._crit_edge540:0  %tmp_34 = call i3 @_ssdm_op_PartSelect.i3.i256.i32.i32(i256 %tmp272, i32 125, i32 127)

ST_1: setMd_address_V [1/1] 0.00ns
._crit_edge540:3  %setMd_address_V = call i32 @_ssdm_op_PartSelect.i32.i256.i32.i32(i256 %tmp272, i32 72, i32 103)

ST_1: setMd_length_V [1/1] 0.00ns
._crit_edge540:4  %setMd_length_V = call i13 @_ssdm_op_PartSelect.i13.i256.i32.i32(i256 %tmp272, i32 8, i32 20)

ST_1: p_Result_1 [1/1] 0.00ns
._crit_edge540:7  %p_Result_1 = call i12 @_ssdm_op_PartSelect.i12.i256.i32.i32(i256 %tmp272, i32 8, i32 19)

ST_1: tmp_EOP_V_1 [1/1] 1.30ns
._crit_edge540:8  %tmp_EOP_V_1 = icmp ult i12 %p_Result_1, 9

ST_1: tmp_64 [1/1] 1.30ns
._crit_edge540:9  %tmp_64 = add i12 %p_Result_1, -8

ST_1: storemerge [1/1] 0.71ns
._crit_edge540:10  %storemerge = select i1 %tmp_EOP_V_1, i12 %p_Result_1, i12 %tmp_64

ST_1: storemerge_cast [1/1] 0.00ns
._crit_edge540:11  %storemerge_cast = zext i12 %storemerge to i16

ST_1: stg_70 [1/1] 0.89ns
._crit_edge540:12  store i16 %storemerge_cast, i16* @valueLength_V, align 2

ST_1: stg_71 [1/1] 0.00ns
._crit_edge540:15  br i1 %metadataWrWord_keyValid_V, label %10, label %._crit_edge541

ST_1: stg_72 [1/1] 0.89ns
._crit_edge541:0  store i2 1, i2* @demuxState, align 1

ST_1: tmp_33 [1/1] 0.00ns
:0  %tmp_33 = call i3 @_ssdm_op_PartSelect.i3.i256.i32.i32(i256 %tmp272, i32 125, i32 127)

ST_1: getMd_address_V [1/1] 0.00ns
:3  %getMd_address_V = call i32 @_ssdm_op_PartSelect.i32.i256.i32.i32(i256 %tmp272, i32 72, i32 103)

ST_1: getMd_length_V [1/1] 0.00ns
:4  %getMd_length_V = call i13 @_ssdm_op_PartSelect.i13.i256.i32.i32(i256 %tmp272, i32 8, i32 20)

ST_1: stg_76 [1/1] 0.00ns
:7  br i1 %metadataWrWord_keyValid_V, label %8, label %._crit_edge538

ST_1: stg_77 [1/1] 0.89ns
._crit_edge538:0  store i2 -2, i2* @demuxState, align 1

ST_1: tmp_32 [1/1] 0.00ns
._crit_edge533:0  %tmp_32 = call i3 @_ssdm_op_PartSelect.i3.i256.i32.i32(i256 %tmp272, i32 125, i32 127)

ST_1: stg_79 [1/1] 0.00ns
._crit_edge533:3  br i1 %metadataWrWord_keyValid_V, label %4, label %._crit_edge536

ST_1: p_Result_9 [1/1] 0.00ns
:0  %p_Result_9 = call i8 @_ssdm_op_PartSelect.i8.i256.i32.i32(i256 %tmp272, i32 104, i32 111)

ST_1: tmp_62 [1/1] 1.34ns
:1  %tmp_62 = icmp eq i8 %p_Result_9, 8

ST_1: stg_82 [1/1] 0.00ns
:2  br i1 %tmp_62, label %._crit_edge536, label %5

ST_1: stg_83 [1/1] 0.89ns
._crit_edge536:0  store i2 -2, i2* @demuxState, align 1


 <State 2>: 2.91ns
ST_2: stg_84 [1/1] 0.00ns
codeRepl:0  call void (...)* @_ssdm_op_SpecInterface(i256* @accCtrl2demux_V, [8 x i8]* @str1530, i32 0, i32 0, i32 0, i32 0, [1 x i8]* @str1531, [1 x i8]* @str1531, [8 x i8]* @str1530) nounwind

ST_2: stg_85 [1/1] 0.00ns
codeRepl:1  call void (...)* @_ssdm_op_SpecInterface(i256* @accCtrl2demux_V, [8 x i8]* @str1526, i32 0, i32 0, i32 0, i32 0, [1 x i8]* @str1527, [1 x i8]* @str1527, [8 x i8]* @str1526) nounwind

ST_2: stg_86 [1/1] 0.00ns
codeRepl:2  call void (...)* @_ssdm_op_SpecInterface(i256* @accCtrl2demux_V, [8 x i8]* @str1522, i32 0, i32 0, i32 0, i32 0, [1 x i8]* @str1523, [1 x i8]* @str1523, [8 x i8]* @str1522) nounwind

ST_2: stg_87 [1/1] 0.00ns
codeRepl:3  call void (...)* @_ssdm_op_SpecInterface(i256* @accCtrl2demux_V, [8 x i8]* @str1518, i32 0, i32 0, i32 0, i32 0, [1 x i8]* @str1519, [1 x i8]* @str1519, [8 x i8]* @str1518) nounwind

ST_2: stg_88 [1/1] 0.00ns
codeRepl:4  call void (...)* @_ssdm_op_SpecInterface(i256* @accCtrl2demux_V, [8 x i8]* @str1514, i32 0, i32 0, i32 0, i32 0, [1 x i8]* @str1515, [1 x i8]* @str1515, [8 x i8]* @str1514) nounwind

ST_2: stg_89 [1/1] 0.00ns
codeRepl:5  call void (...)* @_ssdm_op_SpecInterface(i256* @accCtrl2demux_V, [8 x i8]* @str1510, i32 0, i32 0, i32 0, i32 0, [1 x i8]* @str1511, [1 x i8]* @str1511, [8 x i8]* @str1510) nounwind

ST_2: stg_90 [1/1] 0.00ns
codeRepl:6  call void (...)* @_ssdm_op_SpecInterface(i256* @accCtrl2demux_V, [8 x i8]* @str1506, i32 0, i32 0, i32 0, i32 0, [1 x i8]* @str1507, [1 x i8]* @str1507, [8 x i8]* @str1506) nounwind

ST_2: stg_91 [1/1] 0.00ns
codeRepl:7  call void (...)* @_ssdm_op_SpecInterface(i64* @keyBuffer_V_V, [8 x i8]* @str1494, i32 0, i32 0, i32 0, i32 0, [1 x i8]* @str1495, [1 x i8]* @str1495, [8 x i8]* @str1494)

ST_2: stg_92 [1/1] 0.00ns
codeRepl:8  call void (...)* @_ssdm_op_SpecInterface(i128* @metadataBuffer_V, [8 x i8]* @str1490, i32 0, i32 0, i32 0, i32 0, [1 x i8]* @str1491, [1 x i8]* @str1491, [8 x i8]* @str1490) nounwind

ST_2: stg_93 [1/1] 0.00ns
codeRepl:9  call void (...)* @_ssdm_op_SpecInterface(i128* @metadataBuffer_V, [8 x i8]* @str1486, i32 0, i32 0, i32 0, i32 0, [1 x i8]* @str1487, [1 x i8]* @str1487, [8 x i8]* @str1486) nounwind

ST_2: stg_94 [1/1] 0.00ns
codeRepl:10  call void (...)* @_ssdm_op_SpecInterface(i128* @metadataBuffer_V, [8 x i8]* @str1482, i32 0, i32 0, i32 0, i32 0, [1 x i8]* @str1483, [1 x i8]* @str1483, [8 x i8]* @str1482) nounwind

ST_2: stg_95 [1/1] 0.00ns
codeRepl:11  call void (...)* @_ssdm_op_SpecInterface(i128* @metadataBuffer_V, [8 x i8]* @str1478, i32 0, i32 0, i32 0, i32 0, [1 x i8]* @str1479, [1 x i8]* @str1479, [8 x i8]* @str1478) nounwind

ST_2: stg_96 [1/1] 0.00ns
codeRepl:12  call void (...)* @_ssdm_op_SpecInterface(i128* @metadataBuffer_V, [8 x i8]* @str1474, i32 0, i32 0, i32 0, i32 0, [1 x i8]* @str1475, [1 x i8]* @str1475, [8 x i8]* @str1474) nounwind

ST_2: stg_97 [1/1] 0.00ns
codeRepl:13  call void (...)* @_ssdm_op_SpecInterface(i45* @demux2getPath_V, [8 x i8]* @str1470, i32 0, i32 0, i32 0, i32 0, [1 x i8]* @str1471, [1 x i8]* @str1471, [8 x i8]* @str1470) nounwind

ST_2: stg_98 [1/1] 0.00ns
codeRepl:14  call void (...)* @_ssdm_op_SpecInterface(i45* @demux2getPath_V, [8 x i8]* @str1466, i32 0, i32 0, i32 0, i32 0, [1 x i8]* @str1467, [1 x i8]* @str1467, [8 x i8]* @str1466) nounwind

ST_2: stg_99 [1/1] 0.00ns
codeRepl:15  call void (...)* @_ssdm_op_SpecInterface(i45* @demux2setPathMetadata_V, [8 x i8]* @str1462, i32 0, i32 0, i32 0, i32 0, [1 x i8]* @str1463, [1 x i8]* @str1463, [8 x i8]* @str1462) nounwind

ST_2: stg_100 [1/1] 0.00ns
codeRepl:16  call void (...)* @_ssdm_op_SpecInterface(i45* @demux2setPathMetadata_V, [8 x i8]* @str1458, i32 0, i32 0, i32 0, i32 0, [1 x i8]* @str1459, [1 x i8]* @str1459, [8 x i8]* @str1458) nounwind

ST_2: stg_101 [1/1] 0.00ns
codeRepl:17  call void (...)* @_ssdm_op_SpecInterface(i66* @demux2setPathValue_V, [8 x i8]* @str1450, i32 0, i32 0, i32 0, i32 0, [1 x i8]* @str1451, [1 x i8]* @str1451, [8 x i8]* @str1450) nounwind

ST_2: stg_102 [1/1] 0.00ns
codeRepl:18  call void (...)* @_ssdm_op_SpecInterface(i66* @demux2setPathValue_V, [8 x i8]* @str1446, i32 0, i32 0, i32 0, i32 0, [1 x i8]* @str1447, [1 x i8]* @str1447, [8 x i8]* @str1446) nounwind

ST_2: stg_103 [1/1] 0.00ns
codeRepl:19  call void (...)* @_ssdm_op_SpecInterface(i66* @demux2setPathValue_V, [8 x i8]* @str1442, i32 0, i32 0, i32 0, i32 0, [1 x i8]* @str1443, [1 x i8]* @str1443, [8 x i8]* @str1442) nounwind

ST_2: stg_104 [1/1] 0.00ns
codeRepl:20  call void (...)* @_ssdm_op_SpecInterface(i32 0, [13 x i8]* @p_str127, i32 0, i32 0, i32 0, i32 0, [1 x i8]* @p_str1128, [1 x i8]* @p_str1128, [1 x i8]* @p_str1128) nounwind

ST_2: stg_105 [1/1] 0.00ns
codeRepl:21  call void (...)* @_ssdm_op_SpecPipeline(i32 1, i32 2, i32 1, i32 0, [1 x i8]* @p_str1128) nounwind

ST_2: stg_106 [1/1] 2.91ns
:1  call void @_ssdm_op_Write.ap_fifo.volatile.i128P(i128* @metadataBuffer_V, i128 %tmp_10) nounwind

ST_2: stg_107 [1/1] 0.00ns
:4  br label %._crit_edge546

ST_2: stg_108 [1/1] 2.91ns
:0  call void @_ssdm_op_Write.ap_fifo.volatile.i64P(i64* @keyBuffer_V_V, i64 %tmp_V) nounwind

ST_2: stg_109 [1/1] 0.00ns
:1  br label %._crit_edge547

ST_2: tmp_EOP_V_11 [1/1] 0.00ns
._crit_edge548:0  %tmp_EOP_V_11 = phi i1 [ false, %21 ], [ true, %._crit_edge547 ]

ST_2: tmp_11 [1/1] 0.00ns
:0  %tmp_11 = call i66 @_ssdm_op_BitConcatenate.i66.i1.i1.i64(i1 %tmp_EOP_V_11, i1 false, i64 %setData_data_V_4)

ST_2: stg_112 [1/1] 2.91ns
:1  call void @_ssdm_op_Write.ap_fifo.volatile.i66P(i66* @demux2setPathValue_V, i66 %tmp_11) nounwind

ST_2: stg_113 [1/1] 0.00ns
:2  br label %._crit_edge549

ST_2: stg_114 [1/1] 0.00ns
:1  br label %._crit_edge550

ST_2: stg_115 [1/1] 0.00ns
._crit_edge550:0  br label %._crit_edge530

ST_2: stg_116 [1/1] 2.91ns
:1  call void @_ssdm_op_Write.ap_fifo.volatile.i128P(i128* @metadataBuffer_V, i128 %tmp_8) nounwind

ST_2: stg_117 [1/1] 0.00ns
:4  br label %._crit_edge543

ST_2: stg_118 [1/1] 2.91ns
:0  call void @_ssdm_op_Write.ap_fifo.volatile.i64P(i64* @keyBuffer_V_V, i64 %tmp_V_17) nounwind

ST_2: stg_119 [1/1] 0.00ns
:1  br label %._crit_edge544

ST_2: stg_120 [1/1] 0.00ns
:1  br label %._crit_edge545

ST_2: stg_121 [1/1] 0.00ns
._crit_edge545:0  br label %._crit_edge542

ST_2: stg_122 [1/1] 0.00ns
._crit_edge542:0  br label %._crit_edge530

ST_2: tmp_4 [1/1] 0.00ns
._crit_edge540:1  %tmp_4 = call i128 @_ssdm_op_BitConcatenate.i128.i3.i1.i124(i3 %tmp_34, i1 true, i124 %p_Val2_s)

ST_2: stg_124 [1/1] 2.91ns
._crit_edge540:2  call void @_ssdm_op_Write.ap_fifo.volatile.i128P(i128* @metadataBuffer_V, i128 %tmp_4) nounwind

ST_2: tmp_5 [1/1] 0.00ns
._crit_edge540:5  %tmp_5 = call i45 @_ssdm_op_BitConcatenate.i45.i13.i32(i13 %setMd_length_V, i32 %setMd_address_V)

ST_2: stg_126 [1/1] 2.91ns
._crit_edge540:6  call void @_ssdm_op_Write.ap_fifo.volatile.i45P(i45* @demux2setPathMetadata_V, i45 %tmp_5) nounwind

ST_2: tmp_6 [1/1] 0.00ns
._crit_edge540:13  %tmp_6 = call i66 @_ssdm_op_BitConcatenate.i66.i1.i1.i64(i1 %tmp_EOP_V_1, i1 true, i64 %setData_data_V)

ST_2: stg_128 [1/1] 2.91ns
._crit_edge540:14  call void @_ssdm_op_Write.ap_fifo.volatile.i66P(i66* @demux2setPathValue_V, i66 %tmp_6) nounwind

ST_2: stg_129 [1/1] 2.91ns
:0  call void @_ssdm_op_Write.ap_fifo.volatile.i64P(i64* @keyBuffer_V_V, i64 %tmp_V_18) nounwind

ST_2: stg_130 [1/1] 0.00ns
:1  br label %._crit_edge541

ST_2: stg_131 [1/1] 0.00ns
._crit_edge541:1  br label %._crit_edge539

ST_2: stg_132 [1/1] 0.00ns
._crit_edge539:0  br label %11

ST_2: tmp_2 [1/1] 0.00ns
:1  %tmp_2 = call i128 @_ssdm_op_BitConcatenate.i128.i3.i1.i124(i3 %tmp_33, i1 true, i124 %p_Val2_s)

ST_2: stg_134 [1/1] 2.91ns
:2  call void @_ssdm_op_Write.ap_fifo.volatile.i128P(i128* @metadataBuffer_V, i128 %tmp_2) nounwind

ST_2: tmp_3 [1/1] 0.00ns
:5  %tmp_3 = call i45 @_ssdm_op_BitConcatenate.i45.i13.i32(i13 %getMd_length_V, i32 %getMd_address_V)

ST_2: stg_136 [1/1] 2.91ns
:6  call void @_ssdm_op_Write.ap_fifo.volatile.i45P(i45* @demux2getPath_V, i45 %tmp_3) nounwind

ST_2: stg_137 [1/1] 2.91ns
:0  call void @_ssdm_op_Write.ap_fifo.volatile.i64P(i64* @keyBuffer_V_V, i64 %tmp_V_18) nounwind

ST_2: stg_138 [1/1] 0.00ns
:1  br label %._crit_edge538

ST_2: stg_139 [1/1] 0.00ns
._crit_edge538:1  br label %11

ST_2: stg_140 [1/1] 0.00ns
:0  br label %12

ST_2: tmp_1 [1/1] 0.00ns
._crit_edge533:1  %tmp_1 = call i128 @_ssdm_op_BitConcatenate.i128.i3.i1.i124(i3 %tmp_32, i1 true, i124 %p_Val2_s)

ST_2: stg_142 [1/1] 2.91ns
._crit_edge533:2  call void @_ssdm_op_Write.ap_fifo.volatile.i128P(i128* @metadataBuffer_V, i128 %tmp_1) nounwind

ST_2: stg_143 [1/1] 2.91ns
:0  call void @_ssdm_op_Write.ap_fifo.volatile.i64P(i64* @keyBuffer_V_V, i64 %tmp_V_18) nounwind

ST_2: stg_144 [1/1] 0.00ns
:1  br label %._crit_edge536

ST_2: stg_145 [1/1] 0.00ns
._crit_edge536:1  br label %12

ST_2: stg_146 [1/1] 0.00ns
:0  br label %._crit_edge532

ST_2: stg_147 [1/1] 0.00ns
._crit_edge532:0  br label %._crit_edge531

ST_2: stg_148 [1/1] 0.00ns
._crit_edge531:0  br label %._crit_edge530

ST_2: stg_149 [1/1] 0.00ns
._crit_edge530:0  ret void



============================================================
+ Verbose Summary: Binding
============================================================
STG Binding: 
---------------- STG Properties BEGIN ----------------
- Is combinational: 0
- Is one-state seq: 0
- Is datapath-only: 0
- Is clock enabled: 0
- Is pipelined: 1
- Is top level: 0
Port [ Return ] is wired: 1; IO mode=ap_ctrl_none:ce=0
Port [ demuxState]:  wired=0; compound=0; hidden=1; nouse=0; global=1; static=1; extern=0; dir=2; type=0; mode=0x7fa531fe5dd0; pingpong=0; private_global=1; linkage=7; visibility=0; IO mode=ap_ovld:ce=0
Port [ wordCounter_V]:  wired=0; compound=0; hidden=1; nouse=0; global=1; static=1; extern=0; dir=2; type=0; mode=0x7fa531fe5e30; pingpong=0; private_global=1; linkage=7; visibility=0; IO mode=ap_ovld:ce=0
Port [ valueLength_V]:  wired=0; compound=0; hidden=1; nouse=0; global=1; static=1; extern=0; dir=2; type=0; mode=0x7fa531fe5e90; pingpong=0; private_global=1; linkage=7; visibility=0; IO mode=ap_ovld:ce=0
Port [ accCtrl2demux_V]:  wired=1; compound=1; hidden=0; nouse=0; global=1; static=1; extern=0; dir=0; type=3; mode=0x7fa531fe5ef0; pingpong=0; private_global=0; linkage=7; visibility=0; IO mode=ap_fifo:ce=0
Port [ metadataBuffer_V]:  wired=1; compound=1; hidden=0; nouse=0; global=1; static=1; extern=0; dir=1; type=3; mode=0x7fa531fe5f50; pingpong=0; private_global=0; linkage=7; visibility=0; IO mode=ap_fifo:ce=0
Port [ keyBuffer_V_V]:  wired=1; compound=1; hidden=0; nouse=0; global=1; static=1; extern=0; dir=1; type=3; mode=0x7fa531fe5fb0; pingpong=0; private_global=0; linkage=7; visibility=0; IO mode=ap_fifo:ce=0
Port [ demux2getPath_V]:  wired=1; compound=1; hidden=0; nouse=0; global=1; static=1; extern=0; dir=1; type=3; mode=0x7fa531fe6010; pingpong=0; private_global=0; linkage=7; visibility=0; IO mode=ap_fifo:ce=0
Port [ demux2setPathMetadata_V]:  wired=1; compound=1; hidden=0; nouse=0; global=1; static=1; extern=0; dir=1; type=3; mode=0x7fa531fe6070; pingpong=0; private_global=0; linkage=7; visibility=0; IO mode=ap_fifo:ce=0
Port [ demux2setPathValue_V]:  wired=1; compound=1; hidden=0; nouse=0; global=1; static=1; extern=0; dir=1; type=3; mode=0x7fa531fe60d0; pingpong=0; private_global=0; linkage=7; visibility=0; IO mode=ap_fifo:ce=0
---------------- STG Properties END ------------------

---------------- Datapath Model BEGIN ----------------

<LifeTime>
<method=bitvector/>
demuxState_load             (load          ) [ 011]
wordCounter_V_load          (load          ) [ 000]
valueLength_V_load          (load          ) [ 000]
stg_6                       (switch        ) [ 000]
tmp_9                       (read          ) [ 000]
metadataWrWord_keyValid_V_6 (bitselect     ) [ 011]
metadataWrWord_valueValid_V (bitselect     ) [ 011]
metadataWrWord_EOP_V_4      (bitselect     ) [ 011]
setData_data_V_4            (partselect    ) [ 011]
tmp_V                       (partselect    ) [ 011]
tmp_86                      (bitselect     ) [ 011]
stg_14                      (br            ) [ 000]
tmp_10                      (trunc         ) [ 011]
tmp_s                       (add           ) [ 000]
stg_17                      (store         ) [ 000]
stg_18                      (br            ) [ 000]
tmp_59                      (icmp          ) [ 010]
stg_20                      (br            ) [ 011]
tmp_61                      (add           ) [ 000]
stg_22                      (store         ) [ 000]
stg_23                      (br            ) [ 011]
stg_24                      (br            ) [ 000]
stg_25                      (br            ) [ 000]
stg_26                      (store         ) [ 000]
tmp_27                      (nbreadreq     ) [ 011]
stg_28                      (br            ) [ 000]
tmp_7                       (read          ) [ 000]
metadataWrWord_keyValid_V_5 (bitselect     ) [ 011]
metadataWrWord_EOP_V        (bitselect     ) [ 011]
tmp_V_17                    (partselect    ) [ 011]
tmp_92                      (bitselect     ) [ 011]
stg_34                      (br            ) [ 000]
tmp_8                       (trunc         ) [ 011]
tmp_58                      (add           ) [ 000]
stg_37                      (store         ) [ 000]
stg_38                      (br            ) [ 000]
stg_39                      (br            ) [ 000]
stg_40                      (store         ) [ 000]
tmp                         (nbreadreq     ) [ 011]
stg_42                      (br            ) [ 000]
tmp272                      (read          ) [ 000]
p_Val2_s                    (trunc         ) [ 011]
metadataWrWord_SOP_V        (bitselect     ) [ 011]
metadataWrWord_keyValid_V   (bitselect     ) [ 011]
setData_data_V              (partselect    ) [ 011]
tmp_V_18                    (partselect    ) [ 011]
stg_49                      (br            ) [ 000]
stg_50                      (store         ) [ 000]
tmp_94                      (bitselect     ) [ 011]
stg_52                      (br            ) [ 000]
p_Result_s                  (partselect    ) [ 000]
tmp_96                      (icmp          ) [ 000]
tmp_97                      (icmp          ) [ 000]
tmp_98                      (or            ) [ 011]
stg_57                      (br            ) [ 000]
tmp_60                      (icmp          ) [ 011]
stg_59                      (br            ) [ 000]
tmp_63                      (icmp          ) [ 011]
stg_61                      (br            ) [ 000]
tmp_34                      (partselect    ) [ 011]
setMd_address_V             (partselect    ) [ 011]
setMd_length_V              (partselect    ) [ 011]
p_Result_1                  (partselect    ) [ 000]
tmp_EOP_V_1                 (icmp          ) [ 011]
tmp_64                      (add           ) [ 000]
storemerge                  (select        ) [ 000]
storemerge_cast             (zext          ) [ 000]
stg_70                      (store         ) [ 000]
stg_71                      (br            ) [ 000]
stg_72                      (store         ) [ 000]
tmp_33                      (partselect    ) [ 011]
getMd_address_V             (partselect    ) [ 011]
getMd_length_V              (partselect    ) [ 011]
stg_76                      (br            ) [ 000]
stg_77                      (store         ) [ 000]
tmp_32                      (partselect    ) [ 011]
stg_79                      (br            ) [ 000]
p_Result_9                  (partselect    ) [ 000]
tmp_62                      (icmp          ) [ 011]
stg_82                      (br            ) [ 000]
stg_83                      (store         ) [ 000]
stg_84                      (specinterface ) [ 000]
stg_85                      (specinterface ) [ 000]
stg_86                      (specinterface ) [ 000]
stg_87                      (specinterface ) [ 000]
stg_88                      (specinterface ) [ 000]
stg_89                      (specinterface ) [ 000]
stg_90                      (specinterface ) [ 000]
stg_91                      (specinterface ) [ 000]
stg_92                      (specinterface ) [ 000]
stg_93                      (specinterface ) [ 000]
stg_94                      (specinterface ) [ 000]
stg_95                      (specinterface ) [ 000]
stg_96                      (specinterface ) [ 000]
stg_97                      (specinterface ) [ 000]
stg_98                      (specinterface ) [ 000]
stg_99                      (specinterface ) [ 000]
stg_100                     (specinterface ) [ 000]
stg_101                     (specinterface ) [ 000]
stg_102                     (specinterface ) [ 000]
stg_103                     (specinterface ) [ 000]
stg_104                     (specinterface ) [ 000]
stg_105                     (specpipeline  ) [ 000]
stg_106                     (write         ) [ 000]
stg_107                     (br            ) [ 000]
stg_108                     (write         ) [ 000]
stg_109                     (br            ) [ 000]
tmp_EOP_V_11                (phi           ) [ 011]
tmp_11                      (bitconcatenate) [ 000]
stg_112                     (write         ) [ 000]
stg_113                     (br            ) [ 000]
stg_114                     (br            ) [ 000]
stg_115                     (br            ) [ 000]
stg_116                     (write         ) [ 000]
stg_117                     (br            ) [ 000]
stg_118                     (write         ) [ 000]
stg_119                     (br            ) [ 000]
stg_120                     (br            ) [ 000]
stg_121                     (br            ) [ 000]
stg_122                     (br            ) [ 000]
tmp_4                       (bitconcatenate) [ 000]
stg_124                     (write         ) [ 000]
tmp_5                       (bitconcatenate) [ 000]
stg_126                     (write         ) [ 000]
tmp_6                       (bitconcatenate) [ 000]
stg_128                     (write         ) [ 000]
stg_129                     (write         ) [ 000]
stg_130                     (br            ) [ 000]
stg_131                     (br            ) [ 000]
stg_132                     (br            ) [ 000]
tmp_2                       (bitconcatenate) [ 000]
stg_134                     (write         ) [ 000]
tmp_3                       (bitconcatenate) [ 000]
stg_136                     (write         ) [ 000]
stg_137                     (write         ) [ 000]
stg_138                     (br            ) [ 000]
stg_139                     (br            ) [ 000]
stg_140                     (br            ) [ 000]
tmp_1                       (bitconcatenate) [ 000]
stg_142                     (write         ) [ 000]
stg_143                     (write         ) [ 000]
stg_144                     (br            ) [ 000]
stg_145                     (br            ) [ 000]
stg_146                     (br            ) [ 000]
stg_147                     (br            ) [ 000]
stg_148                     (br            ) [ 000]
stg_149                     (ret           ) [ 000]
</LifeTime>

<model>

<comp_list>
<comp id="0" class="1000" name="demuxState">
<pin_list>
<pin id="1" dir="1" index="0" bw="1" slack="0"/>
</pin_list>
<bind>
<StgValue><ssdm name="demuxState"/></StgValue>
</bind>
</comp>

<comp id="2" class="1000" name="wordCounter_V">
<pin_list>
<pin id="3" dir="1" index="0" bw="1" slack="0"/>
</pin_list>
<bind>
<StgValue><ssdm name="wordCounter_V"/></StgValue>
</bind>
</comp>

<comp id="4" class="1000" name="valueLength_V">
<pin_list>
<pin id="5" dir="1" index="0" bw="1" slack="0"/>
</pin_list>
<bind>
<StgValue><ssdm name="valueLength_V"/></StgValue>
</bind>
</comp>

<comp id="6" class="1000" name="accCtrl2demux_V">
<pin_list>
<pin id="7" dir="1" index="0" bw="1" slack="0"/>
</pin_list>
<bind>
<StgValue><ssdm name="accCtrl2demux_V"/></StgValue>
</bind>
</comp>

<comp id="8" class="1000" name="metadataBuffer_V">
<pin_list>
<pin id="9" dir="1" index="0" bw="1" slack="0"/>
</pin_list>
<bind>
<StgValue><ssdm name="metadataBuffer_V"/></StgValue>
</bind>
</comp>

<comp id="10" class="1000" name="keyBuffer_V_V">
<pin_list>
<pin id="11" dir="1" index="0" bw="1" slack="0"/>
</pin_list>
<bind>
<StgValue><ssdm name="keyBuffer_V_V"/></StgValue>
</bind>
</comp>

<comp id="12" class="1000" name="demux2getPath_V">
<pin_list>
<pin id="13" dir="1" index="0" bw="1" slack="0"/>
</pin_list>
<bind>
<StgValue><ssdm name="demux2getPath_V"/></StgValue>
</bind>
</comp>

<comp id="14" class="1000" name="demux2setPathMetadata_V">
<pin_list>
<pin id="15" dir="1" index="0" bw="1" slack="0"/>
</pin_list>
<bind>
<StgValue><ssdm name="demux2setPathMetadata_V"/></StgValue>
</bind>
</comp>

<comp id="16" class="1000" name="demux2setPathValue_V">
<pin_list>
<pin id="17" dir="1" index="0" bw="1" slack="0"/>
</pin_list>
<bind>
<StgValue><ssdm name="demux2setPathValue_V"/></StgValue>
</bind>
</comp>

<comp id="18" class="1001" name="const_18">
<pin_list>
<pin id="19" dir="1" index="0" bw="1" slack="0"/>
</pin_list>
<bind>
<StgValue><ssdm name=""/></StgValue>
</bind>
</comp>

<comp id="20" class="1001" name="const_20">
<pin_list>
<pin id="21" dir="1" index="0" bw="1" slack="0"/>
</pin_list>
<bind>
<StgValue><ssdm name=""/></StgValue>
</bind>
</comp>

<comp id="22" class="1001" name="const_22">
<pin_list>
<pin id="23" dir="1" index="0" bw="1" slack="0"/>
</pin_list>
<bind>
<StgValue><ssdm name=""/></StgValue>
</bind>
</comp>

<comp id="24" class="1001" name="const_24">
<pin_list>
<pin id="25" dir="1" index="0" bw="1" slack="0"/>
</pin_list>
<bind>
<StgValue><ssdm name="_ssdm_op_Read.ap_fifo.volatile.i256P"/></StgValue>
</bind>
</comp>

<comp id="26" class="1001" name="const_26">
<pin_list>
<pin id="27" dir="1" index="0" bw="1" slack="0"/>
</pin_list>
<bind>
<StgValue><ssdm name="_ssdm_op_BitSelect.i1.i256.i32"/></StgValue>
</bind>
</comp>

<comp id="28" class="1001" name="const_28">
<pin_list>
<pin id="29" dir="1" index="0" bw="1" slack="0"/>
</pin_list>
<bind>
<StgValue><ssdm name=""/></StgValue>
</bind>
</comp>

<comp id="30" class="1001" name="const_30">
<pin_list>
<pin id="31" dir="1" index="0" bw="1" slack="0"/>
</pin_list>
<bind>
<StgValue><ssdm name=""/></StgValue>
</bind>
</comp>

<comp id="32" class="1001" name="const_32">
<pin_list>
<pin id="33" dir="1" index="0" bw="1" slack="0"/>
</pin_list>
<bind>
<StgValue><ssdm name=""/></StgValue>
</bind>
</comp>

<comp id="34" class="1001" name="const_34">
<pin_list>
<pin id="35" dir="1" index="0" bw="1" slack="0"/>
</pin_list>
<bind>
<StgValue><ssdm name="_ssdm_op_PartSelect.i64.i256.i32.i32"/></StgValue>
</bind>
</comp>

<comp id="36" class="1001" name="const_36">
<pin_list>
<pin id="37" dir="1" index="0" bw="1" slack="0"/>
</pin_list>
<bind>
<StgValue><ssdm name=""/></StgValue>
</bind>
</comp>

<comp id="38" class="1001" name="const_38">
<pin_list>
<pin id="39" dir="1" index="0" bw="1" slack="0"/>
</pin_list>
<bind>
<StgValue><ssdm name=""/></StgValue>
</bind>
</comp>

<comp id="40" class="1001" name="const_40">
<pin_list>
<pin id="41" dir="1" index="0" bw="1" slack="0"/>
</pin_list>
<bind>
<StgValue><ssdm name=""/></StgValue>
</bind>
</comp>

<comp id="42" class="1001" name="const_42">
<pin_list>
<pin id="43" dir="1" index="0" bw="1" slack="0"/>
</pin_list>
<bind>
<StgValue><ssdm name=""/></StgValue>
</bind>
</comp>

<comp id="44" class="1001" name="const_44">
<pin_list>
<pin id="45" dir="1" index="0" bw="1" slack="0"/>
</pin_list>
<bind>
<StgValue><ssdm name="_ssdm_op_BitSelect.i1.i2.i32"/></StgValue>
</bind>
</comp>

<comp id="46" class="1001" name="const_46">
<pin_list>
<pin id="47" dir="1" index="0" bw="1" slack="0"/>
</pin_list>
<bind>
<StgValue><ssdm name=""/></StgValue>
</bind>
</comp>

<comp id="48" class="1001" name="const_48">
<pin_list>
<pin id="49" dir="1" index="0" bw="1" slack="0"/>
</pin_list>
<bind>
<StgValue><ssdm name=""/></StgValue>
</bind>
</comp>

<comp id="50" class="1001" name="const_50">
<pin_list>
<pin id="51" dir="1" index="0" bw="1" slack="0"/>
</pin_list>
<bind>
<StgValue><ssdm name=""/></StgValue>
</bind>
</comp>

<comp id="52" class="1001" name="const_52">
<pin_list>
<pin id="53" dir="1" index="0" bw="1" slack="0"/>
</pin_list>
<bind>
<StgValue><ssdm name="_ssdm_op_NbReadReq.ap_fifo.i256P"/></StgValue>
</bind>
</comp>

<comp id="54" class="1001" name="const_54">
<pin_list>
<pin id="55" dir="1" index="0" bw="1" slack="0"/>
</pin_list>
<bind>
<StgValue><ssdm name=""/></StgValue>
</bind>
</comp>

<comp id="56" class="1001" name="const_56">
<pin_list>
<pin id="57" dir="1" index="0" bw="1" slack="0"/>
</pin_list>
<bind>
<StgValue><ssdm name=""/></StgValue>
</bind>
</comp>

<comp id="58" class="1001" name="const_58">
<pin_list>
<pin id="59" dir="1" index="0" bw="1" slack="0"/>
</pin_list>
<bind>
<StgValue><ssdm name="_ssdm_op_PartSelect.i8.i256.i32.i32"/></StgValue>
</bind>
</comp>

<comp id="60" class="1001" name="const_60">
<pin_list>
<pin id="61" dir="1" index="0" bw="1" slack="0"/>
</pin_list>
<bind>
<StgValue><ssdm name=""/></StgValue>
</bind>
</comp>

<comp id="62" class="1001" name="const_62">
<pin_list>
<pin id="63" dir="1" index="0" bw="1" slack="0"/>
</pin_list>
<bind>
<StgValue><ssdm name=""/></StgValue>
</bind>
</comp>

<comp id="64" class="1001" name="const_64">
<pin_list>
<pin id="65" dir="1" index="0" bw="1" slack="0"/>
</pin_list>
<bind>
<StgValue><ssdm name=""/></StgValue>
</bind>
</comp>

<comp id="66" class="1001" name="const_66">
<pin_list>
<pin id="67" dir="1" index="0" bw="1" slack="0"/>
</pin_list>
<bind>
<StgValue><ssdm name=""/></StgValue>
</bind>
</comp>

<comp id="68" class="1001" name="const_68">
<pin_list>
<pin id="69" dir="1" index="0" bw="1" slack="0"/>
</pin_list>
<bind>
<StgValue><ssdm name=""/></StgValue>
</bind>
</comp>

<comp id="70" class="1001" name="const_70">
<pin_list>
<pin id="71" dir="1" index="0" bw="1" slack="0"/>
</pin_list>
<bind>
<StgValue><ssdm name=""/></StgValue>
</bind>
</comp>

<comp id="72" class="1001" name="const_72">
<pin_list>
<pin id="73" dir="1" index="0" bw="1" slack="0"/>
</pin_list>
<bind>
<StgValue><ssdm name="_ssdm_op_PartSelect.i3.i256.i32.i32"/></StgValue>
</bind>
</comp>

<comp id="74" class="1001" name="const_74">
<pin_list>
<pin id="75" dir="1" index="0" bw="1" slack="0"/>
</pin_list>
<bind>
<StgValue><ssdm name="_ssdm_op_PartSelect.i32.i256.i32.i32"/></StgValue>
</bind>
</comp>

<comp id="76" class="1001" name="const_76">
<pin_list>
<pin id="77" dir="1" index="0" bw="1" slack="0"/>
</pin_list>
<bind>
<StgValue><ssdm name=""/></StgValue>
</bind>
</comp>

<comp id="78" class="1001" name="const_78">
<pin_list>
<pin id="79" dir="1" index="0" bw="1" slack="0"/>
</pin_list>
<bind>
<StgValue><ssdm name=""/></StgValue>
</bind>
</comp>

<comp id="80" class="1001" name="const_80">
<pin_list>
<pin id="81" dir="1" index="0" bw="1" slack="0"/>
</pin_list>
<bind>
<StgValue><ssdm name="_ssdm_op_PartSelect.i13.i256.i32.i32"/></StgValue>
</bind>
</comp>

<comp id="82" class="1001" name="const_82">
<pin_list>
<pin id="83" dir="1" index="0" bw="1" slack="0"/>
</pin_list>
<bind>
<StgValue><ssdm name=""/></StgValue>
</bind>
</comp>

<comp id="84" class="1001" name="const_84">
<pin_list>
<pin id="85" dir="1" index="0" bw="1" slack="0"/>
</pin_list>
<bind>
<StgValue><ssdm name=""/></StgValue>
</bind>
</comp>

<comp id="86" class="1001" name="const_86">
<pin_list>
<pin id="87" dir="1" index="0" bw="1" slack="0"/>
</pin_list>
<bind>
<StgValue><ssdm name="_ssdm_op_PartSelect.i12.i256.i32.i32"/></StgValue>
</bind>
</comp>

<comp id="88" class="1001" name="const_88">
<pin_list>
<pin id="89" dir="1" index="0" bw="1" slack="0"/>
</pin_list>
<bind>
<StgValue><ssdm name=""/></StgValue>
</bind>
</comp>

<comp id="90" class="1001" name="const_90">
<pin_list>
<pin id="91" dir="1" index="0" bw="1" slack="0"/>
</pin_list>
<bind>
<StgValue><ssdm name=""/></StgValue>
</bind>
</comp>

<comp id="92" class="1001" name="const_92">
<pin_list>
<pin id="93" dir="1" index="0" bw="1" slack="0"/>
</pin_list>
<bind>
<StgValue><ssdm name=""/></StgValue>
</bind>
</comp>

<comp id="94" class="1001" name="const_94">
<pin_list>
<pin id="95" dir="1" index="0" bw="1" slack="2147483647"/>
</pin_list>
<bind>
<StgValue><ssdm name="_ssdm_op_SpecInterface"/></StgValue>
</bind>
</comp>

<comp id="96" class="1001" name="const_96">
<pin_list>
<pin id="97" dir="1" index="0" bw="1" slack="2147483647"/>
</pin_list>
<bind>
<StgValue><ssdm name="str1530"/></StgValue>
</bind>
</comp>

<comp id="98" class="1001" name="const_98">
<pin_list>
<pin id="99" dir="1" index="0" bw="1" slack="2147483647"/>
</pin_list>
<bind>
<StgValue><ssdm name=""/></StgValue>
</bind>
</comp>

<comp id="100" class="1001" name="const_100">
<pin_list>
<pin id="101" dir="1" index="0" bw="1" slack="2147483647"/>
</pin_list>
<bind>
<StgValue><ssdm name="str1531"/></StgValue>
</bind>
</comp>

<comp id="102" class="1001" name="const_102">
<pin_list>
<pin id="103" dir="1" index="0" bw="1" slack="2147483647"/>
</pin_list>
<bind>
<StgValue><ssdm name="str1526"/></StgValue>
</bind>
</comp>

<comp id="104" class="1001" name="const_104">
<pin_list>
<pin id="105" dir="1" index="0" bw="1" slack="2147483647"/>
</pin_list>
<bind>
<StgValue><ssdm name="str1527"/></StgValue>
</bind>
</comp>

<comp id="106" class="1001" name="const_106">
<pin_list>
<pin id="107" dir="1" index="0" bw="1" slack="2147483647"/>
</pin_list>
<bind>
<StgValue><ssdm name="str1522"/></StgValue>
</bind>
</comp>

<comp id="108" class="1001" name="const_108">
<pin_list>
<pin id="109" dir="1" index="0" bw="1" slack="2147483647"/>
</pin_list>
<bind>
<StgValue><ssdm name="str1523"/></StgValue>
</bind>
</comp>

<comp id="110" class="1001" name="const_110">
<pin_list>
<pin id="111" dir="1" index="0" bw="1" slack="2147483647"/>
</pin_list>
<bind>
<StgValue><ssdm name="str1518"/></StgValue>
</bind>
</comp>

<comp id="112" class="1001" name="const_112">
<pin_list>
<pin id="113" dir="1" index="0" bw="1" slack="2147483647"/>
</pin_list>
<bind>
<StgValue><ssdm name="str1519"/></StgValue>
</bind>
</comp>

<comp id="114" class="1001" name="const_114">
<pin_list>
<pin id="115" dir="1" index="0" bw="1" slack="2147483647"/>
</pin_list>
<bind>
<StgValue><ssdm name="str1514"/></StgValue>
</bind>
</comp>

<comp id="116" class="1001" name="const_116">
<pin_list>
<pin id="117" dir="1" index="0" bw="1" slack="2147483647"/>
</pin_list>
<bind>
<StgValue><ssdm name="str1515"/></StgValue>
</bind>
</comp>

<comp id="118" class="1001" name="const_118">
<pin_list>
<pin id="119" dir="1" index="0" bw="1" slack="2147483647"/>
</pin_list>
<bind>
<StgValue><ssdm name="str1510"/></StgValue>
</bind>
</comp>

<comp id="120" class="1001" name="const_120">
<pin_list>
<pin id="121" dir="1" index="0" bw="1" slack="2147483647"/>
</pin_list>
<bind>
<StgValue><ssdm name="str1511"/></StgValue>
</bind>
</comp>

<comp id="122" class="1001" name="const_122">
<pin_list>
<pin id="123" dir="1" index="0" bw="1" slack="2147483647"/>
</pin_list>
<bind>
<StgValue><ssdm name="str1506"/></StgValue>
</bind>
</comp>

<comp id="124" class="1001" name="const_124">
<pin_list>
<pin id="125" dir="1" index="0" bw="1" slack="2147483647"/>
</pin_list>
<bind>
<StgValue><ssdm name="str1507"/></StgValue>
</bind>
</comp>

<comp id="126" class="1001" name="const_126">
<pin_list>
<pin id="127" dir="1" index="0" bw="1" slack="2147483647"/>
</pin_list>
<bind>
<StgValue><ssdm name="str1494"/></StgValue>
</bind>
</comp>

<comp id="128" class="1001" name="const_128">
<pin_list>
<pin id="129" dir="1" index="0" bw="1" slack="2147483647"/>
</pin_list>
<bind>
<StgValue><ssdm name="str1495"/></StgValue>
</bind>
</comp>

<comp id="130" class="1001" name="const_130">
<pin_list>
<pin id="131" dir="1" index="0" bw="1" slack="2147483647"/>
</pin_list>
<bind>
<StgValue><ssdm name="str1490"/></StgValue>
</bind>
</comp>

<comp id="132" class="1001" name="const_132">
<pin_list>
<pin id="133" dir="1" index="0" bw="1" slack="2147483647"/>
</pin_list>
<bind>
<StgValue><ssdm name="str1491"/></StgValue>
</bind>
</comp>

<comp id="134" class="1001" name="const_134">
<pin_list>
<pin id="135" dir="1" index="0" bw="1" slack="2147483647"/>
</pin_list>
<bind>
<StgValue><ssdm name="str1486"/></StgValue>
</bind>
</comp>

<comp id="136" class="1001" name="const_136">
<pin_list>
<pin id="137" dir="1" index="0" bw="1" slack="2147483647"/>
</pin_list>
<bind>
<StgValue><ssdm name="str1487"/></StgValue>
</bind>
</comp>

<comp id="138" class="1001" name="const_138">
<pin_list>
<pin id="139" dir="1" index="0" bw="1" slack="2147483647"/>
</pin_list>
<bind>
<StgValue><ssdm name="str1482"/></StgValue>
</bind>
</comp>

<comp id="140" class="1001" name="const_140">
<pin_list>
<pin id="141" dir="1" index="0" bw="1" slack="2147483647"/>
</pin_list>
<bind>
<StgValue><ssdm name="str1483"/></StgValue>
</bind>
</comp>

<comp id="142" class="1001" name="const_142">
<pin_list>
<pin id="143" dir="1" index="0" bw="1" slack="2147483647"/>
</pin_list>
<bind>
<StgValue><ssdm name="str1478"/></StgValue>
</bind>
</comp>

<comp id="144" class="1001" name="const_144">
<pin_list>
<pin id="145" dir="1" index="0" bw="1" slack="2147483647"/>
</pin_list>
<bind>
<StgValue><ssdm name="str1479"/></StgValue>
</bind>
</comp>

<comp id="146" class="1001" name="const_146">
<pin_list>
<pin id="147" dir="1" index="0" bw="1" slack="2147483647"/>
</pin_list>
<bind>
<StgValue><ssdm name="str1474"/></StgValue>
</bind>
</comp>

<comp id="148" class="1001" name="const_148">
<pin_list>
<pin id="149" dir="1" index="0" bw="1" slack="2147483647"/>
</pin_list>
<bind>
<StgValue><ssdm name="str1475"/></StgValue>
</bind>
</comp>

<comp id="150" class="1001" name="const_150">
<pin_list>
<pin id="151" dir="1" index="0" bw="1" slack="2147483647"/>
</pin_list>
<bind>
<StgValue><ssdm name="str1470"/></StgValue>
</bind>
</comp>

<comp id="152" class="1001" name="const_152">
<pin_list>
<pin id="153" dir="1" index="0" bw="1" slack="2147483647"/>
</pin_list>
<bind>
<StgValue><ssdm name="str1471"/></StgValue>
</bind>
</comp>

<comp id="154" class="1001" name="const_154">
<pin_list>
<pin id="155" dir="1" index="0" bw="1" slack="2147483647"/>
</pin_list>
<bind>
<StgValue><ssdm name="str1466"/></StgValue>
</bind>
</comp>

<comp id="156" class="1001" name="const_156">
<pin_list>
<pin id="157" dir="1" index="0" bw="1" slack="2147483647"/>
</pin_list>
<bind>
<StgValue><ssdm name="str1467"/></StgValue>
</bind>
</comp>

<comp id="158" class="1001" name="const_158">
<pin_list>
<pin id="159" dir="1" index="0" bw="1" slack="2147483647"/>
</pin_list>
<bind>
<StgValue><ssdm name="str1462"/></StgValue>
</bind>
</comp>

<comp id="160" class="1001" name="const_160">
<pin_list>
<pin id="161" dir="1" index="0" bw="1" slack="2147483647"/>
</pin_list>
<bind>
<StgValue><ssdm name="str1463"/></StgValue>
</bind>
</comp>

<comp id="162" class="1001" name="const_162">
<pin_list>
<pin id="163" dir="1" index="0" bw="1" slack="2147483647"/>
</pin_list>
<bind>
<StgValue><ssdm name="str1458"/></StgValue>
</bind>
</comp>

<comp id="164" class="1001" name="const_164">
<pin_list>
<pin id="165" dir="1" index="0" bw="1" slack="2147483647"/>
</pin_list>
<bind>
<StgValue><ssdm name="str1459"/></StgValue>
</bind>
</comp>

<comp id="166" class="1001" name="const_166">
<pin_list>
<pin id="167" dir="1" index="0" bw="1" slack="2147483647"/>
</pin_list>
<bind>
<StgValue><ssdm name="str1450"/></StgValue>
</bind>
</comp>

<comp id="168" class="1001" name="const_168">
<pin_list>
<pin id="169" dir="1" index="0" bw="1" slack="2147483647"/>
</pin_list>
<bind>
<StgValue><ssdm name="str1451"/></StgValue>
</bind>
</comp>

<comp id="170" class="1001" name="const_170">
<pin_list>
<pin id="171" dir="1" index="0" bw="1" slack="2147483647"/>
</pin_list>
<bind>
<StgValue><ssdm name="str1446"/></StgValue>
</bind>
</comp>

<comp id="172" class="1001" name="const_172">
<pin_list>
<pin id="173" dir="1" index="0" bw="1" slack="2147483647"/>
</pin_list>
<bind>
<StgValue><ssdm name="str1447"/></StgValue>
</bind>
</comp>

<comp id="174" class="1001" name="const_174">
<pin_list>
<pin id="175" dir="1" index="0" bw="1" slack="2147483647"/>
</pin_list>
<bind>
<StgValue><ssdm name="str1442"/></StgValue>
</bind>
</comp>

<comp id="176" class="1001" name="const_176">
<pin_list>
<pin id="177" dir="1" index="0" bw="1" slack="2147483647"/>
</pin_list>
<bind>
<StgValue><ssdm name="str1443"/></StgValue>
</bind>
</comp>

<comp id="178" class="1001" name="const_178">
<pin_list>
<pin id="179" dir="1" index="0" bw="1" slack="2147483647"/>
</pin_list>
<bind>
<StgValue><ssdm name="p_str127"/></StgValue>
</bind>
</comp>

<comp id="180" class="1001" name="const_180">
<pin_list>
<pin id="181" dir="1" index="0" bw="1" slack="2147483647"/>
</pin_list>
<bind>
<StgValue><ssdm name="p_str1128"/></StgValue>
</bind>
</comp>

<comp id="182" class="1001" name="const_182">
<pin_list>
<pin id="183" dir="1" index="0" bw="1" slack="2147483647"/>
</pin_list>
<bind>
<StgValue><ssdm name="_ssdm_op_SpecPipeline"/></StgValue>
</bind>
</comp>

<comp id="184" class="1001" name="const_184">
<pin_list>
<pin id="185" dir="1" index="0" bw="1" slack="2147483647"/>
</pin_list>
<bind>
<StgValue><ssdm name=""/></StgValue>
</bind>
</comp>

<comp id="186" class="1001" name="const_186">
<pin_list>
<pin id="187" dir="1" index="0" bw="1" slack="0"/>
</pin_list>
<bind>
<StgValue><ssdm name="_ssdm_op_Write.ap_fifo.volatile.i128P"/></StgValue>
</bind>
</comp>

<comp id="188" class="1001" name="const_188">
<pin_list>
<pin id="189" dir="1" index="0" bw="1" slack="0"/>
</pin_list>
<bind>
<StgValue><ssdm name="_ssdm_op_Write.ap_fifo.volatile.i64P"/></StgValue>
</bind>
</comp>

<comp id="190" class="1001" name="const_190">
<pin_list>
<pin id="191" dir="1" index="0" bw="1" slack="0"/>
</pin_list>
<bind>
<StgValue><ssdm name=""/></StgValue>
</bind>
</comp>

<comp id="192" class="1001" name="const_192">
<pin_list>
<pin id="193" dir="1" index="0" bw="1" slack="0"/>
</pin_list>
<bind>
<StgValue><ssdm name=""/></StgValue>
</bind>
</comp>

<comp id="194" class="1001" name="const_194">
<pin_list>
<pin id="195" dir="1" index="0" bw="1" slack="0"/>
</pin_list>
<bind>
<StgValue><ssdm name="_ssdm_op_BitConcatenate.i66.i1.i1.i64"/></StgValue>
</bind>
</comp>

<comp id="196" class="1001" name="const_196">
<pin_list>
<pin id="197" dir="1" index="0" bw="1" slack="0"/>
</pin_list>
<bind>
<StgValue><ssdm name="_ssdm_op_Write.ap_fifo.volatile.i66P"/></StgValue>
</bind>
</comp>

<comp id="198" class="1001" name="const_198">
<pin_list>
<pin id="199" dir="1" index="0" bw="1" slack="0"/>
</pin_list>
<bind>
<StgValue><ssdm name="_ssdm_op_BitConcatenate.i128.i3.i1.i124"/></StgValue>
</bind>
</comp>

<comp id="200" class="1001" name="const_200">
<pin_list>
<pin id="201" dir="1" index="0" bw="1" slack="0"/>
</pin_list>
<bind>
<StgValue><ssdm name="_ssdm_op_BitConcatenate.i45.i13.i32"/></StgValue>
</bind>
</comp>

<comp id="202" class="1001" name="const_202">
<pin_list>
<pin id="203" dir="1" index="0" bw="1" slack="0"/>
</pin_list>
<bind>
<StgValue><ssdm name="_ssdm_op_Write.ap_fifo.volatile.i45P"/></StgValue>
</bind>
</comp>

<comp id="204" class="1004" name="grp_read_fu_204">
<pin_list>
<pin id="205" dir="0" index="0" bw="256" slack="0"/>
<pin id="206" dir="0" index="1" bw="256" slack="0"/>
<pin id="207" dir="1" index="2" bw="256" slack="0"/>
</pin_list>
<bind>
<opcode="read(1150) " fcode="read"/>
<opset="tmp_9/1 tmp_7/1 tmp272/1 "/>
</bind>
</comp>

<comp id="210" class="1004" name="grp_nbreadreq_fu_210">
<pin_list>
<pin id="211" dir="0" index="0" bw="1" slack="0"/>
<pin id="212" dir="0" index="1" bw="256" slack="0"/>
<pin id="213" dir="0" index="2" bw="1" slack="0"/>
<pin id="214" dir="1" index="3" bw="1" slack="1"/>
</pin_list>
<bind>
<opcode="nbreadreq(1156) " fcode="nbreadreq"/>
<opset="tmp_27/1 tmp/1 "/>
</bind>
</comp>

<comp id="218" class="1004" name="grp_write_fu_218">
<pin_list>
<pin id="219" dir="0" index="0" bw="0" slack="0"/>
<pin id="220" dir="0" index="1" bw="128" slack="0"/>
<pin id="221" dir="0" index="2" bw="128" slack="0"/>
<pin id="222" dir="1" index="3" bw="0" slack="2147483647"/>
</pin_list>
<bind>
<opcode="write(1151) " fcode="write"/>
<opset="stg_106/2 stg_116/2 stg_124/2 stg_134/2 stg_142/2 "/>
</bind>
</comp>

<comp id="225" class="1004" name="grp_write_fu_225">
<pin_list>
<pin id="226" dir="0" index="0" bw="0" slack="0"/>
<pin id="227" dir="0" index="1" bw="64" slack="0"/>
<pin id="228" dir="0" index="2" bw="64" slack="1"/>
<pin id="229" dir="1" index="3" bw="0" slack="2147483647"/>
</pin_list>
<bind>
<opcode="write(1151) " fcode="write"/>
<opset="stg_108/2 stg_118/2 stg_129/2 stg_137/2 stg_143/2 "/>
</bind>
</comp>

<comp id="232" class="1004" name="grp_write_fu_232">
<pin_list>
<pin id="233" dir="0" index="0" bw="0" slack="0"/>
<pin id="234" dir="0" index="1" bw="66" slack="0"/>
<pin id="235" dir="0" index="2" bw="66" slack="0"/>
<pin id="236" dir="1" index="3" bw="0" slack="2147483647"/>
</pin_list>
<bind>
<opcode="write(1151) " fcode="write"/>
<opset="stg_112/2 stg_128/2 "/>
</bind>
</comp>

<comp id="239" class="1004" name="stg_126_write_fu_239">
<pin_list>
<pin id="240" dir="0" index="0" bw="0" slack="0"/>
<pin id="241" dir="0" index="1" bw="45" slack="0"/>
<pin id="242" dir="0" index="2" bw="45" slack="0"/>
<pin id="243" dir="1" index="3" bw="0" slack="2147483647"/>
</pin_list>
<bind>
<opcode="write(1151) " fcode="write"/>
<opset="stg_126/2 "/>
</bind>
</comp>

<comp id="246" class="1004" name="stg_136_write_fu_246">
<pin_list>
<pin id="247" dir="0" index="0" bw="0" slack="0"/>
<pin id="248" dir="0" index="1" bw="45" slack="0"/>
<pin id="249" dir="0" index="2" bw="45" slack="0"/>
<pin id="250" dir="1" index="3" bw="0" slack="2147483647"/>
</pin_list>
<bind>
<opcode="write(1151) " fcode="write"/>
<opset="stg_136/2 "/>
</bind>
</comp>

<comp id="253" class="1005" name="tmp_EOP_V_11_reg_253">
<pin_list>
<pin id="254" dir="0" index="0" bw="1" slack="1"/>
<pin id="255" dir="1" index="1" bw="1" slack="1"/>
</pin_list>
<bind>
<opset="tmp_EOP_V_11 (phireg) "/>
</bind>
</comp>

<comp id="258" class="1004" name="tmp_EOP_V_11_phi_fu_258">
<pin_list>
<pin id="259" dir="0" index="0" bw="1" slack="1"/>
<pin id="260" dir="0" index="1" bw="0" slack="2147483647"/>
<pin id="261" dir="0" index="2" bw="1" slack="1"/>
<pin id="262" dir="0" index="3" bw="0" slack="2147483647"/>
<pin id="263" dir="1" index="4" bw="1" slack="0"/>
</pin_list>
<bind>
<opcode="phi(47) " fcode="phi"/>
<opset="tmp_EOP_V_11/2 "/>
</bind>
</comp>

<comp id="267" class="1004" name="grp_fu_267">
<pin_list>
<pin id="268" dir="0" index="0" bw="1" slack="0"/>
<pin id="269" dir="0" index="1" bw="256" slack="0"/>
<pin id="270" dir="0" index="2" bw="8" slack="0"/>
<pin id="271" dir="1" index="3" bw="1" slack="1"/>
</pin_list>
<bind>
<opcode="bitselect(1000) " fcode="bitselect"/>
<opset="metadataWrWord_keyValid_V_6/1 metadataWrWord_keyValid_V_5/1 metadataWrWord_keyValid_V/1 "/>
</bind>
</comp>

<comp id="275" class="1004" name="grp_fu_275">
<pin_list>
<pin id="276" dir="0" index="0" bw="1" slack="0"/>
<pin id="277" dir="0" index="1" bw="256" slack="0"/>
<pin id="278" dir="0" index="2" bw="8" slack="0"/>
<pin id="279" dir="1" index="3" bw="1" slack="1"/>
</pin_list>
<bind>
<opcode="bitselect(1000) " fcode="bitselect"/>
<opset="metadataWrWord_EOP_V_4/1 metadataWrWord_EOP_V/1 "/>
</bind>
</comp>

<comp id="283" class="1004" name="grp_fu_283">
<pin_list>
<pin id="284" dir="0" index="0" bw="64" slack="0"/>
<pin id="285" dir="0" index="1" bw="256" slack="0"/>
<pin id="286" dir="0" index="2" bw="9" slack="0"/>
<pin id="287" dir="0" index="3" bw="9" slack="0"/>
<pin id="288" dir="1" index="4" bw="64" slack="1"/>
</pin_list>
<bind>
<opcode="partselect(1002) " fcode="partselect"/>
<opset="setData_data_V_4/1 setData_data_V/1 "/>
</bind>
</comp>

<comp id="293" class="1004" name="grp_fu_293">
<pin_list>
<pin id="294" dir="0" index="0" bw="64" slack="0"/>
<pin id="295" dir="0" index="1" bw="256" slack="0"/>
<pin id="296" dir="0" index="2" bw="9" slack="0"/>
<pin id="297" dir="0" index="3" bw="9" slack="0"/>
<pin id="298" dir="1" index="4" bw="64" slack="1"/>
</pin_list>
<bind>
<opcode="partselect(1002) " fcode="partselect"/>
<opset="tmp_V/1 tmp_V_17/1 tmp_V_18/1 "/>
</bind>
</comp>

<comp id="303" class="1004" name="grp_fu_303">
<pin_list>
<pin id="304" dir="0" index="0" bw="1" slack="0"/>
<pin id="305" dir="0" index="1" bw="2" slack="0"/>
<pin id="306" dir="0" index="2" bw="1" slack="0"/>
<pin id="307" dir="1" index="3" bw="1" slack="1"/>
</pin_list>
<bind>
<opcode="bitselect(1000) " fcode="bitselect"/>
<opset="tmp_86/1 tmp_92/1 "/>
</bind>
</comp>

<comp id="310" class="1004" name="grp_fu_310">
<pin_list>
<pin id="311" dir="0" index="0" bw="1" slack="0"/>
<pin id="312" dir="0" index="1" bw="2" slack="0"/>
<pin id="313" dir="1" index="2" bw="2" slack="0"/>
</pin_list>
<bind>
<opcode="add(8) " fcode="add"/>
<opset="tmp_s/1 tmp_58/1 "/>
</bind>
</comp>

<comp id="315" class="1004" name="grp_store_fu_315">
<pin_list>
<pin id="316" dir="0" index="0" bw="2" slack="0"/>
<pin id="317" dir="0" index="1" bw="2" slack="0"/>
<pin id="318" dir="1" index="2" bw="0" slack="2147483647"/>
</pin_list>
<bind>
<opcode="store(28) " fcode="store"/>
<opset="stg_17/1 stg_37/1 "/>
</bind>
</comp>

<comp id="321" class="1004" name="grp_store_fu_321">
<pin_list>
<pin id="322" dir="0" index="0" bw="1" slack="0"/>
<pin id="323" dir="0" index="1" bw="2" slack="0"/>
<pin id="324" dir="1" index="2" bw="0" slack="2147483647"/>
</pin_list>
<bind>
<opcode="store(28) " fcode="store"/>
<opset="stg_26/1 stg_40/1 "/>
</bind>
</comp>

<comp id="327" class="1004" name="grp_fu_327">
<pin_list>
<pin id="328" dir="0" index="0" bw="3" slack="0"/>
<pin id="329" dir="0" index="1" bw="256" slack="0"/>
<pin id="330" dir="0" index="2" bw="8" slack="0"/>
<pin id="331" dir="0" index="3" bw="8" slack="0"/>
<pin id="332" dir="1" index="4" bw="3" slack="1"/>
</pin_list>
<bind>
<opcode="partselect(1002) " fcode="partselect"/>
<opset="tmp_34/1 tmp_33/1 tmp_32/1 "/>
</bind>
</comp>

<comp id="337" class="1004" name="grp_fu_337">
<pin_list>
<pin id="338" dir="0" index="0" bw="32" slack="0"/>
<pin id="339" dir="0" index="1" bw="256" slack="0"/>
<pin id="340" dir="0" index="2" bw="8" slack="0"/>
<pin id="341" dir="0" index="3" bw="8" slack="0"/>
<pin id="342" dir="1" index="4" bw="32" slack="1"/>
</pin_list>
<bind>
<opcode="partselect(1002) " fcode="partselect"/>
<opset="setMd_address_V/1 getMd_address_V/1 "/>
</bind>
</comp>

<comp id="347" class="1004" name="grp_fu_347">
<pin_list>
<pin id="348" dir="0" index="0" bw="13" slack="0"/>
<pin id="349" dir="0" index="1" bw="256" slack="0"/>
<pin id="350" dir="0" index="2" bw="5" slack="0"/>
<pin id="351" dir="0" index="3" bw="6" slack="0"/>
<pin id="352" dir="1" index="4" bw="13" slack="1"/>
</pin_list>
<bind>
<opcode="partselect(1002) " fcode="partselect"/>
<opset="setMd_length_V/1 getMd_length_V/1 "/>
</bind>
</comp>

<comp id="357" class="1004" name="grp_store_fu_357">
<pin_list>
<pin id="358" dir="0" index="0" bw="2" slack="0"/>
<pin id="359" dir="0" index="1" bw="2" slack="0"/>
<pin id="360" dir="1" index="2" bw="0" slack="2147483647"/>
</pin_list>
<bind>
<opcode="store(28) " fcode="store"/>
<opset="stg_77/1 stg_83/1 "/>
</bind>
</comp>

<comp id="363" class="1005" name="reg_363">
<pin_list>
<pin id="364" dir="0" index="0" bw="64" slack="1"/>
<pin id="365" dir="1" index="1" bw="64" slack="1"/>
</pin_list>
<bind>
<opset="setData_data_V_4 setData_data_V "/>
</bind>
</comp>

<comp id="367" class="1005" name="reg_367">
<pin_list>
<pin id="368" dir="0" index="0" bw="64" slack="1"/>
<pin id="369" dir="1" index="1" bw="64" slack="1"/>
</pin_list>
<bind>
<opset="tmp_V tmp_V_17 tmp_V_18 "/>
</bind>
</comp>

<comp id="372" class="1005" name="reg_372">
<pin_list>
<pin id="373" dir="0" index="0" bw="3" slack="1"/>
<pin id="374" dir="1" index="1" bw="3" slack="1"/>
</pin_list>
<bind>
<opset="tmp_34 tmp_33 tmp_32 "/>
</bind>
</comp>

<comp id="376" class="1005" name="reg_376">
<pin_list>
<pin id="377" dir="0" index="0" bw="32" slack="1"/>
<pin id="378" dir="1" index="1" bw="32" slack="1"/>
</pin_list>
<bind>
<opset="setMd_address_V getMd_address_V "/>
</bind>
</comp>

<comp id="380" class="1005" name="reg_380">
<pin_list>
<pin id="381" dir="0" index="0" bw="13" slack="1"/>
<pin id="382" dir="1" index="1" bw="13" slack="1"/>
</pin_list>
<bind>
<opset="setMd_length_V getMd_length_V "/>
</bind>
</comp>

<comp id="384" class="1004" name="demuxState_load_load_fu_384">
<pin_list>
<pin id="385" dir="0" index="0" bw="2" slack="0"/>
<pin id="386" dir="1" index="1" bw="2" slack="1"/>
</pin_list>
<bind>
<opcode="load(27) " fcode="load"/>
<opset="demuxState_load/1 "/>
</bind>
</comp>

<comp id="388" class="1004" name="wordCounter_V_load_load_fu_388">
<pin_list>
<pin id="389" dir="0" index="0" bw="2" slack="0"/>
<pin id="390" dir="1" index="1" bw="2" slack="0"/>
</pin_list>
<bind>
<opcode="load(27) " fcode="load"/>
<opset="wordCounter_V_load/1 "/>
</bind>
</comp>

<comp id="394" class="1004" name="valueLength_V_load_load_fu_394">
<pin_list>
<pin id="395" dir="0" index="0" bw="16" slack="0"/>
<pin id="396" dir="1" index="1" bw="16" slack="0"/>
</pin_list>
<bind>
<opcode="load(27) " fcode="load"/>
<opset="valueLength_V_load/1 "/>
</bind>
</comp>

<comp id="398" class="1004" name="metadataWrWord_valueValid_V_fu_398">
<pin_list>
<pin id="399" dir="0" index="0" bw="1" slack="0"/>
<pin id="400" dir="0" index="1" bw="256" slack="0"/>
<pin id="401" dir="0" index="2" bw="8" slack="0"/>
<pin id="402" dir="1" index="3" bw="1" slack="1"/>
</pin_list>
<bind>
<opcode="bitselect(1000) " fcode="bitselect"/>
<opset="metadataWrWord_valueValid_V/1 "/>
</bind>
</comp>

<comp id="406" class="1004" name="tmp_10_fu_406">
<pin_list>
<pin id="407" dir="0" index="0" bw="256" slack="0"/>
<pin id="408" dir="1" index="1" bw="128" slack="1"/>
</pin_list>
<bind>
<opcode="trunc(33) " fcode="trunc"/>
<opset="tmp_10/1 "/>
</bind>
</comp>

<comp id="410" class="1004" name="tmp_59_fu_410">
<pin_list>
<pin id="411" dir="0" index="0" bw="16" slack="0"/>
<pin id="412" dir="0" index="1" bw="5" slack="0"/>
<pin id="413" dir="1" index="2" bw="1" slack="2147483647"/>
</pin_list>
<bind>
<opcode="icmp(45) " fcode="icmp"/>
<opset="tmp_59/1 "/>
</bind>
</comp>

<comp id="416" class="1004" name="tmp_61_fu_416">
<pin_list>
<pin id="417" dir="0" index="0" bw="16" slack="0"/>
<pin id="418" dir="0" index="1" bw="4" slack="0"/>
<pin id="419" dir="1" index="2" bw="16" slack="0"/>
</pin_list>
<bind>
<opcode="add(8) " fcode="add"/>
<opset="tmp_61/1 "/>
</bind>
</comp>

<comp id="422" class="1004" name="stg_22_store_fu_422">
<pin_list>
<pin id="423" dir="0" index="0" bw="16" slack="0"/>
<pin id="424" dir="0" index="1" bw="16" slack="0"/>
<pin id="425" dir="1" index="2" bw="0" slack="2147483647"/>
</pin_list>
<bind>
<opcode="store(28) " fcode="store"/>
<opset="stg_22/1 "/>
</bind>
</comp>

<comp id="428" class="1004" name="tmp_8_fu_428">
<pin_list>
<pin id="429" dir="0" index="0" bw="256" slack="0"/>
<pin id="430" dir="1" index="1" bw="128" slack="1"/>
</pin_list>
<bind>
<opcode="trunc(33) " fcode="trunc"/>
<opset="tmp_8/1 "/>
</bind>
</comp>

<comp id="432" class="1004" name="p_Val2_s_fu_432">
<pin_list>
<pin id="433" dir="0" index="0" bw="256" slack="0"/>
<pin id="434" dir="1" index="1" bw="124" slack="1"/>
</pin_list>
<bind>
<opcode="trunc(33) " fcode="trunc"/>
<opset="p_Val2_s/1 "/>
</bind>
</comp>

<comp id="436" class="1004" name="metadataWrWord_SOP_V_fu_436">
<pin_list>
<pin id="437" dir="0" index="0" bw="1" slack="0"/>
<pin id="438" dir="0" index="1" bw="256" slack="0"/>
<pin id="439" dir="0" index="2" bw="8" slack="0"/>
<pin id="440" dir="1" index="3" bw="1" slack="1"/>
</pin_list>
<bind>
<opcode="bitselect(1000) " fcode="bitselect"/>
<opset="metadataWrWord_SOP_V/1 "/>
</bind>
</comp>

<comp id="444" class="1004" name="stg_50_store_fu_444">
<pin_list>
<pin id="445" dir="0" index="0" bw="1" slack="0"/>
<pin id="446" dir="0" index="1" bw="2" slack="0"/>
<pin id="447" dir="1" index="2" bw="0" slack="2147483647"/>
</pin_list>
<bind>
<opcode="store(28) " fcode="store"/>
<opset="stg_50/1 "/>
</bind>
</comp>

<comp id="450" class="1004" name="tmp_94_fu_450">
<pin_list>
<pin id="451" dir="0" index="0" bw="1" slack="0"/>
<pin id="452" dir="0" index="1" bw="256" slack="0"/>
<pin id="453" dir="0" index="2" bw="8" slack="0"/>
<pin id="454" dir="1" index="3" bw="1" slack="1"/>
</pin_list>
<bind>
<opcode="bitselect(1000) " fcode="bitselect"/>
<opset="tmp_94/1 "/>
</bind>
</comp>

<comp id="458" class="1004" name="p_Result_s_fu_458">
<pin_list>
<pin id="459" dir="0" index="0" bw="8" slack="0"/>
<pin id="460" dir="0" index="1" bw="256" slack="0"/>
<pin id="461" dir="0" index="2" bw="8" slack="0"/>
<pin id="462" dir="0" index="3" bw="8" slack="0"/>
<pin id="463" dir="1" index="4" bw="8" slack="0"/>
</pin_list>
<bind>
<opcode="partselect(1002) " fcode="partselect"/>
<opset="p_Result_s/1 "/>
</bind>
</comp>

<comp id="468" class="1004" name="tmp_96_fu_468">
<pin_list>
<pin id="469" dir="0" index="0" bw="8" slack="0"/>
<pin id="470" dir="0" index="1" bw="5" slack="0"/>
<pin id="471" dir="1" index="2" bw="1" slack="0"/>
</pin_list>
<bind>
<opcode="icmp(45) " fcode="icmp"/>
<opset="tmp_96/1 "/>
</bind>
</comp>

<comp id="474" class="1004" name="tmp_97_fu_474">
<pin_list>
<pin id="475" dir="0" index="0" bw="8" slack="0"/>
<pin id="476" dir="0" index="1" bw="4" slack="0"/>
<pin id="477" dir="1" index="2" bw="1" slack="0"/>
</pin_list>
<bind>
<opcode="icmp(45) " fcode="icmp"/>
<opset="tmp_97/1 "/>
</bind>
</comp>

<comp id="480" class="1004" name="tmp_98_fu_480">
<pin_list>
<pin id="481" dir="0" index="0" bw="1" slack="0"/>
<pin id="482" dir="0" index="1" bw="1" slack="0"/>
<pin id="483" dir="1" index="2" bw="1" slack="1"/>
</pin_list>
<bind>
<opcode="or(24) " fcode="or"/>
<opset="tmp_98/1 "/>
</bind>
</comp>

<comp id="486" class="1004" name="tmp_60_fu_486">
<pin_list>
<pin id="487" dir="0" index="0" bw="8" slack="0"/>
<pin id="488" dir="0" index="1" bw="1" slack="0"/>
<pin id="489" dir="1" index="2" bw="1" slack="1"/>
</pin_list>
<bind>
<opcode="icmp(45) " fcode="icmp"/>
<opset="tmp_60/1 "/>
</bind>
</comp>

<comp id="492" class="1004" name="tmp_63_fu_492">
<pin_list>
<pin id="493" dir="0" index="0" bw="8" slack="0"/>
<pin id="494" dir="0" index="1" bw="1" slack="0"/>
<pin id="495" dir="1" index="2" bw="1" slack="1"/>
</pin_list>
<bind>
<opcode="icmp(45) " fcode="icmp"/>
<opset="tmp_63/1 "/>
</bind>
</comp>

<comp id="498" class="1004" name="p_Result_1_fu_498">
<pin_list>
<pin id="499" dir="0" index="0" bw="12" slack="0"/>
<pin id="500" dir="0" index="1" bw="256" slack="0"/>
<pin id="501" dir="0" index="2" bw="5" slack="0"/>
<pin id="502" dir="0" index="3" bw="6" slack="0"/>
<pin id="503" dir="1" index="4" bw="12" slack="0"/>
</pin_list>
<bind>
<opcode="partselect(1002) " fcode="partselect"/>
<opset="p_Result_1/1 "/>
</bind>
</comp>

<comp id="508" class="1004" name="tmp_EOP_V_1_fu_508">
<pin_list>
<pin id="509" dir="0" index="0" bw="12" slack="0"/>
<pin id="510" dir="0" index="1" bw="5" slack="0"/>
<pin id="511" dir="1" index="2" bw="1" slack="0"/>
</pin_list>
<bind>
<opcode="icmp(45) " fcode="icmp"/>
<opset="tmp_EOP_V_1/1 "/>
</bind>
</comp>

<comp id="514" class="1004" name="tmp_64_fu_514">
<pin_list>
<pin id="515" dir="0" index="0" bw="12" slack="0"/>
<pin id="516" dir="0" index="1" bw="4" slack="0"/>
<pin id="517" dir="1" index="2" bw="12" slack="0"/>
</pin_list>
<bind>
<opcode="add(8) " fcode="add"/>
<opset="tmp_64/1 "/>
</bind>
</comp>

<comp id="520" class="1004" name="storemerge_fu_520">
<pin_list>
<pin id="521" dir="0" index="0" bw="1" slack="0"/>
<pin id="522" dir="0" index="1" bw="12" slack="0"/>
<pin id="523" dir="0" index="2" bw="12" slack="0"/>
<pin id="524" dir="1" index="3" bw="12" slack="0"/>
</pin_list>
<bind>
<opcode="select(49) " fcode="select"/>
<opset="storemerge/1 "/>
</bind>
</comp>

<comp id="528" class="1004" name="storemerge_cast_fu_528">
<pin_list>
<pin id="529" dir="0" index="0" bw="12" slack="0"/>
<pin id="530" dir="1" index="1" bw="16" slack="0"/>
</pin_list>
<bind>
<opcode="zext(34) " fcode="zext"/>
<opset="storemerge_cast/1 "/>
</bind>
</comp>

<comp id="532" class="1004" name="stg_70_store_fu_532">
<pin_list>
<pin id="533" dir="0" index="0" bw="12" slack="0"/>
<pin id="534" dir="0" index="1" bw="16" slack="0"/>
<pin id="535" dir="1" index="2" bw="0" slack="2147483647"/>
</pin_list>
<bind>
<opcode="store(28) " fcode="store"/>
<opset="stg_70/1 "/>
</bind>
</comp>

<comp id="538" class="1004" name="stg_72_store_fu_538">
<pin_list>
<pin id="539" dir="0" index="0" bw="1" slack="0"/>
<pin id="540" dir="0" index="1" bw="2" slack="0"/>
<pin id="541" dir="1" index="2" bw="0" slack="2147483647"/>
</pin_list>
<bind>
<opcode="store(28) " fcode="store"/>
<opset="stg_72/1 "/>
</bind>
</comp>

<comp id="544" class="1004" name="p_Result_9_fu_544">
<pin_list>
<pin id="545" dir="0" index="0" bw="8" slack="0"/>
<pin id="546" dir="0" index="1" bw="256" slack="0"/>
<pin id="547" dir="0" index="2" bw="8" slack="0"/>
<pin id="548" dir="0" index="3" bw="8" slack="0"/>
<pin id="549" dir="1" index="4" bw="8" slack="0"/>
</pin_list>
<bind>
<opcode="partselect(1002) " fcode="partselect"/>
<opset="p_Result_9/1 "/>
</bind>
</comp>

<comp id="554" class="1004" name="tmp_62_fu_554">
<pin_list>
<pin id="555" dir="0" index="0" bw="8" slack="0"/>
<pin id="556" dir="0" index="1" bw="5" slack="0"/>
<pin id="557" dir="1" index="2" bw="1" slack="1"/>
</pin_list>
<bind>
<opcode="icmp(45) " fcode="icmp"/>
<opset="tmp_62/1 "/>
</bind>
</comp>

<comp id="560" class="1004" name="tmp_11_fu_560">
<pin_list>
<pin id="561" dir="0" index="0" bw="66" slack="0"/>
<pin id="562" dir="0" index="1" bw="1" slack="0"/>
<pin id="563" dir="0" index="2" bw="1" slack="0"/>
<pin id="564" dir="0" index="3" bw="64" slack="1"/>
<pin id="565" dir="1" index="4" bw="66" slack="0"/>
</pin_list>
<bind>
<opcode="bitconcatenate(1004) " fcode="bitconcatenate"/>
<opset="tmp_11/2 "/>
</bind>
</comp>

<comp id="571" class="1004" name="tmp_4_fu_571">
<pin_list>
<pin id="572" dir="0" index="0" bw="128" slack="0"/>
<pin id="573" dir="0" index="1" bw="3" slack="1"/>
<pin id="574" dir="0" index="2" bw="1" slack="0"/>
<pin id="575" dir="0" index="3" bw="124" slack="1"/>
<pin id="576" dir="1" index="4" bw="128" slack="0"/>
</pin_list>
<bind>
<opcode="bitconcatenate(1004) " fcode="bitconcatenate"/>
<opset="tmp_4/2 "/>
</bind>
</comp>

<comp id="581" class="1004" name="tmp_5_fu_581">
<pin_list>
<pin id="582" dir="0" index="0" bw="45" slack="0"/>
<pin id="583" dir="0" index="1" bw="13" slack="1"/>
<pin id="584" dir="0" index="2" bw="32" slack="1"/>
<pin id="585" dir="1" index="3" bw="45" slack="0"/>
</pin_list>
<bind>
<opcode="bitconcatenate(1004) " fcode="bitconcatenate"/>
<opset="tmp_5/2 "/>
</bind>
</comp>

<comp id="590" class="1004" name="tmp_6_fu_590">
<pin_list>
<pin id="591" dir="0" index="0" bw="66" slack="0"/>
<pin id="592" dir="0" index="1" bw="1" slack="1"/>
<pin id="593" dir="0" index="2" bw="1" slack="0"/>
<pin id="594" dir="0" index="3" bw="64" slack="1"/>
<pin id="595" dir="1" index="4" bw="66" slack="0"/>
</pin_list>
<bind>
<opcode="bitconcatenate(1004) " fcode="bitconcatenate"/>
<opset="tmp_6/2 "/>
</bind>
</comp>

<comp id="600" class="1004" name="tmp_2_fu_600">
<pin_list>
<pin id="601" dir="0" index="0" bw="128" slack="0"/>
<pin id="602" dir="0" index="1" bw="3" slack="1"/>
<pin id="603" dir="0" index="2" bw="1" slack="0"/>
<pin id="604" dir="0" index="3" bw="124" slack="1"/>
<pin id="605" dir="1" index="4" bw="128" slack="0"/>
</pin_list>
<bind>
<opcode="bitconcatenate(1004) " fcode="bitconcatenate"/>
<opset="tmp_2/2 "/>
</bind>
</comp>

<comp id="610" class="1004" name="tmp_3_fu_610">
<pin_list>
<pin id="611" dir="0" index="0" bw="45" slack="0"/>
<pin id="612" dir="0" index="1" bw="13" slack="1"/>
<pin id="613" dir="0" index="2" bw="32" slack="1"/>
<pin id="614" dir="1" index="3" bw="45" slack="0"/>
</pin_list>
<bind>
<opcode="bitconcatenate(1004) " fcode="bitconcatenate"/>
<opset="tmp_3/2 "/>
</bind>
</comp>

<comp id="619" class="1004" name="tmp_1_fu_619">
<pin_list>
<pin id="620" dir="0" index="0" bw="128" slack="0"/>
<pin id="621" dir="0" index="1" bw="3" slack="1"/>
<pin id="622" dir="0" index="2" bw="1" slack="0"/>
<pin id="623" dir="0" index="3" bw="124" slack="1"/>
<pin id="624" dir="1" index="4" bw="128" slack="0"/>
</pin_list>
<bind>
<opcode="bitconcatenate(1004) " fcode="bitconcatenate"/>
<opset="tmp_1/2 "/>
</bind>
</comp>

<comp id="629" class="1005" name="demuxState_load_reg_629">
<pin_list>
<pin id="630" dir="0" index="0" bw="2" slack="1"/>
<pin id="631" dir="1" index="1" bw="2" slack="2147483647"/>
</pin_list>
<bind>
<opset="demuxState_load "/>
</bind>
</comp>

<comp id="633" class="1005" name="metadataWrWord_keyValid_V_6_reg_633">
<pin_list>
<pin id="634" dir="0" index="0" bw="1" slack="1"/>
<pin id="635" dir="1" index="1" bw="1" slack="2147483647"/>
</pin_list>
<bind>
<opset="metadataWrWord_keyValid_V_6 "/>
</bind>
</comp>

<comp id="637" class="1005" name="metadataWrWord_valueValid_V_reg_637">
<pin_list>
<pin id="638" dir="0" index="0" bw="1" slack="1"/>
<pin id="639" dir="1" index="1" bw="1" slack="2147483647"/>
</pin_list>
<bind>
<opset="metadataWrWord_valueValid_V "/>
</bind>
</comp>

<comp id="641" class="1005" name="metadataWrWord_EOP_V_4_reg_641">
<pin_list>
<pin id="642" dir="0" index="0" bw="1" slack="1"/>
<pin id="643" dir="1" index="1" bw="1" slack="2147483647"/>
</pin_list>
<bind>
<opset="metadataWrWord_EOP_V_4 "/>
</bind>
</comp>

<comp id="645" class="1005" name="tmp_86_reg_645">
<pin_list>
<pin id="646" dir="0" index="0" bw="1" slack="1"/>
<pin id="647" dir="1" index="1" bw="1" slack="2147483647"/>
</pin_list>
<bind>
<opset="tmp_86 "/>
</bind>
</comp>

<comp id="649" class="1005" name="tmp_10_reg_649">
<pin_list>
<pin id="650" dir="0" index="0" bw="128" slack="1"/>
<pin id="651" dir="1" index="1" bw="128" slack="1"/>
</pin_list>
<bind>
<opset="tmp_10 "/>
</bind>
</comp>

<comp id="657" class="1005" name="tmp_27_reg_657">
<pin_list>
<pin id="658" dir="0" index="0" bw="1" slack="1"/>
<pin id="659" dir="1" index="1" bw="1" slack="2147483647"/>
</pin_list>
<bind>
<opset="tmp_27 "/>
</bind>
</comp>

<comp id="661" class="1005" name="metadataWrWord_keyValid_V_5_reg_661">
<pin_list>
<pin id="662" dir="0" index="0" bw="1" slack="1"/>
<pin id="663" dir="1" index="1" bw="1" slack="2147483647"/>
</pin_list>
<bind>
<opset="metadataWrWord_keyValid_V_5 "/>
</bind>
</comp>

<comp id="665" class="1005" name="metadataWrWord_EOP_V_reg_665">
<pin_list>
<pin id="666" dir="0" index="0" bw="1" slack="1"/>
<pin id="667" dir="1" index="1" bw="1" slack="2147483647"/>
</pin_list>
<bind>
<opset="metadataWrWord_EOP_V "/>
</bind>
</comp>

<comp id="669" class="1005" name="tmp_92_reg_669">
<pin_list>
<pin id="670" dir="0" index="0" bw="1" slack="1"/>
<pin id="671" dir="1" index="1" bw="1" slack="2147483647"/>
</pin_list>
<bind>
<opset="tmp_92 "/>
</bind>
</comp>

<comp id="673" class="1005" name="tmp_8_reg_673">
<pin_list>
<pin id="674" dir="0" index="0" bw="128" slack="1"/>
<pin id="675" dir="1" index="1" bw="128" slack="1"/>
</pin_list>
<bind>
<opset="tmp_8 "/>
</bind>
</comp>

<comp id="678" class="1005" name="tmp_reg_678">
<pin_list>
<pin id="679" dir="0" index="0" bw="1" slack="1"/>
<pin id="680" dir="1" index="1" bw="1" slack="2147483647"/>
</pin_list>
<bind>
<opset="tmp "/>
</bind>
</comp>

<comp id="682" class="1005" name="p_Val2_s_reg_682">
<pin_list>
<pin id="683" dir="0" index="0" bw="124" slack="1"/>
<pin id="684" dir="1" index="1" bw="124" slack="1"/>
</pin_list>
<bind>
<opset="p_Val2_s "/>
</bind>
</comp>

<comp id="689" class="1005" name="metadataWrWord_SOP_V_reg_689">
<pin_list>
<pin id="690" dir="0" index="0" bw="1" slack="1"/>
<pin id="691" dir="1" index="1" bw="1" slack="2147483647"/>
</pin_list>
<bind>
<opset="metadataWrWord_SOP_V "/>
</bind>
</comp>

<comp id="693" class="1005" name="metadataWrWord_keyValid_V_reg_693">
<pin_list>
<pin id="694" dir="0" index="0" bw="1" slack="1"/>
<pin id="695" dir="1" index="1" bw="1" slack="2147483647"/>
</pin_list>
<bind>
<opset="metadataWrWord_keyValid_V "/>
</bind>
</comp>

<comp id="697" class="1005" name="tmp_94_reg_697">
<pin_list>
<pin id="698" dir="0" index="0" bw="1" slack="1"/>
<pin id="699" dir="1" index="1" bw="1" slack="2147483647"/>
</pin_list>
<bind>
<opset="tmp_94 "/>
</bind>
</comp>

<comp id="701" class="1005" name="tmp_98_reg_701">
<pin_list>
<pin id="702" dir="0" index="0" bw="1" slack="1"/>
<pin id="703" dir="1" index="1" bw="1" slack="2147483647"/>
</pin_list>
<bind>
<opset="tmp_98 "/>
</bind>
</comp>

<comp id="705" class="1005" name="tmp_60_reg_705">
<pin_list>
<pin id="706" dir="0" index="0" bw="1" slack="1"/>
<pin id="707" dir="1" index="1" bw="1" slack="2147483647"/>
</pin_list>
<bind>
<opset="tmp_60 "/>
</bind>
</comp>

<comp id="709" class="1005" name="tmp_63_reg_709">
<pin_list>
<pin id="710" dir="0" index="0" bw="1" slack="1"/>
<pin id="711" dir="1" index="1" bw="1" slack="2147483647"/>
</pin_list>
<bind>
<opset="tmp_63 "/>
</bind>
</comp>

<comp id="713" class="1005" name="tmp_EOP_V_1_reg_713">
<pin_list>
<pin id="714" dir="0" index="0" bw="1" slack="1"/>
<pin id="715" dir="1" index="1" bw="1" slack="1"/>
</pin_list>
<bind>
<opset="tmp_EOP_V_1 "/>
</bind>
</comp>

<comp id="718" class="1005" name="tmp_62_reg_718">
<pin_list>
<pin id="719" dir="0" index="0" bw="1" slack="1"/>
<pin id="720" dir="1" index="1" bw="1" slack="2147483647"/>
</pin_list>
<bind>
<opset="tmp_62 "/>
</bind>
</comp>

</comp_list>

<net_list>
<net id="208"><net_src comp="24" pin="0"/><net_sink comp="204" pin=0"/></net>

<net id="209"><net_src comp="6" pin="0"/><net_sink comp="204" pin=1"/></net>

<net id="215"><net_src comp="52" pin="0"/><net_sink comp="210" pin=0"/></net>

<net id="216"><net_src comp="6" pin="0"/><net_sink comp="210" pin=1"/></net>

<net id="217"><net_src comp="46" pin="0"/><net_sink comp="210" pin=2"/></net>

<net id="223"><net_src comp="186" pin="0"/><net_sink comp="218" pin=0"/></net>

<net id="224"><net_src comp="8" pin="0"/><net_sink comp="218" pin=1"/></net>

<net id="230"><net_src comp="188" pin="0"/><net_sink comp="225" pin=0"/></net>

<net id="231"><net_src comp="10" pin="0"/><net_sink comp="225" pin=1"/></net>

<net id="237"><net_src comp="196" pin="0"/><net_sink comp="232" pin=0"/></net>

<net id="238"><net_src comp="16" pin="0"/><net_sink comp="232" pin=1"/></net>

<net id="244"><net_src comp="202" pin="0"/><net_sink comp="239" pin=0"/></net>

<net id="245"><net_src comp="14" pin="0"/><net_sink comp="239" pin=1"/></net>

<net id="251"><net_src comp="202" pin="0"/><net_sink comp="246" pin=0"/></net>

<net id="252"><net_src comp="12" pin="0"/><net_sink comp="246" pin=1"/></net>

<net id="256"><net_src comp="190" pin="0"/><net_sink comp="253" pin=0"/></net>

<net id="257"><net_src comp="192" pin="0"/><net_sink comp="253" pin=0"/></net>

<net id="264"><net_src comp="253" pin="1"/><net_sink comp="258" pin=0"/></net>

<net id="265"><net_src comp="253" pin="1"/><net_sink comp="258" pin=2"/></net>

<net id="272"><net_src comp="26" pin="0"/><net_sink comp="267" pin=0"/></net>

<net id="273"><net_src comp="204" pin="2"/><net_sink comp="267" pin=1"/></net>

<net id="274"><net_src comp="28" pin="0"/><net_sink comp="267" pin=2"/></net>

<net id="280"><net_src comp="26" pin="0"/><net_sink comp="275" pin=0"/></net>

<net id="281"><net_src comp="204" pin="2"/><net_sink comp="275" pin=1"/></net>

<net id="282"><net_src comp="32" pin="0"/><net_sink comp="275" pin=2"/></net>

<net id="289"><net_src comp="34" pin="0"/><net_sink comp="283" pin=0"/></net>

<net id="290"><net_src comp="204" pin="2"/><net_sink comp="283" pin=1"/></net>

<net id="291"><net_src comp="36" pin="0"/><net_sink comp="283" pin=2"/></net>

<net id="292"><net_src comp="38" pin="0"/><net_sink comp="283" pin=3"/></net>

<net id="299"><net_src comp="34" pin="0"/><net_sink comp="293" pin=0"/></net>

<net id="300"><net_src comp="204" pin="2"/><net_sink comp="293" pin=1"/></net>

<net id="301"><net_src comp="40" pin="0"/><net_sink comp="293" pin=2"/></net>

<net id="302"><net_src comp="42" pin="0"/><net_sink comp="293" pin=3"/></net>

<net id="308"><net_src comp="44" pin="0"/><net_sink comp="303" pin=0"/></net>

<net id="309"><net_src comp="46" pin="0"/><net_sink comp="303" pin=2"/></net>

<net id="314"><net_src comp="22" pin="0"/><net_sink comp="310" pin=0"/></net>

<net id="319"><net_src comp="310" pin="2"/><net_sink comp="315" pin=0"/></net>

<net id="320"><net_src comp="2" pin="0"/><net_sink comp="315" pin=1"/></net>

<net id="325"><net_src comp="18" pin="0"/><net_sink comp="321" pin=0"/></net>

<net id="326"><net_src comp="0" pin="0"/><net_sink comp="321" pin=1"/></net>

<net id="333"><net_src comp="72" pin="0"/><net_sink comp="327" pin=0"/></net>

<net id="334"><net_src comp="204" pin="2"/><net_sink comp="327" pin=1"/></net>

<net id="335"><net_src comp="28" pin="0"/><net_sink comp="327" pin=2"/></net>

<net id="336"><net_src comp="32" pin="0"/><net_sink comp="327" pin=3"/></net>

<net id="343"><net_src comp="74" pin="0"/><net_sink comp="337" pin=0"/></net>

<net id="344"><net_src comp="204" pin="2"/><net_sink comp="337" pin=1"/></net>

<net id="345"><net_src comp="76" pin="0"/><net_sink comp="337" pin=2"/></net>

<net id="346"><net_src comp="78" pin="0"/><net_sink comp="337" pin=3"/></net>

<net id="353"><net_src comp="80" pin="0"/><net_sink comp="347" pin=0"/></net>

<net id="354"><net_src comp="204" pin="2"/><net_sink comp="347" pin=1"/></net>

<net id="355"><net_src comp="82" pin="0"/><net_sink comp="347" pin=2"/></net>

<net id="356"><net_src comp="84" pin="0"/><net_sink comp="347" pin=3"/></net>

<net id="361"><net_src comp="20" pin="0"/><net_sink comp="357" pin=0"/></net>

<net id="362"><net_src comp="0" pin="0"/><net_sink comp="357" pin=1"/></net>

<net id="366"><net_src comp="283" pin="4"/><net_sink comp="363" pin=0"/></net>

<net id="370"><net_src comp="293" pin="4"/><net_sink comp="367" pin=0"/></net>

<net id="371"><net_src comp="367" pin="1"/><net_sink comp="225" pin=2"/></net>

<net id="375"><net_src comp="327" pin="4"/><net_sink comp="372" pin=0"/></net>

<net id="379"><net_src comp="337" pin="4"/><net_sink comp="376" pin=0"/></net>

<net id="383"><net_src comp="347" pin="4"/><net_sink comp="380" pin=0"/></net>

<net id="387"><net_src comp="0" pin="0"/><net_sink comp="384" pin=0"/></net>

<net id="391"><net_src comp="2" pin="0"/><net_sink comp="388" pin=0"/></net>

<net id="392"><net_src comp="388" pin="1"/><net_sink comp="303" pin=1"/></net>

<net id="393"><net_src comp="388" pin="1"/><net_sink comp="310" pin=1"/></net>

<net id="397"><net_src comp="4" pin="0"/><net_sink comp="394" pin=0"/></net>

<net id="403"><net_src comp="26" pin="0"/><net_sink comp="398" pin=0"/></net>

<net id="404"><net_src comp="204" pin="2"/><net_sink comp="398" pin=1"/></net>

<net id="405"><net_src comp="30" pin="0"/><net_sink comp="398" pin=2"/></net>

<net id="409"><net_src comp="204" pin="2"/><net_sink comp="406" pin=0"/></net>

<net id="414"><net_src comp="394" pin="1"/><net_sink comp="410" pin=0"/></net>

<net id="415"><net_src comp="48" pin="0"/><net_sink comp="410" pin=1"/></net>

<net id="420"><net_src comp="394" pin="1"/><net_sink comp="416" pin=0"/></net>

<net id="421"><net_src comp="50" pin="0"/><net_sink comp="416" pin=1"/></net>

<net id="426"><net_src comp="416" pin="2"/><net_sink comp="422" pin=0"/></net>

<net id="427"><net_src comp="4" pin="0"/><net_sink comp="422" pin=1"/></net>

<net id="431"><net_src comp="204" pin="2"/><net_sink comp="428" pin=0"/></net>

<net id="435"><net_src comp="204" pin="2"/><net_sink comp="432" pin=0"/></net>

<net id="441"><net_src comp="26" pin="0"/><net_sink comp="436" pin=0"/></net>

<net id="442"><net_src comp="204" pin="2"/><net_sink comp="436" pin=1"/></net>

<net id="443"><net_src comp="54" pin="0"/><net_sink comp="436" pin=2"/></net>

<net id="448"><net_src comp="22" pin="0"/><net_sink comp="444" pin=0"/></net>

<net id="449"><net_src comp="2" pin="0"/><net_sink comp="444" pin=1"/></net>

<net id="455"><net_src comp="26" pin="0"/><net_sink comp="450" pin=0"/></net>

<net id="456"><net_src comp="204" pin="2"/><net_sink comp="450" pin=1"/></net>

<net id="457"><net_src comp="56" pin="0"/><net_sink comp="450" pin=2"/></net>

<net id="464"><net_src comp="58" pin="0"/><net_sink comp="458" pin=0"/></net>

<net id="465"><net_src comp="204" pin="2"/><net_sink comp="458" pin=1"/></net>

<net id="466"><net_src comp="60" pin="0"/><net_sink comp="458" pin=2"/></net>

<net id="467"><net_src comp="62" pin="0"/><net_sink comp="458" pin=3"/></net>

<net id="472"><net_src comp="458" pin="4"/><net_sink comp="468" pin=0"/></net>

<net id="473"><net_src comp="64" pin="0"/><net_sink comp="468" pin=1"/></net>

<net id="478"><net_src comp="458" pin="4"/><net_sink comp="474" pin=0"/></net>

<net id="479"><net_src comp="66" pin="0"/><net_sink comp="474" pin=1"/></net>

<net id="484"><net_src comp="474" pin="2"/><net_sink comp="480" pin=0"/></net>

<net id="485"><net_src comp="468" pin="2"/><net_sink comp="480" pin=1"/></net>

<net id="490"><net_src comp="458" pin="4"/><net_sink comp="486" pin=0"/></net>

<net id="491"><net_src comp="68" pin="0"/><net_sink comp="486" pin=1"/></net>

<net id="496"><net_src comp="458" pin="4"/><net_sink comp="492" pin=0"/></net>

<net id="497"><net_src comp="70" pin="0"/><net_sink comp="492" pin=1"/></net>

<net id="504"><net_src comp="86" pin="0"/><net_sink comp="498" pin=0"/></net>

<net id="505"><net_src comp="204" pin="2"/><net_sink comp="498" pin=1"/></net>

<net id="506"><net_src comp="82" pin="0"/><net_sink comp="498" pin=2"/></net>

<net id="507"><net_src comp="88" pin="0"/><net_sink comp="498" pin=3"/></net>

<net id="512"><net_src comp="498" pin="4"/><net_sink comp="508" pin=0"/></net>

<net id="513"><net_src comp="90" pin="0"/><net_sink comp="508" pin=1"/></net>

<net id="518"><net_src comp="498" pin="4"/><net_sink comp="514" pin=0"/></net>

<net id="519"><net_src comp="92" pin="0"/><net_sink comp="514" pin=1"/></net>

<net id="525"><net_src comp="508" pin="2"/><net_sink comp="520" pin=0"/></net>

<net id="526"><net_src comp="498" pin="4"/><net_sink comp="520" pin=1"/></net>

<net id="527"><net_src comp="514" pin="2"/><net_sink comp="520" pin=2"/></net>

<net id="531"><net_src comp="520" pin="3"/><net_sink comp="528" pin=0"/></net>

<net id="536"><net_src comp="528" pin="1"/><net_sink comp="532" pin=0"/></net>

<net id="537"><net_src comp="4" pin="0"/><net_sink comp="532" pin=1"/></net>

<net id="542"><net_src comp="22" pin="0"/><net_sink comp="538" pin=0"/></net>

<net id="543"><net_src comp="0" pin="0"/><net_sink comp="538" pin=1"/></net>

<net id="550"><net_src comp="58" pin="0"/><net_sink comp="544" pin=0"/></net>

<net id="551"><net_src comp="204" pin="2"/><net_sink comp="544" pin=1"/></net>

<net id="552"><net_src comp="60" pin="0"/><net_sink comp="544" pin=2"/></net>

<net id="553"><net_src comp="62" pin="0"/><net_sink comp="544" pin=3"/></net>

<net id="558"><net_src comp="544" pin="4"/><net_sink comp="554" pin=0"/></net>

<net id="559"><net_src comp="64" pin="0"/><net_sink comp="554" pin=1"/></net>

<net id="566"><net_src comp="194" pin="0"/><net_sink comp="560" pin=0"/></net>

<net id="567"><net_src comp="258" pin="4"/><net_sink comp="560" pin=1"/></net>

<net id="568"><net_src comp="190" pin="0"/><net_sink comp="560" pin=2"/></net>

<net id="569"><net_src comp="363" pin="1"/><net_sink comp="560" pin=3"/></net>

<net id="570"><net_src comp="560" pin="4"/><net_sink comp="232" pin=2"/></net>

<net id="577"><net_src comp="198" pin="0"/><net_sink comp="571" pin=0"/></net>

<net id="578"><net_src comp="372" pin="1"/><net_sink comp="571" pin=1"/></net>

<net id="579"><net_src comp="192" pin="0"/><net_sink comp="571" pin=2"/></net>

<net id="580"><net_src comp="571" pin="4"/><net_sink comp="218" pin=2"/></net>

<net id="586"><net_src comp="200" pin="0"/><net_sink comp="581" pin=0"/></net>

<net id="587"><net_src comp="380" pin="1"/><net_sink comp="581" pin=1"/></net>

<net id="588"><net_src comp="376" pin="1"/><net_sink comp="581" pin=2"/></net>

<net id="589"><net_src comp="581" pin="3"/><net_sink comp="239" pin=2"/></net>

<net id="596"><net_src comp="194" pin="0"/><net_sink comp="590" pin=0"/></net>

<net id="597"><net_src comp="192" pin="0"/><net_sink comp="590" pin=2"/></net>

<net id="598"><net_src comp="363" pin="1"/><net_sink comp="590" pin=3"/></net>

<net id="599"><net_src comp="590" pin="4"/><net_sink comp="232" pin=2"/></net>

<net id="606"><net_src comp="198" pin="0"/><net_sink comp="600" pin=0"/></net>

<net id="607"><net_src comp="372" pin="1"/><net_sink comp="600" pin=1"/></net>

<net id="608"><net_src comp="192" pin="0"/><net_sink comp="600" pin=2"/></net>

<net id="609"><net_src comp="600" pin="4"/><net_sink comp="218" pin=2"/></net>

<net id="615"><net_src comp="200" pin="0"/><net_sink comp="610" pin=0"/></net>

<net id="616"><net_src comp="380" pin="1"/><net_sink comp="610" pin=1"/></net>

<net id="617"><net_src comp="376" pin="1"/><net_sink comp="610" pin=2"/></net>

<net id="618"><net_src comp="610" pin="3"/><net_sink comp="246" pin=2"/></net>

<net id="625"><net_src comp="198" pin="0"/><net_sink comp="619" pin=0"/></net>

<net id="626"><net_src comp="372" pin="1"/><net_sink comp="619" pin=1"/></net>

<net id="627"><net_src comp="192" pin="0"/><net_sink comp="619" pin=2"/></net>

<net id="628"><net_src comp="619" pin="4"/><net_sink comp="218" pin=2"/></net>

<net id="632"><net_src comp="384" pin="1"/><net_sink comp="629" pin=0"/></net>

<net id="636"><net_src comp="267" pin="3"/><net_sink comp="633" pin=0"/></net>

<net id="640"><net_src comp="398" pin="3"/><net_sink comp="637" pin=0"/></net>

<net id="644"><net_src comp="275" pin="3"/><net_sink comp="641" pin=0"/></net>

<net id="648"><net_src comp="303" pin="3"/><net_sink comp="645" pin=0"/></net>

<net id="652"><net_src comp="406" pin="1"/><net_sink comp="649" pin=0"/></net>

<net id="653"><net_src comp="649" pin="1"/><net_sink comp="218" pin=2"/></net>

<net id="660"><net_src comp="210" pin="3"/><net_sink comp="657" pin=0"/></net>

<net id="664"><net_src comp="267" pin="3"/><net_sink comp="661" pin=0"/></net>

<net id="668"><net_src comp="275" pin="3"/><net_sink comp="665" pin=0"/></net>

<net id="672"><net_src comp="303" pin="3"/><net_sink comp="669" pin=0"/></net>

<net id="676"><net_src comp="428" pin="1"/><net_sink comp="673" pin=0"/></net>

<net id="677"><net_src comp="673" pin="1"/><net_sink comp="218" pin=2"/></net>

<net id="681"><net_src comp="210" pin="3"/><net_sink comp="678" pin=0"/></net>

<net id="685"><net_src comp="432" pin="1"/><net_sink comp="682" pin=0"/></net>

<net id="686"><net_src comp="682" pin="1"/><net_sink comp="571" pin=3"/></net>

<net id="687"><net_src comp="682" pin="1"/><net_sink comp="600" pin=3"/></net>

<net id="688"><net_src comp="682" pin="1"/><net_sink comp="619" pin=3"/></net>

<net id="692"><net_src comp="436" pin="3"/><net_sink comp="689" pin=0"/></net>

<net id="696"><net_src comp="267" pin="3"/><net_sink comp="693" pin=0"/></net>

<net id="700"><net_src comp="450" pin="3"/><net_sink comp="697" pin=0"/></net>

<net id="704"><net_src comp="480" pin="2"/><net_sink comp="701" pin=0"/></net>

<net id="708"><net_src comp="486" pin="2"/><net_sink comp="705" pin=0"/></net>

<net id="712"><net_src comp="492" pin="2"/><net_sink comp="709" pin=0"/></net>

<net id="716"><net_src comp="508" pin="2"/><net_sink comp="713" pin=0"/></net>

<net id="717"><net_src comp="713" pin="1"/><net_sink comp="590" pin=1"/></net>

<net id="721"><net_src comp="554" pin="2"/><net_sink comp="718" pin=0"/></net>

</net_list>

</model> 
---------------- Datapath Model END ------------------

* FSMD analyzer results:
  - Output states:
	Port: metadataBuffer_V | {2 }
	Port: keyBuffer_V_V | {2 }
	Port: demux2getPath_V | {2 }
	Port: demux2setPathMetadata_V | {2 }
	Port: demux2setPathValue_V | {2 }
  - Chain level:
	State 1
		stg_6 : 1
		tmp_86 : 1
		stg_14 : 2
		tmp_s : 1
		stg_17 : 2
		stg_18 : 1
		tmp_59 : 1
		stg_20 : 2
		tmp_61 : 1
		stg_22 : 2
		stg_24 : 1
		stg_25 : 1
		tmp_92 : 1
		stg_34 : 2
		tmp_58 : 1
		stg_37 : 2
		stg_38 : 1
		stg_39 : 1
		stg_49 : 1
		stg_52 : 1
		tmp_96 : 1
		tmp_97 : 1
		tmp_98 : 2
		stg_57 : 2
		tmp_60 : 1
		stg_59 : 2
		tmp_63 : 1
		stg_61 : 2
		tmp_EOP_V_1 : 1
		tmp_64 : 1
		storemerge : 2
		storemerge_cast : 3
		stg_70 : 4
		stg_71 : 1
		stg_76 : 1
		stg_79 : 1
		tmp_62 : 1
		stg_82 : 2
	State 2
		tmp_11 : 1
		stg_112 : 2
		stg_124 : 1
		stg_126 : 1
		stg_128 : 1
		stg_134 : 1
		stg_136 : 1
		stg_142 : 1


============================================================
+ Verbose Summary: Datapath Resource usage 
============================================================

* Functional unit list:
|----------|------------------------------------|---------|---------|
| Operation|           Functional Unit          |    FF   |   LUT   |
|----------|------------------------------------|---------|---------|
|          |             grp_fu_310             |    0    |    2    |
|    add   |            tmp_61_fu_416           |    0    |    16   |
|          |            tmp_64_fu_514           |    0    |    12   |
|----------|------------------------------------|---------|---------|
|          |            tmp_59_fu_410           |    0    |    6    |
|          |            tmp_96_fu_468           |    0    |    3    |
|          |            tmp_97_fu_474           |    0    |    3    |
|   icmp   |            tmp_60_fu_486           |    0    |    3    |
|          |            tmp_63_fu_492           |    0    |    3    |
|          |         tmp_EOP_V_1_fu_508         |    0    |    5    |
|          |            tmp_62_fu_554           |    0    |    3    |
|----------|------------------------------------|---------|---------|
|  select  |          storemerge_fu_520         |    0    |    12   |
|----------|------------------------------------|---------|---------|
|    or    |            tmp_98_fu_480           |    0    |    1    |
|----------|------------------------------------|---------|---------|
|   read   |           grp_read_fu_204          |    0    |    0    |
|----------|------------------------------------|---------|---------|
| nbreadreq|        grp_nbreadreq_fu_210        |    0    |    0    |
|----------|------------------------------------|---------|---------|
|          |          grp_write_fu_218          |    0    |    0    |
|          |          grp_write_fu_225          |    0    |    0    |
|   write  |          grp_write_fu_232          |    0    |    0    |
|          |        stg_126_write_fu_239        |    0    |    0    |
|          |        stg_136_write_fu_246        |    0    |    0    |
|----------|------------------------------------|---------|---------|
|          |             grp_fu_267             |    0    |    0    |
|          |             grp_fu_275             |    0    |    0    |
| bitselect|             grp_fu_303             |    0    |    0    |
|          | metadataWrWord_valueValid_V_fu_398 |    0    |    0    |
|          |     metadataWrWord_SOP_V_fu_436    |    0    |    0    |
|          |            tmp_94_fu_450           |    0    |    0    |
|----------|------------------------------------|---------|---------|
|          |             grp_fu_283             |    0    |    0    |
|          |             grp_fu_293             |    0    |    0    |
|          |             grp_fu_327             |    0    |    0    |
|partselect|             grp_fu_337             |    0    |    0    |
|          |             grp_fu_347             |    0    |    0    |
|          |          p_Result_s_fu_458         |    0    |    0    |
|          |          p_Result_1_fu_498         |    0    |    0    |
|          |          p_Result_9_fu_544         |    0    |    0    |
|----------|------------------------------------|---------|---------|
|          |            tmp_10_fu_406           |    0    |    0    |
|   trunc  |            tmp_8_fu_428            |    0    |    0    |
|          |           p_Val2_s_fu_432          |    0    |    0    |
|----------|------------------------------------|---------|---------|
|   zext   |       storemerge_cast_fu_528       |    0    |    0    |
|----------|------------------------------------|---------|---------|
|          |            tmp_11_fu_560           |    0    |    0    |
|          |            tmp_4_fu_571            |    0    |    0    |
|          |            tmp_5_fu_581            |    0    |    0    |
|bitconcatenate|            tmp_6_fu_590            |    0    |    0    |
|          |            tmp_2_fu_600            |    0    |    0    |
|          |            tmp_3_fu_610            |    0    |    0    |
|          |            tmp_1_fu_619            |    0    |    0    |
|----------|------------------------------------|---------|---------|
|   Total  |                                    |    0    |    69   |
|----------|------------------------------------|---------|---------|

Memories:
N/A

* Register list:
+-----------------------------------+--------+
|                                   |   FF   |
+-----------------------------------+--------+
|      demuxState_load_reg_629      |    2   |
|   metadataWrWord_EOP_V_4_reg_641  |    1   |
|    metadataWrWord_EOP_V_reg_665   |    1   |
|    metadataWrWord_SOP_V_reg_689   |    1   |
|metadataWrWord_keyValid_V_5_reg_661|    1   |
|metadataWrWord_keyValid_V_6_reg_633|    1   |
| metadataWrWord_keyValid_V_reg_693 |    1   |
|metadataWrWord_valueValid_V_reg_637|    1   |
|          p_Val2_s_reg_682         |   124  |
|              reg_363              |   64   |
|              reg_367              |   64   |
|              reg_372              |    3   |
|              reg_376              |   32   |
|              reg_380              |   13   |
|           tmp_10_reg_649          |   128  |
|           tmp_27_reg_657          |    1   |
|           tmp_60_reg_705          |    1   |
|           tmp_62_reg_718          |    1   |
|           tmp_63_reg_709          |    1   |
|           tmp_86_reg_645          |    1   |
|           tmp_8_reg_673           |   128  |
|           tmp_92_reg_669          |    1   |
|           tmp_94_reg_697          |    1   |
|           tmp_98_reg_701          |    1   |
|        tmp_EOP_V_11_reg_253       |    1   |
|        tmp_EOP_V_1_reg_713        |    1   |
|            tmp_reg_678            |    1   |
+-----------------------------------+--------+
|               Total               |   576  |
+-----------------------------------+--------+

* Multiplexer (MUX) list: 
|----------------------|------|------|------|--------||---------||---------|
|         Comp         |  Pin | Size |  BW  | S x BW ||  Delay  ||   LUT   |
|----------------------|------|------|------|--------||---------||---------|
|   grp_write_fu_218   |  p2  |   5  |  128 |   640  ||   128   |
|   grp_write_fu_232   |  p2  |   2  |  66  |   132  ||    66   |
| tmp_EOP_V_11_reg_253 |  p0  |   2  |   1  |    2   |
|----------------------|------|------|------|--------||---------||---------|
|         Total        |      |      |      |   774  ||  2.854  ||   194   |
|----------------------|------|------|------|--------||---------||---------|



* Summary:
+-----------+--------+--------+--------+
|           |  Delay |   FF   |   LUT  |
+-----------+--------+--------+--------+
|  Function |    -   |    0   |   69   |
|   Memory  |    -   |    -   |    -   |
|Multiplexer|    2   |    -   |   194  |
|  Register |    -   |   576  |    -   |
+-----------+--------+--------+--------+
|   Total   |    2   |   576  |   263  |
+-----------+--------+--------+--------+
