

================================================================
== Vivado HLS Report for 'memcachedPipeline_flashDemux'
================================================================
* Date:           Wed Oct 21 12:18:38 2020

* Version:        2015.1 (Build 1215546 on Mon Apr 27 19:24:50 PM 2015)
* Project:        memcachedPipeline_prj
* Solution:       solution1
* Product family: kintexu
* Target device:  xcku040-ffva1156-2-e


================================================================
== Performance Estimates
================================================================
+ Timing (ns): 
    * Summary: 
    +---------+-------+----------+------------+
    |  Clock  | Target| Estimated| Uncertainty|
    +---------+-------+----------+------------+
    |default  |   6.66|      6.38|        0.83|
    +---------+-------+----------+------------+

+ Latency (clock cycles): 
    * Summary: 
    +-----+-----+-----+-----+----------+
    |  Latency  |  Interval | Pipeline |
    | min | max | min | max |   Type   |
    +-----+-----+-----+-----+----------+
    |    1|    1|    1|    1| function |
    +-----+-----+-----+-----+----------+

    + Detail: 
        * Instance: 
        N/A

        * Loop: 
        N/A



================================================================
== Utilization Estimates
================================================================
* Summary: 
+-----------------+---------+-------+--------+--------+
|       Name      | BRAM_18K| DSP48E|   FF   |   LUT  |
+-----------------+---------+-------+--------+--------+
|Expression       |        -|      -|       -|       -|
|FIFO             |        -|      -|       -|       -|
|Instance         |        -|      -|       -|       -|
|Memory           |        -|      -|       -|       -|
|Multiplexer      |        -|      -|       -|       -|
|Register         |        -|      -|       -|       -|
+-----------------+---------+-------+--------+--------+
|Total            |        0|      0|       0|       0|
+-----------------+---------+-------+--------+--------+
|Available        |     1200|   1920|  484800|  242400|
+-----------------+---------+-------+--------+--------+
|Utilization (%)  |        0|      0|       0|       0|
+-----------------+---------+-------+--------+--------+

+ Detail: 
    * Instance: 
    N/A

    * Memory: 
    N/A

    * FIFO: 
    N/A

    * Expression: 
    N/A

    * Multiplexer: 
    N/A

    * Register: 
    N/A



================================================================
== Interface
================================================================
* Summary: 
N/A

============================================================
+ Verbose Summary: Synthesis Manager
============================================================
InlineROM: 1
ExposeGlobal: 0
============================================================
+ Verbose Summary: CDFG Model
============================================================
IsTopModel: 0
ResetActiveHigh: 1
IsCombinational: 2
IsDatapathOnly: 0
HasWiredReturn: 1
HasMFsm: 1
HasVarLatency: 0
IsPipeline: 1
IsRtlPipelined: 1
IsInstanceOverlapped: 0
IsDontTouch: 0
HasImplIP: 0
IsGatedGlobalClock: 0

+ Individual pipeline summary: 
  * Pipeline-0: initiation interval (II) = 1, depth = 2


============================================================
+ Verbose Summary: Schedule
============================================================
* Number of FSM states: 2
* Pipeline: 1
  Pipeline-0: II = 1, D = 2, States = { 1 2 }
* Dataflow Pipeline: 0

* FSM state transitions: 
1 --> 
	2  / true
2 --> 
* FSM state operations: 

 <State 1>: 6.38ns
ST_1: flashDemuxState_load [1/1] 0.00ns
codeRepl:22  %flashDemuxState_load = load i2* @flashDemuxState, align 1

ST_1: flashWordCounter_V_load [1/1] 0.00ns
codeRepl:23  %flashWordCounter_V_load = load i2* @flashWordCounter_V, align 1

ST_1: stg_5 [1/1] 1.11ns
codeRepl:25  switch i2 %flashDemuxState_load, label %._crit_edge530 [
    i2 0, label %0
    i2 -2, label %13
    i2 1, label %18
  ]

ST_1: tmp_9421 [1/1] 2.91ns
:0  %tmp_9421 = call i256 @_ssdm_op_Read.ap_fifo.volatile.i256P(i256* @splitter2valueStoreFlash_V) nounwind

ST_1: metadataWrWord_keyValid_V_3 [1/1] 0.00ns
:1  %metadataWrWord_keyValid_V_3 = call i1 @_ssdm_op_BitSelect.i1.i256.i32(i256 %tmp_9421, i32 125)

ST_1: metadataWrWord_valueValid_V [1/1] 0.00ns
:2  %metadataWrWord_valueValid_V = call i1 @_ssdm_op_BitSelect.i1.i256.i32(i256 %tmp_9421, i32 126)

ST_1: metadataWrWord_EOP_V_2 [1/1] 0.00ns
:3  %metadataWrWord_EOP_V_2 = call i1 @_ssdm_op_BitSelect.i1.i256.i32(i256 %tmp_9421, i32 127)

ST_1: setData_data_V_2 [1/1] 0.00ns
:4  %setData_data_V_2 = call i64 @_ssdm_op_PartSelect.i64.i256.i32.i32(i256 %tmp_9421, i32 128, i32 191)

ST_1: tmp_V [1/1] 0.00ns
:5  %tmp_V = call i64 @_ssdm_op_PartSelect.i64.i256.i32.i32(i256 %tmp_9421, i32 192, i32 255)

ST_1: tmp_17 [1/1] 0.00ns
:6  %tmp_17 = call i1 @_ssdm_op_BitSelect.i1.i2.i32(i2 %flashWordCounter_V_load, i32 1)

ST_1: stg_13 [1/1] 0.00ns
:7  br i1 %tmp_17, label %._crit_edge546, label %19

ST_1: tmp_10312 [1/1] 0.00ns
:0  %tmp_10312 = trunc i256 %tmp_9421 to i128

ST_1: tmp_2 [1/1] 0.43ns
:2  %tmp_2 = add i2 1, %flashWordCounter_V_load

ST_1: stg_16 [1/1] 0.89ns
:3  store i2 %tmp_2, i2* @flashWordCounter_V, align 1

ST_1: stg_17 [1/1] 0.00ns
._crit_edge546:0  br i1 %metadataWrWord_keyValid_V_3, label %20, label %._crit_edge547

ST_1: stg_18 [1/1] 0.00ns
._crit_edge548:1  br i1 %metadataWrWord_valueValid_V, label %22, label %._crit_edge549

ST_1: stg_19 [1/1] 0.00ns
._crit_edge549:0  br i1 %metadataWrWord_EOP_V_2, label %23, label %._crit_edge550

ST_1: stg_20 [1/1] 0.89ns
:0  store i2 0, i2* @flashDemuxState, align 1

ST_1: tmp [1/1] 0.00ns
:0  %tmp = call i1 @_ssdm_op_NbReadReq.ap_fifo.i256P(i256* @splitter2valueStoreFlash_V, i32 1) nounwind

ST_1: stg_22 [1/1] 0.00ns
:1  br i1 %tmp, label %14, label %._crit_edge542

ST_1: tmp_7381 [1/1] 2.91ns
:0  %tmp_7381 = call i256 @_ssdm_op_Read.ap_fifo.volatile.i256P(i256* @splitter2valueStoreFlash_V) nounwind

ST_1: metadataWrWord_keyValid_V_2 [1/1] 0.00ns
:1  %metadataWrWord_keyValid_V_2 = call i1 @_ssdm_op_BitSelect.i1.i256.i32(i256 %tmp_7381, i32 125)

ST_1: metadataWrWord_EOP_V [1/1] 0.00ns
:2  %metadataWrWord_EOP_V = call i1 @_ssdm_op_BitSelect.i1.i256.i32(i256 %tmp_7381, i32 127)

ST_1: tmp_V_1 [1/1] 0.00ns
:3  %tmp_V_1 = call i64 @_ssdm_op_PartSelect.i64.i256.i32.i32(i256 %tmp_7381, i32 192, i32 255)

ST_1: tmp_23 [1/1] 0.00ns
:4  %tmp_23 = call i1 @_ssdm_op_BitSelect.i1.i2.i32(i2 %flashWordCounter_V_load, i32 1)

ST_1: stg_28 [1/1] 0.00ns
:5  br i1 %tmp_23, label %._crit_edge543, label %15

ST_1: tmp_8410 [1/1] 0.00ns
:0  %tmp_8410 = trunc i256 %tmp_7381 to i128

ST_1: tmp_8 [1/1] 0.43ns
:2  %tmp_8 = add i2 1, %flashWordCounter_V_load

ST_1: stg_31 [1/1] 0.89ns
:3  store i2 %tmp_8, i2* @flashWordCounter_V, align 1

ST_1: stg_32 [1/1] 0.00ns
._crit_edge543:0  br i1 %metadataWrWord_keyValid_V_2, label %16, label %._crit_edge544

ST_1: stg_33 [1/1] 0.00ns
._crit_edge544:0  br i1 %metadataWrWord_EOP_V, label %17, label %._crit_edge545

ST_1: stg_34 [1/1] 0.89ns
:0  store i2 0, i2* @flashDemuxState, align 1

ST_1: tmp_3 [1/1] 0.00ns
:0  %tmp_3 = call i1 @_ssdm_op_NbReadReq.ap_fifo.i256P(i256* @splitter2valueStoreFlash_V, i32 1) nounwind

ST_1: stg_36 [1/1] 0.00ns
:1  br i1 %tmp_3, label %1, label %._crit_edge531

ST_1: tmp272 [1/1] 2.91ns
:0  %tmp272 = call i256 @_ssdm_op_Read.ap_fifo.volatile.i256P(i256* @splitter2valueStoreFlash_V) nounwind

ST_1: p_Val2_s [1/1] 0.00ns
:1  %p_Val2_s = trunc i256 %tmp272 to i124

ST_1: metadataWrWord_SOP_V [1/1] 0.00ns
:2  %metadataWrWord_SOP_V = call i1 @_ssdm_op_BitSelect.i1.i256.i32(i256 %tmp272, i32 124)

ST_1: metadataWrWord_keyValid_V [1/1] 0.00ns
:3  %metadataWrWord_keyValid_V = call i1 @_ssdm_op_BitSelect.i1.i256.i32(i256 %tmp272, i32 125)

ST_1: setData_data_V [1/1] 0.00ns
:4  %setData_data_V = call i64 @_ssdm_op_PartSelect.i64.i256.i32.i32(i256 %tmp272, i32 128, i32 191)

ST_1: tmp_V_2 [1/1] 0.00ns
:5  %tmp_V_2 = call i64 @_ssdm_op_PartSelect.i64.i256.i32.i32(i256 %tmp272, i32 192, i32 255)

ST_1: stg_43 [1/1] 0.00ns
:6  br i1 %metadataWrWord_SOP_V, label %2, label %._crit_edge532

ST_1: stg_44 [1/1] 0.89ns
:0  store i2 1, i2* @flashWordCounter_V, align 1

ST_1: tmp_25 [1/1] 0.00ns
:1  %tmp_25 = call i1 @_ssdm_op_BitSelect.i1.i256.i32(i256 %tmp272, i32 112)

ST_1: stg_46 [1/1] 0.00ns
:2  br i1 %tmp_25, label %._crit_edge533, label %3

ST_1: p_Result_s [1/1] 0.00ns
:0  %p_Result_s = call i8 @_ssdm_op_PartSelect.i8.i256.i32.i32(i256 %tmp272, i32 104, i32 111)

ST_1: tmp_27 [1/1] 1.34ns
:1  %tmp_27 = icmp eq i8 %p_Result_s, 8

ST_1: tmp_28 [1/1] 1.34ns
:2  %tmp_28 = icmp eq i8 %p_Result_s, 4

ST_1: tmp_29 [1/1] 0.71ns
:3  %tmp_29 = or i1 %tmp_28, %tmp_27

ST_1: stg_51 [1/1] 0.00ns
:4  br i1 %tmp_29, label %._crit_edge533, label %6

ST_1: tmp_6 [1/1] 1.34ns
:0  %tmp_6 = icmp eq i8 %p_Result_s, 0

ST_1: stg_53 [1/1] 0.00ns
:1  br i1 %tmp_6, label %7, label %9

ST_1: tmp_1 [1/1] 1.34ns
:0  %tmp_1 = icmp eq i8 %p_Result_s, 1

ST_1: stg_55 [1/1] 0.00ns
:1  br i1 %tmp_1, label %._crit_edge540, label %._crit_edge539

ST_1: tmp_10 [1/1] 0.00ns
._crit_edge540:0  %tmp_10 = call i3 @_ssdm_op_PartSelect.i3.i256.i32.i32(i256 %tmp272, i32 125, i32 127)

ST_1: setMd_address_V [1/1] 0.00ns
._crit_edge540:3  %setMd_address_V = call i32 @_ssdm_op_PartSelect.i32.i256.i32.i32(i256 %tmp272, i32 72, i32 103)

ST_1: setMd_length_V [1/1] 0.00ns
._crit_edge540:4  %setMd_length_V = call i16 @_ssdm_op_PartSelect.i16.i256.i32.i32(i256 %tmp272, i32 8, i32 23)

ST_1: stg_59 [1/1] 0.00ns
._crit_edge540:13  br i1 %metadataWrWord_keyValid_V, label %10, label %._crit_edge541

ST_1: stg_60 [1/1] 0.89ns
._crit_edge541:0  store i2 1, i2* @flashDemuxState, align 1

ST_1: tmp_7 [1/1] 0.00ns
:0  %tmp_7 = call i3 @_ssdm_op_PartSelect.i3.i256.i32.i32(i256 %tmp272, i32 125, i32 127)

ST_1: getMd_address_V [1/1] 0.00ns
:3  %getMd_address_V = call i32 @_ssdm_op_PartSelect.i32.i256.i32.i32(i256 %tmp272, i32 72, i32 103)

ST_1: getMd_length_V [1/1] 0.00ns
:4  %getMd_length_V = call i16 @_ssdm_op_PartSelect.i16.i256.i32.i32(i256 %tmp272, i32 8, i32 23)

ST_1: stg_64 [1/1] 0.00ns
:7  br i1 %metadataWrWord_keyValid_V, label %8, label %._crit_edge538

ST_1: stg_65 [1/1] 0.89ns
._crit_edge538:0  store i2 -2, i2* @flashDemuxState, align 1

ST_1: tmp_4 [1/1] 0.00ns
._crit_edge533:0  %tmp_4 = call i3 @_ssdm_op_PartSelect.i3.i256.i32.i32(i256 %tmp272, i32 125, i32 127)

ST_1: stg_67 [1/1] 0.00ns
._crit_edge533:3  br i1 %metadataWrWord_keyValid_V, label %4, label %._crit_edge536

ST_1: p_Result_2 [1/1] 0.00ns
:0  %p_Result_2 = call i8 @_ssdm_op_PartSelect.i8.i256.i32.i32(i256 %tmp272, i32 104, i32 111)

ST_1: tmp_s [1/1] 1.34ns
:1  %tmp_s = icmp eq i8 %p_Result_2, 8

ST_1: stg_70 [1/1] 0.00ns
:2  br i1 %tmp_s, label %._crit_edge536, label %5

ST_1: stg_71 [1/1] 0.89ns
._crit_edge536:0  store i2 -2, i2* @flashDemuxState, align 1


 <State 2>: 5.06ns
ST_2: stg_72 [1/1] 0.00ns
codeRepl:0  call void (...)* @_ssdm_op_SpecInterface(i64* @flashKeyBuffer_V_V, [8 x i8]* @str1430, i32 0, i32 0, i32 0, i32 0, [1 x i8]* @str1431, [1 x i8]* @str1431, [8 x i8]* @str1430)

ST_2: stg_73 [1/1] 0.00ns
codeRepl:1  call void (...)* @_ssdm_op_SpecInterface(i128* @flashMetadataBuffer_V, [8 x i8]* @str1426, i32 0, i32 0, i32 0, i32 0, [1 x i8]* @str1427, [1 x i8]* @str1427, [8 x i8]* @str1426) nounwind

ST_2: stg_74 [1/1] 0.00ns
codeRepl:2  call void (...)* @_ssdm_op_SpecInterface(i128* @flashMetadataBuffer_V, [8 x i8]* @str1422, i32 0, i32 0, i32 0, i32 0, [1 x i8]* @str1423, [1 x i8]* @str1423, [8 x i8]* @str1422) nounwind

ST_2: stg_75 [1/1] 0.00ns
codeRepl:3  call void (...)* @_ssdm_op_SpecInterface(i128* @flashMetadataBuffer_V, [8 x i8]* @str1418, i32 0, i32 0, i32 0, i32 0, [1 x i8]* @str1419, [1 x i8]* @str1419, [8 x i8]* @str1418) nounwind

ST_2: stg_76 [1/1] 0.00ns
codeRepl:4  call void (...)* @_ssdm_op_SpecInterface(i128* @flashMetadataBuffer_V, [8 x i8]* @str1414, i32 0, i32 0, i32 0, i32 0, [1 x i8]* @str1415, [1 x i8]* @str1415, [8 x i8]* @str1414) nounwind

ST_2: stg_77 [1/1] 0.00ns
codeRepl:5  call void (...)* @_ssdm_op_SpecInterface(i128* @flashMetadataBuffer_V, [8 x i8]* @str1410, i32 0, i32 0, i32 0, i32 0, [1 x i8]* @str1411, [1 x i8]* @str1411, [8 x i8]* @str1410) nounwind

ST_2: stg_78 [1/1] 0.00ns
codeRepl:6  call void (...)* @_ssdm_op_SpecInterface(i48* @flashDemux2getPath_V, [8 x i8]* @str1406, i32 0, i32 0, i32 0, i32 0, [1 x i8]* @str1407, [1 x i8]* @str1407, [8 x i8]* @str1406) nounwind

ST_2: stg_79 [1/1] 0.00ns
codeRepl:7  call void (...)* @_ssdm_op_SpecInterface(i48* @flashDemux2getPath_V, [8 x i8]* @str1402, i32 0, i32 0, i32 0, i32 0, [1 x i8]* @str1403, [1 x i8]* @str1403, [8 x i8]* @str1402) nounwind

ST_2: stg_80 [1/1] 0.00ns
codeRepl:8  call void (...)* @_ssdm_op_SpecInterface(i48* @flashDemux2setPathMetadata_V, [8 x i8]* @str1398, i32 0, i32 0, i32 0, i32 0, [1 x i8]* @str1399, [1 x i8]* @str1399, [8 x i8]* @str1398) nounwind

ST_2: stg_81 [1/1] 0.00ns
codeRepl:9  call void (...)* @_ssdm_op_SpecInterface(i48* @flashDemux2setPathMetadata_V, [8 x i8]* @str1394, i32 0, i32 0, i32 0, i32 0, [1 x i8]* @str1395, [1 x i8]* @str1395, [8 x i8]* @str1394) nounwind

ST_2: stg_82 [1/1] 0.00ns
codeRepl:10  call void (...)* @_ssdm_op_SpecInterface(i66* @flashDemux2setPathValue_V, [8 x i8]* @str1386, i32 0, i32 0, i32 0, i32 0, [1 x i8]* @str1387, [1 x i8]* @str1387, [8 x i8]* @str1386) nounwind

ST_2: stg_83 [1/1] 0.00ns
codeRepl:11  call void (...)* @_ssdm_op_SpecInterface(i66* @flashDemux2setPathValue_V, [8 x i8]* @str1382, i32 0, i32 0, i32 0, i32 0, [1 x i8]* @str1383, [1 x i8]* @str1383, [8 x i8]* @str1382) nounwind

ST_2: stg_84 [1/1] 0.00ns
codeRepl:12  call void (...)* @_ssdm_op_SpecInterface(i66* @flashDemux2setPathValue_V, [8 x i8]* @str1378, i32 0, i32 0, i32 0, i32 0, [1 x i8]* @str1379, [1 x i8]* @str1379, [8 x i8]* @str1378) nounwind

ST_2: stg_85 [1/1] 0.00ns
codeRepl:13  call void (...)* @_ssdm_op_SpecInterface(i256* @splitter2valueStoreFlash_V, [8 x i8]* @str1286, i32 0, i32 0, i32 0, i32 0, [1 x i8]* @str1287, [1 x i8]* @str1287, [8 x i8]* @str1286) nounwind

ST_2: stg_86 [1/1] 0.00ns
codeRepl:14  call void (...)* @_ssdm_op_SpecInterface(i256* @splitter2valueStoreFlash_V, [8 x i8]* @str1282, i32 0, i32 0, i32 0, i32 0, [1 x i8]* @str1283, [1 x i8]* @str1283, [8 x i8]* @str1282) nounwind

ST_2: stg_87 [1/1] 0.00ns
codeRepl:15  call void (...)* @_ssdm_op_SpecInterface(i256* @splitter2valueStoreFlash_V, [8 x i8]* @str1278, i32 0, i32 0, i32 0, i32 0, [1 x i8]* @str1279, [1 x i8]* @str1279, [8 x i8]* @str1278) nounwind

ST_2: stg_88 [1/1] 0.00ns
codeRepl:16  call void (...)* @_ssdm_op_SpecInterface(i256* @splitter2valueStoreFlash_V, [8 x i8]* @str1274, i32 0, i32 0, i32 0, i32 0, [1 x i8]* @str1275, [1 x i8]* @str1275, [8 x i8]* @str1274) nounwind

ST_2: stg_89 [1/1] 0.00ns
codeRepl:17  call void (...)* @_ssdm_op_SpecInterface(i256* @splitter2valueStoreFlash_V, [8 x i8]* @str1270, i32 0, i32 0, i32 0, i32 0, [1 x i8]* @str1271, [1 x i8]* @str1271, [8 x i8]* @str1270) nounwind

ST_2: stg_90 [1/1] 0.00ns
codeRepl:18  call void (...)* @_ssdm_op_SpecInterface(i256* @splitter2valueStoreFlash_V, [8 x i8]* @str1266, i32 0, i32 0, i32 0, i32 0, [1 x i8]* @str1267, [1 x i8]* @str1267, [8 x i8]* @str1266) nounwind

ST_2: stg_91 [1/1] 0.00ns
codeRepl:19  call void (...)* @_ssdm_op_SpecInterface(i256* @splitter2valueStoreFlash_V, [8 x i8]* @str1262, i32 0, i32 0, i32 0, i32 0, [1 x i8]* @str1263, [1 x i8]* @str1263, [8 x i8]* @str1262) nounwind

ST_2: stg_92 [1/1] 0.00ns
codeRepl:20  call void (...)* @_ssdm_op_SpecInterface(i32 0, [13 x i8]* @p_str90, i32 0, i32 0, i32 0, i32 0, [1 x i8]* @p_str191, [1 x i8]* @p_str191, [1 x i8]* @p_str191) nounwind

ST_2: stg_93 [1/1] 0.00ns
codeRepl:21  call void (...)* @_ssdm_op_SpecPipeline(i32 1, i32 2, i32 1, i32 0, [1 x i8]* @p_str191) nounwind

ST_2: flashDemuxValueLength_V_load [1/1] 0.00ns
codeRepl:24  %flashDemuxValueLength_V_load = load i16* @flashDemuxValueLength_V, align 2

ST_2: stg_95 [1/1] 2.91ns
:1  call void @_ssdm_op_Write.ap_fifo.volatile.i128P(i128* @flashMetadataBuffer_V, i128 %tmp_10312) nounwind

ST_2: stg_96 [1/1] 0.00ns
:4  br label %._crit_edge546

ST_2: stg_97 [1/1] 2.91ns
:0  call void @_ssdm_op_Write.ap_fifo.volatile.i64P(i64* @flashKeyBuffer_V_V, i64 %tmp_V) nounwind

ST_2: stg_98 [1/1] 0.00ns
:1  br label %._crit_edge547

ST_2: tmp_9 [1/1] 1.26ns
._crit_edge547:0  %tmp_9 = icmp ult i16 %flashDemuxValueLength_V_load, 9

ST_2: stg_100 [1/1] 0.89ns
._crit_edge547:1  br i1 %tmp_9, label %._crit_edge548, label %21

ST_2: tmp_5 [1/1] 1.36ns
:0  %tmp_5 = add i16 %flashDemuxValueLength_V_load, -8

ST_2: stg_102 [1/1] 0.89ns
:1  store i16 %tmp_5, i16* @flashDemuxValueLength_V, align 2

ST_2: stg_103 [1/1] 0.89ns
:2  br label %._crit_edge548

ST_2: tmp_EOP_V_3 [1/1] 0.00ns
._crit_edge548:0  %tmp_EOP_V_3 = phi i1 [ false, %21 ], [ true, %._crit_edge547 ]

ST_2: tmp_11323 [1/1] 0.00ns
:0  %tmp_11323 = call i66 @_ssdm_op_BitConcatenate.i66.i1.i1.i64(i1 %tmp_EOP_V_3, i1 false, i64 %setData_data_V_2)

ST_2: stg_106 [1/1] 2.91ns
:1  call void @_ssdm_op_Write.ap_fifo.volatile.i66P(i66* @flashDemux2setPathValue_V, i66 %tmp_11323) nounwind

ST_2: stg_107 [1/1] 0.00ns
:2  br label %._crit_edge549

ST_2: stg_108 [1/1] 0.00ns
:1  br label %._crit_edge550

ST_2: stg_109 [1/1] 0.00ns
._crit_edge550:0  br label %._crit_edge530

ST_2: stg_110 [1/1] 2.91ns
:1  call void @_ssdm_op_Write.ap_fifo.volatile.i128P(i128* @flashMetadataBuffer_V, i128 %tmp_8410) nounwind

ST_2: stg_111 [1/1] 0.00ns
:4  br label %._crit_edge543

ST_2: stg_112 [1/1] 2.91ns
:0  call void @_ssdm_op_Write.ap_fifo.volatile.i64P(i64* @flashKeyBuffer_V_V, i64 %tmp_V_1) nounwind

ST_2: stg_113 [1/1] 0.00ns
:1  br label %._crit_edge544

ST_2: stg_114 [1/1] 0.00ns
:1  br label %._crit_edge545

ST_2: stg_115 [1/1] 0.00ns
._crit_edge545:0  br label %._crit_edge542

ST_2: stg_116 [1/1] 0.00ns
._crit_edge542:0  br label %._crit_edge530

ST_2: tmp_4352 [1/1] 0.00ns
._crit_edge540:1  %tmp_4352 = call i128 @_ssdm_op_BitConcatenate.i128.i3.i1.i124(i3 %tmp_10, i1 true, i124 %p_Val2_s)

ST_2: stg_118 [1/1] 2.91ns
._crit_edge540:2  call void @_ssdm_op_Write.ap_fifo.volatile.i128P(i128* @flashMetadataBuffer_V, i128 %tmp_4352) nounwind

ST_2: tmp_5368 [1/1] 0.00ns
._crit_edge540:5  %tmp_5368 = call i48 @_ssdm_op_BitConcatenate.i48.i16.i32(i16 %setMd_length_V, i32 %setMd_address_V)

ST_2: stg_120 [1/1] 2.91ns
._crit_edge540:6  call void @_ssdm_op_Write.ap_fifo.volatile.i48P(i48* @flashDemux2setPathMetadata_V, i48 %tmp_5368) nounwind

ST_2: tmp_EOP_V_4 [1/1] 1.26ns
._crit_edge540:7  %tmp_EOP_V_4 = icmp ult i16 %setMd_length_V, 9

ST_2: tmp_11 [1/1] 1.36ns
._crit_edge540:8  %tmp_11 = add i16 %setMd_length_V, -8

ST_2: tmp_length_V_2 [1/1] 0.71ns
._crit_edge540:9  %tmp_length_V_2 = select i1 %tmp_EOP_V_4, i16 %setMd_length_V, i16 %tmp_11

ST_2: stg_124 [1/1] 0.89ns
._crit_edge540:10  store i16 %tmp_length_V_2, i16* @flashDemuxValueLength_V, align 2

ST_2: tmp_6373 [1/1] 0.00ns
._crit_edge540:11  %tmp_6373 = call i66 @_ssdm_op_BitConcatenate.i66.i1.i1.i64(i1 %tmp_EOP_V_4, i1 true, i64 %setData_data_V)

ST_2: stg_126 [1/1] 2.91ns
._crit_edge540:12  call void @_ssdm_op_Write.ap_fifo.volatile.i66P(i66* @flashDemux2setPathValue_V, i66 %tmp_6373) nounwind

ST_2: stg_127 [1/1] 2.91ns
:0  call void @_ssdm_op_Write.ap_fifo.volatile.i64P(i64* @flashKeyBuffer_V_V, i64 %tmp_V_2) nounwind

ST_2: stg_128 [1/1] 0.00ns
:1  br label %._crit_edge541

ST_2: stg_129 [1/1] 0.00ns
._crit_edge541:1  br label %._crit_edge539

ST_2: stg_130 [1/1] 0.00ns
._crit_edge539:0  br label %11

ST_2: tmp_2331 [1/1] 0.00ns
:1  %tmp_2331 = call i128 @_ssdm_op_BitConcatenate.i128.i3.i1.i124(i3 %tmp_7, i1 true, i124 %p_Val2_s)

ST_2: stg_132 [1/1] 2.91ns
:2  call void @_ssdm_op_Write.ap_fifo.volatile.i128P(i128* @flashMetadataBuffer_V, i128 %tmp_2331) nounwind

ST_2: tmp_3347 [1/1] 0.00ns
:5  %tmp_3347 = call i48 @_ssdm_op_BitConcatenate.i48.i16.i32(i16 %getMd_length_V, i32 %getMd_address_V)

ST_2: stg_134 [1/1] 2.91ns
:6  call void @_ssdm_op_Write.ap_fifo.volatile.i48P(i48* @flashDemux2getPath_V, i48 %tmp_3347) nounwind

ST_2: stg_135 [1/1] 2.91ns
:0  call void @_ssdm_op_Write.ap_fifo.volatile.i64P(i64* @flashKeyBuffer_V_V, i64 %tmp_V_2) nounwind

ST_2: stg_136 [1/1] 0.00ns
:1  br label %._crit_edge538

ST_2: stg_137 [1/1] 0.00ns
._crit_edge538:1  br label %11

ST_2: stg_138 [1/1] 0.00ns
:0  br label %12

ST_2: tmp_1301 [1/1] 0.00ns
._crit_edge533:1  %tmp_1301 = call i128 @_ssdm_op_BitConcatenate.i128.i3.i1.i124(i3 %tmp_4, i1 true, i124 %p_Val2_s)

ST_2: stg_140 [1/1] 2.91ns
._crit_edge533:2  call void @_ssdm_op_Write.ap_fifo.volatile.i128P(i128* @flashMetadataBuffer_V, i128 %tmp_1301) nounwind

ST_2: stg_141 [1/1] 2.91ns
:0  call void @_ssdm_op_Write.ap_fifo.volatile.i64P(i64* @flashKeyBuffer_V_V, i64 %tmp_V_2) nounwind

ST_2: stg_142 [1/1] 0.00ns
:1  br label %._crit_edge536

ST_2: stg_143 [1/1] 0.00ns
._crit_edge536:1  br label %12

ST_2: stg_144 [1/1] 0.00ns
:0  br label %._crit_edge532

ST_2: stg_145 [1/1] 0.00ns
._crit_edge532:0  br label %._crit_edge531

ST_2: stg_146 [1/1] 0.00ns
._crit_edge531:0  br label %._crit_edge530

ST_2: stg_147 [1/1] 0.00ns
._crit_edge530:0  ret void



============================================================
+ Verbose Summary: Binding
============================================================
N/A
* FSMD analyzer results:
  - Output states:
  - Chain level:
	State 1
	State 2


============================================================
+ Verbose Summary: Datapath Resource usage 
============================================================
N/A
