

================================================================
== Vivado HLS Report for 'memcachedPipeline'
================================================================
* Date:           Wed Oct 21 12:18:40 2020

* Version:        2015.1 (Build 1215546 on Mon Apr 27 19:24:50 PM 2015)
* Project:        memcachedPipeline_prj
* Solution:       solution1
* Product family: kintexu
* Target device:  xcku040-ffva1156-2-e


================================================================
== Performance Estimates
================================================================
+ Timing (ns): 
    * Summary: 
    +---------+-------+----------+------------+
    |  Clock  | Target| Estimated| Uncertainty|
    +---------+-------+----------+------------+
    |default  |   6.66|     11.23|        0.83|
    +---------+-------+----------+------------+

+ Latency (clock cycles): 
    * Summary: 
    +-----+-----+-----+-----+----------+
    |  Latency  |  Interval | Pipeline |
    | min | max | min | max |   Type   |
    +-----+-----+-----+-----+----------+
    |    5|    5|    1|    1| dataflow |
    +-----+-----+-----+-----+----------+

    + Detail: 
        * Instance: 
        N/A

        * Loop: 
        N/A



================================================================
== Utilization Estimates
================================================================
* Summary: 
+-----------------+---------+-------+--------+--------+
|       Name      | BRAM_18K| DSP48E|   FF   |   LUT  |
+-----------------+---------+-------+--------+--------+
|Expression       |        -|      -|       -|       -|
|FIFO             |        -|      -|       -|       -|
|Instance         |        -|      -|       -|       -|
|Memory           |        -|      -|       -|       -|
|Multiplexer      |        -|      -|       -|       -|
|Register         |        -|      -|       -|       -|
+-----------------+---------+-------+--------+--------+
|Total            |        0|      0|       0|       0|
+-----------------+---------+-------+--------+--------+
|Available        |     1200|   1920|  484800|  242400|
+-----------------+---------+-------+--------+--------+
|Utilization (%)  |        0|      0|       0|       0|
+-----------------+---------+-------+--------+--------+

+ Detail: 
    * Instance: 
    N/A

    * Memory: 
    N/A

    * FIFO: 
    N/A

    * Expression: 
    N/A

    * Multiplexer: 
    N/A

    * Register: 
    N/A



================================================================
== Interface
================================================================
* Summary: 
N/A

============================================================
+ Verbose Summary: Synthesis Manager
============================================================
InlineROM: 1
ExposeGlobal: 0
============================================================
+ Verbose Summary: CDFG Model
============================================================
IsTopModel: 1
ResetActiveHigh: 1
IsCombinational: 2
IsDatapathOnly: 0
HasWiredReturn: 1
HasMFsm: 0
HasVarLatency: 1
IsPipeline: 0
IsRtlPipelined: 0
IsInstanceOverlapped: 0
IsDontTouch: 0
HasImplIP: 0
IsGatedGlobalClock: 0


============================================================
+ Verbose Summary: Schedule
============================================================
* Number of FSM states: 44
* Pipeline: 0
* Dataflow Pipeline: 1
  DF-Pipeline-0: Size = 44, States = { 1 2 3 4 5 6 7 8 9 10 11 12 13 14 15 16 17 18 19 20 21 22 23 24 25 26 27 28 29 30 31 32 33 34 35 36 37 38 39 40 41 42 43 44 }

* FSM state transitions: 
1 --> 
	2  / true
2 --> 
	3  / true
3 --> 
	4  / true
4 --> 
	5  / true
5 --> 
	6  / true
6 --> 
	7  / true
7 --> 
	8  / true
8 --> 
	9  / true
9 --> 
	10  / true
10 --> 
	11  / true
11 --> 
	12  / true
12 --> 
	13  / true
13 --> 
	14  / true
14 --> 
	15  / true
15 --> 
	16  / true
16 --> 
	17  / true
17 --> 
	18  / true
18 --> 
	19  / true
19 --> 
	20  / true
20 --> 
	21  / true
21 --> 
	22  / true
22 --> 
	23  / true
23 --> 
	24  / true
24 --> 
	25  / true
25 --> 
	26  / true
26 --> 
	27  / true
27 --> 
	28  / true
28 --> 
	29  / true
29 --> 
	30  / true
30 --> 
	31  / true
31 --> 
	32  / true
32 --> 
	33  / true
33 --> 
	34  / true
34 --> 
	35  / true
35 --> 
	36  / true
36 --> 
	37  / true
37 --> 
	38  / true
38 --> 
	39  / true
39 --> 
	40  / true
40 --> 
	41  / true
41 --> 
	42  / true
42 --> 
	43  / true
43 --> 
	44  / true
44 --> 
* FSM state operations: 

 <State 1>: 9.52ns
ST_1: flushAck_V_read [2/2] 0.00ns
codeRepl:239  %flushAck_V_read = call i1 @_ssdm_op_Read.ap_none.i1(i1 %flushAck_V)

ST_1: stg_46 [2/2] 9.52ns
codeRepl:240  call fastcc void @memcachedPipeline_bp_f(i64* %inData_V_data_V, i112* %inData_V_user_V, i8* %inData_V_keep_V, i1* %inData_V_last_V)


 <State 2>: 0.00ns
ST_2: flushAck_V_read [1/2] 0.00ns
codeRepl:239  %flushAck_V_read = call i1 @_ssdm_op_Read.ap_none.i1(i1 %flushAck_V)

ST_2: stg_48 [1/2] 0.00ns
codeRepl:240  call fastcc void @memcachedPipeline_bp_f(i64* %inData_V_data_V, i112* %inData_V_user_V, i8* %inData_V_keep_V, i1* %inData_V_last_V)


 <State 3>: 0.00ns
ST_3: stg_49 [2/2] 0.00ns
codeRepl:241  call fastcc void @memcachedPipeline_bp_r() nounwind


 <State 4>: 0.00ns
ST_4: stg_50 [1/2] 0.00ns
codeRepl:241  call fastcc void @memcachedPipeline_bp_r() nounwind


 <State 5>: 0.00ns
ST_5: stg_51 [4/4] 0.00ns
codeRepl:242  call fastcc void @memcachedPipeline_ht_inputLogic() nounwind


 <State 6>: 0.00ns
ST_6: stg_52 [3/4] 0.00ns
codeRepl:242  call fastcc void @memcachedPipeline_ht_inputLogic() nounwind


 <State 7>: 0.00ns
ST_7: stg_53 [2/4] 0.00ns
codeRepl:242  call fastcc void @memcachedPipeline_ht_inputLogic() nounwind


 <State 8>: 0.00ns
ST_8: stg_54 [1/4] 0.00ns
codeRepl:242  call fastcc void @memcachedPipeline_ht_inputLogic() nounwind


 <State 9>: 0.00ns
ST_9: stg_55 [2/2] 0.00ns
codeRepl:243  call fastcc void @memcachedPipeline_hashKeyResizer() nounwind


 <State 10>: 0.00ns
ST_10: stg_56 [1/2] 0.00ns
codeRepl:243  call fastcc void @memcachedPipeline_hashKeyResizer() nounwind


 <State 11>: 0.00ns
ST_11: stg_57 [2/2] 0.00ns
codeRepl:244  call fastcc void @memcachedPipeline_bobj() nounwind


 <State 12>: 0.00ns
ST_12: stg_58 [1/2] 0.00ns
codeRepl:244  call fastcc void @memcachedPipeline_bobj() nounwind


 <State 13>: 0.00ns
ST_13: stg_59 [2/2] 0.00ns
codeRepl:245  call fastcc void @memcachedPipeline_concurrencyControl() nounwind


 <State 14>: 0.00ns
ST_14: stg_60 [1/2] 0.00ns
codeRepl:245  call fastcc void @memcachedPipeline_concurrencyControl() nounwind


 <State 15>: 0.00ns
ST_15: stg_61 [2/2] 0.00ns
codeRepl:246  call fastcc void @memcachedPipeline_memRead(i40* %hashTableMemRdCmd_V)


 <State 16>: 1.14ns
ST_16: stg_62 [1/2] 1.14ns
codeRepl:246  call fastcc void @memcachedPipeline_memRead(i40* %hashTableMemRdCmd_V)


 <State 17>: 2.03ns
ST_17: stg_63 [2/2] 2.03ns
codeRepl:247  call fastcc void @memcachedPipeline_ht_compare(i512* %hashTableMemRdData_V_V)


 <State 18>: 0.00ns
ST_18: stg_64 [1/2] 0.00ns
codeRepl:247  call fastcc void @memcachedPipeline_ht_compare(i512* %hashTableMemRdData_V_V)


 <State 19>: 0.00ns
ST_19: stg_65 [6/6] 0.00ns
codeRepl:248  call fastcc void @memcachedPipeline_memWrite(i40* %hashTableMemWrCmd_V, i512* %hashTableMemWrData_V_V, i32* %addressReturnOut_V_V, i32* %addressAssignDramIn_V_V, i32* %addressAssignFlashIn_V_V, i1* %flushReq_V, i1 %flushAck_V_read, i1* %flushDone_V)


 <State 20>: 0.00ns
ST_20: stg_66 [5/6] 0.00ns
codeRepl:248  call fastcc void @memcachedPipeline_memWrite(i40* %hashTableMemWrCmd_V, i512* %hashTableMemWrData_V_V, i32* %addressReturnOut_V_V, i32* %addressAssignDramIn_V_V, i32* %addressAssignFlashIn_V_V, i1* %flushReq_V, i1 %flushAck_V_read, i1* %flushDone_V)


 <State 21>: 0.00ns
ST_21: stg_67 [4/6] 0.00ns
codeRepl:248  call fastcc void @memcachedPipeline_memWrite(i40* %hashTableMemWrCmd_V, i512* %hashTableMemWrData_V_V, i32* %addressReturnOut_V_V, i32* %addressAssignDramIn_V_V, i32* %addressAssignFlashIn_V_V, i1* %flushReq_V, i1 %flushAck_V_read, i1* %flushDone_V)


 <State 22>: 0.00ns
ST_22: stg_68 [3/6] 0.00ns
codeRepl:248  call fastcc void @memcachedPipeline_memWrite(i40* %hashTableMemWrCmd_V, i512* %hashTableMemWrData_V_V, i32* %addressReturnOut_V_V, i32* %addressAssignDramIn_V_V, i32* %addressAssignFlashIn_V_V, i1* %flushReq_V, i1 %flushAck_V_read, i1* %flushDone_V)


 <State 23>: 0.00ns
ST_23: stg_69 [2/6] 0.00ns
codeRepl:248  call fastcc void @memcachedPipeline_memWrite(i40* %hashTableMemWrCmd_V, i512* %hashTableMemWrData_V_V, i32* %addressReturnOut_V_V, i32* %addressAssignDramIn_V_V, i32* %addressAssignFlashIn_V_V, i1* %flushReq_V, i1 %flushAck_V_read, i1* %flushDone_V)


 <State 24>: 5.67ns
ST_24: stg_70 [1/6] 5.67ns
codeRepl:248  call fastcc void @memcachedPipeline_memWrite(i40* %hashTableMemWrCmd_V, i512* %hashTableMemWrData_V_V, i32* %addressReturnOut_V_V, i32* %addressAssignDramIn_V_V, i32* %addressAssignFlashIn_V_V, i1* %flushReq_V, i1 %flushAck_V_read, i1* %flushDone_V)


 <State 25>: 0.00ns
ST_25: stg_71 [2/2] 0.00ns
codeRepl:249  call fastcc void @memcachedPipeline_ht_outputLogic() nounwind


 <State 26>: 0.00ns
ST_26: stg_72 [1/2] 0.00ns
codeRepl:249  call fastcc void @memcachedPipeline_ht_outputLogic() nounwind


 <State 27>: 0.00ns
ST_27: stg_73 [3/3] 0.00ns
codeRepl:250  call fastcc void @memcachedPipeline_splitter()


 <State 28>: 0.00ns
ST_28: stg_74 [2/3] 0.00ns
codeRepl:250  call fastcc void @memcachedPipeline_splitter()


 <State 29>: 0.00ns
ST_29: stg_75 [1/3] 0.00ns
codeRepl:250  call fastcc void @memcachedPipeline_splitter()


 <State 30>: 0.00ns
ST_30: stg_76 [2/2] 0.00ns
codeRepl:251  call fastcc void @memcachedPipeline_accessControl() nounwind


 <State 31>: 0.00ns
ST_31: stg_77 [1/2] 0.00ns
codeRepl:251  call fastcc void @memcachedPipeline_accessControl() nounwind


 <State 32>: 0.00ns
ST_32: stg_78 [2/2] 0.00ns
codeRepl:252  call fastcc void @memcachedPipeline_demux() nounwind

ST_32: stg_79 [2/2] 0.00ns
codeRepl:257  call fastcc void @memcachedPipeline_flashDemux() nounwind


 <State 33>: 0.00ns
ST_33: stg_80 [1/2] 0.00ns
codeRepl:252  call fastcc void @memcachedPipeline_demux() nounwind

ST_33: stg_81 [1/2] 0.00ns
codeRepl:257  call fastcc void @memcachedPipeline_flashDemux() nounwind


 <State 34>: 0.00ns
ST_34: stg_82 [2/2] 0.00ns
codeRepl:254  call fastcc void @memcachedPipeline_dispatch(i40* %dramValueStoreMemRdCmd_V)

ST_34: stg_83 [2/2] 0.00ns
codeRepl:259  call fastcc void @memcachedPipeline_flashDispatch(i48* %flashValueStoreMemRdCmd_V)


 <State 35>: 2.07ns
ST_35: stg_84 [1/2] 1.95ns
codeRepl:254  call fastcc void @memcachedPipeline_dispatch(i40* %dramValueStoreMemRdCmd_V)

ST_35: stg_85 [1/2] 2.07ns
codeRepl:259  call fastcc void @memcachedPipeline_flashDispatch(i48* %flashValueStoreMemRdCmd_V)


 <State 36>: 0.89ns
ST_36: stg_86 [2/2] 0.89ns
codeRepl:255  call fastcc void @memcachedPipeline_receive(i512* %dramValueStoreMemRdData_V_V)

ST_36: stg_87 [2/2] 0.00ns
codeRepl:260  call fastcc void @memcachedPipeline_flashReceiveNoFilter(i64* %flashValueStoreMemRdData_V_V)


 <State 37>: 0.00ns
ST_37: stg_88 [1/2] 0.00ns
codeRepl:255  call fastcc void @memcachedPipeline_receive(i512* %dramValueStoreMemRdData_V_V)

ST_37: stg_89 [1/2] 0.00ns
codeRepl:260  call fastcc void @memcachedPipeline_flashReceiveNoFilter(i64* %flashValueStoreMemRdData_V_V)


 <State 38>: 0.00ns
ST_38: stg_90 [2/2] 0.00ns
codeRepl:256  call fastcc void @memcachedPipeline_remux() nounwind

ST_38: stg_91 [2/2] 0.00ns
codeRepl:261  call fastcc void @memcachedPipeline_flashRemux() nounwind


 <State 39>: 0.00ns
ST_39: stg_92 [1/2] 0.00ns
codeRepl:256  call fastcc void @memcachedPipeline_remux() nounwind

ST_39: stg_93 [1/2] 0.00ns
codeRepl:261  call fastcc void @memcachedPipeline_flashRemux() nounwind


 <State 40>: 0.00ns
ST_40: stg_94 [2/2] 0.00ns
codeRepl:262  call fastcc void @memcachedPipeline_merger()


 <State 41>: 0.00ns
ST_41: stg_95 [1/2] 0.00ns
codeRepl:262  call fastcc void @memcachedPipeline_merger()


 <State 42>: 0.00ns
ST_42: stg_96 [1/1] 0.00ns
codeRepl:263  call fastcc void @memcachedPipeline_response_f() nounwind


 <State 43>: 0.00ns
ST_43: stg_97 [2/2] 0.00ns
codeRepl:253  call fastcc void @memcachedPipeline_setPath(i40* %dramValueStoreMemWrCmd_V, i512* %dramValueStoreMemWrData_V_V)

ST_43: stg_98 [2/2] 0.00ns
codeRepl:258  call fastcc void @memcachedPipeline_flashSetPathNoFilter(i48* %flashValueStoreMemWrCmd_V, i64* %flashValueStoreMemWrData_V_V)

ST_43: stg_99 [2/2] 0.00ns
codeRepl:264  call fastcc void @memcachedPipeline_response_r(i64* %outData_V_data_V, i112* %outData_V_user_V, i8* %outData_V_keep_V, i1* %outData_V_last_V)


 <State 44>: 5.43ns
ST_44: stg_100 [1/1] 0.00ns
codeRepl:0  call void (...)* @_ssdm_op_SpecDataflowPipeline(i32 -1, [1 x i8]* @p_str1) nounwind

ST_44: empty [1/1] 0.00ns
codeRepl:1  %empty = call i32 (...)* @_ssdm_op_SpecChannel([23 x i8]* @str1945, i32 1, [1 x i8]* @str1946, [1 x i8]* @str1946, i32 1, i32 1, i8* @comp2memWrStatus_V_bin, i8* @comp2memWrStatus_V_bin)

ST_44: stg_102 [1/1] 0.00ns
codeRepl:2  call void (...)* @_ssdm_op_SpecInterface(i8* @comp2memWrStatus_V_bin, [8 x i8]* @str1947, i32 0, i32 0, i32 0, i32 0, [1 x i8]* @str1948, [1 x i8]* @str1948, [8 x i8]* @str1947)

ST_44: stg_103 [1/1] 0.00ns
codeRepl:3  call void (...)* @_ssdm_op_SpecBitsMap(i40* %hashTableMemWrCmd_V), !map !7

ST_44: stg_104 [1/1] 0.00ns
codeRepl:4  call void (...)* @_ssdm_op_SpecBitsMap(i40* %hashTableMemRdCmd_V), !map !16

ST_44: stg_105 [1/1] 0.00ns
codeRepl:5  call void (...)* @_ssdm_op_SpecBitsMap(i48* %flashValueStoreMemWrCmd_V), !map !23

ST_44: stg_106 [1/1] 0.00ns
codeRepl:6  call void (...)* @_ssdm_op_SpecBitsMap(i48* %flashValueStoreMemRdCmd_V), !map !30

ST_44: stg_107 [1/1] 0.00ns
codeRepl:7  call void (...)* @_ssdm_op_SpecBitsMap(i40* %dramValueStoreMemWrCmd_V), !map !37

ST_44: stg_108 [1/1] 0.00ns
codeRepl:8  call void (...)* @_ssdm_op_SpecBitsMap(i40* %dramValueStoreMemRdCmd_V), !map !44

ST_44: stg_109 [1/1] 0.00ns
codeRepl:9  call void (...)* @_ssdm_op_SpecBitsMap(i64* %inData_V_data_V), !map !51

ST_44: stg_110 [1/1] 0.00ns
codeRepl:10  call void (...)* @_ssdm_op_SpecBitsMap(i112* %inData_V_user_V), !map !55

ST_44: stg_111 [1/1] 0.00ns
codeRepl:11  call void (...)* @_ssdm_op_SpecBitsMap(i8* %inData_V_keep_V), !map !59

ST_44: stg_112 [1/1] 0.00ns
codeRepl:12  call void (...)* @_ssdm_op_SpecBitsMap(i1* %inData_V_last_V), !map !63

ST_44: stg_113 [1/1] 0.00ns
codeRepl:13  call void (...)* @_ssdm_op_SpecBitsMap(i64* %outData_V_data_V), !map !67

ST_44: stg_114 [1/1] 0.00ns
codeRepl:14  call void (...)* @_ssdm_op_SpecBitsMap(i112* %outData_V_user_V), !map !71

ST_44: stg_115 [1/1] 0.00ns
codeRepl:15  call void (...)* @_ssdm_op_SpecBitsMap(i8* %outData_V_keep_V), !map !75

ST_44: stg_116 [1/1] 0.00ns
codeRepl:16  call void (...)* @_ssdm_op_SpecBitsMap(i1* %outData_V_last_V), !map !79

ST_44: stg_117 [1/1] 0.00ns
codeRepl:17  call void (...)* @_ssdm_op_SpecBitsMap(i512* %dramValueStoreMemRdData_V_V), !map !83

ST_44: stg_118 [1/1] 0.00ns
codeRepl:18  call void (...)* @_ssdm_op_SpecBitsMap(i512* %dramValueStoreMemWrData_V_V), !map !87

ST_44: stg_119 [1/1] 0.00ns
codeRepl:19  call void (...)* @_ssdm_op_SpecBitsMap(i64* %flashValueStoreMemRdData_V_V), !map !91

ST_44: stg_120 [1/1] 0.00ns
codeRepl:20  call void (...)* @_ssdm_op_SpecBitsMap(i64* %flashValueStoreMemWrData_V_V), !map !95

ST_44: stg_121 [1/1] 0.00ns
codeRepl:21  call void (...)* @_ssdm_op_SpecBitsMap(i512* %hashTableMemRdData_V_V), !map !99

ST_44: stg_122 [1/1] 0.00ns
codeRepl:22  call void (...)* @_ssdm_op_SpecBitsMap(i512* %hashTableMemWrData_V_V), !map !103

ST_44: stg_123 [1/1] 0.00ns
codeRepl:23  call void (...)* @_ssdm_op_SpecBitsMap(i32* %addressReturnOut_V_V), !map !107

ST_44: stg_124 [1/1] 0.00ns
codeRepl:24  call void (...)* @_ssdm_op_SpecBitsMap(i32* %addressAssignDramIn_V_V), !map !111

ST_44: stg_125 [1/1] 0.00ns
codeRepl:25  call void (...)* @_ssdm_op_SpecBitsMap(i32* %addressAssignFlashIn_V_V), !map !115

ST_44: stg_126 [1/1] 0.00ns
codeRepl:26  call void (...)* @_ssdm_op_SpecBitsMap(i1* %flushReq_V), !map !119

ST_44: stg_127 [1/1] 0.00ns
codeRepl:27  call void (...)* @_ssdm_op_SpecBitsMap(i1 %flushAck_V), !map !123

ST_44: stg_128 [1/1] 0.00ns
codeRepl:28  call void (...)* @_ssdm_op_SpecBitsMap(i1* %flushDone_V), !map !129

ST_44: stg_129 [1/1] 0.00ns
codeRepl:29  call void (...)* @_ssdm_op_SpecInterface(i256* @requestParser2hashTable_V, [8 x i8]* @str1178, i32 0, i32 0, i32 0, i32 0, [1 x i8]* @str1179, [1 x i8]* @str1179, [8 x i8]* @str1178) nounwind

ST_44: stg_130 [1/1] 0.00ns
codeRepl:30  call void (...)* @_ssdm_op_SpecInterface(i256* @requestParser2hashTable_V, [8 x i8]* @str1182, i32 0, i32 0, i32 0, i32 0, [1 x i8]* @str1183, [1 x i8]* @str1183, [8 x i8]* @str1182) nounwind

ST_44: stg_131 [1/1] 0.00ns
codeRepl:31  call void (...)* @_ssdm_op_SpecInterface(i256* @requestParser2hashTable_V, [8 x i8]* @str1186, i32 0, i32 0, i32 0, i32 0, [1 x i8]* @str1187, [1 x i8]* @str1187, [8 x i8]* @str1186) nounwind

ST_44: stg_132 [1/1] 0.00ns
codeRepl:32  call void (...)* @_ssdm_op_SpecInterface(i256* @requestParser2hashTable_V, [8 x i8]* @str1190, i32 0, i32 0, i32 0, i32 0, [1 x i8]* @str1191, [1 x i8]* @str1191, [8 x i8]* @str1190) nounwind

ST_44: stg_133 [1/1] 0.00ns
codeRepl:33  call void (...)* @_ssdm_op_SpecInterface(i256* @requestParser2hashTable_V, [8 x i8]* @str1194, i32 0, i32 0, i32 0, i32 0, [1 x i8]* @str1195, [1 x i8]* @str1195, [8 x i8]* @str1194) nounwind

ST_44: stg_134 [1/1] 0.00ns
codeRepl:34  call void (...)* @_ssdm_op_SpecInterface(i256* @requestParser2hashTable_V, [8 x i8]* @str1198, i32 0, i32 0, i32 0, i32 0, [1 x i8]* @str1199, [1 x i8]* @str1199, [8 x i8]* @str1198) nounwind

ST_44: empty_396 [1/1] 0.00ns
codeRepl:35  %empty_396 = call i32 (...)* @_ssdm_op_SpecChannel([32 x i8]* @str1200, i32 1, [1 x i8]* @str1201, [1 x i8]* @str1201, i32 16, i32 16, i256* @requestParser2hashTable_V, i256* @requestParser2hashTable_V)

ST_44: stg_136 [1/1] 0.00ns
codeRepl:36  call void (...)* @_ssdm_op_SpecInterface(i256* @requestParser2hashTable_V, [8 x i8]* @str1202, i32 0, i32 0, i32 0, i32 0, [1 x i8]* @str1203, [1 x i8]* @str1203, [8 x i8]* @str1202) nounwind

ST_44: stg_137 [1/1] 0.00ns
codeRepl:37  call void (...)* @_ssdm_op_SpecInterface(i256* @hashTable2splitter_V, [8 x i8]* @str1206, i32 0, i32 0, i32 0, i32 0, [1 x i8]* @str1207, [1 x i8]* @str1207, [8 x i8]* @str1206) nounwind

ST_44: stg_138 [1/1] 0.00ns
codeRepl:38  call void (...)* @_ssdm_op_SpecInterface(i256* @hashTable2splitter_V, [8 x i8]* @str1210, i32 0, i32 0, i32 0, i32 0, [1 x i8]* @str1211, [1 x i8]* @str1211, [8 x i8]* @str1210) nounwind

ST_44: stg_139 [1/1] 0.00ns
codeRepl:39  call void (...)* @_ssdm_op_SpecInterface(i256* @hashTable2splitter_V, [8 x i8]* @str1214, i32 0, i32 0, i32 0, i32 0, [1 x i8]* @str1215, [1 x i8]* @str1215, [8 x i8]* @str1214) nounwind

ST_44: stg_140 [1/1] 0.00ns
codeRepl:40  call void (...)* @_ssdm_op_SpecInterface(i256* @hashTable2splitter_V, [8 x i8]* @str1218, i32 0, i32 0, i32 0, i32 0, [1 x i8]* @str1219, [1 x i8]* @str1219, [8 x i8]* @str1218) nounwind

ST_44: stg_141 [1/1] 0.00ns
codeRepl:41  call void (...)* @_ssdm_op_SpecInterface(i256* @hashTable2splitter_V, [8 x i8]* @str1222, i32 0, i32 0, i32 0, i32 0, [1 x i8]* @str1223, [1 x i8]* @str1223, [8 x i8]* @str1222) nounwind

ST_44: stg_142 [1/1] 0.00ns
codeRepl:42  call void (...)* @_ssdm_op_SpecInterface(i256* @hashTable2splitter_V, [8 x i8]* @str1226, i32 0, i32 0, i32 0, i32 0, [1 x i8]* @str1227, [1 x i8]* @str1227, [8 x i8]* @str1226) nounwind

ST_44: empty_397 [1/1] 0.00ns
codeRepl:43  %empty_397 = call i32 (...)* @_ssdm_op_SpecChannel([27 x i8]* @str1228, i32 1, [1 x i8]* @str1229, [1 x i8]* @str1229, i32 16, i32 16, i256* @hashTable2splitter_V, i256* @hashTable2splitter_V)

ST_44: stg_144 [1/1] 0.00ns
codeRepl:44  call void (...)* @_ssdm_op_SpecInterface(i256* @hashTable2splitter_V, [8 x i8]* @str1230, i32 0, i32 0, i32 0, i32 0, [1 x i8]* @str1231, [1 x i8]* @str1231, [8 x i8]* @str1230) nounwind

ST_44: stg_145 [1/1] 0.00ns
codeRepl:45  call void (...)* @_ssdm_op_SpecInterface(i256* @merger2responseFormatter_V, [8 x i8]* @str1234, i32 0, i32 0, i32 0, i32 0, [1 x i8]* @str1235, [1 x i8]* @str1235, [8 x i8]* @str1234) nounwind

ST_44: stg_146 [1/1] 0.00ns
codeRepl:46  call void (...)* @_ssdm_op_SpecInterface(i256* @merger2responseFormatter_V, [8 x i8]* @str1238, i32 0, i32 0, i32 0, i32 0, [1 x i8]* @str1239, [1 x i8]* @str1239, [8 x i8]* @str1238) nounwind

ST_44: stg_147 [1/1] 0.00ns
codeRepl:47  call void (...)* @_ssdm_op_SpecInterface(i256* @merger2responseFormatter_V, [8 x i8]* @str1242, i32 0, i32 0, i32 0, i32 0, [1 x i8]* @str1243, [1 x i8]* @str1243, [8 x i8]* @str1242) nounwind

ST_44: stg_148 [1/1] 0.00ns
codeRepl:48  call void (...)* @_ssdm_op_SpecInterface(i256* @merger2responseFormatter_V, [8 x i8]* @str1246, i32 0, i32 0, i32 0, i32 0, [1 x i8]* @str1247, [1 x i8]* @str1247, [8 x i8]* @str1246) nounwind

ST_44: stg_149 [1/1] 0.00ns
codeRepl:49  call void (...)* @_ssdm_op_SpecInterface(i256* @merger2responseFormatter_V, [8 x i8]* @str1250, i32 0, i32 0, i32 0, i32 0, [1 x i8]* @str1251, [1 x i8]* @str1251, [8 x i8]* @str1250) nounwind

ST_44: stg_150 [1/1] 0.00ns
codeRepl:50  call void (...)* @_ssdm_op_SpecInterface(i256* @merger2responseFormatter_V, [8 x i8]* @str1254, i32 0, i32 0, i32 0, i32 0, [1 x i8]* @str1255, [1 x i8]* @str1255, [8 x i8]* @str1254) nounwind

ST_44: empty_398 [1/1] 0.00ns
codeRepl:51  %empty_398 = call i32 (...)* @_ssdm_op_SpecChannel([33 x i8]* @str1256, i32 1, [1 x i8]* @str1257, [1 x i8]* @str1257, i32 16, i32 16, i256* @merger2responseFormatter_V, i256* @merger2responseFormatter_V)

ST_44: stg_152 [1/1] 0.00ns
codeRepl:52  call void (...)* @_ssdm_op_SpecInterface(i256* @merger2responseFormatter_V, [8 x i8]* @str1258, i32 0, i32 0, i32 0, i32 0, [1 x i8]* @str1259, [1 x i8]* @str1259, [8 x i8]* @str1258) nounwind

ST_44: stg_153 [1/1] 0.00ns
codeRepl:53  call void (...)* @_ssdm_op_SpecInterface(i256* @splitter2valueStoreFlash_V, [8 x i8]* @str1262, i32 0, i32 0, i32 0, i32 0, [1 x i8]* @str1263, [1 x i8]* @str1263, [8 x i8]* @str1262) nounwind

ST_44: stg_154 [1/1] 0.00ns
codeRepl:54  call void (...)* @_ssdm_op_SpecInterface(i256* @splitter2valueStoreFlash_V, [8 x i8]* @str1266, i32 0, i32 0, i32 0, i32 0, [1 x i8]* @str1267, [1 x i8]* @str1267, [8 x i8]* @str1266) nounwind

ST_44: stg_155 [1/1] 0.00ns
codeRepl:55  call void (...)* @_ssdm_op_SpecInterface(i256* @splitter2valueStoreFlash_V, [8 x i8]* @str1270, i32 0, i32 0, i32 0, i32 0, [1 x i8]* @str1271, [1 x i8]* @str1271, [8 x i8]* @str1270) nounwind

ST_44: stg_156 [1/1] 0.00ns
codeRepl:56  call void (...)* @_ssdm_op_SpecInterface(i256* @splitter2valueStoreFlash_V, [8 x i8]* @str1274, i32 0, i32 0, i32 0, i32 0, [1 x i8]* @str1275, [1 x i8]* @str1275, [8 x i8]* @str1274) nounwind

ST_44: stg_157 [1/1] 0.00ns
codeRepl:57  call void (...)* @_ssdm_op_SpecInterface(i256* @splitter2valueStoreFlash_V, [8 x i8]* @str1278, i32 0, i32 0, i32 0, i32 0, [1 x i8]* @str1279, [1 x i8]* @str1279, [8 x i8]* @str1278) nounwind

ST_44: stg_158 [1/1] 0.00ns
codeRepl:58  call void (...)* @_ssdm_op_SpecInterface(i256* @splitter2valueStoreFlash_V, [8 x i8]* @str1282, i32 0, i32 0, i32 0, i32 0, [1 x i8]* @str1283, [1 x i8]* @str1283, [8 x i8]* @str1282) nounwind

ST_44: empty_399 [1/1] 0.00ns
codeRepl:59  %empty_399 = call i32 (...)* @_ssdm_op_SpecChannel([33 x i8]* @str1284, i32 1, [1 x i8]* @str1285, [1 x i8]* @str1285, i32 16, i32 16, i256* @splitter2valueStoreFlash_V, i256* @splitter2valueStoreFlash_V)

ST_44: stg_160 [1/1] 0.00ns
codeRepl:60  call void (...)* @_ssdm_op_SpecInterface(i256* @splitter2valueStoreFlash_V, [8 x i8]* @str1286, i32 0, i32 0, i32 0, i32 0, [1 x i8]* @str1287, [1 x i8]* @str1287, [8 x i8]* @str1286) nounwind

ST_44: stg_161 [1/1] 0.00ns
codeRepl:61  call void (...)* @_ssdm_op_SpecInterface(i256* @splitter2valueStoreDram_V, [8 x i8]* @str1290, i32 0, i32 0, i32 0, i32 0, [1 x i8]* @str1291, [1 x i8]* @str1291, [8 x i8]* @str1290) nounwind

ST_44: stg_162 [1/1] 0.00ns
codeRepl:62  call void (...)* @_ssdm_op_SpecInterface(i256* @splitter2valueStoreDram_V, [8 x i8]* @str1294, i32 0, i32 0, i32 0, i32 0, [1 x i8]* @str1295, [1 x i8]* @str1295, [8 x i8]* @str1294) nounwind

ST_44: stg_163 [1/1] 0.00ns
codeRepl:63  call void (...)* @_ssdm_op_SpecInterface(i256* @splitter2valueStoreDram_V, [8 x i8]* @str1298, i32 0, i32 0, i32 0, i32 0, [1 x i8]* @str1299, [1 x i8]* @str1299, [8 x i8]* @str1298) nounwind

ST_44: stg_164 [1/1] 0.00ns
codeRepl:64  call void (...)* @_ssdm_op_SpecInterface(i256* @splitter2valueStoreDram_V, [8 x i8]* @str1302, i32 0, i32 0, i32 0, i32 0, [1 x i8]* @str1303, [1 x i8]* @str1303, [8 x i8]* @str1302) nounwind

ST_44: stg_165 [1/1] 0.00ns
codeRepl:65  call void (...)* @_ssdm_op_SpecInterface(i256* @splitter2valueStoreDram_V, [8 x i8]* @str1306, i32 0, i32 0, i32 0, i32 0, [1 x i8]* @str1307, [1 x i8]* @str1307, [8 x i8]* @str1306) nounwind

ST_44: stg_166 [1/1] 0.00ns
codeRepl:66  call void (...)* @_ssdm_op_SpecInterface(i256* @splitter2valueStoreDram_V, [8 x i8]* @str1310, i32 0, i32 0, i32 0, i32 0, [1 x i8]* @str1311, [1 x i8]* @str1311, [8 x i8]* @str1310) nounwind

ST_44: empty_400 [1/1] 0.00ns
codeRepl:67  %empty_400 = call i32 (...)* @_ssdm_op_SpecChannel([32 x i8]* @str1312, i32 1, [1 x i8]* @str1313, [1 x i8]* @str1313, i32 16, i32 16, i256* @splitter2valueStoreDram_V, i256* @splitter2valueStoreDram_V)

ST_44: stg_168 [1/1] 0.00ns
codeRepl:68  call void (...)* @_ssdm_op_SpecInterface(i256* @splitter2valueStoreDram_V, [8 x i8]* @str1314, i32 0, i32 0, i32 0, i32 0, [1 x i8]* @str1315, [1 x i8]* @str1315, [8 x i8]* @str1314) nounwind

ST_44: stg_169 [1/1] 0.00ns
codeRepl:69  call void (...)* @_ssdm_op_SpecInterface(i256* @valueStoreFlash2merger_V, [8 x i8]* @str1318, i32 0, i32 0, i32 0, i32 0, [1 x i8]* @str1319, [1 x i8]* @str1319, [8 x i8]* @str1318) nounwind

ST_44: stg_170 [1/1] 0.00ns
codeRepl:70  call void (...)* @_ssdm_op_SpecInterface(i256* @valueStoreFlash2merger_V, [8 x i8]* @str1322, i32 0, i32 0, i32 0, i32 0, [1 x i8]* @str1323, [1 x i8]* @str1323, [8 x i8]* @str1322) nounwind

ST_44: stg_171 [1/1] 0.00ns
codeRepl:71  call void (...)* @_ssdm_op_SpecInterface(i256* @valueStoreFlash2merger_V, [8 x i8]* @str1326, i32 0, i32 0, i32 0, i32 0, [1 x i8]* @str1327, [1 x i8]* @str1327, [8 x i8]* @str1326) nounwind

ST_44: stg_172 [1/1] 0.00ns
codeRepl:72  call void (...)* @_ssdm_op_SpecInterface(i256* @valueStoreFlash2merger_V, [8 x i8]* @str1330, i32 0, i32 0, i32 0, i32 0, [1 x i8]* @str1331, [1 x i8]* @str1331, [8 x i8]* @str1330) nounwind

ST_44: stg_173 [1/1] 0.00ns
codeRepl:73  call void (...)* @_ssdm_op_SpecInterface(i256* @valueStoreFlash2merger_V, [8 x i8]* @str1334, i32 0, i32 0, i32 0, i32 0, [1 x i8]* @str1335, [1 x i8]* @str1335, [8 x i8]* @str1334) nounwind

ST_44: stg_174 [1/1] 0.00ns
codeRepl:74  call void (...)* @_ssdm_op_SpecInterface(i256* @valueStoreFlash2merger_V, [8 x i8]* @str1338, i32 0, i32 0, i32 0, i32 0, [1 x i8]* @str1339, [1 x i8]* @str1339, [8 x i8]* @str1338) nounwind

ST_44: empty_401 [1/1] 0.00ns
codeRepl:75  %empty_401 = call i32 (...)* @_ssdm_op_SpecChannel([31 x i8]* @str1340, i32 1, [1 x i8]* @str1341, [1 x i8]* @str1341, i32 16, i32 16, i256* @valueStoreFlash2merger_V, i256* @valueStoreFlash2merger_V)

ST_44: stg_176 [1/1] 0.00ns
codeRepl:76  call void (...)* @_ssdm_op_SpecInterface(i256* @valueStoreFlash2merger_V, [8 x i8]* @str1342, i32 0, i32 0, i32 0, i32 0, [1 x i8]* @str1343, [1 x i8]* @str1343, [8 x i8]* @str1342) nounwind

ST_44: stg_177 [1/1] 0.00ns
codeRepl:77  call void (...)* @_ssdm_op_SpecInterface(i256* @valueStoreDram2merger_V, [8 x i8]* @str1346, i32 0, i32 0, i32 0, i32 0, [1 x i8]* @str1347, [1 x i8]* @str1347, [8 x i8]* @str1346) nounwind

ST_44: stg_178 [1/1] 0.00ns
codeRepl:78  call void (...)* @_ssdm_op_SpecInterface(i256* @valueStoreDram2merger_V, [8 x i8]* @str1350, i32 0, i32 0, i32 0, i32 0, [1 x i8]* @str1351, [1 x i8]* @str1351, [8 x i8]* @str1350) nounwind

ST_44: stg_179 [1/1] 0.00ns
codeRepl:79  call void (...)* @_ssdm_op_SpecInterface(i256* @valueStoreDram2merger_V, [8 x i8]* @str1354, i32 0, i32 0, i32 0, i32 0, [1 x i8]* @str1355, [1 x i8]* @str1355, [8 x i8]* @str1354) nounwind

ST_44: stg_180 [1/1] 0.00ns
codeRepl:80  call void (...)* @_ssdm_op_SpecInterface(i256* @valueStoreDram2merger_V, [8 x i8]* @str1358, i32 0, i32 0, i32 0, i32 0, [1 x i8]* @str1359, [1 x i8]* @str1359, [8 x i8]* @str1358) nounwind

ST_44: stg_181 [1/1] 0.00ns
codeRepl:81  call void (...)* @_ssdm_op_SpecInterface(i256* @valueStoreDram2merger_V, [8 x i8]* @str1362, i32 0, i32 0, i32 0, i32 0, [1 x i8]* @str1363, [1 x i8]* @str1363, [8 x i8]* @str1362) nounwind

ST_44: stg_182 [1/1] 0.00ns
codeRepl:82  call void (...)* @_ssdm_op_SpecInterface(i256* @valueStoreDram2merger_V, [8 x i8]* @str1366, i32 0, i32 0, i32 0, i32 0, [1 x i8]* @str1367, [1 x i8]* @str1367, [8 x i8]* @str1366) nounwind

ST_44: empty_402 [1/1] 0.00ns
codeRepl:83  %empty_402 = call i32 (...)* @_ssdm_op_SpecChannel([30 x i8]* @str1368, i32 1, [1 x i8]* @str1369, [1 x i8]* @str1369, i32 16, i32 16, i256* @valueStoreDram2merger_V, i256* @valueStoreDram2merger_V)

ST_44: stg_184 [1/1] 0.00ns
codeRepl:84  call void (...)* @_ssdm_op_SpecInterface(i256* @valueStoreDram2merger_V, [8 x i8]* @str1370, i32 0, i32 0, i32 0, i32 0, [1 x i8]* @str1371, [1 x i8]* @str1371, [8 x i8]* @str1370) nounwind

ST_44: empty_403 [1/1] 0.00ns
codeRepl:85  %empty_403 = call i32 (...)* @_ssdm_op_SpecChannel([19 x i8]* @str1372, i32 1, [1 x i8]* @str1373, [1 x i8]* @str1373, i32 16, i32 16, i16* @flash_Disp2rec_V_V, i16* @flash_Disp2rec_V_V)

ST_44: stg_186 [1/1] 0.00ns
codeRepl:86  call void (...)* @_ssdm_op_SpecInterface(i16* @flash_Disp2rec_V_V, [8 x i8]* @str1374, i32 0, i32 0, i32 0, i32 0, [1 x i8]* @str1375, [1 x i8]* @str1375, [8 x i8]* @str1374)

ST_44: stg_187 [1/1] 0.00ns
codeRepl:87  call void (...)* @_ssdm_op_SpecInterface(i66* @flashDemux2setPathValue_V, [8 x i8]* @str1378, i32 0, i32 0, i32 0, i32 0, [1 x i8]* @str1379, [1 x i8]* @str1379, [8 x i8]* @str1378) nounwind

ST_44: stg_188 [1/1] 0.00ns
codeRepl:88  call void (...)* @_ssdm_op_SpecInterface(i66* @flashDemux2setPathValue_V, [8 x i8]* @str1382, i32 0, i32 0, i32 0, i32 0, [1 x i8]* @str1383, [1 x i8]* @str1383, [8 x i8]* @str1382) nounwind

ST_44: empty_404 [1/1] 0.00ns
codeRepl:89  %empty_404 = call i32 (...)* @_ssdm_op_SpecChannel([32 x i8]* @str1384, i32 1, [1 x i8]* @str1385, [1 x i8]* @str1385, i32 96, i32 96, i66* @flashDemux2setPathValue_V, i66* @flashDemux2setPathValue_V)

ST_44: stg_190 [1/1] 0.00ns
codeRepl:90  call void (...)* @_ssdm_op_SpecInterface(i66* @flashDemux2setPathValue_V, [8 x i8]* @str1386, i32 0, i32 0, i32 0, i32 0, [1 x i8]* @str1387, [1 x i8]* @str1387, [8 x i8]* @str1386) nounwind

ST_44: empty_405 [1/1] 0.00ns
codeRepl:91  %empty_405 = call i32 (...)* @_ssdm_op_SpecChannel([23 x i8]* @str1388, i32 1, [1 x i8]* @str1389, [1 x i8]* @str1389, i32 96, i32 96, i64* @flashGetPath2remux_V_V, i64* @flashGetPath2remux_V_V)

ST_44: stg_192 [1/1] 0.00ns
codeRepl:92  call void (...)* @_ssdm_op_SpecInterface(i64* @flashGetPath2remux_V_V, [8 x i8]* @str1390, i32 0, i32 0, i32 0, i32 0, [1 x i8]* @str1391, [1 x i8]* @str1391, [8 x i8]* @str1390)

ST_44: stg_193 [1/1] 0.00ns
codeRepl:93  call void (...)* @_ssdm_op_SpecInterface(i48* @flashDemux2setPathMetadata_V, [8 x i8]* @str1394, i32 0, i32 0, i32 0, i32 0, [1 x i8]* @str1395, [1 x i8]* @str1395, [8 x i8]* @str1394) nounwind

ST_44: empty_406 [1/1] 0.00ns
codeRepl:94  %empty_406 = call i32 (...)* @_ssdm_op_SpecChannel([38 x i8]* @str1396, i32 1, [1 x i8]* @str1397, [1 x i8]* @str1397, i32 16, i32 16, i48* @flashDemux2setPathMetadata_V, i48* @flashDemux2setPathMetadata_V)

ST_44: stg_195 [1/1] 0.00ns
codeRepl:95  call void (...)* @_ssdm_op_SpecInterface(i48* @flashDemux2setPathMetadata_V, [8 x i8]* @str1398, i32 0, i32 0, i32 0, i32 0, [1 x i8]* @str1399, [1 x i8]* @str1399, [8 x i8]* @str1398) nounwind

ST_44: stg_196 [1/1] 0.00ns
codeRepl:96  call void (...)* @_ssdm_op_SpecInterface(i48* @flashDemux2getPath_V, [8 x i8]* @str1402, i32 0, i32 0, i32 0, i32 0, [1 x i8]* @str1403, [1 x i8]* @str1403, [8 x i8]* @str1402) nounwind

ST_44: empty_407 [1/1] 0.00ns
codeRepl:97  %empty_407 = call i32 (...)* @_ssdm_op_SpecChannel([30 x i8]* @str1404, i32 1, [1 x i8]* @str1405, [1 x i8]* @str1405, i32 16, i32 16, i48* @flashDemux2getPath_V, i48* @flashDemux2getPath_V)

ST_44: stg_198 [1/1] 0.00ns
codeRepl:98  call void (...)* @_ssdm_op_SpecInterface(i48* @flashDemux2getPath_V, [8 x i8]* @str1406, i32 0, i32 0, i32 0, i32 0, [1 x i8]* @str1407, [1 x i8]* @str1407, [8 x i8]* @str1406) nounwind

ST_44: stg_199 [1/1] 0.00ns
codeRepl:99  call void (...)* @_ssdm_op_SpecInterface(i128* @flashMetadataBuffer_V, [8 x i8]* @str1410, i32 0, i32 0, i32 0, i32 0, [1 x i8]* @str1411, [1 x i8]* @str1411, [8 x i8]* @str1410) nounwind

ST_44: stg_200 [1/1] 0.00ns
codeRepl:100  call void (...)* @_ssdm_op_SpecInterface(i128* @flashMetadataBuffer_V, [8 x i8]* @str1414, i32 0, i32 0, i32 0, i32 0, [1 x i8]* @str1415, [1 x i8]* @str1415, [8 x i8]* @str1414) nounwind

ST_44: stg_201 [1/1] 0.00ns
codeRepl:101  call void (...)* @_ssdm_op_SpecInterface(i128* @flashMetadataBuffer_V, [8 x i8]* @str1418, i32 0, i32 0, i32 0, i32 0, [1 x i8]* @str1419, [1 x i8]* @str1419, [8 x i8]* @str1418) nounwind

ST_44: stg_202 [1/1] 0.00ns
codeRepl:102  call void (...)* @_ssdm_op_SpecInterface(i128* @flashMetadataBuffer_V, [8 x i8]* @str1422, i32 0, i32 0, i32 0, i32 0, [1 x i8]* @str1423, [1 x i8]* @str1423, [8 x i8]* @str1422) nounwind

ST_44: empty_408 [1/1] 0.00ns
codeRepl:103  %empty_408 = call i32 (...)* @_ssdm_op_SpecChannel([28 x i8]* @str1424, i32 1, [1 x i8]* @str1425, [1 x i8]* @str1425, i32 24, i32 24, i128* @flashMetadataBuffer_V, i128* @flashMetadataBuffer_V)

ST_44: stg_204 [1/1] 0.00ns
codeRepl:104  call void (...)* @_ssdm_op_SpecInterface(i128* @flashMetadataBuffer_V, [8 x i8]* @str1426, i32 0, i32 0, i32 0, i32 0, [1 x i8]* @str1427, [1 x i8]* @str1427, [8 x i8]* @str1426) nounwind

ST_44: empty_409 [1/1] 0.00ns
codeRepl:105  %empty_409 = call i32 (...)* @_ssdm_op_SpecChannel([19 x i8]* @str1428, i32 1, [1 x i8]* @str1429, [1 x i8]* @str1429, i32 48, i32 48, i64* @flashKeyBuffer_V_V, i64* @flashKeyBuffer_V_V)

ST_44: stg_206 [1/1] 0.00ns
codeRepl:106  call void (...)* @_ssdm_op_SpecInterface(i64* @flashKeyBuffer_V_V, [8 x i8]* @str1430, i32 0, i32 0, i32 0, i32 0, [1 x i8]* @str1431, [1 x i8]* @str1431, [8 x i8]* @str1430)

ST_44: stg_207 [1/1] 0.00ns
codeRepl:107  call void (...)* @_ssdm_op_SpecInterface(i2* @filterSeq_V_V, [8 x i8]* @str1434, i32 0, i32 0, i32 0, i32 0, [1 x i8]* @str1435, [1 x i8]* @str1435, [8 x i8]* @str1434)

ST_44: empty_410 [1/1] 0.00ns
codeRepl:108  %empty_410 = call i32 (...)* @_ssdm_op_SpecChannel([13 x i8]* @str1436, i32 1, [1 x i8]* @str1437, [1 x i8]* @str1437, i32 16, i32 16, i12* @disp2rec_V_V, i12* @disp2rec_V_V)

ST_44: stg_209 [1/1] 0.00ns
codeRepl:109  call void (...)* @_ssdm_op_SpecInterface(i12* @disp2rec_V_V, [8 x i8]* @str1438, i32 0, i32 0, i32 0, i32 0, [1 x i8]* @str1439, [1 x i8]* @str1439, [8 x i8]* @str1438)

ST_44: stg_210 [1/1] 0.00ns
codeRepl:110  call void (...)* @_ssdm_op_SpecInterface(i66* @demux2setPathValue_V, [8 x i8]* @str1442, i32 0, i32 0, i32 0, i32 0, [1 x i8]* @str1443, [1 x i8]* @str1443, [8 x i8]* @str1442) nounwind

ST_44: stg_211 [1/1] 0.00ns
codeRepl:111  call void (...)* @_ssdm_op_SpecInterface(i66* @demux2setPathValue_V, [8 x i8]* @str1446, i32 0, i32 0, i32 0, i32 0, [1 x i8]* @str1447, [1 x i8]* @str1447, [8 x i8]* @str1446) nounwind

ST_44: empty_411 [1/1] 0.00ns
codeRepl:112  %empty_411 = call i32 (...)* @_ssdm_op_SpecChannel([27 x i8]* @str1448, i32 1, [1 x i8]* @str1449, [1 x i8]* @str1449, i32 96, i32 96, i66* @demux2setPathValue_V, i66* @demux2setPathValue_V)

ST_44: stg_213 [1/1] 0.00ns
codeRepl:113  call void (...)* @_ssdm_op_SpecInterface(i66* @demux2setPathValue_V, [8 x i8]* @str1450, i32 0, i32 0, i32 0, i32 0, [1 x i8]* @str1451, [1 x i8]* @str1451, [8 x i8]* @str1450) nounwind

ST_44: empty_412 [1/1] 0.00ns
codeRepl:114  %empty_412 = call i32 (...)* @_ssdm_op_SpecChannel([18 x i8]* @str1452, i32 1, [1 x i8]* @str1453, [1 x i8]* @str1453, i32 96, i32 96, i64* @getPath2remux_V_V, i64* @getPath2remux_V_V)

ST_44: stg_215 [1/1] 0.00ns
codeRepl:115  call void (...)* @_ssdm_op_SpecInterface(i64* @getPath2remux_V_V, [8 x i8]* @str1454, i32 0, i32 0, i32 0, i32 0, [1 x i8]* @str1455, [1 x i8]* @str1455, [8 x i8]* @str1454)

ST_44: stg_216 [1/1] 0.00ns
codeRepl:116  call void (...)* @_ssdm_op_SpecInterface(i45* @demux2setPathMetadata_V, [8 x i8]* @str1458, i32 0, i32 0, i32 0, i32 0, [1 x i8]* @str1459, [1 x i8]* @str1459, [8 x i8]* @str1458) nounwind

ST_44: empty_413 [1/1] 0.00ns
codeRepl:117  %empty_413 = call i32 (...)* @_ssdm_op_SpecChannel([33 x i8]* @str1460, i32 1, [1 x i8]* @str1461, [1 x i8]* @str1461, i32 16, i32 16, i45* @demux2setPathMetadata_V, i45* @demux2setPathMetadata_V)

ST_44: stg_218 [1/1] 0.00ns
codeRepl:118  call void (...)* @_ssdm_op_SpecInterface(i45* @demux2setPathMetadata_V, [8 x i8]* @str1462, i32 0, i32 0, i32 0, i32 0, [1 x i8]* @str1463, [1 x i8]* @str1463, [8 x i8]* @str1462) nounwind

ST_44: stg_219 [1/1] 0.00ns
codeRepl:119  call void (...)* @_ssdm_op_SpecInterface(i45* @demux2getPath_V, [8 x i8]* @str1466, i32 0, i32 0, i32 0, i32 0, [1 x i8]* @str1467, [1 x i8]* @str1467, [8 x i8]* @str1466) nounwind

ST_44: empty_414 [1/1] 0.00ns
codeRepl:120  %empty_414 = call i32 (...)* @_ssdm_op_SpecChannel([25 x i8]* @str1468, i32 1, [1 x i8]* @str1469, [1 x i8]* @str1469, i32 16, i32 16, i45* @demux2getPath_V, i45* @demux2getPath_V)

ST_44: stg_221 [1/1] 0.00ns
codeRepl:121  call void (...)* @_ssdm_op_SpecInterface(i45* @demux2getPath_V, [8 x i8]* @str1470, i32 0, i32 0, i32 0, i32 0, [1 x i8]* @str1471, [1 x i8]* @str1471, [8 x i8]* @str1470) nounwind

ST_44: stg_222 [1/1] 0.00ns
codeRepl:122  call void (...)* @_ssdm_op_SpecInterface(i128* @metadataBuffer_V, [8 x i8]* @str1474, i32 0, i32 0, i32 0, i32 0, [1 x i8]* @str1475, [1 x i8]* @str1475, [8 x i8]* @str1474) nounwind

ST_44: stg_223 [1/1] 0.00ns
codeRepl:123  call void (...)* @_ssdm_op_SpecInterface(i128* @metadataBuffer_V, [8 x i8]* @str1478, i32 0, i32 0, i32 0, i32 0, [1 x i8]* @str1479, [1 x i8]* @str1479, [8 x i8]* @str1478) nounwind

ST_44: stg_224 [1/1] 0.00ns
codeRepl:124  call void (...)* @_ssdm_op_SpecInterface(i128* @metadataBuffer_V, [8 x i8]* @str1482, i32 0, i32 0, i32 0, i32 0, [1 x i8]* @str1483, [1 x i8]* @str1483, [8 x i8]* @str1482) nounwind

ST_44: stg_225 [1/1] 0.00ns
codeRepl:125  call void (...)* @_ssdm_op_SpecInterface(i128* @metadataBuffer_V, [8 x i8]* @str1486, i32 0, i32 0, i32 0, i32 0, [1 x i8]* @str1487, [1 x i8]* @str1487, [8 x i8]* @str1486) nounwind

ST_44: empty_415 [1/1] 0.00ns
codeRepl:126  %empty_415 = call i32 (...)* @_ssdm_op_SpecChannel([23 x i8]* @str1488, i32 1, [1 x i8]* @str1489, [1 x i8]* @str1489, i32 24, i32 24, i128* @metadataBuffer_V, i128* @metadataBuffer_V)

ST_44: stg_227 [1/1] 0.00ns
codeRepl:127  call void (...)* @_ssdm_op_SpecInterface(i128* @metadataBuffer_V, [8 x i8]* @str1490, i32 0, i32 0, i32 0, i32 0, [1 x i8]* @str1491, [1 x i8]* @str1491, [8 x i8]* @str1490) nounwind

ST_44: empty_416 [1/1] 0.00ns
codeRepl:128  %empty_416 = call i32 (...)* @_ssdm_op_SpecChannel([14 x i8]* @str1492, i32 1, [1 x i8]* @str1493, [1 x i8]* @str1493, i32 48, i32 48, i64* @keyBuffer_V_V, i64* @keyBuffer_V_V)

ST_44: stg_229 [1/1] 0.00ns
codeRepl:129  call void (...)* @_ssdm_op_SpecInterface(i64* @keyBuffer_V_V, [8 x i8]* @str1494, i32 0, i32 0, i32 0, i32 0, [1 x i8]* @str1495, [1 x i8]* @str1495, [8 x i8]* @str1494)

ST_44: empty_417 [1/1] 0.00ns
codeRepl:130  %empty_417 = call i32 (...)* @_ssdm_op_SpecChannel([17 x i8]* @str1496, i32 1, [1 x i8]* @str1497, [1 x i8]* @str1497, i32 16, i32 16, i1* @filterPopSet_V_V, i1* @filterPopSet_V_V)

ST_44: stg_231 [1/1] 0.00ns
codeRepl:131  call void (...)* @_ssdm_op_SpecInterface(i1* @filterPopSet_V_V, [8 x i8]* @str1498, i32 0, i32 0, i32 0, i32 0, [1 x i8]* @str1499, [1 x i8]* @str1499, [8 x i8]* @str1498)

ST_44: empty_418 [1/1] 0.00ns
codeRepl:132  %empty_418 = call i32 (...)* @_ssdm_op_SpecChannel([17 x i8]* @str1500, i32 1, [1 x i8]* @str1501, [1 x i8]* @str1501, i32 16, i32 16, i1* @filterPopGet_V_V, i1* @filterPopGet_V_V)

ST_44: stg_233 [1/1] 0.00ns
codeRepl:133  call void (...)* @_ssdm_op_SpecInterface(i1* @filterPopGet_V_V, [8 x i8]* @str1502, i32 0, i32 0, i32 0, i32 0, [1 x i8]* @str1503, [1 x i8]* @str1503, [8 x i8]* @str1502)

ST_44: stg_234 [1/1] 0.00ns
codeRepl:134  call void (...)* @_ssdm_op_SpecInterface(i256* @accCtrl2demux_V, [8 x i8]* @str1506, i32 0, i32 0, i32 0, i32 0, [1 x i8]* @str1507, [1 x i8]* @str1507, [8 x i8]* @str1506) nounwind

ST_44: stg_235 [1/1] 0.00ns
codeRepl:135  call void (...)* @_ssdm_op_SpecInterface(i256* @accCtrl2demux_V, [8 x i8]* @str1510, i32 0, i32 0, i32 0, i32 0, [1 x i8]* @str1511, [1 x i8]* @str1511, [8 x i8]* @str1510) nounwind

ST_44: stg_236 [1/1] 0.00ns
codeRepl:136  call void (...)* @_ssdm_op_SpecInterface(i256* @accCtrl2demux_V, [8 x i8]* @str1514, i32 0, i32 0, i32 0, i32 0, [1 x i8]* @str1515, [1 x i8]* @str1515, [8 x i8]* @str1514) nounwind

ST_44: stg_237 [1/1] 0.00ns
codeRepl:137  call void (...)* @_ssdm_op_SpecInterface(i256* @accCtrl2demux_V, [8 x i8]* @str1518, i32 0, i32 0, i32 0, i32 0, [1 x i8]* @str1519, [1 x i8]* @str1519, [8 x i8]* @str1518) nounwind

ST_44: stg_238 [1/1] 0.00ns
codeRepl:138  call void (...)* @_ssdm_op_SpecInterface(i256* @accCtrl2demux_V, [8 x i8]* @str1522, i32 0, i32 0, i32 0, i32 0, [1 x i8]* @str1523, [1 x i8]* @str1523, [8 x i8]* @str1522) nounwind

ST_44: stg_239 [1/1] 0.00ns
codeRepl:139  call void (...)* @_ssdm_op_SpecInterface(i256* @accCtrl2demux_V, [8 x i8]* @str1526, i32 0, i32 0, i32 0, i32 0, [1 x i8]* @str1527, [1 x i8]* @str1527, [8 x i8]* @str1526) nounwind

ST_44: empty_419 [1/1] 0.00ns
codeRepl:140  %empty_419 = call i32 (...)* @_ssdm_op_SpecChannel([22 x i8]* @str1528, i32 1, [1 x i8]* @str1529, [1 x i8]* @str1529, i32 16, i32 16, i256* @accCtrl2demux_V, i256* @accCtrl2demux_V)

ST_44: stg_241 [1/1] 0.00ns
codeRepl:141  call void (...)* @_ssdm_op_SpecInterface(i256* @accCtrl2demux_V, [8 x i8]* @str1530, i32 0, i32 0, i32 0, i32 0, [1 x i8]* @str1531, [1 x i8]* @str1531, [8 x i8]* @str1530) nounwind

ST_44: empty_420 [1/1] 0.00ns
codeRepl:142  %empty_420 = call i32 (...)* @_ssdm_op_SpecChannel([22 x i8]* @str1532, i32 1, [1 x i8]* @str1533, [1 x i8]* @str1533, i32 8, i32 8, i248* @metadataBuffer_rf_V_V, i248* @metadataBuffer_rf_V_V)

ST_44: stg_243 [1/1] 0.00ns
codeRepl:143  call void (...)* @_ssdm_op_SpecInterface(i248* @metadataBuffer_rf_V_V, [8 x i8]* @str1534, i32 0, i32 0, i32 0, i32 0, [1 x i8]* @str1535, [1 x i8]* @str1535, [8 x i8]* @str1534)

ST_44: empty_421 [1/1] 0.00ns
codeRepl:144  %empty_421 = call i32 (...)* @_ssdm_op_SpecChannel([19 x i8]* @str1536, i32 1, [1 x i8]* @str1537, [1 x i8]* @str1537, i32 1024, i32 1024, i64* @valueBuffer_rf_V_V, i64* @valueBuffer_rf_V_V)

ST_44: stg_245 [1/1] 0.00ns
codeRepl:145  call void (...)* @_ssdm_op_SpecInterface(i64* @valueBuffer_rf_V_V, [8 x i8]* @str1538, i32 0, i32 0, i32 0, i32 0, [1 x i8]* @str1539, [1 x i8]* @str1539, [8 x i8]* @str1538)

ST_44: empty_422 [1/1] 0.00ns
codeRepl:146  %empty_422 = call i32 (...)* @_ssdm_op_SpecChannel([22 x i8]* @str1540, i32 1, [1 x i8]* @str1541, [1 x i8]* @str1541, i32 16, i32 16, i248* @metadataBuffer_rp_V_V, i248* @metadataBuffer_rp_V_V)

ST_44: stg_247 [1/1] 0.00ns
codeRepl:147  call void (...)* @_ssdm_op_SpecInterface(i248* @metadataBuffer_rp_V_V, [8 x i8]* @str1542, i32 0, i32 0, i32 0, i32 0, [1 x i8]* @str1543, [1 x i8]* @str1543, [8 x i8]* @str1542)

ST_44: empty_423 [1/1] 0.00ns
codeRepl:148  %empty_423 = call i32 (...)* @_ssdm_op_SpecChannel([17 x i8]* @str1544, i32 1, [1 x i8]* @str1545, [1 x i8]* @str1545, i32 128, i32 128, i64* @keyBuffer_rp_V_V, i64* @keyBuffer_rp_V_V)

ST_44: stg_249 [1/1] 0.00ns
codeRepl:149  call void (...)* @_ssdm_op_SpecInterface(i64* @keyBuffer_rp_V_V, [8 x i8]* @str1546, i32 0, i32 0, i32 0, i32 0, [1 x i8]* @str1547, [1 x i8]* @str1547, [8 x i8]* @str1546)

ST_44: empty_424 [1/1] 0.00ns
codeRepl:150  %empty_424 = call i32 (...)* @_ssdm_op_SpecChannel([19 x i8]* @str1548, i32 1, [1 x i8]* @str1549, [1 x i8]* @str1549, i32 1024, i32 1024, i64* @valueBuffer_rp_V_V, i64* @valueBuffer_rp_V_V)

ST_44: stg_251 [1/1] 0.00ns
codeRepl:151  call void (...)* @_ssdm_op_SpecInterface(i64* @valueBuffer_rp_V_V, [8 x i8]* @str1550, i32 0, i32 0, i32 0, i32 0, [1 x i8]* @str1551, [1 x i8]* @str1551, [8 x i8]* @str1550)

ST_44: empty_425 [1/1] 0.00ns
codeRepl:152  %empty_425 = call i32 (...)* @_ssdm_op_SpecChannel([18 x i8]* @str1552, i32 1, [1 x i8]* @str1553, [1 x i8]* @str1553, i32 128, i32 128, i64* @hashKeyBuffer_V_V, i64* @hashKeyBuffer_V_V)

ST_44: stg_253 [1/1] 0.00ns
codeRepl:153  call void (...)* @_ssdm_op_SpecInterface(i64* @hashKeyBuffer_V_V, [8 x i8]* @str1554, i32 0, i32 0, i32 0, i32 0, [1 x i8]* @str1555, [1 x i8]* @str1555, [8 x i8]* @str1554)

ST_44: empty_426 [1/1] 0.00ns
codeRepl:154  %empty_426 = call i32 (...)* @_ssdm_op_SpecChannel([20 x i8]* @str1556, i32 1, [1 x i8]* @str1557, [1 x i8]* @str1557, i32 1024, i32 1024, i64* @hashValueBuffer_V_V, i64* @hashValueBuffer_V_V)

ST_44: stg_255 [1/1] 0.00ns
codeRepl:155  call void (...)* @_ssdm_op_SpecInterface(i64* @hashValueBuffer_V_V, [8 x i8]* @str1558, i32 0, i32 0, i32 0, i32 0, [1 x i8]* @str1559, [1 x i8]* @str1559, [8 x i8]* @str1558)

ST_44: empty_427 [1/1] 0.00ns
codeRepl:156  %empty_427 = call i32 (...)* @_ssdm_op_SpecChannel([17 x i8]* @str1560, i32 1, [1 x i8]* @str1561, [1 x i8]* @str1561, i32 32, i32 32, i128* @hashMdBuffer_V_V, i128* @hashMdBuffer_V_V)

ST_44: stg_257 [1/1] 0.00ns
codeRepl:157  call void (...)* @_ssdm_op_SpecInterface(i128* @hashMdBuffer_V_V, [8 x i8]* @str1562, i32 0, i32 0, i32 0, i32 0, [1 x i8]* @str1563, [1 x i8]* @str1563, [8 x i8]* @str1562)

ST_44: stg_258 [1/1] 0.00ns
codeRepl:158  call void (...)* @_ssdm_op_SpecInterface(i130* @in2cc_V, [8 x i8]* @str1566, i32 0, i32 0, i32 0, i32 0, [1 x i8]* @str1567, [1 x i8]* @str1567, [8 x i8]* @str1566) nounwind

ST_44: stg_259 [1/1] 0.00ns
codeRepl:159  call void (...)* @_ssdm_op_SpecInterface(i130* @in2cc_V, [8 x i8]* @str1570, i32 0, i32 0, i32 0, i32 0, [1 x i8]* @str1571, [1 x i8]* @str1571, [8 x i8]* @str1570) nounwind

ST_44: empty_428 [1/1] 0.00ns
codeRepl:160  %empty_428 = call i32 (...)* @_ssdm_op_SpecChannel([14 x i8]* @str1572, i32 1, [1 x i8]* @str1573, [1 x i8]* @str1573, i32 10, i32 10, i130* @in2cc_V, i130* @in2cc_V)

ST_44: stg_261 [1/1] 0.00ns
codeRepl:161  call void (...)* @_ssdm_op_SpecInterface(i130* @in2cc_V, [8 x i8]* @str1574, i32 0, i32 0, i32 0, i32 0, [1 x i8]* @str1575, [1 x i8]* @str1575, [8 x i8]* @str1574) nounwind

ST_44: stg_262 [1/1] 0.00ns
codeRepl:162  call void (...)* @_ssdm_op_SpecInterface(i64* @in2ccMd_V, [8 x i8]* @str1578, i32 0, i32 0, i32 0, i32 0, [1 x i8]* @str1579, [1 x i8]* @str1579, [8 x i8]* @str1578) nounwind

ST_44: stg_263 [1/1] 0.00ns
codeRepl:163  call void (...)* @_ssdm_op_SpecInterface(i64* @in2ccMd_V, [8 x i8]* @str1582, i32 0, i32 0, i32 0, i32 0, [1 x i8]* @str1583, [1 x i8]* @str1583, [8 x i8]* @str1582) nounwind

ST_44: stg_264 [1/1] 0.00ns
codeRepl:164  call void (...)* @_ssdm_op_SpecInterface(i64* @in2ccMd_V, [8 x i8]* @str1586, i32 0, i32 0, i32 0, i32 0, [1 x i8]* @str1587, [1 x i8]* @str1587, [8 x i8]* @str1586) nounwind

ST_44: empty_429 [1/1] 0.00ns
codeRepl:165  %empty_429 = call i32 (...)* @_ssdm_op_SpecChannel([24 x i8]* @str1588, i32 1, [1 x i8]* @str1589, [1 x i8]* @str1589, i32 10, i32 10, i64* @in2ccMd_V, i64* @in2ccMd_V)

ST_44: stg_266 [1/1] 0.00ns
codeRepl:166  call void (...)* @_ssdm_op_SpecInterface(i64* @in2ccMd_V, [8 x i8]* @str1590, i32 0, i32 0, i32 0, i32 0, [1 x i8]* @str1591, [1 x i8]* @str1591, [8 x i8]* @str1590) nounwind

ST_44: stg_267 [1/1] 0.00ns
codeRepl:167  call void (...)* @_ssdm_op_SpecInterface(i130* @in2hash_V, [8 x i8]* @str1594, i32 0, i32 0, i32 0, i32 0, [1 x i8]* @str1595, [1 x i8]* @str1595, [8 x i8]* @str1594) nounwind

ST_44: stg_268 [1/1] 0.00ns
codeRepl:168  call void (...)* @_ssdm_op_SpecInterface(i130* @in2hash_V, [8 x i8]* @str1598, i32 0, i32 0, i32 0, i32 0, [1 x i8]* @str1599, [1 x i8]* @str1599, [8 x i8]* @str1598) nounwind

ST_44: empty_430 [1/1] 0.00ns
codeRepl:169  %empty_430 = call i32 (...)* @_ssdm_op_SpecChannel([16 x i8]* @str1600, i32 1, [1 x i8]* @str1601, [1 x i8]* @str1601, i32 1, i32 1, i130* @in2hash_V, i130* @in2hash_V)

ST_44: stg_270 [1/1] 0.00ns
codeRepl:170  call void (...)* @_ssdm_op_SpecInterface(i130* @in2hash_V, [8 x i8]* @str1602, i32 0, i32 0, i32 0, i32 0, [1 x i8]* @str1603, [1 x i8]* @str1603, [8 x i8]* @str1602) nounwind

ST_44: empty_431 [1/1] 0.00ns
codeRepl:171  %empty_431 = call i32 (...)* @_ssdm_op_SpecChannel([21 x i8]* @str1604, i32 1, [1 x i8]* @str1605, [1 x i8]* @str1605, i32 1, i32 1, i8* @in2hashKeyLength_V_V, i8* @in2hashKeyLength_V_V)

ST_44: stg_272 [1/1] 0.00ns
codeRepl:172  call void (...)* @_ssdm_op_SpecInterface(i8* @in2hashKeyLength_V_V, [8 x i8]* @str1606, i32 0, i32 0, i32 0, i32 0, [1 x i8]* @str1607, [1 x i8]* @str1607, [8 x i8]* @str1606)

ST_44: empty_432 [1/1] 0.00ns
codeRepl:173  %empty_432 = call i32 (...)* @_ssdm_op_SpecChannel([12 x i8]* @str1608, i32 1, [1 x i8]* @str1609, [1 x i8]* @str1609, i32 1, i32 1, i32* @hash2cc_V_V, i32* @hash2cc_V_V)

ST_44: stg_274 [1/1] 0.00ns
codeRepl:174  call void (...)* @_ssdm_op_SpecInterface(i32* @hash2cc_V_V, [8 x i8]* @str1610, i32 0, i32 0, i32 0, i32 0, [1 x i8]* @str1611, [1 x i8]* @str1611, [8 x i8]* @str1610)

ST_44: stg_275 [1/1] 0.00ns
codeRepl:175  call void (...)* @_ssdm_op_SpecInterface(i130* @cc2memRead_V, [8 x i8]* @str1614, i32 0, i32 0, i32 0, i32 0, [1 x i8]* @str1615, [1 x i8]* @str1615, [8 x i8]* @str1614) nounwind

ST_44: stg_276 [1/1] 0.00ns
codeRepl:176  call void (...)* @_ssdm_op_SpecInterface(i130* @cc2memRead_V, [8 x i8]* @str1618, i32 0, i32 0, i32 0, i32 0, [1 x i8]* @str1619, [1 x i8]* @str1619, [8 x i8]* @str1618) nounwind

ST_44: empty_433 [1/1] 0.00ns
codeRepl:177  %empty_433 = call i32 (...)* @_ssdm_op_SpecChannel([19 x i8]* @str1620, i32 1, [1 x i8]* @str1621, [1 x i8]* @str1621, i32 10, i32 10, i130* @cc2memRead_V, i130* @cc2memRead_V)

ST_44: stg_278 [1/1] 0.00ns
codeRepl:178  call void (...)* @_ssdm_op_SpecInterface(i130* @cc2memRead_V, [8 x i8]* @str1622, i32 0, i32 0, i32 0, i32 0, [1 x i8]* @str1623, [1 x i8]* @str1623, [8 x i8]* @str1622) nounwind

ST_44: stg_279 [1/1] 0.00ns
codeRepl:179  call void (...)* @_ssdm_op_SpecInterface(i64* @cc2memReadMd_V, [8 x i8]* @str1626, i32 0, i32 0, i32 0, i32 0, [1 x i8]* @str1627, [1 x i8]* @str1627, [8 x i8]* @str1626) nounwind

ST_44: stg_280 [1/1] 0.00ns
codeRepl:180  call void (...)* @_ssdm_op_SpecInterface(i64* @cc2memReadMd_V, [8 x i8]* @str1630, i32 0, i32 0, i32 0, i32 0, [1 x i8]* @str1631, [1 x i8]* @str1631, [8 x i8]* @str1630) nounwind

ST_44: stg_281 [1/1] 0.00ns
codeRepl:181  call void (...)* @_ssdm_op_SpecInterface(i64* @cc2memReadMd_V, [8 x i8]* @str1634, i32 0, i32 0, i32 0, i32 0, [1 x i8]* @str1635, [1 x i8]* @str1635, [8 x i8]* @str1634) nounwind

ST_44: empty_434 [1/1] 0.00ns
codeRepl:182  %empty_434 = call i32 (...)* @_ssdm_op_SpecChannel([29 x i8]* @str1636, i32 1, [1 x i8]* @str1637, [1 x i8]* @str1637, i32 10, i32 10, i64* @cc2memReadMd_V, i64* @cc2memReadMd_V)

ST_44: stg_283 [1/1] 0.00ns
codeRepl:183  call void (...)* @_ssdm_op_SpecInterface(i64* @cc2memReadMd_V, [8 x i8]* @str1638, i32 0, i32 0, i32 0, i32 0, [1 x i8]* @str1639, [1 x i8]* @str1639, [8 x i8]* @str1638) nounwind

ST_44: stg_284 [1/1] 0.00ns
codeRepl:184  call void (...)* @_ssdm_op_SpecInterface(i130* @memRd2comp_V, [8 x i8]* @str1642, i32 0, i32 0, i32 0, i32 0, [1 x i8]* @str1643, [1 x i8]* @str1643, [8 x i8]* @str1642) nounwind

ST_44: stg_285 [1/1] 0.00ns
codeRepl:185  call void (...)* @_ssdm_op_SpecInterface(i130* @memRd2comp_V, [8 x i8]* @str1646, i32 0, i32 0, i32 0, i32 0, [1 x i8]* @str1647, [1 x i8]* @str1647, [8 x i8]* @str1646) nounwind

ST_44: empty_435 [1/1] 0.00ns
codeRepl:186  %empty_435 = call i32 (...)* @_ssdm_op_SpecChannel([19 x i8]* @str1648, i32 1, [1 x i8]* @str1649, [1 x i8]* @str1649, i32 10, i32 10, i130* @memRd2comp_V, i130* @memRd2comp_V)

ST_44: stg_287 [1/1] 0.00ns
codeRepl:187  call void (...)* @_ssdm_op_SpecInterface(i130* @memRd2comp_V, [8 x i8]* @str1650, i32 0, i32 0, i32 0, i32 0, [1 x i8]* @str1651, [1 x i8]* @str1651, [8 x i8]* @str1650) nounwind

ST_44: stg_288 [1/1] 0.00ns
codeRepl:188  call void (...)* @_ssdm_op_SpecInterface(i64* @memRd2compMd_V, [8 x i8]* @str1654, i32 0, i32 0, i32 0, i32 0, [1 x i8]* @str1655, [1 x i8]* @str1655, [8 x i8]* @str1654) nounwind

ST_44: stg_289 [1/1] 0.00ns
codeRepl:189  call void (...)* @_ssdm_op_SpecInterface(i64* @memRd2compMd_V, [8 x i8]* @str1658, i32 0, i32 0, i32 0, i32 0, [1 x i8]* @str1659, [1 x i8]* @str1659, [8 x i8]* @str1658) nounwind

ST_44: stg_290 [1/1] 0.00ns
codeRepl:190  call void (...)* @_ssdm_op_SpecInterface(i64* @memRd2compMd_V, [8 x i8]* @str1662, i32 0, i32 0, i32 0, i32 0, [1 x i8]* @str1663, [1 x i8]* @str1663, [8 x i8]* @str1662) nounwind

ST_44: empty_436 [1/1] 0.00ns
codeRepl:191  %empty_436 = call i32 (...)* @_ssdm_op_SpecChannel([29 x i8]* @str1664, i32 1, [1 x i8]* @str1665, [1 x i8]* @str1665, i32 10, i32 10, i64* @memRd2compMd_V, i64* @memRd2compMd_V)

ST_44: stg_292 [1/1] 0.00ns
codeRepl:192  call void (...)* @_ssdm_op_SpecInterface(i64* @memRd2compMd_V, [8 x i8]* @str1666, i32 0, i32 0, i32 0, i32 0, [1 x i8]* @str1667, [1 x i8]* @str1667, [8 x i8]* @str1666) nounwind

ST_44: stg_293 [1/1] 0.00ns
codeRepl:193  call void (...)* @_ssdm_op_SpecInterface(i57* @memWr2out_V, [8 x i8]* @str1670, i32 0, i32 0, i32 0, i32 0, [1 x i8]* @str1671, [1 x i8]* @str1671, [8 x i8]* @str1670) nounwind

ST_44: stg_294 [1/1] 0.00ns
codeRepl:194  call void (...)* @_ssdm_op_SpecInterface(i57* @memWr2out_V, [8 x i8]* @str1674, i32 0, i32 0, i32 0, i32 0, [1 x i8]* @str1675, [1 x i8]* @str1675, [8 x i8]* @str1674) nounwind

ST_44: stg_295 [1/1] 0.00ns
codeRepl:195  call void (...)* @_ssdm_op_SpecInterface(i57* @memWr2out_V, [8 x i8]* @str1678, i32 0, i32 0, i32 0, i32 0, [1 x i8]* @str1679, [1 x i8]* @str1679, [8 x i8]* @str1678) nounwind

ST_44: empty_437 [1/1] 0.00ns
codeRepl:196  %empty_437 = call i32 (...)* @_ssdm_op_SpecChannel([21 x i8]* @str1680, i32 1, [1 x i8]* @str1681, [1 x i8]* @str1681, i32 1, i32 1, i57* @memWr2out_V, i57* @memWr2out_V)

ST_44: stg_297 [1/1] 0.00ns
codeRepl:197  call void (...)* @_ssdm_op_SpecInterface(i57* @memWr2out_V, [8 x i8]* @str1682, i32 0, i32 0, i32 0, i32 0, [1 x i8]* @str1683, [1 x i8]* @str1683, [8 x i8]* @str1682) nounwind

ST_44: stg_298 [1/1] 0.00ns
codeRepl:198  call void (...)* @_ssdm_op_SpecInterface(i130* @comp2memWrKey_V, [8 x i8]* @str1686, i32 0, i32 0, i32 0, i32 0, [1 x i8]* @str1687, [1 x i8]* @str1687, [8 x i8]* @str1686) nounwind

ST_44: stg_299 [1/1] 0.00ns
codeRepl:199  call void (...)* @_ssdm_op_SpecInterface(i130* @comp2memWrKey_V, [8 x i8]* @str1690, i32 0, i32 0, i32 0, i32 0, [1 x i8]* @str1691, [1 x i8]* @str1691, [8 x i8]* @str1690) nounwind

ST_44: empty_438 [1/1] 0.00ns
codeRepl:200  %empty_438 = call i32 (...)* @_ssdm_op_SpecChannel([22 x i8]* @str1692, i32 1, [1 x i8]* @str1693, [1 x i8]* @str1693, i32 10, i32 10, i130* @comp2memWrKey_V, i130* @comp2memWrKey_V)

ST_44: stg_301 [1/1] 0.00ns
codeRepl:201  call void (...)* @_ssdm_op_SpecInterface(i130* @comp2memWrKey_V, [8 x i8]* @str1694, i32 0, i32 0, i32 0, i32 0, [1 x i8]* @str1695, [1 x i8]* @str1695, [8 x i8]* @str1694) nounwind

ST_44: stg_302 [1/1] 0.00ns
codeRepl:202  call void (...)* @_ssdm_op_SpecInterface(i64* @comp2memWrMd_V, [8 x i8]* @str1698, i32 0, i32 0, i32 0, i32 0, [1 x i8]* @str1699, [1 x i8]* @str1699, [8 x i8]* @str1698) nounwind

ST_44: stg_303 [1/1] 0.00ns
codeRepl:203  call void (...)* @_ssdm_op_SpecInterface(i64* @comp2memWrMd_V, [8 x i8]* @str1702, i32 0, i32 0, i32 0, i32 0, [1 x i8]* @str1703, [1 x i8]* @str1703, [8 x i8]* @str1702) nounwind

ST_44: stg_304 [1/1] 0.00ns
codeRepl:204  call void (...)* @_ssdm_op_SpecInterface(i64* @comp2memWrMd_V, [8 x i8]* @str1706, i32 0, i32 0, i32 0, i32 0, [1 x i8]* @str1707, [1 x i8]* @str1707, [8 x i8]* @str1706) nounwind

ST_44: empty_439 [1/1] 0.00ns
codeRepl:205  %empty_439 = call i32 (...)* @_ssdm_op_SpecChannel([29 x i8]* @str1708, i32 1, [1 x i8]* @str1709, [1 x i8]* @str1709, i32 10, i32 10, i64* @comp2memWrMd_V, i64* @comp2memWrMd_V)

ST_44: stg_306 [1/1] 0.00ns
codeRepl:206  call void (...)* @_ssdm_op_SpecInterface(i64* @comp2memWrMd_V, [8 x i8]* @str1710, i32 0, i32 0, i32 0, i32 0, [1 x i8]* @str1711, [1 x i8]* @str1711, [8 x i8]* @str1710) nounwind

ST_44: empty_440 [1/1] 0.00ns
codeRepl:207  %empty_440 = call i32 (...)* @_ssdm_op_SpecChannel([22 x i8]* @str1712, i32 1, [1 x i8]* @str1713, [1 x i8]* @str1713, i32 10, i32 10, i512* @comp2memWrMemData_V_V, i512* @comp2memWrMemData_V_V)

ST_44: stg_308 [1/1] 0.00ns
codeRepl:208  call void (...)* @_ssdm_op_SpecInterface(i512* @comp2memWrMemData_V_V, [8 x i8]* @str1714, i32 0, i32 0, i32 0, i32 0, [1 x i8]* @str1715, [1 x i8]* @str1715, [8 x i8]* @str1714)

ST_44: empty_441 [1/1] 0.00ns
codeRepl:209  %empty_441 = call i32 (...)* @_ssdm_op_SpecChannel([11 x i8]* @str1716, i32 1, [1 x i8]* @str1717, [1 x i8]* @str1717, i32 1, i32 1, i1* @dec2cc_V_V, i1* @dec2cc_V_V)

ST_44: stg_310 [1/1] 0.00ns
codeRepl:210  call void (...)* @_ssdm_op_SpecInterface(i1* @dec2cc_V_V, [8 x i8]* @str1718, i32 0, i32 0, i32 0, i32 0, [1 x i8]* @str1719, [1 x i8]* @str1719, [8 x i8]* @str1718)

ST_44: empty_442 [1/1] 0.00ns
codeRepl:211  %empty_442 = call i32 (...)* @_ssdm_op_SpecChannel([15 x i8]* @str1720, i32 1, [1 x i8]* @str1721, [1 x i8]* @str1721, i32 8, i32 8, i96* @resizedKey_V_V, i96* @resizedKey_V_V)

ST_44: stg_312 [1/1] 0.00ns
codeRepl:212  call void (...)* @_ssdm_op_SpecInterface(i96* @resizedKey_V_V, [8 x i8]* @str1722, i32 0, i32 0, i32 0, i32 0, [1 x i8]* @str1723, [1 x i8]* @str1723, [8 x i8]* @str1722)

ST_44: empty_443 [1/1] 0.00ns
codeRepl:213  %empty_443 = call i32 (...)* @_ssdm_op_SpecChannel([19 x i8]* @str1724, i32 1, [1 x i8]* @str1725, [1 x i8]* @str1725, i32 1, i32 1, i32* @resizedKeyLength_V, i32* @resizedKeyLength_V)

ST_44: stg_314 [1/1] 0.00ns
codeRepl:214  call void (...)* @_ssdm_op_SpecInterface(i32* @resizedKeyLength_V, [8 x i8]* @str1726, i32 0, i32 0, i32 0, i32 0, [1 x i8]* @str1727, [1 x i8]* @str1727, [8 x i8]* @str1726)

ST_44: empty_444 [1/1] 0.00ns
codeRepl:215  %empty_444 = call i32 (...)* @_ssdm_op_SpecChannel([19 x i8]* @str1728, i32 1, [1 x i8]* @str1729, [1 x i8]* @str1729, i32 1, i32 1, i32* @resizedInitValue_V, i32* @resizedInitValue_V)

ST_44: stg_316 [1/1] 0.00ns
codeRepl:216  call void (...)* @_ssdm_op_SpecInterface(i32* @resizedInitValue_V, [8 x i8]* @str1730, i32 0, i32 0, i32 0, i32 0, [1 x i8]* @str1731, [1 x i8]* @str1731, [8 x i8]* @str1730)

ST_44: stg_317 [1/1] 0.00ns
codeRepl:217  call void (...)* @_ssdm_op_SpecTopModule([18 x i8]* @str) nounwind

ST_44: stg_318 [1/1] 0.00ns
codeRepl:218  call void (...)* @_ssdm_op_SpecInterface(i32 0, [13 x i8]* @p_str, i32 0, i32 0, i32 0, i32 0, [1 x i8]* @p_str1, [1 x i8]* @p_str1, [1 x i8]* @p_str1) nounwind

ST_44: stg_319 [1/1] 0.00ns
codeRepl:219  call void (...)* @_ssdm_op_SpecInterface(i1* %flushReq_V, [8 x i8]* @p_str2, i32 1, i32 1, i32 0, i32 0, [1 x i8]* @p_str1, [1 x i8]* @p_str1, [1 x i8]* @p_str1) nounwind

ST_44: stg_320 [1/1] 0.00ns
codeRepl:220  call void (...)* @_ssdm_op_SpecInterface(i1 %flushAck_V, [8 x i8]* @p_str2, i32 1, i32 1, i32 0, i32 0, [1 x i8]* @p_str1, [1 x i8]* @p_str1, [1 x i8]* @p_str1) nounwind

ST_44: stg_321 [1/1] 0.00ns
codeRepl:221  call void (...)* @_ssdm_op_SpecInterface(i1* %flushDone_V, [8 x i8]* @p_str2, i32 1, i32 1, i32 0, i32 0, [1 x i8]* @p_str1, [1 x i8]* @p_str1, [1 x i8]* @p_str1) nounwind

ST_44: stg_322 [1/1] 0.00ns
codeRepl:222  call void (...)* @_ssdm_op_SpecInterface(i64* %inData_V_data_V, i112* %inData_V_user_V, i8* %inData_V_keep_V, i1* %inData_V_last_V, [5 x i8]* @p_str3, i32 0, i32 0, i32 0, i32 0, [1 x i8]* @p_str1, [1 x i8]* @p_str1, [1 x i8]* @p_str1) nounwind

ST_44: stg_323 [1/1] 0.00ns
codeRepl:223  call void (...)* @_ssdm_op_SpecInterface(i64* %outData_V_data_V, i112* %outData_V_user_V, i8* %outData_V_keep_V, i1* %outData_V_last_V, [5 x i8]* @p_str3, i32 0, i32 0, i32 0, i32 0, [1 x i8]* @p_str1, [1 x i8]* @p_str1, [1 x i8]* @p_str1) nounwind

ST_44: stg_324 [1/1] 0.00ns
codeRepl:224  call void (...)* @_ssdm_op_SpecInterface(i512* %hashTableMemWrData_V_V, [5 x i8]* @p_str3, i32 0, i32 0, i32 0, i32 0, [1 x i8]* @p_str1, [1 x i8]* @p_str1, [1 x i8]* @p_str1) nounwind

ST_44: stg_325 [1/1] 0.00ns
codeRepl:225  call void (...)* @_ssdm_op_SpecInterface(i512* %hashTableMemRdData_V_V, [5 x i8]* @p_str3, i32 0, i32 0, i32 0, i32 0, [1 x i8]* @p_str1, [1 x i8]* @p_str1, [1 x i8]* @p_str1) nounwind

ST_44: stg_326 [1/1] 0.00ns
codeRepl:226  call void (...)* @_ssdm_op_SpecInterface(i40* %hashTableMemRdCmd_V, [5 x i8]* @p_str3, i32 0, i32 0, i32 0, i32 0, [1 x i8]* @p_str1, [1 x i8]* @p_str1, [1 x i8]* @p_str1) nounwind

ST_44: stg_327 [1/1] 0.00ns
codeRepl:227  call void (...)* @_ssdm_op_SpecInterface(i40* %hashTableMemWrCmd_V, [5 x i8]* @p_str3, i32 0, i32 0, i32 0, i32 0, [1 x i8]* @p_str1, [1 x i8]* @p_str1, [1 x i8]* @p_str1) nounwind

ST_44: stg_328 [1/1] 0.00ns
codeRepl:228  call void (...)* @_ssdm_op_SpecInterface(i48* %flashValueStoreMemRdCmd_V, [5 x i8]* @p_str3, i32 0, i32 0, i32 0, i32 0, [1 x i8]* @p_str1, [1 x i8]* @p_str1, [1 x i8]* @p_str1)

ST_44: stg_329 [1/1] 0.00ns
codeRepl:229  call void (...)* @_ssdm_op_SpecInterface(i64* %flashValueStoreMemRdData_V_V, [5 x i8]* @p_str3, i32 0, i32 0, i32 0, i32 0, [1 x i8]* @p_str1, [1 x i8]* @p_str1, [1 x i8]* @p_str1) nounwind

ST_44: stg_330 [1/1] 0.00ns
codeRepl:230  call void (...)* @_ssdm_op_SpecInterface(i48* %flashValueStoreMemWrCmd_V, [5 x i8]* @p_str3, i32 0, i32 0, i32 0, i32 0, [1 x i8]* @p_str1, [1 x i8]* @p_str1, [1 x i8]* @p_str1)

ST_44: stg_331 [1/1] 0.00ns
codeRepl:231  call void (...)* @_ssdm_op_SpecInterface(i64* %flashValueStoreMemWrData_V_V, [5 x i8]* @p_str3, i32 0, i32 0, i32 0, i32 0, [1 x i8]* @p_str1, [1 x i8]* @p_str1, [1 x i8]* @p_str1) nounwind

ST_44: stg_332 [1/1] 0.00ns
codeRepl:232  call void (...)* @_ssdm_op_SpecInterface(i40* %dramValueStoreMemRdCmd_V, [5 x i8]* @p_str3, i32 0, i32 0, i32 0, i32 0, [1 x i8]* @p_str1, [1 x i8]* @p_str1, [1 x i8]* @p_str1) nounwind

ST_44: stg_333 [1/1] 0.00ns
codeRepl:233  call void (...)* @_ssdm_op_SpecInterface(i512* %dramValueStoreMemRdData_V_V, [5 x i8]* @p_str3, i32 0, i32 0, i32 0, i32 0, [1 x i8]* @p_str1, [1 x i8]* @p_str1, [1 x i8]* @p_str1) nounwind

ST_44: stg_334 [1/1] 0.00ns
codeRepl:234  call void (...)* @_ssdm_op_SpecInterface(i40* %dramValueStoreMemWrCmd_V, [5 x i8]* @p_str3, i32 0, i32 0, i32 0, i32 0, [1 x i8]* @p_str1, [1 x i8]* @p_str1, [1 x i8]* @p_str1) nounwind

ST_44: stg_335 [1/1] 0.00ns
codeRepl:235  call void (...)* @_ssdm_op_SpecInterface(i512* %dramValueStoreMemWrData_V_V, [5 x i8]* @p_str3, i32 0, i32 0, i32 0, i32 0, [1 x i8]* @p_str1, [1 x i8]* @p_str1, [1 x i8]* @p_str1) nounwind

ST_44: stg_336 [1/1] 0.00ns
codeRepl:236  call void (...)* @_ssdm_op_SpecInterface(i32* %addressReturnOut_V_V, [5 x i8]* @p_str3, i32 0, i32 0, i32 0, i32 0, [1 x i8]* @p_str1, [1 x i8]* @p_str1, [1 x i8]* @p_str1) nounwind

ST_44: stg_337 [1/1] 0.00ns
codeRepl:237  call void (...)* @_ssdm_op_SpecInterface(i32* %addressAssignDramIn_V_V, [5 x i8]* @p_str3, i32 0, i32 0, i32 0, i32 0, [1 x i8]* @p_str1, [1 x i8]* @p_str1, [1 x i8]* @p_str1) nounwind

ST_44: stg_338 [1/1] 0.00ns
codeRepl:238  call void (...)* @_ssdm_op_SpecInterface(i32* %addressAssignFlashIn_V_V, [5 x i8]* @p_str3, i32 0, i32 0, i32 0, i32 0, [1 x i8]* @p_str1, [1 x i8]* @p_str1, [1 x i8]* @p_str1) nounwind

ST_44: stg_339 [1/2] 0.00ns
codeRepl:253  call fastcc void @memcachedPipeline_setPath(i40* %dramValueStoreMemWrCmd_V, i512* %dramValueStoreMemWrData_V_V)

ST_44: stg_340 [1/2] 0.00ns
codeRepl:258  call fastcc void @memcachedPipeline_flashSetPathNoFilter(i48* %flashValueStoreMemWrCmd_V, i64* %flashValueStoreMemWrData_V_V)

ST_44: stg_341 [1/2] 5.43ns
codeRepl:264  call fastcc void @memcachedPipeline_response_r(i64* %outData_V_data_V, i112* %outData_V_user_V, i8* %outData_V_keep_V, i1* %outData_V_last_V)

ST_44: stg_342 [1/1] 0.00ns
codeRepl:265  ret void



============================================================
+ Verbose Summary: Binding
============================================================
N/A
* FSMD analyzer results:
  - Output states:
  - Chain level:
	State 1
	State 2
	State 3
	State 4
	State 5
	State 6
	State 7
	State 8
	State 9
	State 10
	State 11
	State 12
	State 13
	State 14
	State 15
	State 16
	State 17
	State 18
	State 19
	State 20
	State 21
	State 22
	State 23
	State 24
	State 25
	State 26
	State 27
	State 28
	State 29
	State 30
	State 31
	State 32
	State 33
	State 34
	State 35
	State 36
	State 37
	State 38
	State 39
	State 40
	State 41
	State 42
	State 43
	State 44


============================================================
+ Verbose Summary: Datapath Resource usage 
============================================================
N/A
