

================================================================
== Vivado HLS Report for 'memcachedPipeline_flashDemux'
================================================================
* Date:           Wed Oct 21 12:18:38 2020

* Version:        2015.1 (Build 1215546 on Mon Apr 27 19:24:50 PM 2015)
* Project:        memcachedPipeline_prj
* Solution:       solution1
* Product family: kintexu
* Target device:  xcku040-ffva1156-2-e


================================================================
== Performance Estimates
================================================================
+ Timing (ns): 
    * Summary: 
    +---------+-------+----------+------------+
    |  Clock  | Target| Estimated| Uncertainty|
    +---------+-------+----------+------------+
    |default  |   6.66|      6.38|        0.83|
    +---------+-------+----------+------------+

+ Latency (clock cycles): 
    * Summary: 
    +-----+-----+-----+-----+----------+
    |  Latency  |  Interval | Pipeline |
    | min | max | min | max |   Type   |
    +-----+-----+-----+-----+----------+
    |    1|    1|    1|    1| function |
    +-----+-----+-----+-----+----------+

    + Detail: 
        * Instance: 
        N/A

        * Loop: 
        N/A



================================================================
== Utilization Estimates
================================================================
* Summary: 
+-----------------+---------+-------+--------+--------+
|       Name      | BRAM_18K| DSP48E|   FF   |   LUT  |
+-----------------+---------+-------+--------+--------+
|Expression       |        -|      -|       -|       -|
|FIFO             |        -|      -|       -|       -|
|Instance         |        -|      -|       -|       -|
|Memory           |        -|      -|       -|       -|
|Multiplexer      |        -|      -|       -|       -|
|Register         |        -|      -|       -|       -|
+-----------------+---------+-------+--------+--------+
|Total            |        0|      0|       0|       0|
+-----------------+---------+-------+--------+--------+
|Available        |     1200|   1920|  484800|  242400|
+-----------------+---------+-------+--------+--------+
|Utilization (%)  |        0|      0|       0|       0|
+-----------------+---------+-------+--------+--------+

+ Detail: 
    * Instance: 
    N/A

    * Memory: 
    N/A

    * FIFO: 
    N/A

    * Expression: 
    N/A

    * Multiplexer: 
    N/A

    * Register: 
    N/A



================================================================
== Interface
================================================================
* Summary: 
N/A

============================================================
+ Verbose Summary: Synthesis Manager
============================================================
InlineROM: 1
ExposeGlobal: 0
============================================================
+ Verbose Summary: CDFG Model
============================================================
IsTopModel: 0
ResetActiveHigh: 1
IsCombinational: 2
IsDatapathOnly: 0
HasWiredReturn: 1
HasMFsm: 1
HasVarLatency: 0
IsPipeline: 1
IsRtlPipelined: 1
IsInstanceOverlapped: 0
IsDontTouch: 0
HasImplIP: 0
IsGatedGlobalClock: 0

+ Individual pipeline summary: 
  * Pipeline-0: initiation interval (II) = 1, depth = 2


============================================================
+ Verbose Summary: Schedule
============================================================
* Number of FSM states: 2
* Pipeline: 1
  Pipeline-0: II = 1, D = 2, States = { 1 2 }
* Dataflow Pipeline: 0

* FSM state transitions: 
1 --> 
	2  / true
2 --> 
* FSM state operations: 

 <State 1>: 6.38ns
ST_1: flashDemuxState_load [1/1] 0.00ns
codeRepl:22  %flashDemuxState_load = load i2* @flashDemuxState, align 1

ST_1: flashWordCounter_V_load [1/1] 0.00ns
codeRepl:23  %flashWordCounter_V_load = load i2* @flashWordCounter_V, align 1

ST_1: stg_5 [1/1] 1.11ns
codeRepl:25  switch i2 %flashDemuxState_load, label %._crit_edge530 [
    i2 0, label %0
    i2 -2, label %13
    i2 1, label %18
  ]

ST_1: tmp_9421 [1/1] 2.91ns
:0  %tmp_9421 = call i256 @_ssdm_op_Read.ap_fifo.volatile.i256P(i256* @splitter2valueStoreFlash_V) nounwind

ST_1: metadataWrWord_keyValid_V_3 [1/1] 0.00ns
:1  %metadataWrWord_keyValid_V_3 = call i1 @_ssdm_op_BitSelect.i1.i256.i32(i256 %tmp_9421, i32 125)

ST_1: metadataWrWord_valueValid_V [1/1] 0.00ns
:2  %metadataWrWord_valueValid_V = call i1 @_ssdm_op_BitSelect.i1.i256.i32(i256 %tmp_9421, i32 126)

ST_1: metadataWrWord_EOP_V_2 [1/1] 0.00ns
:3  %metadataWrWord_EOP_V_2 = call i1 @_ssdm_op_BitSelect.i1.i256.i32(i256 %tmp_9421, i32 127)

ST_1: setData_data_V_2 [1/1] 0.00ns
:4  %setData_data_V_2 = call i64 @_ssdm_op_PartSelect.i64.i256.i32.i32(i256 %tmp_9421, i32 128, i32 191)

ST_1: tmp_V [1/1] 0.00ns
:5  %tmp_V = call i64 @_ssdm_op_PartSelect.i64.i256.i32.i32(i256 %tmp_9421, i32 192, i32 255)

ST_1: tmp_17 [1/1] 0.00ns
:6  %tmp_17 = call i1 @_ssdm_op_BitSelect.i1.i2.i32(i2 %flashWordCounter_V_load, i32 1)

ST_1: stg_13 [1/1] 0.00ns
:7  br i1 %tmp_17, label %._crit_edge546, label %19

ST_1: tmp_10312 [1/1] 0.00ns
:0  %tmp_10312 = trunc i256 %tmp_9421 to i128

ST_1: tmp_2 [1/1] 0.43ns
:2  %tmp_2 = add i2 1, %flashWordCounter_V_load

ST_1: stg_16 [1/1] 0.89ns
:3  store i2 %tmp_2, i2* @flashWordCounter_V, align 1

ST_1: stg_17 [1/1] 0.00ns
._crit_edge546:0  br i1 %metadataWrWord_keyValid_V_3, label %20, label %._crit_edge547

ST_1: stg_18 [1/1] 0.00ns
._crit_edge548:1  br i1 %metadataWrWord_valueValid_V, label %22, label %._crit_edge549

ST_1: stg_19 [1/1] 0.00ns
._crit_edge549:0  br i1 %metadataWrWord_EOP_V_2, label %23, label %._crit_edge550

ST_1: stg_20 [1/1] 0.89ns
:0  store i2 0, i2* @flashDemuxState, align 1

ST_1: tmp [1/1] 0.00ns
:0  %tmp = call i1 @_ssdm_op_NbReadReq.ap_fifo.i256P(i256* @splitter2valueStoreFlash_V, i32 1) nounwind

ST_1: stg_22 [1/1] 0.00ns
:1  br i1 %tmp, label %14, label %._crit_edge542

ST_1: tmp_7381 [1/1] 2.91ns
:0  %tmp_7381 = call i256 @_ssdm_op_Read.ap_fifo.volatile.i256P(i256* @splitter2valueStoreFlash_V) nounwind

ST_1: metadataWrWord_keyValid_V_2 [1/1] 0.00ns
:1  %metadataWrWord_keyValid_V_2 = call i1 @_ssdm_op_BitSelect.i1.i256.i32(i256 %tmp_7381, i32 125)

ST_1: metadataWrWord_EOP_V [1/1] 0.00ns
:2  %metadataWrWord_EOP_V = call i1 @_ssdm_op_BitSelect.i1.i256.i32(i256 %tmp_7381, i32 127)

ST_1: tmp_V_1 [1/1] 0.00ns
:3  %tmp_V_1 = call i64 @_ssdm_op_PartSelect.i64.i256.i32.i32(i256 %tmp_7381, i32 192, i32 255)

ST_1: tmp_23 [1/1] 0.00ns
:4  %tmp_23 = call i1 @_ssdm_op_BitSelect.i1.i2.i32(i2 %flashWordCounter_V_load, i32 1)

ST_1: stg_28 [1/1] 0.00ns
:5  br i1 %tmp_23, label %._crit_edge543, label %15

ST_1: tmp_8410 [1/1] 0.00ns
:0  %tmp_8410 = trunc i256 %tmp_7381 to i128

ST_1: tmp_8 [1/1] 0.43ns
:2  %tmp_8 = add i2 1, %flashWordCounter_V_load

ST_1: stg_31 [1/1] 0.89ns
:3  store i2 %tmp_8, i2* @flashWordCounter_V, align 1

ST_1: stg_32 [1/1] 0.00ns
._crit_edge543:0  br i1 %metadataWrWord_keyValid_V_2, label %16, label %._crit_edge544

ST_1: stg_33 [1/1] 0.00ns
._crit_edge544:0  br i1 %metadataWrWord_EOP_V, label %17, label %._crit_edge545

ST_1: stg_34 [1/1] 0.89ns
:0  store i2 0, i2* @flashDemuxState, align 1

ST_1: tmp_3 [1/1] 0.00ns
:0  %tmp_3 = call i1 @_ssdm_op_NbReadReq.ap_fifo.i256P(i256* @splitter2valueStoreFlash_V, i32 1) nounwind

ST_1: stg_36 [1/1] 0.00ns
:1  br i1 %tmp_3, label %1, label %._crit_edge531

ST_1: tmp272 [1/1] 2.91ns
:0  %tmp272 = call i256 @_ssdm_op_Read.ap_fifo.volatile.i256P(i256* @splitter2valueStoreFlash_V) nounwind

ST_1: p_Val2_s [1/1] 0.00ns
:1  %p_Val2_s = trunc i256 %tmp272 to i124

ST_1: metadataWrWord_SOP_V [1/1] 0.00ns
:2  %metadataWrWord_SOP_V = call i1 @_ssdm_op_BitSelect.i1.i256.i32(i256 %tmp272, i32 124)

ST_1: metadataWrWord_keyValid_V [1/1] 0.00ns
:3  %metadataWrWord_keyValid_V = call i1 @_ssdm_op_BitSelect.i1.i256.i32(i256 %tmp272, i32 125)

ST_1: setData_data_V [1/1] 0.00ns
:4  %setData_data_V = call i64 @_ssdm_op_PartSelect.i64.i256.i32.i32(i256 %tmp272, i32 128, i32 191)

ST_1: tmp_V_2 [1/1] 0.00ns
:5  %tmp_V_2 = call i64 @_ssdm_op_PartSelect.i64.i256.i32.i32(i256 %tmp272, i32 192, i32 255)

ST_1: stg_43 [1/1] 0.00ns
:6  br i1 %metadataWrWord_SOP_V, label %2, label %._crit_edge532

ST_1: stg_44 [1/1] 0.89ns
:0  store i2 1, i2* @flashWordCounter_V, align 1

ST_1: tmp_25 [1/1] 0.00ns
:1  %tmp_25 = call i1 @_ssdm_op_BitSelect.i1.i256.i32(i256 %tmp272, i32 112)

ST_1: stg_46 [1/1] 0.00ns
:2  br i1 %tmp_25, label %._crit_edge533, label %3

ST_1: p_Result_s [1/1] 0.00ns
:0  %p_Result_s = call i8 @_ssdm_op_PartSelect.i8.i256.i32.i32(i256 %tmp272, i32 104, i32 111)

ST_1: tmp_27 [1/1] 1.34ns
:1  %tmp_27 = icmp eq i8 %p_Result_s, 8

ST_1: tmp_28 [1/1] 1.34ns
:2  %tmp_28 = icmp eq i8 %p_Result_s, 4

ST_1: tmp_29 [1/1] 0.71ns
:3  %tmp_29 = or i1 %tmp_28, %tmp_27

ST_1: stg_51 [1/1] 0.00ns
:4  br i1 %tmp_29, label %._crit_edge533, label %6

ST_1: tmp_6 [1/1] 1.34ns
:0  %tmp_6 = icmp eq i8 %p_Result_s, 0

ST_1: stg_53 [1/1] 0.00ns
:1  br i1 %tmp_6, label %7, label %9

ST_1: tmp_1 [1/1] 1.34ns
:0  %tmp_1 = icmp eq i8 %p_Result_s, 1

ST_1: stg_55 [1/1] 0.00ns
:1  br i1 %tmp_1, label %._crit_edge540, label %._crit_edge539

ST_1: tmp_10 [1/1] 0.00ns
._crit_edge540:0  %tmp_10 = call i3 @_ssdm_op_PartSelect.i3.i256.i32.i32(i256 %tmp272, i32 125, i32 127)

ST_1: setMd_address_V [1/1] 0.00ns
._crit_edge540:3  %setMd_address_V = call i32 @_ssdm_op_PartSelect.i32.i256.i32.i32(i256 %tmp272, i32 72, i32 103)

ST_1: setMd_length_V [1/1] 0.00ns
._crit_edge540:4  %setMd_length_V = call i16 @_ssdm_op_PartSelect.i16.i256.i32.i32(i256 %tmp272, i32 8, i32 23)

ST_1: stg_59 [1/1] 0.00ns
._crit_edge540:13  br i1 %metadataWrWord_keyValid_V, label %10, label %._crit_edge541

ST_1: stg_60 [1/1] 0.89ns
._crit_edge541:0  store i2 1, i2* @flashDemuxState, align 1

ST_1: tmp_7 [1/1] 0.00ns
:0  %tmp_7 = call i3 @_ssdm_op_PartSelect.i3.i256.i32.i32(i256 %tmp272, i32 125, i32 127)

ST_1: getMd_address_V [1/1] 0.00ns
:3  %getMd_address_V = call i32 @_ssdm_op_PartSelect.i32.i256.i32.i32(i256 %tmp272, i32 72, i32 103)

ST_1: getMd_length_V [1/1] 0.00ns
:4  %getMd_length_V = call i16 @_ssdm_op_PartSelect.i16.i256.i32.i32(i256 %tmp272, i32 8, i32 23)

ST_1: stg_64 [1/1] 0.00ns
:7  br i1 %metadataWrWord_keyValid_V, label %8, label %._crit_edge538

ST_1: stg_65 [1/1] 0.89ns
._crit_edge538:0  store i2 -2, i2* @flashDemuxState, align 1

ST_1: tmp_4 [1/1] 0.00ns
._crit_edge533:0  %tmp_4 = call i3 @_ssdm_op_PartSelect.i3.i256.i32.i32(i256 %tmp272, i32 125, i32 127)

ST_1: stg_67 [1/1] 0.00ns
._crit_edge533:3  br i1 %metadataWrWord_keyValid_V, label %4, label %._crit_edge536

ST_1: p_Result_2 [1/1] 0.00ns
:0  %p_Result_2 = call i8 @_ssdm_op_PartSelect.i8.i256.i32.i32(i256 %tmp272, i32 104, i32 111)

ST_1: tmp_s [1/1] 1.34ns
:1  %tmp_s = icmp eq i8 %p_Result_2, 8

ST_1: stg_70 [1/1] 0.00ns
:2  br i1 %tmp_s, label %._crit_edge536, label %5

ST_1: stg_71 [1/1] 0.89ns
._crit_edge536:0  store i2 -2, i2* @flashDemuxState, align 1


 <State 2>: 5.06ns
ST_2: stg_72 [1/1] 0.00ns
codeRepl:0  call void (...)* @_ssdm_op_SpecInterface(i64* @flashKeyBuffer_V_V, [8 x i8]* @str1430, i32 0, i32 0, i32 0, i32 0, [1 x i8]* @str1431, [1 x i8]* @str1431, [8 x i8]* @str1430)

ST_2: stg_73 [1/1] 0.00ns
codeRepl:1  call void (...)* @_ssdm_op_SpecInterface(i128* @flashMetadataBuffer_V, [8 x i8]* @str1426, i32 0, i32 0, i32 0, i32 0, [1 x i8]* @str1427, [1 x i8]* @str1427, [8 x i8]* @str1426) nounwind

ST_2: stg_74 [1/1] 0.00ns
codeRepl:2  call void (...)* @_ssdm_op_SpecInterface(i128* @flashMetadataBuffer_V, [8 x i8]* @str1422, i32 0, i32 0, i32 0, i32 0, [1 x i8]* @str1423, [1 x i8]* @str1423, [8 x i8]* @str1422) nounwind

ST_2: stg_75 [1/1] 0.00ns
codeRepl:3  call void (...)* @_ssdm_op_SpecInterface(i128* @flashMetadataBuffer_V, [8 x i8]* @str1418, i32 0, i32 0, i32 0, i32 0, [1 x i8]* @str1419, [1 x i8]* @str1419, [8 x i8]* @str1418) nounwind

ST_2: stg_76 [1/1] 0.00ns
codeRepl:4  call void (...)* @_ssdm_op_SpecInterface(i128* @flashMetadataBuffer_V, [8 x i8]* @str1414, i32 0, i32 0, i32 0, i32 0, [1 x i8]* @str1415, [1 x i8]* @str1415, [8 x i8]* @str1414) nounwind

ST_2: stg_77 [1/1] 0.00ns
codeRepl:5  call void (...)* @_ssdm_op_SpecInterface(i128* @flashMetadataBuffer_V, [8 x i8]* @str1410, i32 0, i32 0, i32 0, i32 0, [1 x i8]* @str1411, [1 x i8]* @str1411, [8 x i8]* @str1410) nounwind

ST_2: stg_78 [1/1] 0.00ns
codeRepl:6  call void (...)* @_ssdm_op_SpecInterface(i48* @flashDemux2getPath_V, [8 x i8]* @str1406, i32 0, i32 0, i32 0, i32 0, [1 x i8]* @str1407, [1 x i8]* @str1407, [8 x i8]* @str1406) nounwind

ST_2: stg_79 [1/1] 0.00ns
codeRepl:7  call void (...)* @_ssdm_op_SpecInterface(i48* @flashDemux2getPath_V, [8 x i8]* @str1402, i32 0, i32 0, i32 0, i32 0, [1 x i8]* @str1403, [1 x i8]* @str1403, [8 x i8]* @str1402) nounwind

ST_2: stg_80 [1/1] 0.00ns
codeRepl:8  call void (...)* @_ssdm_op_SpecInterface(i48* @flashDemux2setPathMetadata_V, [8 x i8]* @str1398, i32 0, i32 0, i32 0, i32 0, [1 x i8]* @str1399, [1 x i8]* @str1399, [8 x i8]* @str1398) nounwind

ST_2: stg_81 [1/1] 0.00ns
codeRepl:9  call void (...)* @_ssdm_op_SpecInterface(i48* @flashDemux2setPathMetadata_V, [8 x i8]* @str1394, i32 0, i32 0, i32 0, i32 0, [1 x i8]* @str1395, [1 x i8]* @str1395, [8 x i8]* @str1394) nounwind

ST_2: stg_82 [1/1] 0.00ns
codeRepl:10  call void (...)* @_ssdm_op_SpecInterface(i66* @flashDemux2setPathValue_V, [8 x i8]* @str1386, i32 0, i32 0, i32 0, i32 0, [1 x i8]* @str1387, [1 x i8]* @str1387, [8 x i8]* @str1386) nounwind

ST_2: stg_83 [1/1] 0.00ns
codeRepl:11  call void (...)* @_ssdm_op_SpecInterface(i66* @flashDemux2setPathValue_V, [8 x i8]* @str1382, i32 0, i32 0, i32 0, i32 0, [1 x i8]* @str1383, [1 x i8]* @str1383, [8 x i8]* @str1382) nounwind

ST_2: stg_84 [1/1] 0.00ns
codeRepl:12  call void (...)* @_ssdm_op_SpecInterface(i66* @flashDemux2setPathValue_V, [8 x i8]* @str1378, i32 0, i32 0, i32 0, i32 0, [1 x i8]* @str1379, [1 x i8]* @str1379, [8 x i8]* @str1378) nounwind

ST_2: stg_85 [1/1] 0.00ns
codeRepl:13  call void (...)* @_ssdm_op_SpecInterface(i256* @splitter2valueStoreFlash_V, [8 x i8]* @str1286, i32 0, i32 0, i32 0, i32 0, [1 x i8]* @str1287, [1 x i8]* @str1287, [8 x i8]* @str1286) nounwind

ST_2: stg_86 [1/1] 0.00ns
codeRepl:14  call void (...)* @_ssdm_op_SpecInterface(i256* @splitter2valueStoreFlash_V, [8 x i8]* @str1282, i32 0, i32 0, i32 0, i32 0, [1 x i8]* @str1283, [1 x i8]* @str1283, [8 x i8]* @str1282) nounwind

ST_2: stg_87 [1/1] 0.00ns
codeRepl:15  call void (...)* @_ssdm_op_SpecInterface(i256* @splitter2valueStoreFlash_V, [8 x i8]* @str1278, i32 0, i32 0, i32 0, i32 0, [1 x i8]* @str1279, [1 x i8]* @str1279, [8 x i8]* @str1278) nounwind

ST_2: stg_88 [1/1] 0.00ns
codeRepl:16  call void (...)* @_ssdm_op_SpecInterface(i256* @splitter2valueStoreFlash_V, [8 x i8]* @str1274, i32 0, i32 0, i32 0, i32 0, [1 x i8]* @str1275, [1 x i8]* @str1275, [8 x i8]* @str1274) nounwind

ST_2: stg_89 [1/1] 0.00ns
codeRepl:17  call void (...)* @_ssdm_op_SpecInterface(i256* @splitter2valueStoreFlash_V, [8 x i8]* @str1270, i32 0, i32 0, i32 0, i32 0, [1 x i8]* @str1271, [1 x i8]* @str1271, [8 x i8]* @str1270) nounwind

ST_2: stg_90 [1/1] 0.00ns
codeRepl:18  call void (...)* @_ssdm_op_SpecInterface(i256* @splitter2valueStoreFlash_V, [8 x i8]* @str1266, i32 0, i32 0, i32 0, i32 0, [1 x i8]* @str1267, [1 x i8]* @str1267, [8 x i8]* @str1266) nounwind

ST_2: stg_91 [1/1] 0.00ns
codeRepl:19  call void (...)* @_ssdm_op_SpecInterface(i256* @splitter2valueStoreFlash_V, [8 x i8]* @str1262, i32 0, i32 0, i32 0, i32 0, [1 x i8]* @str1263, [1 x i8]* @str1263, [8 x i8]* @str1262) nounwind

ST_2: stg_92 [1/1] 0.00ns
codeRepl:20  call void (...)* @_ssdm_op_SpecInterface(i32 0, [13 x i8]* @p_str90, i32 0, i32 0, i32 0, i32 0, [1 x i8]* @p_str191, [1 x i8]* @p_str191, [1 x i8]* @p_str191) nounwind

ST_2: stg_93 [1/1] 0.00ns
codeRepl:21  call void (...)* @_ssdm_op_SpecPipeline(i32 1, i32 2, i32 1, i32 0, [1 x i8]* @p_str191) nounwind

ST_2: flashDemuxValueLength_V_load [1/1] 0.00ns
codeRepl:24  %flashDemuxValueLength_V_load = load i16* @flashDemuxValueLength_V, align 2

ST_2: stg_95 [1/1] 2.91ns
:1  call void @_ssdm_op_Write.ap_fifo.volatile.i128P(i128* @flashMetadataBuffer_V, i128 %tmp_10312) nounwind

ST_2: stg_96 [1/1] 0.00ns
:4  br label %._crit_edge546

ST_2: stg_97 [1/1] 2.91ns
:0  call void @_ssdm_op_Write.ap_fifo.volatile.i64P(i64* @flashKeyBuffer_V_V, i64 %tmp_V) nounwind

ST_2: stg_98 [1/1] 0.00ns
:1  br label %._crit_edge547

ST_2: tmp_9 [1/1] 1.26ns
._crit_edge547:0  %tmp_9 = icmp ult i16 %flashDemuxValueLength_V_load, 9

ST_2: stg_100 [1/1] 0.89ns
._crit_edge547:1  br i1 %tmp_9, label %._crit_edge548, label %21

ST_2: tmp_5 [1/1] 1.36ns
:0  %tmp_5 = add i16 %flashDemuxValueLength_V_load, -8

ST_2: stg_102 [1/1] 0.89ns
:1  store i16 %tmp_5, i16* @flashDemuxValueLength_V, align 2

ST_2: stg_103 [1/1] 0.89ns
:2  br label %._crit_edge548

ST_2: tmp_EOP_V_3 [1/1] 0.00ns
._crit_edge548:0  %tmp_EOP_V_3 = phi i1 [ false, %21 ], [ true, %._crit_edge547 ]

ST_2: tmp_11323 [1/1] 0.00ns
:0  %tmp_11323 = call i66 @_ssdm_op_BitConcatenate.i66.i1.i1.i64(i1 %tmp_EOP_V_3, i1 false, i64 %setData_data_V_2)

ST_2: stg_106 [1/1] 2.91ns
:1  call void @_ssdm_op_Write.ap_fifo.volatile.i66P(i66* @flashDemux2setPathValue_V, i66 %tmp_11323) nounwind

ST_2: stg_107 [1/1] 0.00ns
:2  br label %._crit_edge549

ST_2: stg_108 [1/1] 0.00ns
:1  br label %._crit_edge550

ST_2: stg_109 [1/1] 0.00ns
._crit_edge550:0  br label %._crit_edge530

ST_2: stg_110 [1/1] 2.91ns
:1  call void @_ssdm_op_Write.ap_fifo.volatile.i128P(i128* @flashMetadataBuffer_V, i128 %tmp_8410) nounwind

ST_2: stg_111 [1/1] 0.00ns
:4  br label %._crit_edge543

ST_2: stg_112 [1/1] 2.91ns
:0  call void @_ssdm_op_Write.ap_fifo.volatile.i64P(i64* @flashKeyBuffer_V_V, i64 %tmp_V_1) nounwind

ST_2: stg_113 [1/1] 0.00ns
:1  br label %._crit_edge544

ST_2: stg_114 [1/1] 0.00ns
:1  br label %._crit_edge545

ST_2: stg_115 [1/1] 0.00ns
._crit_edge545:0  br label %._crit_edge542

ST_2: stg_116 [1/1] 0.00ns
._crit_edge542:0  br label %._crit_edge530

ST_2: tmp_4352 [1/1] 0.00ns
._crit_edge540:1  %tmp_4352 = call i128 @_ssdm_op_BitConcatenate.i128.i3.i1.i124(i3 %tmp_10, i1 true, i124 %p_Val2_s)

ST_2: stg_118 [1/1] 2.91ns
._crit_edge540:2  call void @_ssdm_op_Write.ap_fifo.volatile.i128P(i128* @flashMetadataBuffer_V, i128 %tmp_4352) nounwind

ST_2: tmp_5368 [1/1] 0.00ns
._crit_edge540:5  %tmp_5368 = call i48 @_ssdm_op_BitConcatenate.i48.i16.i32(i16 %setMd_length_V, i32 %setMd_address_V)

ST_2: stg_120 [1/1] 2.91ns
._crit_edge540:6  call void @_ssdm_op_Write.ap_fifo.volatile.i48P(i48* @flashDemux2setPathMetadata_V, i48 %tmp_5368) nounwind

ST_2: tmp_EOP_V_4 [1/1] 1.26ns
._crit_edge540:7  %tmp_EOP_V_4 = icmp ult i16 %setMd_length_V, 9

ST_2: tmp_11 [1/1] 1.36ns
._crit_edge540:8  %tmp_11 = add i16 %setMd_length_V, -8

ST_2: tmp_length_V_2 [1/1] 0.71ns
._crit_edge540:9  %tmp_length_V_2 = select i1 %tmp_EOP_V_4, i16 %setMd_length_V, i16 %tmp_11

ST_2: stg_124 [1/1] 0.89ns
._crit_edge540:10  store i16 %tmp_length_V_2, i16* @flashDemuxValueLength_V, align 2

ST_2: tmp_6373 [1/1] 0.00ns
._crit_edge540:11  %tmp_6373 = call i66 @_ssdm_op_BitConcatenate.i66.i1.i1.i64(i1 %tmp_EOP_V_4, i1 true, i64 %setData_data_V)

ST_2: stg_126 [1/1] 2.91ns
._crit_edge540:12  call void @_ssdm_op_Write.ap_fifo.volatile.i66P(i66* @flashDemux2setPathValue_V, i66 %tmp_6373) nounwind

ST_2: stg_127 [1/1] 2.91ns
:0  call void @_ssdm_op_Write.ap_fifo.volatile.i64P(i64* @flashKeyBuffer_V_V, i64 %tmp_V_2) nounwind

ST_2: stg_128 [1/1] 0.00ns
:1  br label %._crit_edge541

ST_2: stg_129 [1/1] 0.00ns
._crit_edge541:1  br label %._crit_edge539

ST_2: stg_130 [1/1] 0.00ns
._crit_edge539:0  br label %11

ST_2: tmp_2331 [1/1] 0.00ns
:1  %tmp_2331 = call i128 @_ssdm_op_BitConcatenate.i128.i3.i1.i124(i3 %tmp_7, i1 true, i124 %p_Val2_s)

ST_2: stg_132 [1/1] 2.91ns
:2  call void @_ssdm_op_Write.ap_fifo.volatile.i128P(i128* @flashMetadataBuffer_V, i128 %tmp_2331) nounwind

ST_2: tmp_3347 [1/1] 0.00ns
:5  %tmp_3347 = call i48 @_ssdm_op_BitConcatenate.i48.i16.i32(i16 %getMd_length_V, i32 %getMd_address_V)

ST_2: stg_134 [1/1] 2.91ns
:6  call void @_ssdm_op_Write.ap_fifo.volatile.i48P(i48* @flashDemux2getPath_V, i48 %tmp_3347) nounwind

ST_2: stg_135 [1/1] 2.91ns
:0  call void @_ssdm_op_Write.ap_fifo.volatile.i64P(i64* @flashKeyBuffer_V_V, i64 %tmp_V_2) nounwind

ST_2: stg_136 [1/1] 0.00ns
:1  br label %._crit_edge538

ST_2: stg_137 [1/1] 0.00ns
._crit_edge538:1  br label %11

ST_2: stg_138 [1/1] 0.00ns
:0  br label %12

ST_2: tmp_1301 [1/1] 0.00ns
._crit_edge533:1  %tmp_1301 = call i128 @_ssdm_op_BitConcatenate.i128.i3.i1.i124(i3 %tmp_4, i1 true, i124 %p_Val2_s)

ST_2: stg_140 [1/1] 2.91ns
._crit_edge533:2  call void @_ssdm_op_Write.ap_fifo.volatile.i128P(i128* @flashMetadataBuffer_V, i128 %tmp_1301) nounwind

ST_2: stg_141 [1/1] 2.91ns
:0  call void @_ssdm_op_Write.ap_fifo.volatile.i64P(i64* @flashKeyBuffer_V_V, i64 %tmp_V_2) nounwind

ST_2: stg_142 [1/1] 0.00ns
:1  br label %._crit_edge536

ST_2: stg_143 [1/1] 0.00ns
._crit_edge536:1  br label %12

ST_2: stg_144 [1/1] 0.00ns
:0  br label %._crit_edge532

ST_2: stg_145 [1/1] 0.00ns
._crit_edge532:0  br label %._crit_edge531

ST_2: stg_146 [1/1] 0.00ns
._crit_edge531:0  br label %._crit_edge530

ST_2: stg_147 [1/1] 0.00ns
._crit_edge530:0  ret void



============================================================
+ Verbose Summary: Binding
============================================================
STG Binding: 
---------------- STG Properties BEGIN ----------------
- Is combinational: 0
- Is one-state seq: 0
- Is datapath-only: 0
- Is clock enabled: 0
- Is pipelined: 1
- Is top level: 0
Port [ Return ] is wired: 1; IO mode=ap_ctrl_none:ce=0
Port [ flashDemuxState]:  wired=0; compound=0; hidden=1; nouse=0; global=1; static=1; extern=0; dir=2; type=0; mode=0x7fa53ed08410; pingpong=0; private_global=1; linkage=7; visibility=0; IO mode=ap_ovld:ce=0
Port [ flashWordCounter_V]:  wired=0; compound=0; hidden=1; nouse=0; global=1; static=1; extern=0; dir=2; type=0; mode=0x7fa53ed08470; pingpong=0; private_global=1; linkage=7; visibility=0; IO mode=ap_ovld:ce=0
Port [ flashDemuxValueLength_V]:  wired=0; compound=0; hidden=1; nouse=0; global=1; static=1; extern=0; dir=2; type=0; mode=0x7fa53ed084d0; pingpong=0; private_global=1; linkage=7; visibility=0; IO mode=ap_ovld:ce=0
Port [ splitter2valueStoreFlash_V]:  wired=1; compound=1; hidden=0; nouse=0; global=1; static=1; extern=0; dir=0; type=3; mode=0x7fa53ed08530; pingpong=0; private_global=0; linkage=7; visibility=0; IO mode=ap_fifo:ce=0
Port [ flashMetadataBuffer_V]:  wired=1; compound=1; hidden=0; nouse=0; global=1; static=1; extern=0; dir=1; type=3; mode=0x7fa53ed08590; pingpong=0; private_global=0; linkage=7; visibility=0; IO mode=ap_fifo:ce=0
Port [ flashKeyBuffer_V_V]:  wired=1; compound=1; hidden=0; nouse=0; global=1; static=1; extern=0; dir=1; type=3; mode=0x7fa53ed085f0; pingpong=0; private_global=0; linkage=7; visibility=0; IO mode=ap_fifo:ce=0
Port [ flashDemux2getPath_V]:  wired=1; compound=1; hidden=0; nouse=0; global=1; static=1; extern=0; dir=1; type=3; mode=0x7fa53ed08650; pingpong=0; private_global=0; linkage=7; visibility=0; IO mode=ap_fifo:ce=0
Port [ flashDemux2setPathMetadata_V]:  wired=1; compound=1; hidden=0; nouse=0; global=1; static=1; extern=0; dir=1; type=3; mode=0x7fa53ed086b0; pingpong=0; private_global=0; linkage=7; visibility=0; IO mode=ap_fifo:ce=0
Port [ flashDemux2setPathValue_V]:  wired=1; compound=1; hidden=0; nouse=0; global=1; static=1; extern=0; dir=1; type=3; mode=0x7fa53ed08710; pingpong=0; private_global=0; linkage=7; visibility=0; IO mode=ap_fifo:ce=0
---------------- STG Properties END ------------------

---------------- Datapath Model BEGIN ----------------

<LifeTime>
<method=bitvector/>
flashDemuxState_load         (load          ) [ 011]
flashWordCounter_V_load      (load          ) [ 000]
stg_5                        (switch        ) [ 000]
tmp_9421                     (read          ) [ 000]
metadataWrWord_keyValid_V_3  (bitselect     ) [ 011]
metadataWrWord_valueValid_V  (bitselect     ) [ 011]
metadataWrWord_EOP_V_2       (bitselect     ) [ 011]
setData_data_V_2             (partselect    ) [ 011]
tmp_V                        (partselect    ) [ 011]
tmp_17                       (bitselect     ) [ 011]
stg_13                       (br            ) [ 000]
tmp_10312                    (trunc         ) [ 011]
tmp_2                        (add           ) [ 000]
stg_16                       (store         ) [ 000]
stg_17                       (br            ) [ 000]
stg_18                       (br            ) [ 000]
stg_19                       (br            ) [ 000]
stg_20                       (store         ) [ 000]
tmp                          (nbreadreq     ) [ 011]
stg_22                       (br            ) [ 000]
tmp_7381                     (read          ) [ 000]
metadataWrWord_keyValid_V_2  (bitselect     ) [ 011]
metadataWrWord_EOP_V         (bitselect     ) [ 011]
tmp_V_1                      (partselect    ) [ 011]
tmp_23                       (bitselect     ) [ 011]
stg_28                       (br            ) [ 000]
tmp_8410                     (trunc         ) [ 011]
tmp_8                        (add           ) [ 000]
stg_31                       (store         ) [ 000]
stg_32                       (br            ) [ 000]
stg_33                       (br            ) [ 000]
stg_34                       (store         ) [ 000]
tmp_3                        (nbreadreq     ) [ 011]
stg_36                       (br            ) [ 000]
tmp272                       (read          ) [ 000]
p_Val2_s                     (trunc         ) [ 011]
metadataWrWord_SOP_V         (bitselect     ) [ 011]
metadataWrWord_keyValid_V    (bitselect     ) [ 011]
setData_data_V               (partselect    ) [ 011]
tmp_V_2                      (partselect    ) [ 011]
stg_43                       (br            ) [ 000]
stg_44                       (store         ) [ 000]
tmp_25                       (bitselect     ) [ 011]
stg_46                       (br            ) [ 000]
p_Result_s                   (partselect    ) [ 000]
tmp_27                       (icmp          ) [ 000]
tmp_28                       (icmp          ) [ 000]
tmp_29                       (or            ) [ 011]
stg_51                       (br            ) [ 000]
tmp_6                        (icmp          ) [ 011]
stg_53                       (br            ) [ 000]
tmp_1                        (icmp          ) [ 011]
stg_55                       (br            ) [ 000]
tmp_10                       (partselect    ) [ 011]
setMd_address_V              (partselect    ) [ 011]
setMd_length_V               (partselect    ) [ 011]
stg_59                       (br            ) [ 000]
stg_60                       (store         ) [ 000]
tmp_7                        (partselect    ) [ 011]
getMd_address_V              (partselect    ) [ 011]
getMd_length_V               (partselect    ) [ 011]
stg_64                       (br            ) [ 000]
stg_65                       (store         ) [ 000]
tmp_4                        (partselect    ) [ 011]
stg_67                       (br            ) [ 000]
p_Result_2                   (partselect    ) [ 000]
tmp_s                        (icmp          ) [ 011]
stg_70                       (br            ) [ 000]
stg_71                       (store         ) [ 000]
stg_72                       (specinterface ) [ 000]
stg_73                       (specinterface ) [ 000]
stg_74                       (specinterface ) [ 000]
stg_75                       (specinterface ) [ 000]
stg_76                       (specinterface ) [ 000]
stg_77                       (specinterface ) [ 000]
stg_78                       (specinterface ) [ 000]
stg_79                       (specinterface ) [ 000]
stg_80                       (specinterface ) [ 000]
stg_81                       (specinterface ) [ 000]
stg_82                       (specinterface ) [ 000]
stg_83                       (specinterface ) [ 000]
stg_84                       (specinterface ) [ 000]
stg_85                       (specinterface ) [ 000]
stg_86                       (specinterface ) [ 000]
stg_87                       (specinterface ) [ 000]
stg_88                       (specinterface ) [ 000]
stg_89                       (specinterface ) [ 000]
stg_90                       (specinterface ) [ 000]
stg_91                       (specinterface ) [ 000]
stg_92                       (specinterface ) [ 000]
stg_93                       (specpipeline  ) [ 000]
flashDemuxValueLength_V_load (load          ) [ 000]
stg_95                       (write         ) [ 000]
stg_96                       (br            ) [ 000]
stg_97                       (write         ) [ 000]
stg_98                       (br            ) [ 000]
tmp_9                        (icmp          ) [ 011]
stg_100                      (br            ) [ 000]
tmp_5                        (add           ) [ 000]
stg_102                      (store         ) [ 000]
stg_103                      (br            ) [ 000]
tmp_EOP_V_3                  (phi           ) [ 000]
tmp_11323                    (bitconcatenate) [ 000]
stg_106                      (write         ) [ 000]
stg_107                      (br            ) [ 000]
stg_108                      (br            ) [ 000]
stg_109                      (br            ) [ 000]
stg_110                      (write         ) [ 000]
stg_111                      (br            ) [ 000]
stg_112                      (write         ) [ 000]
stg_113                      (br            ) [ 000]
stg_114                      (br            ) [ 000]
stg_115                      (br            ) [ 000]
stg_116                      (br            ) [ 000]
tmp_4352                     (bitconcatenate) [ 000]
stg_118                      (write         ) [ 000]
tmp_5368                     (bitconcatenate) [ 000]
stg_120                      (write         ) [ 000]
tmp_EOP_V_4                  (icmp          ) [ 000]
tmp_11                       (add           ) [ 000]
tmp_length_V_2               (select        ) [ 000]
stg_124                      (store         ) [ 000]
tmp_6373                     (bitconcatenate) [ 000]
stg_126                      (write         ) [ 000]
stg_127                      (write         ) [ 000]
stg_128                      (br            ) [ 000]
stg_129                      (br            ) [ 000]
stg_130                      (br            ) [ 000]
tmp_2331                     (bitconcatenate) [ 000]
stg_132                      (write         ) [ 000]
tmp_3347                     (bitconcatenate) [ 000]
stg_134                      (write         ) [ 000]
stg_135                      (write         ) [ 000]
stg_136                      (br            ) [ 000]
stg_137                      (br            ) [ 000]
stg_138                      (br            ) [ 000]
tmp_1301                     (bitconcatenate) [ 000]
stg_140                      (write         ) [ 000]
stg_141                      (write         ) [ 000]
stg_142                      (br            ) [ 000]
stg_143                      (br            ) [ 000]
stg_144                      (br            ) [ 000]
stg_145                      (br            ) [ 000]
stg_146                      (br            ) [ 000]
stg_147                      (ret           ) [ 000]
</LifeTime>

<model>

<comp_list>
<comp id="0" class="1000" name="flashDemuxState">
<pin_list>
<pin id="1" dir="1" index="0" bw="1" slack="0"/>
</pin_list>
<bind>
<StgValue><ssdm name="flashDemuxState"/></StgValue>
</bind>
</comp>

<comp id="2" class="1000" name="flashWordCounter_V">
<pin_list>
<pin id="3" dir="1" index="0" bw="1" slack="0"/>
</pin_list>
<bind>
<StgValue><ssdm name="flashWordCounter_V"/></StgValue>
</bind>
</comp>

<comp id="4" class="1000" name="flashDemuxValueLength_V">
<pin_list>
<pin id="5" dir="1" index="0" bw="1" slack="0"/>
</pin_list>
<bind>
<StgValue><ssdm name="flashDemuxValueLength_V"/></StgValue>
</bind>
</comp>

<comp id="6" class="1000" name="splitter2valueStoreFlash_V">
<pin_list>
<pin id="7" dir="1" index="0" bw="1" slack="0"/>
</pin_list>
<bind>
<StgValue><ssdm name="splitter2valueStoreFlash_V"/></StgValue>
</bind>
</comp>

<comp id="8" class="1000" name="flashMetadataBuffer_V">
<pin_list>
<pin id="9" dir="1" index="0" bw="1" slack="0"/>
</pin_list>
<bind>
<StgValue><ssdm name="flashMetadataBuffer_V"/></StgValue>
</bind>
</comp>

<comp id="10" class="1000" name="flashKeyBuffer_V_V">
<pin_list>
<pin id="11" dir="1" index="0" bw="1" slack="0"/>
</pin_list>
<bind>
<StgValue><ssdm name="flashKeyBuffer_V_V"/></StgValue>
</bind>
</comp>

<comp id="12" class="1000" name="flashDemux2getPath_V">
<pin_list>
<pin id="13" dir="1" index="0" bw="1" slack="0"/>
</pin_list>
<bind>
<StgValue><ssdm name="flashDemux2getPath_V"/></StgValue>
</bind>
</comp>

<comp id="14" class="1000" name="flashDemux2setPathMetadata_V">
<pin_list>
<pin id="15" dir="1" index="0" bw="1" slack="0"/>
</pin_list>
<bind>
<StgValue><ssdm name="flashDemux2setPathMetadata_V"/></StgValue>
</bind>
</comp>

<comp id="16" class="1000" name="flashDemux2setPathValue_V">
<pin_list>
<pin id="17" dir="1" index="0" bw="1" slack="0"/>
</pin_list>
<bind>
<StgValue><ssdm name="flashDemux2setPathValue_V"/></StgValue>
</bind>
</comp>

<comp id="18" class="1001" name="const_18">
<pin_list>
<pin id="19" dir="1" index="0" bw="1" slack="0"/>
</pin_list>
<bind>
<StgValue><ssdm name=""/></StgValue>
</bind>
</comp>

<comp id="20" class="1001" name="const_20">
<pin_list>
<pin id="21" dir="1" index="0" bw="1" slack="0"/>
</pin_list>
<bind>
<StgValue><ssdm name=""/></StgValue>
</bind>
</comp>

<comp id="22" class="1001" name="const_22">
<pin_list>
<pin id="23" dir="1" index="0" bw="1" slack="0"/>
</pin_list>
<bind>
<StgValue><ssdm name=""/></StgValue>
</bind>
</comp>

<comp id="24" class="1001" name="const_24">
<pin_list>
<pin id="25" dir="1" index="0" bw="1" slack="0"/>
</pin_list>
<bind>
<StgValue><ssdm name="_ssdm_op_Read.ap_fifo.volatile.i256P"/></StgValue>
</bind>
</comp>

<comp id="26" class="1001" name="const_26">
<pin_list>
<pin id="27" dir="1" index="0" bw="1" slack="0"/>
</pin_list>
<bind>
<StgValue><ssdm name="_ssdm_op_BitSelect.i1.i256.i32"/></StgValue>
</bind>
</comp>

<comp id="28" class="1001" name="const_28">
<pin_list>
<pin id="29" dir="1" index="0" bw="1" slack="0"/>
</pin_list>
<bind>
<StgValue><ssdm name=""/></StgValue>
</bind>
</comp>

<comp id="30" class="1001" name="const_30">
<pin_list>
<pin id="31" dir="1" index="0" bw="1" slack="0"/>
</pin_list>
<bind>
<StgValue><ssdm name=""/></StgValue>
</bind>
</comp>

<comp id="32" class="1001" name="const_32">
<pin_list>
<pin id="33" dir="1" index="0" bw="1" slack="0"/>
</pin_list>
<bind>
<StgValue><ssdm name=""/></StgValue>
</bind>
</comp>

<comp id="34" class="1001" name="const_34">
<pin_list>
<pin id="35" dir="1" index="0" bw="1" slack="0"/>
</pin_list>
<bind>
<StgValue><ssdm name="_ssdm_op_PartSelect.i64.i256.i32.i32"/></StgValue>
</bind>
</comp>

<comp id="36" class="1001" name="const_36">
<pin_list>
<pin id="37" dir="1" index="0" bw="1" slack="0"/>
</pin_list>
<bind>
<StgValue><ssdm name=""/></StgValue>
</bind>
</comp>

<comp id="38" class="1001" name="const_38">
<pin_list>
<pin id="39" dir="1" index="0" bw="1" slack="0"/>
</pin_list>
<bind>
<StgValue><ssdm name=""/></StgValue>
</bind>
</comp>

<comp id="40" class="1001" name="const_40">
<pin_list>
<pin id="41" dir="1" index="0" bw="1" slack="0"/>
</pin_list>
<bind>
<StgValue><ssdm name=""/></StgValue>
</bind>
</comp>

<comp id="42" class="1001" name="const_42">
<pin_list>
<pin id="43" dir="1" index="0" bw="1" slack="0"/>
</pin_list>
<bind>
<StgValue><ssdm name=""/></StgValue>
</bind>
</comp>

<comp id="44" class="1001" name="const_44">
<pin_list>
<pin id="45" dir="1" index="0" bw="1" slack="0"/>
</pin_list>
<bind>
<StgValue><ssdm name="_ssdm_op_BitSelect.i1.i2.i32"/></StgValue>
</bind>
</comp>

<comp id="46" class="1001" name="const_46">
<pin_list>
<pin id="47" dir="1" index="0" bw="1" slack="0"/>
</pin_list>
<bind>
<StgValue><ssdm name=""/></StgValue>
</bind>
</comp>

<comp id="48" class="1001" name="const_48">
<pin_list>
<pin id="49" dir="1" index="0" bw="1" slack="0"/>
</pin_list>
<bind>
<StgValue><ssdm name="_ssdm_op_NbReadReq.ap_fifo.i256P"/></StgValue>
</bind>
</comp>

<comp id="50" class="1001" name="const_50">
<pin_list>
<pin id="51" dir="1" index="0" bw="1" slack="0"/>
</pin_list>
<bind>
<StgValue><ssdm name=""/></StgValue>
</bind>
</comp>

<comp id="52" class="1001" name="const_52">
<pin_list>
<pin id="53" dir="1" index="0" bw="1" slack="0"/>
</pin_list>
<bind>
<StgValue><ssdm name=""/></StgValue>
</bind>
</comp>

<comp id="54" class="1001" name="const_54">
<pin_list>
<pin id="55" dir="1" index="0" bw="1" slack="0"/>
</pin_list>
<bind>
<StgValue><ssdm name="_ssdm_op_PartSelect.i8.i256.i32.i32"/></StgValue>
</bind>
</comp>

<comp id="56" class="1001" name="const_56">
<pin_list>
<pin id="57" dir="1" index="0" bw="1" slack="0"/>
</pin_list>
<bind>
<StgValue><ssdm name=""/></StgValue>
</bind>
</comp>

<comp id="58" class="1001" name="const_58">
<pin_list>
<pin id="59" dir="1" index="0" bw="1" slack="0"/>
</pin_list>
<bind>
<StgValue><ssdm name=""/></StgValue>
</bind>
</comp>

<comp id="60" class="1001" name="const_60">
<pin_list>
<pin id="61" dir="1" index="0" bw="1" slack="0"/>
</pin_list>
<bind>
<StgValue><ssdm name=""/></StgValue>
</bind>
</comp>

<comp id="62" class="1001" name="const_62">
<pin_list>
<pin id="63" dir="1" index="0" bw="1" slack="0"/>
</pin_list>
<bind>
<StgValue><ssdm name=""/></StgValue>
</bind>
</comp>

<comp id="64" class="1001" name="const_64">
<pin_list>
<pin id="65" dir="1" index="0" bw="1" slack="0"/>
</pin_list>
<bind>
<StgValue><ssdm name=""/></StgValue>
</bind>
</comp>

<comp id="66" class="1001" name="const_66">
<pin_list>
<pin id="67" dir="1" index="0" bw="1" slack="0"/>
</pin_list>
<bind>
<StgValue><ssdm name=""/></StgValue>
</bind>
</comp>

<comp id="68" class="1001" name="const_68">
<pin_list>
<pin id="69" dir="1" index="0" bw="1" slack="0"/>
</pin_list>
<bind>
<StgValue><ssdm name="_ssdm_op_PartSelect.i3.i256.i32.i32"/></StgValue>
</bind>
</comp>

<comp id="70" class="1001" name="const_70">
<pin_list>
<pin id="71" dir="1" index="0" bw="1" slack="0"/>
</pin_list>
<bind>
<StgValue><ssdm name="_ssdm_op_PartSelect.i32.i256.i32.i32"/></StgValue>
</bind>
</comp>

<comp id="72" class="1001" name="const_72">
<pin_list>
<pin id="73" dir="1" index="0" bw="1" slack="0"/>
</pin_list>
<bind>
<StgValue><ssdm name=""/></StgValue>
</bind>
</comp>

<comp id="74" class="1001" name="const_74">
<pin_list>
<pin id="75" dir="1" index="0" bw="1" slack="0"/>
</pin_list>
<bind>
<StgValue><ssdm name=""/></StgValue>
</bind>
</comp>

<comp id="76" class="1001" name="const_76">
<pin_list>
<pin id="77" dir="1" index="0" bw="1" slack="0"/>
</pin_list>
<bind>
<StgValue><ssdm name="_ssdm_op_PartSelect.i16.i256.i32.i32"/></StgValue>
</bind>
</comp>

<comp id="78" class="1001" name="const_78">
<pin_list>
<pin id="79" dir="1" index="0" bw="1" slack="0"/>
</pin_list>
<bind>
<StgValue><ssdm name=""/></StgValue>
</bind>
</comp>

<comp id="80" class="1001" name="const_80">
<pin_list>
<pin id="81" dir="1" index="0" bw="1" slack="0"/>
</pin_list>
<bind>
<StgValue><ssdm name=""/></StgValue>
</bind>
</comp>

<comp id="82" class="1001" name="const_82">
<pin_list>
<pin id="83" dir="1" index="0" bw="1" slack="2147483647"/>
</pin_list>
<bind>
<StgValue><ssdm name="_ssdm_op_SpecInterface"/></StgValue>
</bind>
</comp>

<comp id="84" class="1001" name="const_84">
<pin_list>
<pin id="85" dir="1" index="0" bw="1" slack="2147483647"/>
</pin_list>
<bind>
<StgValue><ssdm name="str1430"/></StgValue>
</bind>
</comp>

<comp id="86" class="1001" name="const_86">
<pin_list>
<pin id="87" dir="1" index="0" bw="1" slack="2147483647"/>
</pin_list>
<bind>
<StgValue><ssdm name=""/></StgValue>
</bind>
</comp>

<comp id="88" class="1001" name="const_88">
<pin_list>
<pin id="89" dir="1" index="0" bw="1" slack="2147483647"/>
</pin_list>
<bind>
<StgValue><ssdm name="str1431"/></StgValue>
</bind>
</comp>

<comp id="90" class="1001" name="const_90">
<pin_list>
<pin id="91" dir="1" index="0" bw="1" slack="2147483647"/>
</pin_list>
<bind>
<StgValue><ssdm name="str1426"/></StgValue>
</bind>
</comp>

<comp id="92" class="1001" name="const_92">
<pin_list>
<pin id="93" dir="1" index="0" bw="1" slack="2147483647"/>
</pin_list>
<bind>
<StgValue><ssdm name="str1427"/></StgValue>
</bind>
</comp>

<comp id="94" class="1001" name="const_94">
<pin_list>
<pin id="95" dir="1" index="0" bw="1" slack="2147483647"/>
</pin_list>
<bind>
<StgValue><ssdm name="str1422"/></StgValue>
</bind>
</comp>

<comp id="96" class="1001" name="const_96">
<pin_list>
<pin id="97" dir="1" index="0" bw="1" slack="2147483647"/>
</pin_list>
<bind>
<StgValue><ssdm name="str1423"/></StgValue>
</bind>
</comp>

<comp id="98" class="1001" name="const_98">
<pin_list>
<pin id="99" dir="1" index="0" bw="1" slack="2147483647"/>
</pin_list>
<bind>
<StgValue><ssdm name="str1418"/></StgValue>
</bind>
</comp>

<comp id="100" class="1001" name="const_100">
<pin_list>
<pin id="101" dir="1" index="0" bw="1" slack="2147483647"/>
</pin_list>
<bind>
<StgValue><ssdm name="str1419"/></StgValue>
</bind>
</comp>

<comp id="102" class="1001" name="const_102">
<pin_list>
<pin id="103" dir="1" index="0" bw="1" slack="2147483647"/>
</pin_list>
<bind>
<StgValue><ssdm name="str1414"/></StgValue>
</bind>
</comp>

<comp id="104" class="1001" name="const_104">
<pin_list>
<pin id="105" dir="1" index="0" bw="1" slack="2147483647"/>
</pin_list>
<bind>
<StgValue><ssdm name="str1415"/></StgValue>
</bind>
</comp>

<comp id="106" class="1001" name="const_106">
<pin_list>
<pin id="107" dir="1" index="0" bw="1" slack="2147483647"/>
</pin_list>
<bind>
<StgValue><ssdm name="str1410"/></StgValue>
</bind>
</comp>

<comp id="108" class="1001" name="const_108">
<pin_list>
<pin id="109" dir="1" index="0" bw="1" slack="2147483647"/>
</pin_list>
<bind>
<StgValue><ssdm name="str1411"/></StgValue>
</bind>
</comp>

<comp id="110" class="1001" name="const_110">
<pin_list>
<pin id="111" dir="1" index="0" bw="1" slack="2147483647"/>
</pin_list>
<bind>
<StgValue><ssdm name="str1406"/></StgValue>
</bind>
</comp>

<comp id="112" class="1001" name="const_112">
<pin_list>
<pin id="113" dir="1" index="0" bw="1" slack="2147483647"/>
</pin_list>
<bind>
<StgValue><ssdm name="str1407"/></StgValue>
</bind>
</comp>

<comp id="114" class="1001" name="const_114">
<pin_list>
<pin id="115" dir="1" index="0" bw="1" slack="2147483647"/>
</pin_list>
<bind>
<StgValue><ssdm name="str1402"/></StgValue>
</bind>
</comp>

<comp id="116" class="1001" name="const_116">
<pin_list>
<pin id="117" dir="1" index="0" bw="1" slack="2147483647"/>
</pin_list>
<bind>
<StgValue><ssdm name="str1403"/></StgValue>
</bind>
</comp>

<comp id="118" class="1001" name="const_118">
<pin_list>
<pin id="119" dir="1" index="0" bw="1" slack="2147483647"/>
</pin_list>
<bind>
<StgValue><ssdm name="str1398"/></StgValue>
</bind>
</comp>

<comp id="120" class="1001" name="const_120">
<pin_list>
<pin id="121" dir="1" index="0" bw="1" slack="2147483647"/>
</pin_list>
<bind>
<StgValue><ssdm name="str1399"/></StgValue>
</bind>
</comp>

<comp id="122" class="1001" name="const_122">
<pin_list>
<pin id="123" dir="1" index="0" bw="1" slack="2147483647"/>
</pin_list>
<bind>
<StgValue><ssdm name="str1394"/></StgValue>
</bind>
</comp>

<comp id="124" class="1001" name="const_124">
<pin_list>
<pin id="125" dir="1" index="0" bw="1" slack="2147483647"/>
</pin_list>
<bind>
<StgValue><ssdm name="str1395"/></StgValue>
</bind>
</comp>

<comp id="126" class="1001" name="const_126">
<pin_list>
<pin id="127" dir="1" index="0" bw="1" slack="2147483647"/>
</pin_list>
<bind>
<StgValue><ssdm name="str1386"/></StgValue>
</bind>
</comp>

<comp id="128" class="1001" name="const_128">
<pin_list>
<pin id="129" dir="1" index="0" bw="1" slack="2147483647"/>
</pin_list>
<bind>
<StgValue><ssdm name="str1387"/></StgValue>
</bind>
</comp>

<comp id="130" class="1001" name="const_130">
<pin_list>
<pin id="131" dir="1" index="0" bw="1" slack="2147483647"/>
</pin_list>
<bind>
<StgValue><ssdm name="str1382"/></StgValue>
</bind>
</comp>

<comp id="132" class="1001" name="const_132">
<pin_list>
<pin id="133" dir="1" index="0" bw="1" slack="2147483647"/>
</pin_list>
<bind>
<StgValue><ssdm name="str1383"/></StgValue>
</bind>
</comp>

<comp id="134" class="1001" name="const_134">
<pin_list>
<pin id="135" dir="1" index="0" bw="1" slack="2147483647"/>
</pin_list>
<bind>
<StgValue><ssdm name="str1378"/></StgValue>
</bind>
</comp>

<comp id="136" class="1001" name="const_136">
<pin_list>
<pin id="137" dir="1" index="0" bw="1" slack="2147483647"/>
</pin_list>
<bind>
<StgValue><ssdm name="str1379"/></StgValue>
</bind>
</comp>

<comp id="138" class="1001" name="const_138">
<pin_list>
<pin id="139" dir="1" index="0" bw="1" slack="2147483647"/>
</pin_list>
<bind>
<StgValue><ssdm name="str1286"/></StgValue>
</bind>
</comp>

<comp id="140" class="1001" name="const_140">
<pin_list>
<pin id="141" dir="1" index="0" bw="1" slack="2147483647"/>
</pin_list>
<bind>
<StgValue><ssdm name="str1287"/></StgValue>
</bind>
</comp>

<comp id="142" class="1001" name="const_142">
<pin_list>
<pin id="143" dir="1" index="0" bw="1" slack="2147483647"/>
</pin_list>
<bind>
<StgValue><ssdm name="str1282"/></StgValue>
</bind>
</comp>

<comp id="144" class="1001" name="const_144">
<pin_list>
<pin id="145" dir="1" index="0" bw="1" slack="2147483647"/>
</pin_list>
<bind>
<StgValue><ssdm name="str1283"/></StgValue>
</bind>
</comp>

<comp id="146" class="1001" name="const_146">
<pin_list>
<pin id="147" dir="1" index="0" bw="1" slack="2147483647"/>
</pin_list>
<bind>
<StgValue><ssdm name="str1278"/></StgValue>
</bind>
</comp>

<comp id="148" class="1001" name="const_148">
<pin_list>
<pin id="149" dir="1" index="0" bw="1" slack="2147483647"/>
</pin_list>
<bind>
<StgValue><ssdm name="str1279"/></StgValue>
</bind>
</comp>

<comp id="150" class="1001" name="const_150">
<pin_list>
<pin id="151" dir="1" index="0" bw="1" slack="2147483647"/>
</pin_list>
<bind>
<StgValue><ssdm name="str1274"/></StgValue>
</bind>
</comp>

<comp id="152" class="1001" name="const_152">
<pin_list>
<pin id="153" dir="1" index="0" bw="1" slack="2147483647"/>
</pin_list>
<bind>
<StgValue><ssdm name="str1275"/></StgValue>
</bind>
</comp>

<comp id="154" class="1001" name="const_154">
<pin_list>
<pin id="155" dir="1" index="0" bw="1" slack="2147483647"/>
</pin_list>
<bind>
<StgValue><ssdm name="str1270"/></StgValue>
</bind>
</comp>

<comp id="156" class="1001" name="const_156">
<pin_list>
<pin id="157" dir="1" index="0" bw="1" slack="2147483647"/>
</pin_list>
<bind>
<StgValue><ssdm name="str1271"/></StgValue>
</bind>
</comp>

<comp id="158" class="1001" name="const_158">
<pin_list>
<pin id="159" dir="1" index="0" bw="1" slack="2147483647"/>
</pin_list>
<bind>
<StgValue><ssdm name="str1266"/></StgValue>
</bind>
</comp>

<comp id="160" class="1001" name="const_160">
<pin_list>
<pin id="161" dir="1" index="0" bw="1" slack="2147483647"/>
</pin_list>
<bind>
<StgValue><ssdm name="str1267"/></StgValue>
</bind>
</comp>

<comp id="162" class="1001" name="const_162">
<pin_list>
<pin id="163" dir="1" index="0" bw="1" slack="2147483647"/>
</pin_list>
<bind>
<StgValue><ssdm name="str1262"/></StgValue>
</bind>
</comp>

<comp id="164" class="1001" name="const_164">
<pin_list>
<pin id="165" dir="1" index="0" bw="1" slack="2147483647"/>
</pin_list>
<bind>
<StgValue><ssdm name="str1263"/></StgValue>
</bind>
</comp>

<comp id="166" class="1001" name="const_166">
<pin_list>
<pin id="167" dir="1" index="0" bw="1" slack="2147483647"/>
</pin_list>
<bind>
<StgValue><ssdm name="p_str90"/></StgValue>
</bind>
</comp>

<comp id="168" class="1001" name="const_168">
<pin_list>
<pin id="169" dir="1" index="0" bw="1" slack="2147483647"/>
</pin_list>
<bind>
<StgValue><ssdm name="p_str191"/></StgValue>
</bind>
</comp>

<comp id="170" class="1001" name="const_170">
<pin_list>
<pin id="171" dir="1" index="0" bw="1" slack="2147483647"/>
</pin_list>
<bind>
<StgValue><ssdm name="_ssdm_op_SpecPipeline"/></StgValue>
</bind>
</comp>

<comp id="172" class="1001" name="const_172">
<pin_list>
<pin id="173" dir="1" index="0" bw="1" slack="2147483647"/>
</pin_list>
<bind>
<StgValue><ssdm name=""/></StgValue>
</bind>
</comp>

<comp id="174" class="1001" name="const_174">
<pin_list>
<pin id="175" dir="1" index="0" bw="1" slack="0"/>
</pin_list>
<bind>
<StgValue><ssdm name="_ssdm_op_Write.ap_fifo.volatile.i128P"/></StgValue>
</bind>
</comp>

<comp id="176" class="1001" name="const_176">
<pin_list>
<pin id="177" dir="1" index="0" bw="1" slack="0"/>
</pin_list>
<bind>
<StgValue><ssdm name="_ssdm_op_Write.ap_fifo.volatile.i64P"/></StgValue>
</bind>
</comp>

<comp id="178" class="1001" name="const_178">
<pin_list>
<pin id="179" dir="1" index="0" bw="1" slack="0"/>
</pin_list>
<bind>
<StgValue><ssdm name=""/></StgValue>
</bind>
</comp>

<comp id="180" class="1001" name="const_180">
<pin_list>
<pin id="181" dir="1" index="0" bw="1" slack="0"/>
</pin_list>
<bind>
<StgValue><ssdm name=""/></StgValue>
</bind>
</comp>

<comp id="182" class="1001" name="const_182">
<pin_list>
<pin id="183" dir="1" index="0" bw="1" slack="0"/>
</pin_list>
<bind>
<StgValue><ssdm name=""/></StgValue>
</bind>
</comp>

<comp id="184" class="1001" name="const_184">
<pin_list>
<pin id="185" dir="1" index="0" bw="1" slack="0"/>
</pin_list>
<bind>
<StgValue><ssdm name=""/></StgValue>
</bind>
</comp>

<comp id="186" class="1001" name="const_186">
<pin_list>
<pin id="187" dir="1" index="0" bw="1" slack="0"/>
</pin_list>
<bind>
<StgValue><ssdm name="_ssdm_op_BitConcatenate.i66.i1.i1.i64"/></StgValue>
</bind>
</comp>

<comp id="188" class="1001" name="const_188">
<pin_list>
<pin id="189" dir="1" index="0" bw="1" slack="0"/>
</pin_list>
<bind>
<StgValue><ssdm name="_ssdm_op_Write.ap_fifo.volatile.i66P"/></StgValue>
</bind>
</comp>

<comp id="190" class="1001" name="const_190">
<pin_list>
<pin id="191" dir="1" index="0" bw="1" slack="0"/>
</pin_list>
<bind>
<StgValue><ssdm name="_ssdm_op_BitConcatenate.i128.i3.i1.i124"/></StgValue>
</bind>
</comp>

<comp id="192" class="1001" name="const_192">
<pin_list>
<pin id="193" dir="1" index="0" bw="1" slack="0"/>
</pin_list>
<bind>
<StgValue><ssdm name="_ssdm_op_BitConcatenate.i48.i16.i32"/></StgValue>
</bind>
</comp>

<comp id="194" class="1001" name="const_194">
<pin_list>
<pin id="195" dir="1" index="0" bw="1" slack="0"/>
</pin_list>
<bind>
<StgValue><ssdm name="_ssdm_op_Write.ap_fifo.volatile.i48P"/></StgValue>
</bind>
</comp>

<comp id="196" class="1004" name="grp_read_fu_196">
<pin_list>
<pin id="197" dir="0" index="0" bw="256" slack="0"/>
<pin id="198" dir="0" index="1" bw="256" slack="0"/>
<pin id="199" dir="1" index="2" bw="256" slack="0"/>
</pin_list>
<bind>
<opcode="read(1150) " fcode="read"/>
<opset="tmp_9421/1 tmp_7381/1 tmp272/1 "/>
</bind>
</comp>

<comp id="202" class="1004" name="grp_nbreadreq_fu_202">
<pin_list>
<pin id="203" dir="0" index="0" bw="1" slack="0"/>
<pin id="204" dir="0" index="1" bw="256" slack="0"/>
<pin id="205" dir="0" index="2" bw="1" slack="0"/>
<pin id="206" dir="1" index="3" bw="1" slack="1"/>
</pin_list>
<bind>
<opcode="nbreadreq(1156) " fcode="nbreadreq"/>
<opset="tmp/1 tmp_3/1 "/>
</bind>
</comp>

<comp id="210" class="1004" name="grp_write_fu_210">
<pin_list>
<pin id="211" dir="0" index="0" bw="0" slack="0"/>
<pin id="212" dir="0" index="1" bw="128" slack="0"/>
<pin id="213" dir="0" index="2" bw="128" slack="0"/>
<pin id="214" dir="1" index="3" bw="0" slack="2147483647"/>
</pin_list>
<bind>
<opcode="write(1151) " fcode="write"/>
<opset="stg_95/2 stg_110/2 stg_118/2 stg_132/2 stg_140/2 "/>
</bind>
</comp>

<comp id="217" class="1004" name="grp_write_fu_217">
<pin_list>
<pin id="218" dir="0" index="0" bw="0" slack="0"/>
<pin id="219" dir="0" index="1" bw="64" slack="0"/>
<pin id="220" dir="0" index="2" bw="64" slack="1"/>
<pin id="221" dir="1" index="3" bw="0" slack="2147483647"/>
</pin_list>
<bind>
<opcode="write(1151) " fcode="write"/>
<opset="stg_97/2 stg_112/2 stg_127/2 stg_135/2 stg_141/2 "/>
</bind>
</comp>

<comp id="224" class="1004" name="grp_write_fu_224">
<pin_list>
<pin id="225" dir="0" index="0" bw="0" slack="0"/>
<pin id="226" dir="0" index="1" bw="66" slack="0"/>
<pin id="227" dir="0" index="2" bw="66" slack="0"/>
<pin id="228" dir="1" index="3" bw="0" slack="2147483647"/>
</pin_list>
<bind>
<opcode="write(1151) " fcode="write"/>
<opset="stg_106/2 stg_126/2 "/>
</bind>
</comp>

<comp id="231" class="1004" name="stg_120_write_fu_231">
<pin_list>
<pin id="232" dir="0" index="0" bw="0" slack="0"/>
<pin id="233" dir="0" index="1" bw="48" slack="0"/>
<pin id="234" dir="0" index="2" bw="48" slack="0"/>
<pin id="235" dir="1" index="3" bw="0" slack="2147483647"/>
</pin_list>
<bind>
<opcode="write(1151) " fcode="write"/>
<opset="stg_120/2 "/>
</bind>
</comp>

<comp id="238" class="1004" name="stg_134_write_fu_238">
<pin_list>
<pin id="239" dir="0" index="0" bw="0" slack="0"/>
<pin id="240" dir="0" index="1" bw="48" slack="0"/>
<pin id="241" dir="0" index="2" bw="48" slack="0"/>
<pin id="242" dir="1" index="3" bw="0" slack="2147483647"/>
</pin_list>
<bind>
<opcode="write(1151) " fcode="write"/>
<opset="stg_134/2 "/>
</bind>
</comp>

<comp id="245" class="1005" name="tmp_EOP_V_3_reg_245">
<pin_list>
<pin id="246" dir="0" index="0" bw="1" slack="2147483647"/>
<pin id="247" dir="1" index="1" bw="1" slack="2147483647"/>
</pin_list>
<bind>
<opset="tmp_EOP_V_3 (phireg) "/>
</bind>
</comp>

<comp id="248" class="1004" name="tmp_EOP_V_3_phi_fu_248">
<pin_list>
<pin id="249" dir="0" index="0" bw="1" slack="0"/>
<pin id="250" dir="0" index="1" bw="0" slack="2147483647"/>
<pin id="251" dir="0" index="2" bw="1" slack="0"/>
<pin id="252" dir="0" index="3" bw="0" slack="2147483647"/>
<pin id="253" dir="1" index="4" bw="1" slack="0"/>
</pin_list>
<bind>
<opcode="phi(47) " fcode="phi"/>
<opset="tmp_EOP_V_3/2 "/>
</bind>
</comp>

<comp id="257" class="1004" name="grp_fu_257">
<pin_list>
<pin id="258" dir="0" index="0" bw="1" slack="0"/>
<pin id="259" dir="0" index="1" bw="256" slack="0"/>
<pin id="260" dir="0" index="2" bw="8" slack="0"/>
<pin id="261" dir="1" index="3" bw="1" slack="1"/>
</pin_list>
<bind>
<opcode="bitselect(1000) " fcode="bitselect"/>
<opset="metadataWrWord_keyValid_V_3/1 metadataWrWord_keyValid_V_2/1 metadataWrWord_keyValid_V/1 "/>
</bind>
</comp>

<comp id="265" class="1004" name="grp_fu_265">
<pin_list>
<pin id="266" dir="0" index="0" bw="1" slack="0"/>
<pin id="267" dir="0" index="1" bw="256" slack="0"/>
<pin id="268" dir="0" index="2" bw="8" slack="0"/>
<pin id="269" dir="1" index="3" bw="1" slack="1"/>
</pin_list>
<bind>
<opcode="bitselect(1000) " fcode="bitselect"/>
<opset="metadataWrWord_EOP_V_2/1 metadataWrWord_EOP_V/1 "/>
</bind>
</comp>

<comp id="273" class="1004" name="grp_fu_273">
<pin_list>
<pin id="274" dir="0" index="0" bw="64" slack="0"/>
<pin id="275" dir="0" index="1" bw="256" slack="0"/>
<pin id="276" dir="0" index="2" bw="9" slack="0"/>
<pin id="277" dir="0" index="3" bw="9" slack="0"/>
<pin id="278" dir="1" index="4" bw="64" slack="1"/>
</pin_list>
<bind>
<opcode="partselect(1002) " fcode="partselect"/>
<opset="setData_data_V_2/1 setData_data_V/1 "/>
</bind>
</comp>

<comp id="283" class="1004" name="grp_fu_283">
<pin_list>
<pin id="284" dir="0" index="0" bw="64" slack="0"/>
<pin id="285" dir="0" index="1" bw="256" slack="0"/>
<pin id="286" dir="0" index="2" bw="9" slack="0"/>
<pin id="287" dir="0" index="3" bw="9" slack="0"/>
<pin id="288" dir="1" index="4" bw="64" slack="1"/>
</pin_list>
<bind>
<opcode="partselect(1002) " fcode="partselect"/>
<opset="tmp_V/1 tmp_V_1/1 tmp_V_2/1 "/>
</bind>
</comp>

<comp id="293" class="1004" name="grp_fu_293">
<pin_list>
<pin id="294" dir="0" index="0" bw="1" slack="0"/>
<pin id="295" dir="0" index="1" bw="2" slack="0"/>
<pin id="296" dir="0" index="2" bw="1" slack="0"/>
<pin id="297" dir="1" index="3" bw="1" slack="1"/>
</pin_list>
<bind>
<opcode="bitselect(1000) " fcode="bitselect"/>
<opset="tmp_17/1 tmp_23/1 "/>
</bind>
</comp>

<comp id="300" class="1004" name="grp_fu_300">
<pin_list>
<pin id="301" dir="0" index="0" bw="1" slack="0"/>
<pin id="302" dir="0" index="1" bw="2" slack="0"/>
<pin id="303" dir="1" index="2" bw="2" slack="0"/>
</pin_list>
<bind>
<opcode="add(8) " fcode="add"/>
<opset="tmp_2/1 tmp_8/1 "/>
</bind>
</comp>

<comp id="305" class="1004" name="grp_store_fu_305">
<pin_list>
<pin id="306" dir="0" index="0" bw="2" slack="0"/>
<pin id="307" dir="0" index="1" bw="2" slack="0"/>
<pin id="308" dir="1" index="2" bw="0" slack="2147483647"/>
</pin_list>
<bind>
<opcode="store(28) " fcode="store"/>
<opset="stg_16/1 stg_31/1 "/>
</bind>
</comp>

<comp id="311" class="1004" name="grp_store_fu_311">
<pin_list>
<pin id="312" dir="0" index="0" bw="1" slack="0"/>
<pin id="313" dir="0" index="1" bw="2" slack="0"/>
<pin id="314" dir="1" index="2" bw="0" slack="2147483647"/>
</pin_list>
<bind>
<opcode="store(28) " fcode="store"/>
<opset="stg_20/1 stg_34/1 "/>
</bind>
</comp>

<comp id="317" class="1004" name="grp_fu_317">
<pin_list>
<pin id="318" dir="0" index="0" bw="3" slack="0"/>
<pin id="319" dir="0" index="1" bw="256" slack="0"/>
<pin id="320" dir="0" index="2" bw="8" slack="0"/>
<pin id="321" dir="0" index="3" bw="8" slack="0"/>
<pin id="322" dir="1" index="4" bw="3" slack="1"/>
</pin_list>
<bind>
<opcode="partselect(1002) " fcode="partselect"/>
<opset="tmp_10/1 tmp_7/1 tmp_4/1 "/>
</bind>
</comp>

<comp id="327" class="1004" name="grp_fu_327">
<pin_list>
<pin id="328" dir="0" index="0" bw="32" slack="0"/>
<pin id="329" dir="0" index="1" bw="256" slack="0"/>
<pin id="330" dir="0" index="2" bw="8" slack="0"/>
<pin id="331" dir="0" index="3" bw="8" slack="0"/>
<pin id="332" dir="1" index="4" bw="32" slack="1"/>
</pin_list>
<bind>
<opcode="partselect(1002) " fcode="partselect"/>
<opset="setMd_address_V/1 getMd_address_V/1 "/>
</bind>
</comp>

<comp id="337" class="1004" name="grp_fu_337">
<pin_list>
<pin id="338" dir="0" index="0" bw="16" slack="0"/>
<pin id="339" dir="0" index="1" bw="256" slack="0"/>
<pin id="340" dir="0" index="2" bw="5" slack="0"/>
<pin id="341" dir="0" index="3" bw="6" slack="0"/>
<pin id="342" dir="1" index="4" bw="16" slack="1"/>
</pin_list>
<bind>
<opcode="partselect(1002) " fcode="partselect"/>
<opset="setMd_length_V/1 getMd_length_V/1 "/>
</bind>
</comp>

<comp id="347" class="1004" name="grp_store_fu_347">
<pin_list>
<pin id="348" dir="0" index="0" bw="2" slack="0"/>
<pin id="349" dir="0" index="1" bw="2" slack="0"/>
<pin id="350" dir="1" index="2" bw="0" slack="2147483647"/>
</pin_list>
<bind>
<opcode="store(28) " fcode="store"/>
<opset="stg_65/1 stg_71/1 "/>
</bind>
</comp>

<comp id="353" class="1005" name="reg_353">
<pin_list>
<pin id="354" dir="0" index="0" bw="64" slack="1"/>
<pin id="355" dir="1" index="1" bw="64" slack="1"/>
</pin_list>
<bind>
<opset="setData_data_V_2 setData_data_V "/>
</bind>
</comp>

<comp id="357" class="1005" name="reg_357">
<pin_list>
<pin id="358" dir="0" index="0" bw="64" slack="1"/>
<pin id="359" dir="1" index="1" bw="64" slack="1"/>
</pin_list>
<bind>
<opset="tmp_V tmp_V_1 tmp_V_2 "/>
</bind>
</comp>

<comp id="362" class="1005" name="reg_362">
<pin_list>
<pin id="363" dir="0" index="0" bw="3" slack="1"/>
<pin id="364" dir="1" index="1" bw="3" slack="1"/>
</pin_list>
<bind>
<opset="tmp_10 tmp_7 tmp_4 "/>
</bind>
</comp>

<comp id="366" class="1005" name="reg_366">
<pin_list>
<pin id="367" dir="0" index="0" bw="32" slack="1"/>
<pin id="368" dir="1" index="1" bw="32" slack="1"/>
</pin_list>
<bind>
<opset="setMd_address_V getMd_address_V "/>
</bind>
</comp>

<comp id="370" class="1005" name="reg_370">
<pin_list>
<pin id="371" dir="0" index="0" bw="16" slack="1"/>
<pin id="372" dir="1" index="1" bw="16" slack="1"/>
</pin_list>
<bind>
<opset="setMd_length_V getMd_length_V "/>
</bind>
</comp>

<comp id="374" class="1004" name="flashDemuxState_load_load_fu_374">
<pin_list>
<pin id="375" dir="0" index="0" bw="2" slack="0"/>
<pin id="376" dir="1" index="1" bw="2" slack="1"/>
</pin_list>
<bind>
<opcode="load(27) " fcode="load"/>
<opset="flashDemuxState_load/1 "/>
</bind>
</comp>

<comp id="378" class="1004" name="flashWordCounter_V_load_load_fu_378">
<pin_list>
<pin id="379" dir="0" index="0" bw="2" slack="0"/>
<pin id="380" dir="1" index="1" bw="2" slack="0"/>
</pin_list>
<bind>
<opcode="load(27) " fcode="load"/>
<opset="flashWordCounter_V_load/1 "/>
</bind>
</comp>

<comp id="384" class="1004" name="metadataWrWord_valueValid_V_fu_384">
<pin_list>
<pin id="385" dir="0" index="0" bw="1" slack="0"/>
<pin id="386" dir="0" index="1" bw="256" slack="0"/>
<pin id="387" dir="0" index="2" bw="8" slack="0"/>
<pin id="388" dir="1" index="3" bw="1" slack="1"/>
</pin_list>
<bind>
<opcode="bitselect(1000) " fcode="bitselect"/>
<opset="metadataWrWord_valueValid_V/1 "/>
</bind>
</comp>

<comp id="392" class="1004" name="tmp_10312_fu_392">
<pin_list>
<pin id="393" dir="0" index="0" bw="256" slack="0"/>
<pin id="394" dir="1" index="1" bw="128" slack="1"/>
</pin_list>
<bind>
<opcode="trunc(33) " fcode="trunc"/>
<opset="tmp_10312/1 "/>
</bind>
</comp>

<comp id="396" class="1004" name="tmp_8410_fu_396">
<pin_list>
<pin id="397" dir="0" index="0" bw="256" slack="0"/>
<pin id="398" dir="1" index="1" bw="128" slack="1"/>
</pin_list>
<bind>
<opcode="trunc(33) " fcode="trunc"/>
<opset="tmp_8410/1 "/>
</bind>
</comp>

<comp id="400" class="1004" name="p_Val2_s_fu_400">
<pin_list>
<pin id="401" dir="0" index="0" bw="256" slack="0"/>
<pin id="402" dir="1" index="1" bw="124" slack="1"/>
</pin_list>
<bind>
<opcode="trunc(33) " fcode="trunc"/>
<opset="p_Val2_s/1 "/>
</bind>
</comp>

<comp id="404" class="1004" name="metadataWrWord_SOP_V_fu_404">
<pin_list>
<pin id="405" dir="0" index="0" bw="1" slack="0"/>
<pin id="406" dir="0" index="1" bw="256" slack="0"/>
<pin id="407" dir="0" index="2" bw="8" slack="0"/>
<pin id="408" dir="1" index="3" bw="1" slack="1"/>
</pin_list>
<bind>
<opcode="bitselect(1000) " fcode="bitselect"/>
<opset="metadataWrWord_SOP_V/1 "/>
</bind>
</comp>

<comp id="412" class="1004" name="stg_44_store_fu_412">
<pin_list>
<pin id="413" dir="0" index="0" bw="1" slack="0"/>
<pin id="414" dir="0" index="1" bw="2" slack="0"/>
<pin id="415" dir="1" index="2" bw="0" slack="2147483647"/>
</pin_list>
<bind>
<opcode="store(28) " fcode="store"/>
<opset="stg_44/1 "/>
</bind>
</comp>

<comp id="418" class="1004" name="tmp_25_fu_418">
<pin_list>
<pin id="419" dir="0" index="0" bw="1" slack="0"/>
<pin id="420" dir="0" index="1" bw="256" slack="0"/>
<pin id="421" dir="0" index="2" bw="8" slack="0"/>
<pin id="422" dir="1" index="3" bw="1" slack="1"/>
</pin_list>
<bind>
<opcode="bitselect(1000) " fcode="bitselect"/>
<opset="tmp_25/1 "/>
</bind>
</comp>

<comp id="426" class="1004" name="p_Result_s_fu_426">
<pin_list>
<pin id="427" dir="0" index="0" bw="8" slack="0"/>
<pin id="428" dir="0" index="1" bw="256" slack="0"/>
<pin id="429" dir="0" index="2" bw="8" slack="0"/>
<pin id="430" dir="0" index="3" bw="8" slack="0"/>
<pin id="431" dir="1" index="4" bw="8" slack="0"/>
</pin_list>
<bind>
<opcode="partselect(1002) " fcode="partselect"/>
<opset="p_Result_s/1 "/>
</bind>
</comp>

<comp id="436" class="1004" name="tmp_27_fu_436">
<pin_list>
<pin id="437" dir="0" index="0" bw="8" slack="0"/>
<pin id="438" dir="0" index="1" bw="5" slack="0"/>
<pin id="439" dir="1" index="2" bw="1" slack="0"/>
</pin_list>
<bind>
<opcode="icmp(45) " fcode="icmp"/>
<opset="tmp_27/1 "/>
</bind>
</comp>

<comp id="442" class="1004" name="tmp_28_fu_442">
<pin_list>
<pin id="443" dir="0" index="0" bw="8" slack="0"/>
<pin id="444" dir="0" index="1" bw="4" slack="0"/>
<pin id="445" dir="1" index="2" bw="1" slack="0"/>
</pin_list>
<bind>
<opcode="icmp(45) " fcode="icmp"/>
<opset="tmp_28/1 "/>
</bind>
</comp>

<comp id="448" class="1004" name="tmp_29_fu_448">
<pin_list>
<pin id="449" dir="0" index="0" bw="1" slack="0"/>
<pin id="450" dir="0" index="1" bw="1" slack="0"/>
<pin id="451" dir="1" index="2" bw="1" slack="1"/>
</pin_list>
<bind>
<opcode="or(24) " fcode="or"/>
<opset="tmp_29/1 "/>
</bind>
</comp>

<comp id="454" class="1004" name="tmp_6_fu_454">
<pin_list>
<pin id="455" dir="0" index="0" bw="8" slack="0"/>
<pin id="456" dir="0" index="1" bw="1" slack="0"/>
<pin id="457" dir="1" index="2" bw="1" slack="1"/>
</pin_list>
<bind>
<opcode="icmp(45) " fcode="icmp"/>
<opset="tmp_6/1 "/>
</bind>
</comp>

<comp id="460" class="1004" name="tmp_1_fu_460">
<pin_list>
<pin id="461" dir="0" index="0" bw="8" slack="0"/>
<pin id="462" dir="0" index="1" bw="1" slack="0"/>
<pin id="463" dir="1" index="2" bw="1" slack="1"/>
</pin_list>
<bind>
<opcode="icmp(45) " fcode="icmp"/>
<opset="tmp_1/1 "/>
</bind>
</comp>

<comp id="466" class="1004" name="stg_60_store_fu_466">
<pin_list>
<pin id="467" dir="0" index="0" bw="1" slack="0"/>
<pin id="468" dir="0" index="1" bw="2" slack="0"/>
<pin id="469" dir="1" index="2" bw="0" slack="2147483647"/>
</pin_list>
<bind>
<opcode="store(28) " fcode="store"/>
<opset="stg_60/1 "/>
</bind>
</comp>

<comp id="472" class="1004" name="p_Result_2_fu_472">
<pin_list>
<pin id="473" dir="0" index="0" bw="8" slack="0"/>
<pin id="474" dir="0" index="1" bw="256" slack="0"/>
<pin id="475" dir="0" index="2" bw="8" slack="0"/>
<pin id="476" dir="0" index="3" bw="8" slack="0"/>
<pin id="477" dir="1" index="4" bw="8" slack="0"/>
</pin_list>
<bind>
<opcode="partselect(1002) " fcode="partselect"/>
<opset="p_Result_2/1 "/>
</bind>
</comp>

<comp id="482" class="1004" name="tmp_s_fu_482">
<pin_list>
<pin id="483" dir="0" index="0" bw="8" slack="0"/>
<pin id="484" dir="0" index="1" bw="5" slack="0"/>
<pin id="485" dir="1" index="2" bw="1" slack="1"/>
</pin_list>
<bind>
<opcode="icmp(45) " fcode="icmp"/>
<opset="tmp_s/1 "/>
</bind>
</comp>

<comp id="488" class="1004" name="flashDemuxValueLength_V_load_load_fu_488">
<pin_list>
<pin id="489" dir="0" index="0" bw="16" slack="0"/>
<pin id="490" dir="1" index="1" bw="16" slack="0"/>
</pin_list>
<bind>
<opcode="load(27) " fcode="load"/>
<opset="flashDemuxValueLength_V_load/2 "/>
</bind>
</comp>

<comp id="492" class="1004" name="tmp_9_fu_492">
<pin_list>
<pin id="493" dir="0" index="0" bw="16" slack="0"/>
<pin id="494" dir="0" index="1" bw="5" slack="0"/>
<pin id="495" dir="1" index="2" bw="1" slack="2147483647"/>
</pin_list>
<bind>
<opcode="icmp(45) " fcode="icmp"/>
<opset="tmp_9/2 "/>
</bind>
</comp>

<comp id="498" class="1004" name="tmp_5_fu_498">
<pin_list>
<pin id="499" dir="0" index="0" bw="16" slack="0"/>
<pin id="500" dir="0" index="1" bw="4" slack="0"/>
<pin id="501" dir="1" index="2" bw="16" slack="0"/>
</pin_list>
<bind>
<opcode="add(8) " fcode="add"/>
<opset="tmp_5/2 "/>
</bind>
</comp>

<comp id="504" class="1004" name="stg_102_store_fu_504">
<pin_list>
<pin id="505" dir="0" index="0" bw="16" slack="0"/>
<pin id="506" dir="0" index="1" bw="16" slack="0"/>
<pin id="507" dir="1" index="2" bw="0" slack="2147483647"/>
</pin_list>
<bind>
<opcode="store(28) " fcode="store"/>
<opset="stg_102/2 "/>
</bind>
</comp>

<comp id="510" class="1004" name="tmp_11323_fu_510">
<pin_list>
<pin id="511" dir="0" index="0" bw="66" slack="0"/>
<pin id="512" dir="0" index="1" bw="1" slack="0"/>
<pin id="513" dir="0" index="2" bw="1" slack="0"/>
<pin id="514" dir="0" index="3" bw="64" slack="1"/>
<pin id="515" dir="1" index="4" bw="66" slack="0"/>
</pin_list>
<bind>
<opcode="bitconcatenate(1004) " fcode="bitconcatenate"/>
<opset="tmp_11323/2 "/>
</bind>
</comp>

<comp id="521" class="1004" name="tmp_4352_fu_521">
<pin_list>
<pin id="522" dir="0" index="0" bw="128" slack="0"/>
<pin id="523" dir="0" index="1" bw="3" slack="1"/>
<pin id="524" dir="0" index="2" bw="1" slack="0"/>
<pin id="525" dir="0" index="3" bw="124" slack="1"/>
<pin id="526" dir="1" index="4" bw="128" slack="0"/>
</pin_list>
<bind>
<opcode="bitconcatenate(1004) " fcode="bitconcatenate"/>
<opset="tmp_4352/2 "/>
</bind>
</comp>

<comp id="531" class="1004" name="tmp_5368_fu_531">
<pin_list>
<pin id="532" dir="0" index="0" bw="48" slack="0"/>
<pin id="533" dir="0" index="1" bw="16" slack="1"/>
<pin id="534" dir="0" index="2" bw="32" slack="1"/>
<pin id="535" dir="1" index="3" bw="48" slack="0"/>
</pin_list>
<bind>
<opcode="bitconcatenate(1004) " fcode="bitconcatenate"/>
<opset="tmp_5368/2 "/>
</bind>
</comp>

<comp id="540" class="1004" name="tmp_EOP_V_4_fu_540">
<pin_list>
<pin id="541" dir="0" index="0" bw="16" slack="1"/>
<pin id="542" dir="0" index="1" bw="5" slack="0"/>
<pin id="543" dir="1" index="2" bw="1" slack="0"/>
</pin_list>
<bind>
<opcode="icmp(45) " fcode="icmp"/>
<opset="tmp_EOP_V_4/2 "/>
</bind>
</comp>

<comp id="546" class="1004" name="tmp_11_fu_546">
<pin_list>
<pin id="547" dir="0" index="0" bw="16" slack="1"/>
<pin id="548" dir="0" index="1" bw="4" slack="0"/>
<pin id="549" dir="1" index="2" bw="16" slack="0"/>
</pin_list>
<bind>
<opcode="add(8) " fcode="add"/>
<opset="tmp_11/2 "/>
</bind>
</comp>

<comp id="552" class="1004" name="tmp_length_V_2_fu_552">
<pin_list>
<pin id="553" dir="0" index="0" bw="1" slack="0"/>
<pin id="554" dir="0" index="1" bw="16" slack="1"/>
<pin id="555" dir="0" index="2" bw="16" slack="0"/>
<pin id="556" dir="1" index="3" bw="16" slack="0"/>
</pin_list>
<bind>
<opcode="select(49) " fcode="select"/>
<opset="tmp_length_V_2/2 "/>
</bind>
</comp>

<comp id="560" class="1004" name="stg_124_store_fu_560">
<pin_list>
<pin id="561" dir="0" index="0" bw="16" slack="0"/>
<pin id="562" dir="0" index="1" bw="16" slack="0"/>
<pin id="563" dir="1" index="2" bw="0" slack="2147483647"/>
</pin_list>
<bind>
<opcode="store(28) " fcode="store"/>
<opset="stg_124/2 "/>
</bind>
</comp>

<comp id="566" class="1004" name="tmp_6373_fu_566">
<pin_list>
<pin id="567" dir="0" index="0" bw="66" slack="0"/>
<pin id="568" dir="0" index="1" bw="1" slack="0"/>
<pin id="569" dir="0" index="2" bw="1" slack="0"/>
<pin id="570" dir="0" index="3" bw="64" slack="1"/>
<pin id="571" dir="1" index="4" bw="66" slack="0"/>
</pin_list>
<bind>
<opcode="bitconcatenate(1004) " fcode="bitconcatenate"/>
<opset="tmp_6373/2 "/>
</bind>
</comp>

<comp id="577" class="1004" name="tmp_2331_fu_577">
<pin_list>
<pin id="578" dir="0" index="0" bw="128" slack="0"/>
<pin id="579" dir="0" index="1" bw="3" slack="1"/>
<pin id="580" dir="0" index="2" bw="1" slack="0"/>
<pin id="581" dir="0" index="3" bw="124" slack="1"/>
<pin id="582" dir="1" index="4" bw="128" slack="0"/>
</pin_list>
<bind>
<opcode="bitconcatenate(1004) " fcode="bitconcatenate"/>
<opset="tmp_2331/2 "/>
</bind>
</comp>

<comp id="587" class="1004" name="tmp_3347_fu_587">
<pin_list>
<pin id="588" dir="0" index="0" bw="48" slack="0"/>
<pin id="589" dir="0" index="1" bw="16" slack="1"/>
<pin id="590" dir="0" index="2" bw="32" slack="1"/>
<pin id="591" dir="1" index="3" bw="48" slack="0"/>
</pin_list>
<bind>
<opcode="bitconcatenate(1004) " fcode="bitconcatenate"/>
<opset="tmp_3347/2 "/>
</bind>
</comp>

<comp id="596" class="1004" name="tmp_1301_fu_596">
<pin_list>
<pin id="597" dir="0" index="0" bw="128" slack="0"/>
<pin id="598" dir="0" index="1" bw="3" slack="1"/>
<pin id="599" dir="0" index="2" bw="1" slack="0"/>
<pin id="600" dir="0" index="3" bw="124" slack="1"/>
<pin id="601" dir="1" index="4" bw="128" slack="0"/>
</pin_list>
<bind>
<opcode="bitconcatenate(1004) " fcode="bitconcatenate"/>
<opset="tmp_1301/2 "/>
</bind>
</comp>

<comp id="606" class="1005" name="flashDemuxState_load_reg_606">
<pin_list>
<pin id="607" dir="0" index="0" bw="2" slack="1"/>
<pin id="608" dir="1" index="1" bw="2" slack="2147483647"/>
</pin_list>
<bind>
<opset="flashDemuxState_load "/>
</bind>
</comp>

<comp id="610" class="1005" name="metadataWrWord_keyValid_V_3_reg_610">
<pin_list>
<pin id="611" dir="0" index="0" bw="1" slack="1"/>
<pin id="612" dir="1" index="1" bw="1" slack="2147483647"/>
</pin_list>
<bind>
<opset="metadataWrWord_keyValid_V_3 "/>
</bind>
</comp>

<comp id="614" class="1005" name="metadataWrWord_valueValid_V_reg_614">
<pin_list>
<pin id="615" dir="0" index="0" bw="1" slack="1"/>
<pin id="616" dir="1" index="1" bw="1" slack="2147483647"/>
</pin_list>
<bind>
<opset="metadataWrWord_valueValid_V "/>
</bind>
</comp>

<comp id="618" class="1005" name="metadataWrWord_EOP_V_2_reg_618">
<pin_list>
<pin id="619" dir="0" index="0" bw="1" slack="1"/>
<pin id="620" dir="1" index="1" bw="1" slack="2147483647"/>
</pin_list>
<bind>
<opset="metadataWrWord_EOP_V_2 "/>
</bind>
</comp>

<comp id="622" class="1005" name="tmp_17_reg_622">
<pin_list>
<pin id="623" dir="0" index="0" bw="1" slack="1"/>
<pin id="624" dir="1" index="1" bw="1" slack="2147483647"/>
</pin_list>
<bind>
<opset="tmp_17 "/>
</bind>
</comp>

<comp id="626" class="1005" name="tmp_10312_reg_626">
<pin_list>
<pin id="627" dir="0" index="0" bw="128" slack="1"/>
<pin id="628" dir="1" index="1" bw="128" slack="1"/>
</pin_list>
<bind>
<opset="tmp_10312 "/>
</bind>
</comp>

<comp id="631" class="1005" name="tmp_reg_631">
<pin_list>
<pin id="632" dir="0" index="0" bw="1" slack="1"/>
<pin id="633" dir="1" index="1" bw="1" slack="2147483647"/>
</pin_list>
<bind>
<opset="tmp "/>
</bind>
</comp>

<comp id="635" class="1005" name="metadataWrWord_keyValid_V_2_reg_635">
<pin_list>
<pin id="636" dir="0" index="0" bw="1" slack="1"/>
<pin id="637" dir="1" index="1" bw="1" slack="2147483647"/>
</pin_list>
<bind>
<opset="metadataWrWord_keyValid_V_2 "/>
</bind>
</comp>

<comp id="639" class="1005" name="metadataWrWord_EOP_V_reg_639">
<pin_list>
<pin id="640" dir="0" index="0" bw="1" slack="1"/>
<pin id="641" dir="1" index="1" bw="1" slack="2147483647"/>
</pin_list>
<bind>
<opset="metadataWrWord_EOP_V "/>
</bind>
</comp>

<comp id="643" class="1005" name="tmp_23_reg_643">
<pin_list>
<pin id="644" dir="0" index="0" bw="1" slack="1"/>
<pin id="645" dir="1" index="1" bw="1" slack="2147483647"/>
</pin_list>
<bind>
<opset="tmp_23 "/>
</bind>
</comp>

<comp id="647" class="1005" name="tmp_8410_reg_647">
<pin_list>
<pin id="648" dir="0" index="0" bw="128" slack="1"/>
<pin id="649" dir="1" index="1" bw="128" slack="1"/>
</pin_list>
<bind>
<opset="tmp_8410 "/>
</bind>
</comp>

<comp id="652" class="1005" name="tmp_3_reg_652">
<pin_list>
<pin id="653" dir="0" index="0" bw="1" slack="1"/>
<pin id="654" dir="1" index="1" bw="1" slack="2147483647"/>
</pin_list>
<bind>
<opset="tmp_3 "/>
</bind>
</comp>

<comp id="656" class="1005" name="p_Val2_s_reg_656">
<pin_list>
<pin id="657" dir="0" index="0" bw="124" slack="1"/>
<pin id="658" dir="1" index="1" bw="124" slack="1"/>
</pin_list>
<bind>
<opset="p_Val2_s "/>
</bind>
</comp>

<comp id="663" class="1005" name="metadataWrWord_SOP_V_reg_663">
<pin_list>
<pin id="664" dir="0" index="0" bw="1" slack="1"/>
<pin id="665" dir="1" index="1" bw="1" slack="2147483647"/>
</pin_list>
<bind>
<opset="metadataWrWord_SOP_V "/>
</bind>
</comp>

<comp id="667" class="1005" name="metadataWrWord_keyValid_V_reg_667">
<pin_list>
<pin id="668" dir="0" index="0" bw="1" slack="1"/>
<pin id="669" dir="1" index="1" bw="1" slack="2147483647"/>
</pin_list>
<bind>
<opset="metadataWrWord_keyValid_V "/>
</bind>
</comp>

<comp id="671" class="1005" name="tmp_25_reg_671">
<pin_list>
<pin id="672" dir="0" index="0" bw="1" slack="1"/>
<pin id="673" dir="1" index="1" bw="1" slack="2147483647"/>
</pin_list>
<bind>
<opset="tmp_25 "/>
</bind>
</comp>

<comp id="675" class="1005" name="tmp_29_reg_675">
<pin_list>
<pin id="676" dir="0" index="0" bw="1" slack="1"/>
<pin id="677" dir="1" index="1" bw="1" slack="2147483647"/>
</pin_list>
<bind>
<opset="tmp_29 "/>
</bind>
</comp>

<comp id="679" class="1005" name="tmp_6_reg_679">
<pin_list>
<pin id="680" dir="0" index="0" bw="1" slack="1"/>
<pin id="681" dir="1" index="1" bw="1" slack="2147483647"/>
</pin_list>
<bind>
<opset="tmp_6 "/>
</bind>
</comp>

<comp id="683" class="1005" name="tmp_1_reg_683">
<pin_list>
<pin id="684" dir="0" index="0" bw="1" slack="1"/>
<pin id="685" dir="1" index="1" bw="1" slack="2147483647"/>
</pin_list>
<bind>
<opset="tmp_1 "/>
</bind>
</comp>

<comp id="687" class="1005" name="tmp_s_reg_687">
<pin_list>
<pin id="688" dir="0" index="0" bw="1" slack="1"/>
<pin id="689" dir="1" index="1" bw="1" slack="2147483647"/>
</pin_list>
<bind>
<opset="tmp_s "/>
</bind>
</comp>

</comp_list>

<net_list>
<net id="200"><net_src comp="24" pin="0"/><net_sink comp="196" pin=0"/></net>

<net id="201"><net_src comp="6" pin="0"/><net_sink comp="196" pin=1"/></net>

<net id="207"><net_src comp="48" pin="0"/><net_sink comp="202" pin=0"/></net>

<net id="208"><net_src comp="6" pin="0"/><net_sink comp="202" pin=1"/></net>

<net id="209"><net_src comp="46" pin="0"/><net_sink comp="202" pin=2"/></net>

<net id="215"><net_src comp="174" pin="0"/><net_sink comp="210" pin=0"/></net>

<net id="216"><net_src comp="8" pin="0"/><net_sink comp="210" pin=1"/></net>

<net id="222"><net_src comp="176" pin="0"/><net_sink comp="217" pin=0"/></net>

<net id="223"><net_src comp="10" pin="0"/><net_sink comp="217" pin=1"/></net>

<net id="229"><net_src comp="188" pin="0"/><net_sink comp="224" pin=0"/></net>

<net id="230"><net_src comp="16" pin="0"/><net_sink comp="224" pin=1"/></net>

<net id="236"><net_src comp="194" pin="0"/><net_sink comp="231" pin=0"/></net>

<net id="237"><net_src comp="14" pin="0"/><net_sink comp="231" pin=1"/></net>

<net id="243"><net_src comp="194" pin="0"/><net_sink comp="238" pin=0"/></net>

<net id="244"><net_src comp="12" pin="0"/><net_sink comp="238" pin=1"/></net>

<net id="254"><net_src comp="182" pin="0"/><net_sink comp="248" pin=0"/></net>

<net id="255"><net_src comp="184" pin="0"/><net_sink comp="248" pin=2"/></net>

<net id="262"><net_src comp="26" pin="0"/><net_sink comp="257" pin=0"/></net>

<net id="263"><net_src comp="196" pin="2"/><net_sink comp="257" pin=1"/></net>

<net id="264"><net_src comp="28" pin="0"/><net_sink comp="257" pin=2"/></net>

<net id="270"><net_src comp="26" pin="0"/><net_sink comp="265" pin=0"/></net>

<net id="271"><net_src comp="196" pin="2"/><net_sink comp="265" pin=1"/></net>

<net id="272"><net_src comp="32" pin="0"/><net_sink comp="265" pin=2"/></net>

<net id="279"><net_src comp="34" pin="0"/><net_sink comp="273" pin=0"/></net>

<net id="280"><net_src comp="196" pin="2"/><net_sink comp="273" pin=1"/></net>

<net id="281"><net_src comp="36" pin="0"/><net_sink comp="273" pin=2"/></net>

<net id="282"><net_src comp="38" pin="0"/><net_sink comp="273" pin=3"/></net>

<net id="289"><net_src comp="34" pin="0"/><net_sink comp="283" pin=0"/></net>

<net id="290"><net_src comp="196" pin="2"/><net_sink comp="283" pin=1"/></net>

<net id="291"><net_src comp="40" pin="0"/><net_sink comp="283" pin=2"/></net>

<net id="292"><net_src comp="42" pin="0"/><net_sink comp="283" pin=3"/></net>

<net id="298"><net_src comp="44" pin="0"/><net_sink comp="293" pin=0"/></net>

<net id="299"><net_src comp="46" pin="0"/><net_sink comp="293" pin=2"/></net>

<net id="304"><net_src comp="22" pin="0"/><net_sink comp="300" pin=0"/></net>

<net id="309"><net_src comp="300" pin="2"/><net_sink comp="305" pin=0"/></net>

<net id="310"><net_src comp="2" pin="0"/><net_sink comp="305" pin=1"/></net>

<net id="315"><net_src comp="18" pin="0"/><net_sink comp="311" pin=0"/></net>

<net id="316"><net_src comp="0" pin="0"/><net_sink comp="311" pin=1"/></net>

<net id="323"><net_src comp="68" pin="0"/><net_sink comp="317" pin=0"/></net>

<net id="324"><net_src comp="196" pin="2"/><net_sink comp="317" pin=1"/></net>

<net id="325"><net_src comp="28" pin="0"/><net_sink comp="317" pin=2"/></net>

<net id="326"><net_src comp="32" pin="0"/><net_sink comp="317" pin=3"/></net>

<net id="333"><net_src comp="70" pin="0"/><net_sink comp="327" pin=0"/></net>

<net id="334"><net_src comp="196" pin="2"/><net_sink comp="327" pin=1"/></net>

<net id="335"><net_src comp="72" pin="0"/><net_sink comp="327" pin=2"/></net>

<net id="336"><net_src comp="74" pin="0"/><net_sink comp="327" pin=3"/></net>

<net id="343"><net_src comp="76" pin="0"/><net_sink comp="337" pin=0"/></net>

<net id="344"><net_src comp="196" pin="2"/><net_sink comp="337" pin=1"/></net>

<net id="345"><net_src comp="78" pin="0"/><net_sink comp="337" pin=2"/></net>

<net id="346"><net_src comp="80" pin="0"/><net_sink comp="337" pin=3"/></net>

<net id="351"><net_src comp="20" pin="0"/><net_sink comp="347" pin=0"/></net>

<net id="352"><net_src comp="0" pin="0"/><net_sink comp="347" pin=1"/></net>

<net id="356"><net_src comp="273" pin="4"/><net_sink comp="353" pin=0"/></net>

<net id="360"><net_src comp="283" pin="4"/><net_sink comp="357" pin=0"/></net>

<net id="361"><net_src comp="357" pin="1"/><net_sink comp="217" pin=2"/></net>

<net id="365"><net_src comp="317" pin="4"/><net_sink comp="362" pin=0"/></net>

<net id="369"><net_src comp="327" pin="4"/><net_sink comp="366" pin=0"/></net>

<net id="373"><net_src comp="337" pin="4"/><net_sink comp="370" pin=0"/></net>

<net id="377"><net_src comp="0" pin="0"/><net_sink comp="374" pin=0"/></net>

<net id="381"><net_src comp="2" pin="0"/><net_sink comp="378" pin=0"/></net>

<net id="382"><net_src comp="378" pin="1"/><net_sink comp="293" pin=1"/></net>

<net id="383"><net_src comp="378" pin="1"/><net_sink comp="300" pin=1"/></net>

<net id="389"><net_src comp="26" pin="0"/><net_sink comp="384" pin=0"/></net>

<net id="390"><net_src comp="196" pin="2"/><net_sink comp="384" pin=1"/></net>

<net id="391"><net_src comp="30" pin="0"/><net_sink comp="384" pin=2"/></net>

<net id="395"><net_src comp="196" pin="2"/><net_sink comp="392" pin=0"/></net>

<net id="399"><net_src comp="196" pin="2"/><net_sink comp="396" pin=0"/></net>

<net id="403"><net_src comp="196" pin="2"/><net_sink comp="400" pin=0"/></net>

<net id="409"><net_src comp="26" pin="0"/><net_sink comp="404" pin=0"/></net>

<net id="410"><net_src comp="196" pin="2"/><net_sink comp="404" pin=1"/></net>

<net id="411"><net_src comp="50" pin="0"/><net_sink comp="404" pin=2"/></net>

<net id="416"><net_src comp="22" pin="0"/><net_sink comp="412" pin=0"/></net>

<net id="417"><net_src comp="2" pin="0"/><net_sink comp="412" pin=1"/></net>

<net id="423"><net_src comp="26" pin="0"/><net_sink comp="418" pin=0"/></net>

<net id="424"><net_src comp="196" pin="2"/><net_sink comp="418" pin=1"/></net>

<net id="425"><net_src comp="52" pin="0"/><net_sink comp="418" pin=2"/></net>

<net id="432"><net_src comp="54" pin="0"/><net_sink comp="426" pin=0"/></net>

<net id="433"><net_src comp="196" pin="2"/><net_sink comp="426" pin=1"/></net>

<net id="434"><net_src comp="56" pin="0"/><net_sink comp="426" pin=2"/></net>

<net id="435"><net_src comp="58" pin="0"/><net_sink comp="426" pin=3"/></net>

<net id="440"><net_src comp="426" pin="4"/><net_sink comp="436" pin=0"/></net>

<net id="441"><net_src comp="60" pin="0"/><net_sink comp="436" pin=1"/></net>

<net id="446"><net_src comp="426" pin="4"/><net_sink comp="442" pin=0"/></net>

<net id="447"><net_src comp="62" pin="0"/><net_sink comp="442" pin=1"/></net>

<net id="452"><net_src comp="442" pin="2"/><net_sink comp="448" pin=0"/></net>

<net id="453"><net_src comp="436" pin="2"/><net_sink comp="448" pin=1"/></net>

<net id="458"><net_src comp="426" pin="4"/><net_sink comp="454" pin=0"/></net>

<net id="459"><net_src comp="64" pin="0"/><net_sink comp="454" pin=1"/></net>

<net id="464"><net_src comp="426" pin="4"/><net_sink comp="460" pin=0"/></net>

<net id="465"><net_src comp="66" pin="0"/><net_sink comp="460" pin=1"/></net>

<net id="470"><net_src comp="22" pin="0"/><net_sink comp="466" pin=0"/></net>

<net id="471"><net_src comp="0" pin="0"/><net_sink comp="466" pin=1"/></net>

<net id="478"><net_src comp="54" pin="0"/><net_sink comp="472" pin=0"/></net>

<net id="479"><net_src comp="196" pin="2"/><net_sink comp="472" pin=1"/></net>

<net id="480"><net_src comp="56" pin="0"/><net_sink comp="472" pin=2"/></net>

<net id="481"><net_src comp="58" pin="0"/><net_sink comp="472" pin=3"/></net>

<net id="486"><net_src comp="472" pin="4"/><net_sink comp="482" pin=0"/></net>

<net id="487"><net_src comp="60" pin="0"/><net_sink comp="482" pin=1"/></net>

<net id="491"><net_src comp="4" pin="0"/><net_sink comp="488" pin=0"/></net>

<net id="496"><net_src comp="488" pin="1"/><net_sink comp="492" pin=0"/></net>

<net id="497"><net_src comp="178" pin="0"/><net_sink comp="492" pin=1"/></net>

<net id="502"><net_src comp="488" pin="1"/><net_sink comp="498" pin=0"/></net>

<net id="503"><net_src comp="180" pin="0"/><net_sink comp="498" pin=1"/></net>

<net id="508"><net_src comp="498" pin="2"/><net_sink comp="504" pin=0"/></net>

<net id="509"><net_src comp="4" pin="0"/><net_sink comp="504" pin=1"/></net>

<net id="516"><net_src comp="186" pin="0"/><net_sink comp="510" pin=0"/></net>

<net id="517"><net_src comp="248" pin="4"/><net_sink comp="510" pin=1"/></net>

<net id="518"><net_src comp="182" pin="0"/><net_sink comp="510" pin=2"/></net>

<net id="519"><net_src comp="353" pin="1"/><net_sink comp="510" pin=3"/></net>

<net id="520"><net_src comp="510" pin="4"/><net_sink comp="224" pin=2"/></net>

<net id="527"><net_src comp="190" pin="0"/><net_sink comp="521" pin=0"/></net>

<net id="528"><net_src comp="362" pin="1"/><net_sink comp="521" pin=1"/></net>

<net id="529"><net_src comp="184" pin="0"/><net_sink comp="521" pin=2"/></net>

<net id="530"><net_src comp="521" pin="4"/><net_sink comp="210" pin=2"/></net>

<net id="536"><net_src comp="192" pin="0"/><net_sink comp="531" pin=0"/></net>

<net id="537"><net_src comp="370" pin="1"/><net_sink comp="531" pin=1"/></net>

<net id="538"><net_src comp="366" pin="1"/><net_sink comp="531" pin=2"/></net>

<net id="539"><net_src comp="531" pin="3"/><net_sink comp="231" pin=2"/></net>

<net id="544"><net_src comp="370" pin="1"/><net_sink comp="540" pin=0"/></net>

<net id="545"><net_src comp="178" pin="0"/><net_sink comp="540" pin=1"/></net>

<net id="550"><net_src comp="370" pin="1"/><net_sink comp="546" pin=0"/></net>

<net id="551"><net_src comp="180" pin="0"/><net_sink comp="546" pin=1"/></net>

<net id="557"><net_src comp="540" pin="2"/><net_sink comp="552" pin=0"/></net>

<net id="558"><net_src comp="370" pin="1"/><net_sink comp="552" pin=1"/></net>

<net id="559"><net_src comp="546" pin="2"/><net_sink comp="552" pin=2"/></net>

<net id="564"><net_src comp="552" pin="3"/><net_sink comp="560" pin=0"/></net>

<net id="565"><net_src comp="4" pin="0"/><net_sink comp="560" pin=1"/></net>

<net id="572"><net_src comp="186" pin="0"/><net_sink comp="566" pin=0"/></net>

<net id="573"><net_src comp="540" pin="2"/><net_sink comp="566" pin=1"/></net>

<net id="574"><net_src comp="184" pin="0"/><net_sink comp="566" pin=2"/></net>

<net id="575"><net_src comp="353" pin="1"/><net_sink comp="566" pin=3"/></net>

<net id="576"><net_src comp="566" pin="4"/><net_sink comp="224" pin=2"/></net>

<net id="583"><net_src comp="190" pin="0"/><net_sink comp="577" pin=0"/></net>

<net id="584"><net_src comp="362" pin="1"/><net_sink comp="577" pin=1"/></net>

<net id="585"><net_src comp="184" pin="0"/><net_sink comp="577" pin=2"/></net>

<net id="586"><net_src comp="577" pin="4"/><net_sink comp="210" pin=2"/></net>

<net id="592"><net_src comp="192" pin="0"/><net_sink comp="587" pin=0"/></net>

<net id="593"><net_src comp="370" pin="1"/><net_sink comp="587" pin=1"/></net>

<net id="594"><net_src comp="366" pin="1"/><net_sink comp="587" pin=2"/></net>

<net id="595"><net_src comp="587" pin="3"/><net_sink comp="238" pin=2"/></net>

<net id="602"><net_src comp="190" pin="0"/><net_sink comp="596" pin=0"/></net>

<net id="603"><net_src comp="362" pin="1"/><net_sink comp="596" pin=1"/></net>

<net id="604"><net_src comp="184" pin="0"/><net_sink comp="596" pin=2"/></net>

<net id="605"><net_src comp="596" pin="4"/><net_sink comp="210" pin=2"/></net>

<net id="609"><net_src comp="374" pin="1"/><net_sink comp="606" pin=0"/></net>

<net id="613"><net_src comp="257" pin="3"/><net_sink comp="610" pin=0"/></net>

<net id="617"><net_src comp="384" pin="3"/><net_sink comp="614" pin=0"/></net>

<net id="621"><net_src comp="265" pin="3"/><net_sink comp="618" pin=0"/></net>

<net id="625"><net_src comp="293" pin="3"/><net_sink comp="622" pin=0"/></net>

<net id="629"><net_src comp="392" pin="1"/><net_sink comp="626" pin=0"/></net>

<net id="630"><net_src comp="626" pin="1"/><net_sink comp="210" pin=2"/></net>

<net id="634"><net_src comp="202" pin="3"/><net_sink comp="631" pin=0"/></net>

<net id="638"><net_src comp="257" pin="3"/><net_sink comp="635" pin=0"/></net>

<net id="642"><net_src comp="265" pin="3"/><net_sink comp="639" pin=0"/></net>

<net id="646"><net_src comp="293" pin="3"/><net_sink comp="643" pin=0"/></net>

<net id="650"><net_src comp="396" pin="1"/><net_sink comp="647" pin=0"/></net>

<net id="651"><net_src comp="647" pin="1"/><net_sink comp="210" pin=2"/></net>

<net id="655"><net_src comp="202" pin="3"/><net_sink comp="652" pin=0"/></net>

<net id="659"><net_src comp="400" pin="1"/><net_sink comp="656" pin=0"/></net>

<net id="660"><net_src comp="656" pin="1"/><net_sink comp="521" pin=3"/></net>

<net id="661"><net_src comp="656" pin="1"/><net_sink comp="577" pin=3"/></net>

<net id="662"><net_src comp="656" pin="1"/><net_sink comp="596" pin=3"/></net>

<net id="666"><net_src comp="404" pin="3"/><net_sink comp="663" pin=0"/></net>

<net id="670"><net_src comp="257" pin="3"/><net_sink comp="667" pin=0"/></net>

<net id="674"><net_src comp="418" pin="3"/><net_sink comp="671" pin=0"/></net>

<net id="678"><net_src comp="448" pin="2"/><net_sink comp="675" pin=0"/></net>

<net id="682"><net_src comp="454" pin="2"/><net_sink comp="679" pin=0"/></net>

<net id="686"><net_src comp="460" pin="2"/><net_sink comp="683" pin=0"/></net>

<net id="690"><net_src comp="482" pin="2"/><net_sink comp="687" pin=0"/></net>

</net_list>

</model> 
---------------- Datapath Model END ------------------

* FSMD analyzer results:
  - Output states:
	Port: flashMetadataBuffer_V | {2 }
	Port: flashKeyBuffer_V_V | {2 }
	Port: flashDemux2getPath_V | {2 }
	Port: flashDemux2setPathMetadata_V | {2 }
	Port: flashDemux2setPathValue_V | {2 }
  - Chain level:
	State 1
		stg_5 : 1
		tmp_17 : 1
		stg_13 : 2
		tmp_2 : 1
		stg_16 : 2
		stg_17 : 1
		stg_18 : 1
		stg_19 : 1
		tmp_23 : 1
		stg_28 : 2
		tmp_8 : 1
		stg_31 : 2
		stg_32 : 1
		stg_33 : 1
		stg_43 : 1
		stg_46 : 1
		tmp_27 : 1
		tmp_28 : 1
		tmp_29 : 2
		stg_51 : 2
		tmp_6 : 1
		stg_53 : 2
		tmp_1 : 1
		stg_55 : 2
		stg_59 : 1
		stg_64 : 1
		stg_67 : 1
		tmp_s : 1
		stg_70 : 2
	State 2
		tmp_9 : 1
		stg_100 : 2
		tmp_5 : 1
		stg_102 : 2
		tmp_EOP_V_3 : 3
		tmp_11323 : 4
		stg_106 : 5
		stg_118 : 1
		stg_120 : 1
		tmp_length_V_2 : 1
		stg_124 : 2
		tmp_6373 : 1
		stg_126 : 2
		stg_132 : 1
		stg_134 : 1
		stg_140 : 1


============================================================
+ Verbose Summary: Datapath Resource usage 
============================================================

* Functional unit list:
|----------|------------------------------------|---------|---------|
| Operation|           Functional Unit          |    FF   |   LUT   |
|----------|------------------------------------|---------|---------|
|          |             grp_fu_300             |    0    |    2    |
|    add   |            tmp_5_fu_498            |    0    |    16   |
|          |            tmp_11_fu_546           |    0    |    16   |
|----------|------------------------------------|---------|---------|
|          |            tmp_27_fu_436           |    0    |    3    |
|          |            tmp_28_fu_442           |    0    |    3    |
|          |            tmp_6_fu_454            |    0    |    3    |
|   icmp   |            tmp_1_fu_460            |    0    |    3    |
|          |            tmp_s_fu_482            |    0    |    3    |
|          |            tmp_9_fu_492            |    0    |    6    |
|          |         tmp_EOP_V_4_fu_540         |    0    |    6    |
|----------|------------------------------------|---------|---------|
|  select  |        tmp_length_V_2_fu_552       |    0    |    16   |
|----------|------------------------------------|---------|---------|
|    or    |            tmp_29_fu_448           |    0    |    1    |
|----------|------------------------------------|---------|---------|
|   read   |           grp_read_fu_196          |    0    |    0    |
|----------|------------------------------------|---------|---------|
| nbreadreq|        grp_nbreadreq_fu_202        |    0    |    0    |
|----------|------------------------------------|---------|---------|
|          |          grp_write_fu_210          |    0    |    0    |
|          |          grp_write_fu_217          |    0    |    0    |
|   write  |          grp_write_fu_224          |    0    |    0    |
|          |        stg_120_write_fu_231        |    0    |    0    |
|          |        stg_134_write_fu_238        |    0    |    0    |
|----------|------------------------------------|---------|---------|
|          |             grp_fu_257             |    0    |    0    |
|          |             grp_fu_265             |    0    |    0    |
| bitselect|             grp_fu_293             |    0    |    0    |
|          | metadataWrWord_valueValid_V_fu_384 |    0    |    0    |
|          |     metadataWrWord_SOP_V_fu_404    |    0    |    0    |
|          |            tmp_25_fu_418           |    0    |    0    |
|----------|------------------------------------|---------|---------|
|          |             grp_fu_273             |    0    |    0    |
|          |             grp_fu_283             |    0    |    0    |
|          |             grp_fu_317             |    0    |    0    |
|partselect|             grp_fu_327             |    0    |    0    |
|          |             grp_fu_337             |    0    |    0    |
|          |          p_Result_s_fu_426         |    0    |    0    |
|          |          p_Result_2_fu_472         |    0    |    0    |
|----------|------------------------------------|---------|---------|
|          |          tmp_10312_fu_392          |    0    |    0    |
|   trunc  |           tmp_8410_fu_396          |    0    |    0    |
|          |           p_Val2_s_fu_400          |    0    |    0    |
|----------|------------------------------------|---------|---------|
|          |          tmp_11323_fu_510          |    0    |    0    |
|          |           tmp_4352_fu_521          |    0    |    0    |
|          |           tmp_5368_fu_531          |    0    |    0    |
|bitconcatenate|           tmp_6373_fu_566          |    0    |    0    |
|          |           tmp_2331_fu_577          |    0    |    0    |
|          |           tmp_3347_fu_587          |    0    |    0    |
|          |           tmp_1301_fu_596          |    0    |    0    |
|----------|------------------------------------|---------|---------|
|   Total  |                                    |    0    |    78   |
|----------|------------------------------------|---------|---------|

Memories:
N/A

* Register list:
+-----------------------------------+--------+
|                                   |   FF   |
+-----------------------------------+--------+
|    flashDemuxState_load_reg_606   |    2   |
|   metadataWrWord_EOP_V_2_reg_618  |    1   |
|    metadataWrWord_EOP_V_reg_639   |    1   |
|    metadataWrWord_SOP_V_reg_663   |    1   |
|metadataWrWord_keyValid_V_2_reg_635|    1   |
|metadataWrWord_keyValid_V_3_reg_610|    1   |
| metadataWrWord_keyValid_V_reg_667 |    1   |
|metadataWrWord_valueValid_V_reg_614|    1   |
|          p_Val2_s_reg_656         |   124  |
|              reg_353              |   64   |
|              reg_357              |   64   |
|              reg_362              |    3   |
|              reg_366              |   32   |
|              reg_370              |   16   |
|         tmp_10312_reg_626         |   128  |
|           tmp_17_reg_622          |    1   |
|           tmp_1_reg_683           |    1   |
|           tmp_23_reg_643          |    1   |
|           tmp_25_reg_671          |    1   |
|           tmp_29_reg_675          |    1   |
|           tmp_3_reg_652           |    1   |
|           tmp_6_reg_679           |    1   |
|          tmp_8410_reg_647         |   128  |
|        tmp_EOP_V_3_reg_245        |    1   |
|            tmp_reg_631            |    1   |
|           tmp_s_reg_687           |    1   |
+-----------------------------------+--------+
|               Total               |   578  |
+-----------------------------------+--------+

* Multiplexer (MUX) list: 
|------------------|------|------|------|--------||---------||---------|
|       Comp       |  Pin | Size |  BW  | S x BW ||  Delay  ||   LUT   |
|------------------|------|------|------|--------||---------||---------|
| grp_write_fu_210 |  p2  |   5  |  128 |   640  ||   128   |
| grp_write_fu_224 |  p2  |   2  |  66  |   132  ||    66   |
|------------------|------|------|------|--------||---------||---------|
|       Total      |      |      |      |   772  ||  1.962  ||   194   |
|------------------|------|------|------|--------||---------||---------|



* Summary:
+-----------+--------+--------+--------+
|           |  Delay |   FF   |   LUT  |
+-----------+--------+--------+--------+
|  Function |    -   |    0   |   78   |
|   Memory  |    -   |    -   |    -   |
|Multiplexer|    1   |    -   |   194  |
|  Register |    -   |   578  |    -   |
+-----------+--------+--------+--------+
|   Total   |    1   |   578  |   272  |
+-----------+--------+--------+--------+
