

================================================================
== Vivado HLS Report for 'ethernet_axi_splitter'
================================================================
* Date:           Thu Jul 14 17:23:01 2022

* Version:        2018.3 (Build 2405991 on Thu Dec 06 23:56:15 MST 2018)
* Project:        ProjEthernetAXISplitter
* Solution:       SolutionX
* Product family: kintexu
* Target device:  xcku040-ffva1156-2-e


================================================================
== Performance Estimates
================================================================
+ Timing (ns): 
    * Summary: 
    +--------+-------+----------+------------+
    |  Clock | Target| Estimated| Uncertainty|
    +--------+-------+----------+------------+
    |ap_clk  |   3.30|     3.601|        0.30|
    +--------+-------+----------+------------+

+ Latency (clock cycles): 
    * Summary: 
    +-----+-----+-----+-----+----------+
    |  Latency  |  Interval | Pipeline |
    | min | max | min | max |   Type   |
    +-----+-----+-----+-----+----------+
    |    3|    3|    1|    1| function |
    +-----+-----+-----+-----+----------+

    + Detail: 
        * Instance: 
        N/A

        * Loop: 
        N/A



================================================================
== Utilization Estimates
================================================================
* Summary: 
+-----------------+---------+-------+--------+--------+
|       Name      | BRAM_18K| DSP48E|   FF   |   LUT  |
+-----------------+---------+-------+--------+--------+
|DSP              |        -|      -|       -|       -|
|Expression       |        -|      -|       0|     725|
|FIFO             |        -|      -|       -|       -|
|Instance         |        -|      -|       -|       -|
|Memory           |        -|      -|       -|       -|
|Multiplexer      |        -|      -|       -|     897|
|Register         |        -|      -|    1772|       -|
+-----------------+---------+-------+--------+--------+
|Total            |        0|      0|    1772|    1622|
+-----------------+---------+-------+--------+--------+
|Available        |     1200|   1920|  484800|  242400|
+-----------------+---------+-------+--------+--------+
|Utilization (%)  |        0|      0|   ~0   |   ~0   |
+-----------------+---------+-------+--------+--------+

+ Detail: 
    * Instance: 
    N/A

    * DSP48: 
    N/A

    * Memory: 
    N/A

    * FIFO: 
    N/A

    * Expression: 
    +------------------------------------------+----------+-------+---+----+------------+------------+
    |               Variable Name              | Operation| DSP48E| FF| LUT| Bitwidth P0| Bitwidth P1|
    +------------------------------------------+----------+-------+---+----+------------+------------+
    |ap_block_state1_pp0_stage0_iter0          |    and   |      0|  0|   2|           1|           1|
    |ap_condition_1639                         |    and   |      0|  0|   2|           1|           1|
    |ap_condition_2217                         |    and   |      0|  0|   2|           1|           1|
    |ap_condition_2233                         |    and   |      0|  0|   2|           1|           1|
    |ap_condition_2423                         |    and   |      0|  0|   2|           1|           1|
    |ap_condition_2692                         |    and   |      0|  0|   2|           1|           1|
    |ap_predicate_op100_write_state3           |    and   |      0|  0|   2|           1|           1|
    |ap_predicate_op101_write_state3           |    and   |      0|  0|   2|           1|           1|
    |ap_predicate_op102_write_state3           |    and   |      0|  0|   2|           1|           1|
    |ap_predicate_op107_write_state3           |    and   |      0|  0|   2|           1|           1|
    |ap_predicate_op108_write_state3           |    and   |      0|  0|   2|           1|           1|
    |ap_predicate_op109_write_state3           |    and   |      0|  0|   2|           1|           1|
    |ap_predicate_op110_write_state3           |    and   |      0|  0|   2|           1|           1|
    |ap_predicate_op111_write_state3           |    and   |      0|  0|   2|           1|           1|
    |ap_predicate_op112_write_state3           |    and   |      0|  0|   2|           1|           1|
    |ap_predicate_op113_write_state3           |    and   |      0|  0|   2|           1|           1|
    |ap_predicate_op114_write_state3           |    and   |      0|  0|   2|           1|           1|
    |ap_predicate_op12_read_state1             |    and   |      0|  0|   2|           1|           1|
    |ap_predicate_op163_write_state4           |    and   |      0|  0|   2|           1|           1|
    |ap_predicate_op166_write_state4           |    and   |      0|  0|   2|           1|           1|
    |ap_predicate_op169_write_state4           |    and   |      0|  0|   2|           1|           1|
    |ap_predicate_op172_write_state4           |    and   |      0|  0|   2|           1|           1|
    |ap_predicate_op175_write_state4           |    and   |      0|  0|   2|           1|           1|
    |ap_predicate_op178_write_state4           |    and   |      0|  0|   2|           1|           1|
    |ap_predicate_op181_write_state4           |    and   |      0|  0|   2|           1|           1|
    |ap_predicate_op184_write_state4           |    and   |      0|  0|   2|           1|           1|
    |ap_predicate_op192_write_state4           |    and   |      0|  0|   2|           1|           1|
    |ap_predicate_op195_write_state4           |    and   |      0|  0|   2|           1|           1|
    |ap_predicate_op198_write_state4           |    and   |      0|  0|   2|           1|           1|
    |ap_predicate_op201_write_state4           |    and   |      0|  0|   2|           1|           1|
    |ap_predicate_op204_write_state4           |    and   |      0|  0|   2|           1|           1|
    |ap_predicate_op207_write_state4           |    and   |      0|  0|   2|           1|           1|
    |ap_predicate_op210_write_state4           |    and   |      0|  0|   2|           1|           1|
    |ap_predicate_op213_write_state4           |    and   |      0|  0|   2|           1|           1|
    |ap_predicate_op95_write_state3            |    and   |      0|  0|   2|           1|           1|
    |ap_predicate_op96_write_state3            |    and   |      0|  0|   2|           1|           1|
    |ap_predicate_op97_write_state3            |    and   |      0|  0|   2|           1|           1|
    |ap_predicate_op98_write_state3            |    and   |      0|  0|   2|           1|           1|
    |ap_predicate_op99_write_state3            |    and   |      0|  0|   2|           1|           1|
    |data_out_V_data_V_1_load_A                |    and   |      0|  0|   2|           1|           1|
    |data_out_V_data_V_1_load_B                |    and   |      0|  0|   2|           1|           1|
    |data_out_V_keep_V_1_load_A                |    and   |      0|  0|   2|           1|           1|
    |data_out_V_keep_V_1_load_B                |    and   |      0|  0|   2|           1|           1|
    |data_out_V_last_V_1_load_A                |    and   |      0|  0|   2|           1|           1|
    |data_out_V_last_V_1_load_B                |    and   |      0|  0|   2|           1|           1|
    |ethernet_axi_0_V_data_V_1_load_A          |    and   |      0|  0|   2|           1|           1|
    |ethernet_axi_0_V_data_V_1_load_B          |    and   |      0|  0|   2|           1|           1|
    |ethernet_axi_0_V_keep_V_1_load_A          |    and   |      0|  0|   2|           1|           1|
    |ethernet_axi_0_V_keep_V_1_load_B          |    and   |      0|  0|   2|           1|           1|
    |ethernet_axi_0_V_last_V_1_load_A          |    and   |      0|  0|   2|           1|           1|
    |ethernet_axi_0_V_last_V_1_load_B          |    and   |      0|  0|   2|           1|           1|
    |ethernet_axi_1_V_data_V_1_load_A          |    and   |      0|  0|   2|           1|           1|
    |ethernet_axi_1_V_data_V_1_load_B          |    and   |      0|  0|   2|           1|           1|
    |ethernet_axi_1_V_keep_V_1_load_A          |    and   |      0|  0|   2|           1|           1|
    |ethernet_axi_1_V_keep_V_1_load_B          |    and   |      0|  0|   2|           1|           1|
    |ethernet_axi_1_V_last_V_1_load_A          |    and   |      0|  0|   2|           1|           1|
    |ethernet_axi_1_V_last_V_1_load_B          |    and   |      0|  0|   2|           1|           1|
    |ethernet_axi_2_V_data_V_1_load_A          |    and   |      0|  0|   2|           1|           1|
    |ethernet_axi_2_V_data_V_1_load_B          |    and   |      0|  0|   2|           1|           1|
    |ethernet_axi_2_V_keep_V_1_load_A          |    and   |      0|  0|   2|           1|           1|
    |ethernet_axi_2_V_keep_V_1_load_B          |    and   |      0|  0|   2|           1|           1|
    |ethernet_axi_2_V_last_V_1_load_A          |    and   |      0|  0|   2|           1|           1|
    |ethernet_axi_2_V_last_V_1_load_B          |    and   |      0|  0|   2|           1|           1|
    |ethernet_axi_3_V_data_V_1_load_A          |    and   |      0|  0|   2|           1|           1|
    |ethernet_axi_3_V_data_V_1_load_B          |    and   |      0|  0|   2|           1|           1|
    |ethernet_axi_3_V_keep_V_1_load_A          |    and   |      0|  0|   2|           1|           1|
    |ethernet_axi_3_V_keep_V_1_load_B          |    and   |      0|  0|   2|           1|           1|
    |ethernet_axi_3_V_last_V_1_load_A          |    and   |      0|  0|   2|           1|           1|
    |ethernet_axi_3_V_last_V_1_load_B          |    and   |      0|  0|   2|           1|           1|
    |ethernet_axi_4_V_data_V_1_load_A          |    and   |      0|  0|   2|           1|           1|
    |ethernet_axi_4_V_data_V_1_load_B          |    and   |      0|  0|   2|           1|           1|
    |ethernet_axi_4_V_keep_V_1_load_A          |    and   |      0|  0|   2|           1|           1|
    |ethernet_axi_4_V_keep_V_1_load_B          |    and   |      0|  0|   2|           1|           1|
    |ethernet_axi_4_V_last_V_1_load_A          |    and   |      0|  0|   2|           1|           1|
    |ethernet_axi_4_V_last_V_1_load_B          |    and   |      0|  0|   2|           1|           1|
    |ethernet_axi_5_V_data_V_1_load_A          |    and   |      0|  0|   2|           1|           1|
    |ethernet_axi_5_V_data_V_1_load_B          |    and   |      0|  0|   2|           1|           1|
    |ethernet_axi_5_V_keep_V_1_load_A          |    and   |      0|  0|   2|           1|           1|
    |ethernet_axi_5_V_keep_V_1_load_B          |    and   |      0|  0|   2|           1|           1|
    |ethernet_axi_5_V_last_V_1_load_A          |    and   |      0|  0|   2|           1|           1|
    |ethernet_axi_5_V_last_V_1_load_B          |    and   |      0|  0|   2|           1|           1|
    |ethernet_axi_6_V_data_V_1_load_A          |    and   |      0|  0|   2|           1|           1|
    |ethernet_axi_6_V_data_V_1_load_B          |    and   |      0|  0|   2|           1|           1|
    |ethernet_axi_6_V_keep_V_1_load_A          |    and   |      0|  0|   2|           1|           1|
    |ethernet_axi_6_V_keep_V_1_load_B          |    and   |      0|  0|   2|           1|           1|
    |ethernet_axi_6_V_last_V_1_load_A          |    and   |      0|  0|   2|           1|           1|
    |ethernet_axi_6_V_last_V_1_load_B          |    and   |      0|  0|   2|           1|           1|
    |ethernet_axi_7_V_data_V_1_load_A          |    and   |      0|  0|   2|           1|           1|
    |ethernet_axi_7_V_data_V_1_load_B          |    and   |      0|  0|   2|           1|           1|
    |ethernet_axi_7_V_keep_V_1_load_A          |    and   |      0|  0|   2|           1|           1|
    |ethernet_axi_7_V_keep_V_1_load_B          |    and   |      0|  0|   2|           1|           1|
    |ethernet_axi_7_V_last_V_1_load_A          |    and   |      0|  0|   2|           1|           1|
    |ethernet_axi_7_V_last_V_1_load_B          |    and   |      0|  0|   2|           1|           1|
    |tmp_nbreadreq_fu_164_p5                   |    and   |      0|  0|   2|           1|           0|
    |cond_fu_412_p2                            |   icmp   |      0|  0|   8|           2|           1|
    |data_out_V_data_V_1_state_cmp_full        |   icmp   |      0|  0|   8|           2|           1|
    |data_out_V_keep_V_1_state_cmp_full        |   icmp   |      0|  0|   8|           2|           1|
    |data_out_V_last_V_1_state_cmp_full        |   icmp   |      0|  0|   8|           2|           1|
    |ethernet_axi_0_V_data_V_1_state_cmp_full  |   icmp   |      0|  0|   8|           2|           1|
    |ethernet_axi_0_V_keep_V_1_state_cmp_full  |   icmp   |      0|  0|   8|           2|           1|
    |ethernet_axi_0_V_last_V_1_state_cmp_full  |   icmp   |      0|  0|   8|           2|           1|
    |ethernet_axi_1_V_data_V_1_state_cmp_full  |   icmp   |      0|  0|   8|           2|           1|
    |ethernet_axi_1_V_keep_V_1_state_cmp_full  |   icmp   |      0|  0|   8|           2|           1|
    |ethernet_axi_1_V_last_V_1_state_cmp_full  |   icmp   |      0|  0|   8|           2|           1|
    |ethernet_axi_2_V_data_V_1_state_cmp_full  |   icmp   |      0|  0|   8|           2|           1|
    |ethernet_axi_2_V_keep_V_1_state_cmp_full  |   icmp   |      0|  0|   8|           2|           1|
    |ethernet_axi_2_V_last_V_1_state_cmp_full  |   icmp   |      0|  0|   8|           2|           1|
    |ethernet_axi_3_V_data_V_1_state_cmp_full  |   icmp   |      0|  0|   8|           2|           1|
    |ethernet_axi_3_V_keep_V_1_state_cmp_full  |   icmp   |      0|  0|   8|           2|           1|
    |ethernet_axi_3_V_last_V_1_state_cmp_full  |   icmp   |      0|  0|   8|           2|           1|
    |ethernet_axi_4_V_data_V_1_state_cmp_full  |   icmp   |      0|  0|   8|           2|           1|
    |ethernet_axi_4_V_keep_V_1_state_cmp_full  |   icmp   |      0|  0|   8|           2|           1|
    |ethernet_axi_4_V_last_V_1_state_cmp_full  |   icmp   |      0|  0|   8|           2|           1|
    |ethernet_axi_5_V_data_V_1_state_cmp_full  |   icmp   |      0|  0|   8|           2|           1|
    |ethernet_axi_5_V_keep_V_1_state_cmp_full  |   icmp   |      0|  0|   8|           2|           1|
    |ethernet_axi_5_V_last_V_1_state_cmp_full  |   icmp   |      0|  0|   8|           2|           1|
    |ethernet_axi_6_V_data_V_1_state_cmp_full  |   icmp   |      0|  0|   8|           2|           1|
    |ethernet_axi_6_V_keep_V_1_state_cmp_full  |   icmp   |      0|  0|   8|           2|           1|
    |ethernet_axi_6_V_last_V_1_state_cmp_full  |   icmp   |      0|  0|   8|           2|           1|
    |ethernet_axi_7_V_data_V_1_state_cmp_full  |   icmp   |      0|  0|   8|           2|           1|
    |ethernet_axi_7_V_keep_V_1_state_cmp_full  |   icmp   |      0|  0|   8|           2|           1|
    |ethernet_axi_7_V_last_V_1_state_cmp_full  |   icmp   |      0|  0|   8|           2|           1|
    |tmp_10_fu_530_p2                          |   icmp   |      0|  0|  13|          16|          15|
    |tmp_11_fu_620_p2                          |   icmp   |      0|  0|  11|           8|           3|
    |tmp_12_fu_536_p2                          |   icmp   |      0|  0|  11|           8|           1|
    |tmp_13_fu_625_p2                          |   icmp   |      0|  0|  11|           8|           3|
    |tmp_14_fu_542_p2                          |   icmp   |      0|  0|  11|           8|           1|
    |tmp_15_fu_630_p2                          |   icmp   |      0|  0|  11|           8|           3|
    |tmp_16_fu_548_p2                          |   icmp   |      0|  0|  11|           8|           2|
    |tmp_17_fu_635_p2                          |   icmp   |      0|  0|  13|          16|           1|
    |tmp_18_fu_554_p2                          |   icmp   |      0|  0|  11|           8|           2|
    |tmp_19_fu_560_p2                          |   icmp   |      0|  0|  11|           8|           3|
    |tmp_1_fu_610_p2                           |   icmp   |      0|  0|  11|           8|           2|
    |tmp_20_fu_566_p2                          |   icmp   |      0|  0|  11|           8|           3|
    |tmp_21_fu_572_p2                          |   icmp   |      0|  0|  11|           8|           3|
    |tmp_22_fu_578_p2                          |   icmp   |      0|  0|  11|           8|           3|
    |tmp_23_fu_584_p2                          |   icmp   |      0|  0|  13|          16|           1|
    |tmp_2_fu_590_p2                           |   icmp   |      0|  0|  13|          16|          15|
    |tmp_3_fu_424_p2                           |   icmp   |      0|  0|  13|          16|           1|
    |tmp_4_fu_595_p2                           |   icmp   |      0|  0|  11|           8|           1|
    |tmp_5_fu_615_p2                           |   icmp   |      0|  0|  11|           8|           3|
    |tmp_6_fu_484_p2                           |   icmp   |      0|  0|  24|          48|          48|
    |tmp_7_fu_418_p2                           |   icmp   |      0|  0|   8|           2|           1|
    |tmp_8_fu_605_p2                           |   icmp   |      0|  0|  11|           8|           2|
    |tmp_9_fu_600_p2                           |   icmp   |      0|  0|  11|           8|           1|
    |tmp_s_fu_490_p2                           |   icmp   |      0|  0|  24|          48|           2|
    |ap_block_state3_io                        |    or    |      0|  0|   2|           1|           1|
    |ap_block_state4_io                        |    or    |      0|  0|   2|           1|           1|
    |ap_block_state4_pp0_stage0_iter3          |    or    |      0|  0|   2|           1|           1|
    |ap_predicate_op106_write_state3           |    or    |      0|  0|   2|           1|           1|
    |ap_predicate_op160_write_state4           |    or    |      0|  0|   2|           1|           1|
    |ap_predicate_op189_write_state4           |    or    |      0|  0|   2|           1|           1|
    |ap_predicate_op94_write_state3            |    or    |      0|  0|   2|           1|           1|
    |or_cond_fu_496_p2                         |    or    |      0|  0|   2|           1|           1|
    +------------------------------------------+----------+-------+---+----+------------+------------+
    |Total                                     |          |      0|  0| 725|         464|         249|
    +------------------------------------------+----------+-------+---+----+------------+------------+

    * Multiplexer: 
    +-----------------------------------------------------+----+-----------+-----+-----------+
    |                         Name                        | LUT| Input Size| Bits| Total Bits|
    +-----------------------------------------------------+----+-----------+-----+-----------+
    |ap_NS_iter1_fsm                                      |  15|          3|    2|          6|
    |ap_NS_iter2_fsm                                      |  15|          3|    2|          6|
    |ap_NS_iter3_fsm                                      |  15|          3|    2|          6|
    |ap_phi_mux_word_count_V_flag_1_phi_fu_320_p4         |  15|          3|    1|          3|
    |ap_phi_mux_word_count_V_flag_2_phi_fu_342_p4         |  15|          3|    1|          3|
    |ap_phi_mux_word_count_V_flag_phi_fu_306_p6           |  15|          3|    1|          3|
    |ap_phi_mux_word_count_V_new_1_phi_fu_331_p4          |  15|          3|    2|          6|
    |ap_phi_mux_word_count_V_new_2_phi_fu_354_p4          |  15|          3|    2|          6|
    |ap_phi_reg_pp0_iter1_ethernet_axi_id_V_lo_1_reg_373  |  15|          3|    8|         24|
    |ap_phi_reg_pp0_iter1_mac_type_V_loc_1_reg_362        |  15|          3|   16|         48|
    |data_in_TDATA_blk_n                                  |   9|          2|    1|          2|
    |data_out_TDATA_blk_n                                 |   9|          2|    1|          2|
    |data_out_V_data_V_1_data_out                         |   9|          2|   64|        128|
    |data_out_V_data_V_1_state                            |  15|          3|    2|          6|
    |data_out_V_keep_V_1_data_out                         |   9|          2|    8|         16|
    |data_out_V_keep_V_1_state                            |  15|          3|    2|          6|
    |data_out_V_last_V_1_data_out                         |   9|          2|    1|          2|
    |data_out_V_last_V_1_state                            |  15|          3|    2|          6|
    |ethernet_axi_0_TDATA_blk_n                           |   9|          2|    1|          2|
    |ethernet_axi_0_V_data_V_1_data_out                   |   9|          2|   64|        128|
    |ethernet_axi_0_V_data_V_1_state                      |  15|          3|    2|          6|
    |ethernet_axi_0_V_keep_V_1_data_out                   |   9|          2|    8|         16|
    |ethernet_axi_0_V_keep_V_1_state                      |  15|          3|    2|          6|
    |ethernet_axi_0_V_last_V_1_data_out                   |   9|          2|    1|          2|
    |ethernet_axi_0_V_last_V_1_state                      |  15|          3|    2|          6|
    |ethernet_axi_1_TDATA_blk_n                           |   9|          2|    1|          2|
    |ethernet_axi_1_V_data_V_1_data_out                   |   9|          2|   64|        128|
    |ethernet_axi_1_V_data_V_1_state                      |  15|          3|    2|          6|
    |ethernet_axi_1_V_keep_V_1_data_out                   |   9|          2|    8|         16|
    |ethernet_axi_1_V_keep_V_1_state                      |  15|          3|    2|          6|
    |ethernet_axi_1_V_last_V_1_data_out                   |   9|          2|    1|          2|
    |ethernet_axi_1_V_last_V_1_state                      |  15|          3|    2|          6|
    |ethernet_axi_2_TDATA_blk_n                           |   9|          2|    1|          2|
    |ethernet_axi_2_V_data_V_1_data_out                   |   9|          2|   64|        128|
    |ethernet_axi_2_V_data_V_1_state                      |  15|          3|    2|          6|
    |ethernet_axi_2_V_keep_V_1_data_out                   |   9|          2|    8|         16|
    |ethernet_axi_2_V_keep_V_1_state                      |  15|          3|    2|          6|
    |ethernet_axi_2_V_last_V_1_data_out                   |   9|          2|    1|          2|
    |ethernet_axi_2_V_last_V_1_state                      |  15|          3|    2|          6|
    |ethernet_axi_3_TDATA_blk_n                           |   9|          2|    1|          2|
    |ethernet_axi_3_V_data_V_1_data_out                   |   9|          2|   64|        128|
    |ethernet_axi_3_V_data_V_1_state                      |  15|          3|    2|          6|
    |ethernet_axi_3_V_keep_V_1_data_out                   |   9|          2|    8|         16|
    |ethernet_axi_3_V_keep_V_1_state                      |  15|          3|    2|          6|
    |ethernet_axi_3_V_last_V_1_data_out                   |   9|          2|    1|          2|
    |ethernet_axi_3_V_last_V_1_state                      |  15|          3|    2|          6|
    |ethernet_axi_4_TDATA_blk_n                           |   9|          2|    1|          2|
    |ethernet_axi_4_V_data_V_1_data_out                   |   9|          2|   64|        128|
    |ethernet_axi_4_V_data_V_1_state                      |  15|          3|    2|          6|
    |ethernet_axi_4_V_keep_V_1_data_out                   |   9|          2|    8|         16|
    |ethernet_axi_4_V_keep_V_1_state                      |  15|          3|    2|          6|
    |ethernet_axi_4_V_last_V_1_data_out                   |   9|          2|    1|          2|
    |ethernet_axi_4_V_last_V_1_state                      |  15|          3|    2|          6|
    |ethernet_axi_5_TDATA_blk_n                           |   9|          2|    1|          2|
    |ethernet_axi_5_V_data_V_1_data_out                   |   9|          2|   64|        128|
    |ethernet_axi_5_V_data_V_1_state                      |  15|          3|    2|          6|
    |ethernet_axi_5_V_keep_V_1_data_out                   |   9|          2|    8|         16|
    |ethernet_axi_5_V_keep_V_1_state                      |  15|          3|    2|          6|
    |ethernet_axi_5_V_last_V_1_data_out                   |   9|          2|    1|          2|
    |ethernet_axi_5_V_last_V_1_state                      |  15|          3|    2|          6|
    |ethernet_axi_6_TDATA_blk_n                           |   9|          2|    1|          2|
    |ethernet_axi_6_V_data_V_1_data_out                   |   9|          2|   64|        128|
    |ethernet_axi_6_V_data_V_1_state                      |  15|          3|    2|          6|
    |ethernet_axi_6_V_keep_V_1_data_out                   |   9|          2|    8|         16|
    |ethernet_axi_6_V_keep_V_1_state                      |  15|          3|    2|          6|
    |ethernet_axi_6_V_last_V_1_data_out                   |   9|          2|    1|          2|
    |ethernet_axi_6_V_last_V_1_state                      |  15|          3|    2|          6|
    |ethernet_axi_7_TDATA_blk_n                           |   9|          2|    1|          2|
    |ethernet_axi_7_V_data_V_1_data_out                   |   9|          2|   64|        128|
    |ethernet_axi_7_V_data_V_1_state                      |  15|          3|    2|          6|
    |ethernet_axi_7_V_keep_V_1_data_out                   |   9|          2|    8|         16|
    |ethernet_axi_7_V_keep_V_1_state                      |  15|          3|    2|          6|
    |ethernet_axi_7_V_last_V_1_data_out                   |   9|          2|    1|          2|
    |ethernet_axi_7_V_last_V_1_state                      |  15|          3|    2|          6|
    |mac_type_V                                           |   9|          2|   16|         32|
    +-----------------------------------------------------+----+-----------+-----+-----------+
    |Total                                                | 897|        187|  774|       1639|
    +-----------------------------------------------------+----+-----------+-----+-----------+

    * Register: 
    +-----------------------------------------------------+----+----+-----+-----------+
    |                         Name                        | FF | LUT| Bits| Const Bits|
    +-----------------------------------------------------+----+----+-----+-----------+
    |ap_CS_iter0_fsm                                      |   1|   0|    1|          0|
    |ap_CS_iter1_fsm                                      |   2|   0|    2|          0|
    |ap_CS_iter2_fsm                                      |   2|   0|    2|          0|
    |ap_CS_iter3_fsm                                      |   2|   0|    2|          0|
    |ap_phi_reg_pp0_iter1_ethernet_axi_id_V_lo_1_reg_373  |   8|   0|    8|          0|
    |ap_phi_reg_pp0_iter1_mac_type_V_loc_1_reg_362        |  16|   0|   16|          0|
    |cond_reg_739                                         |   1|   0|    1|          0|
    |cond_reg_739_pp0_iter1_reg                           |   1|   0|    1|          0|
    |cond_reg_739_pp0_iter2_reg                           |   1|   0|    1|          0|
    |data_out_V_data_V_1_payload_A                        |  64|   0|   64|          0|
    |data_out_V_data_V_1_payload_B                        |  64|   0|   64|          0|
    |data_out_V_data_V_1_sel_rd                           |   1|   0|    1|          0|
    |data_out_V_data_V_1_sel_wr                           |   1|   0|    1|          0|
    |data_out_V_data_V_1_state                            |   2|   0|    2|          0|
    |data_out_V_keep_V_1_payload_A                        |   8|   0|    8|          0|
    |data_out_V_keep_V_1_payload_B                        |   8|   0|    8|          0|
    |data_out_V_keep_V_1_sel_rd                           |   1|   0|    1|          0|
    |data_out_V_keep_V_1_sel_wr                           |   1|   0|    1|          0|
    |data_out_V_keep_V_1_state                            |   2|   0|    2|          0|
    |data_out_V_last_V_1_payload_A                        |   1|   0|    1|          0|
    |data_out_V_last_V_1_payload_B                        |   1|   0|    1|          0|
    |data_out_V_last_V_1_sel_rd                           |   1|   0|    1|          0|
    |data_out_V_last_V_1_sel_wr                           |   1|   0|    1|          0|
    |data_out_V_last_V_1_state                            |   2|   0|    2|          0|
    |ethernet_axi_0_V_data_V_1_payload_A                  |  64|   0|   64|          0|
    |ethernet_axi_0_V_data_V_1_payload_B                  |  64|   0|   64|          0|
    |ethernet_axi_0_V_data_V_1_sel_rd                     |   1|   0|    1|          0|
    |ethernet_axi_0_V_data_V_1_sel_wr                     |   1|   0|    1|          0|
    |ethernet_axi_0_V_data_V_1_state                      |   2|   0|    2|          0|
    |ethernet_axi_0_V_keep_V_1_payload_A                  |   8|   0|    8|          0|
    |ethernet_axi_0_V_keep_V_1_payload_B                  |   8|   0|    8|          0|
    |ethernet_axi_0_V_keep_V_1_sel_rd                     |   1|   0|    1|          0|
    |ethernet_axi_0_V_keep_V_1_sel_wr                     |   1|   0|    1|          0|
    |ethernet_axi_0_V_keep_V_1_state                      |   2|   0|    2|          0|
    |ethernet_axi_0_V_last_V_1_payload_A                  |   1|   0|    1|          0|
    |ethernet_axi_0_V_last_V_1_payload_B                  |   1|   0|    1|          0|
    |ethernet_axi_0_V_last_V_1_sel_rd                     |   1|   0|    1|          0|
    |ethernet_axi_0_V_last_V_1_sel_wr                     |   1|   0|    1|          0|
    |ethernet_axi_0_V_last_V_1_state                      |   2|   0|    2|          0|
    |ethernet_axi_1_V_data_V_1_payload_A                  |  64|   0|   64|          0|
    |ethernet_axi_1_V_data_V_1_payload_B                  |  64|   0|   64|          0|
    |ethernet_axi_1_V_data_V_1_sel_rd                     |   1|   0|    1|          0|
    |ethernet_axi_1_V_data_V_1_sel_wr                     |   1|   0|    1|          0|
    |ethernet_axi_1_V_data_V_1_state                      |   2|   0|    2|          0|
    |ethernet_axi_1_V_keep_V_1_payload_A                  |   8|   0|    8|          0|
    |ethernet_axi_1_V_keep_V_1_payload_B                  |   8|   0|    8|          0|
    |ethernet_axi_1_V_keep_V_1_sel_rd                     |   1|   0|    1|          0|
    |ethernet_axi_1_V_keep_V_1_sel_wr                     |   1|   0|    1|          0|
    |ethernet_axi_1_V_keep_V_1_state                      |   2|   0|    2|          0|
    |ethernet_axi_1_V_last_V_1_payload_A                  |   1|   0|    1|          0|
    |ethernet_axi_1_V_last_V_1_payload_B                  |   1|   0|    1|          0|
    |ethernet_axi_1_V_last_V_1_sel_rd                     |   1|   0|    1|          0|
    |ethernet_axi_1_V_last_V_1_sel_wr                     |   1|   0|    1|          0|
    |ethernet_axi_1_V_last_V_1_state                      |   2|   0|    2|          0|
    |ethernet_axi_2_V_data_V_1_payload_A                  |  64|   0|   64|          0|
    |ethernet_axi_2_V_data_V_1_payload_B                  |  64|   0|   64|          0|
    |ethernet_axi_2_V_data_V_1_sel_rd                     |   1|   0|    1|          0|
    |ethernet_axi_2_V_data_V_1_sel_wr                     |   1|   0|    1|          0|
    |ethernet_axi_2_V_data_V_1_state                      |   2|   0|    2|          0|
    |ethernet_axi_2_V_keep_V_1_payload_A                  |   8|   0|    8|          0|
    |ethernet_axi_2_V_keep_V_1_payload_B                  |   8|   0|    8|          0|
    |ethernet_axi_2_V_keep_V_1_sel_rd                     |   1|   0|    1|          0|
    |ethernet_axi_2_V_keep_V_1_sel_wr                     |   1|   0|    1|          0|
    |ethernet_axi_2_V_keep_V_1_state                      |   2|   0|    2|          0|
    |ethernet_axi_2_V_last_V_1_payload_A                  |   1|   0|    1|          0|
    |ethernet_axi_2_V_last_V_1_payload_B                  |   1|   0|    1|          0|
    |ethernet_axi_2_V_last_V_1_sel_rd                     |   1|   0|    1|          0|
    |ethernet_axi_2_V_last_V_1_sel_wr                     |   1|   0|    1|          0|
    |ethernet_axi_2_V_last_V_1_state                      |   2|   0|    2|          0|
    |ethernet_axi_3_V_data_V_1_payload_A                  |  64|   0|   64|          0|
    |ethernet_axi_3_V_data_V_1_payload_B                  |  64|   0|   64|          0|
    |ethernet_axi_3_V_data_V_1_sel_rd                     |   1|   0|    1|          0|
    |ethernet_axi_3_V_data_V_1_sel_wr                     |   1|   0|    1|          0|
    |ethernet_axi_3_V_data_V_1_state                      |   2|   0|    2|          0|
    |ethernet_axi_3_V_keep_V_1_payload_A                  |   8|   0|    8|          0|
    |ethernet_axi_3_V_keep_V_1_payload_B                  |   8|   0|    8|          0|
    |ethernet_axi_3_V_keep_V_1_sel_rd                     |   1|   0|    1|          0|
    |ethernet_axi_3_V_keep_V_1_sel_wr                     |   1|   0|    1|          0|
    |ethernet_axi_3_V_keep_V_1_state                      |   2|   0|    2|          0|
    |ethernet_axi_3_V_last_V_1_payload_A                  |   1|   0|    1|          0|
    |ethernet_axi_3_V_last_V_1_payload_B                  |   1|   0|    1|          0|
    |ethernet_axi_3_V_last_V_1_sel_rd                     |   1|   0|    1|          0|
    |ethernet_axi_3_V_last_V_1_sel_wr                     |   1|   0|    1|          0|
    |ethernet_axi_3_V_last_V_1_state                      |   2|   0|    2|          0|
    |ethernet_axi_4_V_data_V_1_payload_A                  |  64|   0|   64|          0|
    |ethernet_axi_4_V_data_V_1_payload_B                  |  64|   0|   64|          0|
    |ethernet_axi_4_V_data_V_1_sel_rd                     |   1|   0|    1|          0|
    |ethernet_axi_4_V_data_V_1_sel_wr                     |   1|   0|    1|          0|
    |ethernet_axi_4_V_data_V_1_state                      |   2|   0|    2|          0|
    |ethernet_axi_4_V_keep_V_1_payload_A                  |   8|   0|    8|          0|
    |ethernet_axi_4_V_keep_V_1_payload_B                  |   8|   0|    8|          0|
    |ethernet_axi_4_V_keep_V_1_sel_rd                     |   1|   0|    1|          0|
    |ethernet_axi_4_V_keep_V_1_sel_wr                     |   1|   0|    1|          0|
    |ethernet_axi_4_V_keep_V_1_state                      |   2|   0|    2|          0|
    |ethernet_axi_4_V_last_V_1_payload_A                  |   1|   0|    1|          0|
    |ethernet_axi_4_V_last_V_1_payload_B                  |   1|   0|    1|          0|
    |ethernet_axi_4_V_last_V_1_sel_rd                     |   1|   0|    1|          0|
    |ethernet_axi_4_V_last_V_1_sel_wr                     |   1|   0|    1|          0|
    |ethernet_axi_4_V_last_V_1_state                      |   2|   0|    2|          0|
    |ethernet_axi_5_V_data_V_1_payload_A                  |  64|   0|   64|          0|
    |ethernet_axi_5_V_data_V_1_payload_B                  |  64|   0|   64|          0|
    |ethernet_axi_5_V_data_V_1_sel_rd                     |   1|   0|    1|          0|
    |ethernet_axi_5_V_data_V_1_sel_wr                     |   1|   0|    1|          0|
    |ethernet_axi_5_V_data_V_1_state                      |   2|   0|    2|          0|
    |ethernet_axi_5_V_keep_V_1_payload_A                  |   8|   0|    8|          0|
    |ethernet_axi_5_V_keep_V_1_payload_B                  |   8|   0|    8|          0|
    |ethernet_axi_5_V_keep_V_1_sel_rd                     |   1|   0|    1|          0|
    |ethernet_axi_5_V_keep_V_1_sel_wr                     |   1|   0|    1|          0|
    |ethernet_axi_5_V_keep_V_1_state                      |   2|   0|    2|          0|
    |ethernet_axi_5_V_last_V_1_payload_A                  |   1|   0|    1|          0|
    |ethernet_axi_5_V_last_V_1_payload_B                  |   1|   0|    1|          0|
    |ethernet_axi_5_V_last_V_1_sel_rd                     |   1|   0|    1|          0|
    |ethernet_axi_5_V_last_V_1_sel_wr                     |   1|   0|    1|          0|
    |ethernet_axi_5_V_last_V_1_state                      |   2|   0|    2|          0|
    |ethernet_axi_6_V_data_V_1_payload_A                  |  64|   0|   64|          0|
    |ethernet_axi_6_V_data_V_1_payload_B                  |  64|   0|   64|          0|
    |ethernet_axi_6_V_data_V_1_sel_rd                     |   1|   0|    1|          0|
    |ethernet_axi_6_V_data_V_1_sel_wr                     |   1|   0|    1|          0|
    |ethernet_axi_6_V_data_V_1_state                      |   2|   0|    2|          0|
    |ethernet_axi_6_V_keep_V_1_payload_A                  |   8|   0|    8|          0|
    |ethernet_axi_6_V_keep_V_1_payload_B                  |   8|   0|    8|          0|
    |ethernet_axi_6_V_keep_V_1_sel_rd                     |   1|   0|    1|          0|
    |ethernet_axi_6_V_keep_V_1_sel_wr                     |   1|   0|    1|          0|
    |ethernet_axi_6_V_keep_V_1_state                      |   2|   0|    2|          0|
    |ethernet_axi_6_V_last_V_1_payload_A                  |   1|   0|    1|          0|
    |ethernet_axi_6_V_last_V_1_payload_B                  |   1|   0|    1|          0|
    |ethernet_axi_6_V_last_V_1_sel_rd                     |   1|   0|    1|          0|
    |ethernet_axi_6_V_last_V_1_sel_wr                     |   1|   0|    1|          0|
    |ethernet_axi_6_V_last_V_1_state                      |   2|   0|    2|          0|
    |ethernet_axi_7_V_data_V_1_payload_A                  |  64|   0|   64|          0|
    |ethernet_axi_7_V_data_V_1_payload_B                  |  64|   0|   64|          0|
    |ethernet_axi_7_V_data_V_1_sel_rd                     |   1|   0|    1|          0|
    |ethernet_axi_7_V_data_V_1_sel_wr                     |   1|   0|    1|          0|
    |ethernet_axi_7_V_data_V_1_state                      |   2|   0|    2|          0|
    |ethernet_axi_7_V_keep_V_1_payload_A                  |   8|   0|    8|          0|
    |ethernet_axi_7_V_keep_V_1_payload_B                  |   8|   0|    8|          0|
    |ethernet_axi_7_V_keep_V_1_sel_rd                     |   1|   0|    1|          0|
    |ethernet_axi_7_V_keep_V_1_sel_wr                     |   1|   0|    1|          0|
    |ethernet_axi_7_V_keep_V_1_state                      |   2|   0|    2|          0|
    |ethernet_axi_7_V_last_V_1_payload_A                  |   1|   0|    1|          0|
    |ethernet_axi_7_V_last_V_1_payload_B                  |   1|   0|    1|          0|
    |ethernet_axi_7_V_last_V_1_sel_rd                     |   1|   0|    1|          0|
    |ethernet_axi_7_V_last_V_1_sel_wr                     |   1|   0|    1|          0|
    |ethernet_axi_7_V_last_V_1_state                      |   2|   0|    2|          0|
    |ethernet_axi_id_V                                    |   8|   0|    8|          0|
    |ethernet_axi_id_V_lo_reg_706                         |   8|   0|    8|          0|
    |fsm_state_V                                          |   1|   0|    1|          0|
    |fsm_state_V_load_reg_694                             |   1|   0|    1|          0|
    |fsm_state_V_load_reg_694_pp0_iter1_reg               |   1|   0|    1|          0|
    |fsm_state_V_load_reg_694_pp0_iter2_reg               |   1|   0|    1|          0|
    |mac_type_V                                           |  16|   0|   16|          0|
    |mac_type_V_load_reg_698                              |  16|   0|   16|          0|
    |prev_word_data_V                                     |  64|   0|   64|          0|
    |prev_word_keep_V                                     |   8|   0|    8|          0|
    |prev_word_last_V                                     |   1|   0|    1|          0|
    |tmp_10_reg_759                                       |   1|   0|    1|          0|
    |tmp_10_reg_759_pp0_iter2_reg                         |   1|   0|    1|          0|
    |tmp_11_reg_823                                       |   1|   0|    1|          0|
    |tmp_11_reg_823_pp0_iter2_reg                         |   1|   0|    1|          0|
    |tmp_12_reg_763                                       |   1|   0|    1|          0|
    |tmp_12_reg_763_pp0_iter2_reg                         |   1|   0|    1|          0|
    |tmp_13_reg_827                                       |   1|   0|    1|          0|
    |tmp_13_reg_827_pp0_iter2_reg                         |   1|   0|    1|          0|
    |tmp_14_reg_767                                       |   1|   0|    1|          0|
    |tmp_14_reg_767_pp0_iter2_reg                         |   1|   0|    1|          0|
    |tmp_15_reg_831                                       |   1|   0|    1|          0|
    |tmp_15_reg_831_pp0_iter2_reg                         |   1|   0|    1|          0|
    |tmp_16_reg_771                                       |   1|   0|    1|          0|
    |tmp_16_reg_771_pp0_iter2_reg                         |   1|   0|    1|          0|
    |tmp_17_reg_835                                       |   1|   0|    1|          0|
    |tmp_17_reg_835_pp0_iter2_reg                         |   1|   0|    1|          0|
    |tmp_18_reg_775                                       |   1|   0|    1|          0|
    |tmp_18_reg_775_pp0_iter2_reg                         |   1|   0|    1|          0|
    |tmp_19_reg_779                                       |   1|   0|    1|          0|
    |tmp_19_reg_779_pp0_iter2_reg                         |   1|   0|    1|          0|
    |tmp_1_reg_815                                        |   1|   0|    1|          0|
    |tmp_1_reg_815_pp0_iter2_reg                          |   1|   0|    1|          0|
    |tmp_20_reg_783                                       |   1|   0|    1|          0|
    |tmp_20_reg_783_pp0_iter2_reg                         |   1|   0|    1|          0|
    |tmp_21_reg_787                                       |   1|   0|    1|          0|
    |tmp_21_reg_787_pp0_iter2_reg                         |   1|   0|    1|          0|
    |tmp_22_reg_791                                       |   1|   0|    1|          0|
    |tmp_22_reg_791_pp0_iter2_reg                         |   1|   0|    1|          0|
    |tmp_23_reg_795                                       |   1|   0|    1|          0|
    |tmp_23_reg_795_pp0_iter2_reg                         |   1|   0|    1|          0|
    |tmp_2_reg_799                                        |   1|   0|    1|          0|
    |tmp_2_reg_799_pp0_iter2_reg                          |   1|   0|    1|          0|
    |tmp_4_reg_803                                        |   1|   0|    1|          0|
    |tmp_4_reg_803_pp0_iter2_reg                          |   1|   0|    1|          0|
    |tmp_5_reg_819                                        |   1|   0|    1|          0|
    |tmp_5_reg_819_pp0_iter2_reg                          |   1|   0|    1|          0|
    |tmp_8_reg_811                                        |   1|   0|    1|          0|
    |tmp_8_reg_811_pp0_iter2_reg                          |   1|   0|    1|          0|
    |tmp_9_reg_807                                        |   1|   0|    1|          0|
    |tmp_9_reg_807_pp0_iter2_reg                          |   1|   0|    1|          0|
    |tmp_data_V_reg_724                                   |  64|   0|   64|          0|
    |tmp_data_V_reg_724_pp0_iter1_reg                     |  64|   0|   64|          0|
    |tmp_keep_V_reg_729                                   |   8|   0|    8|          0|
    |tmp_keep_V_reg_729_pp0_iter1_reg                     |   8|   0|    8|          0|
    |tmp_last_V_reg_734                                   |   1|   0|    1|          0|
    |tmp_last_V_reg_734_pp0_iter1_reg                     |   1|   0|    1|          0|
    |tmp_reg_720                                          |   1|   0|    1|          0|
    |tmp_reg_720_pp0_iter1_reg                            |   1|   0|    1|          0|
    |tmp_reg_720_pp0_iter2_reg                            |   1|   0|    1|          0|
    |word_count_V                                         |   2|   0|    2|          0|
    +-----------------------------------------------------+----+----+-----+-----------+
    |Total                                                |1772|   0| 1772|          0|
    +-----------------------------------------------------+----+----+-----+-----------+



================================================================
== Interface
================================================================
* Summary: 
+-----------------------+-----+-----+--------------+-------------------------+--------------+
|       RTL Ports       | Dir | Bits|   Protocol   |      Source Object      |    C Type    |
+-----------------------+-----+-----+--------------+-------------------------+--------------+
|ap_clk                 |  in |    1| ap_ctrl_none |  ethernet_axi_splitter  | return value |
|ap_rst_n               |  in |    1| ap_ctrl_none |  ethernet_axi_splitter  | return value |
|data_in_TDATA          |  in |   64|     axis     |     data_in_V_data_V    |    pointer   |
|data_in_TVALID         |  in |    1|     axis     |     data_in_V_last_V    |    pointer   |
|data_in_TREADY         | out |    1|     axis     |     data_in_V_last_V    |    pointer   |
|data_in_TLAST          |  in |    1|     axis     |     data_in_V_last_V    |    pointer   |
|data_in_TKEEP          |  in |    8|     axis     |     data_in_V_keep_V    |    pointer   |
|ethernet_axi_0_TDATA   | out |   64|     axis     | ethernet_axi_0_V_data_V |    pointer   |
|ethernet_axi_0_TREADY  |  in |    1|     axis     | ethernet_axi_0_V_data_V |    pointer   |
|ethernet_axi_0_TVALID  | out |    1|     axis     | ethernet_axi_0_V_last_V |    pointer   |
|ethernet_axi_0_TLAST   | out |    1|     axis     | ethernet_axi_0_V_last_V |    pointer   |
|ethernet_axi_0_TKEEP   | out |    8|     axis     | ethernet_axi_0_V_keep_V |    pointer   |
|ethernet_axi_1_TDATA   | out |   64|     axis     | ethernet_axi_1_V_data_V |    pointer   |
|ethernet_axi_1_TREADY  |  in |    1|     axis     | ethernet_axi_1_V_data_V |    pointer   |
|ethernet_axi_1_TVALID  | out |    1|     axis     | ethernet_axi_1_V_last_V |    pointer   |
|ethernet_axi_1_TLAST   | out |    1|     axis     | ethernet_axi_1_V_last_V |    pointer   |
|ethernet_axi_1_TKEEP   | out |    8|     axis     | ethernet_axi_1_V_keep_V |    pointer   |
|ethernet_axi_2_TDATA   | out |   64|     axis     | ethernet_axi_2_V_data_V |    pointer   |
|ethernet_axi_2_TREADY  |  in |    1|     axis     | ethernet_axi_2_V_data_V |    pointer   |
|ethernet_axi_2_TVALID  | out |    1|     axis     | ethernet_axi_2_V_last_V |    pointer   |
|ethernet_axi_2_TLAST   | out |    1|     axis     | ethernet_axi_2_V_last_V |    pointer   |
|ethernet_axi_2_TKEEP   | out |    8|     axis     | ethernet_axi_2_V_keep_V |    pointer   |
|ethernet_axi_3_TDATA   | out |   64|     axis     | ethernet_axi_3_V_data_V |    pointer   |
|ethernet_axi_3_TREADY  |  in |    1|     axis     | ethernet_axi_3_V_data_V |    pointer   |
|ethernet_axi_3_TVALID  | out |    1|     axis     | ethernet_axi_3_V_last_V |    pointer   |
|ethernet_axi_3_TLAST   | out |    1|     axis     | ethernet_axi_3_V_last_V |    pointer   |
|ethernet_axi_3_TKEEP   | out |    8|     axis     | ethernet_axi_3_V_keep_V |    pointer   |
|ethernet_axi_4_TDATA   | out |   64|     axis     | ethernet_axi_4_V_data_V |    pointer   |
|ethernet_axi_4_TREADY  |  in |    1|     axis     | ethernet_axi_4_V_data_V |    pointer   |
|ethernet_axi_4_TVALID  | out |    1|     axis     | ethernet_axi_4_V_last_V |    pointer   |
|ethernet_axi_4_TLAST   | out |    1|     axis     | ethernet_axi_4_V_last_V |    pointer   |
|ethernet_axi_4_TKEEP   | out |    8|     axis     | ethernet_axi_4_V_keep_V |    pointer   |
|ethernet_axi_5_TDATA   | out |   64|     axis     | ethernet_axi_5_V_data_V |    pointer   |
|ethernet_axi_5_TREADY  |  in |    1|     axis     | ethernet_axi_5_V_data_V |    pointer   |
|ethernet_axi_5_TVALID  | out |    1|     axis     | ethernet_axi_5_V_last_V |    pointer   |
|ethernet_axi_5_TLAST   | out |    1|     axis     | ethernet_axi_5_V_last_V |    pointer   |
|ethernet_axi_5_TKEEP   | out |    8|     axis     | ethernet_axi_5_V_keep_V |    pointer   |
|ethernet_axi_6_TDATA   | out |   64|     axis     | ethernet_axi_6_V_data_V |    pointer   |
|ethernet_axi_6_TREADY  |  in |    1|     axis     | ethernet_axi_6_V_data_V |    pointer   |
|ethernet_axi_6_TVALID  | out |    1|     axis     | ethernet_axi_6_V_last_V |    pointer   |
|ethernet_axi_6_TLAST   | out |    1|     axis     | ethernet_axi_6_V_last_V |    pointer   |
|ethernet_axi_6_TKEEP   | out |    8|     axis     | ethernet_axi_6_V_keep_V |    pointer   |
|ethernet_axi_7_TDATA   | out |   64|     axis     | ethernet_axi_7_V_data_V |    pointer   |
|ethernet_axi_7_TREADY  |  in |    1|     axis     | ethernet_axi_7_V_data_V |    pointer   |
|ethernet_axi_7_TVALID  | out |    1|     axis     | ethernet_axi_7_V_last_V |    pointer   |
|ethernet_axi_7_TLAST   | out |    1|     axis     | ethernet_axi_7_V_last_V |    pointer   |
|ethernet_axi_7_TKEEP   | out |    8|     axis     | ethernet_axi_7_V_keep_V |    pointer   |
|data_out_TDATA         | out |   64|     axis     |    data_out_V_data_V    |    pointer   |
|data_out_TREADY        |  in |    1|     axis     |    data_out_V_data_V    |    pointer   |
|data_out_TVALID        | out |    1|     axis     |    data_out_V_last_V    |    pointer   |
|data_out_TLAST         | out |    1|     axis     |    data_out_V_last_V    |    pointer   |
|data_out_TKEEP         | out |    8|     axis     |    data_out_V_keep_V    |    pointer   |
|my_mac_address_V       |  in |   48|   ap_stable  |     my_mac_address_V    |    scalar    |
+-----------------------+-----+-----+--------------+-------------------------+--------------+

