INFO-FLOW: Workspace /home/sameh/Dropbox/UofT/Research/Work/Designs/debugging/memcached/hls/readWriteConverter_prj/solution1 opened at Wed Oct 14 13:29:35 EDT 2020
Execute     set_part xcku040-ffva1156-2-e 
Execute       add_library xilinx/kintexu/kintexu:xcku040:-ffva1156:-2-e 
Execute         get_default_platform 
Execute         license_isbetapart xcku040 
Command         license_isbetapart done; error code: 1; 
Execute         open_platform DefaultPlatform 
Execute         import_lib /home/sameh/Xilinx/Vivado/2018.3/common/technology/xilinx/kintexu/kintexu 
Execute           source /home/sameh/Xilinx/Vivado/2018.3/common/technology/xilinx/common/xilinx.lib 
Execute             source /home/sameh/Xilinx/Vivado/2018.3/common/technology/xilinx/interface/xilinx_interface.lib 
Execute               source /home/sameh/Xilinx/Vivado/2018.3/common/technology/xilinx/interface/plb46.lib 
Execute               source /home/sameh/Xilinx/Vivado/2018.3/common/technology/xilinx/interface/fsl.lib 
Execute               source /home/sameh/Xilinx/Vivado/2018.3/common/technology/xilinx/interface/axi4.lib 
Execute               source /home/sameh/Xilinx/Vivado/2018.3/common/technology/xilinx/interface/maxi.lib 
Execute               source /home/sameh/Xilinx/Vivado/2018.3/common/technology/xilinx/interface/saxilite.lib 
Execute             source /home/sameh/Xilinx/Vivado/2018.3/common/technology/xilinx/common/dsp48.lib 
Execute             source /home/sameh/Xilinx/Vivado/2018.3/common/technology/xilinx/ip/dds_compiler.lib 
Execute             source /home/sameh/Xilinx/Vivado/2018.3/common/technology/xilinx/ip/xfft.lib 
Execute             source /home/sameh/Xilinx/Vivado/2018.3/common/technology/xilinx/ip/xfir.lib 
Execute           source /home/sameh/Xilinx/Vivado/2018.3/common/technology/xilinx/common/xilinx_old.lib 
Execute           source /home/sameh/Xilinx/Vivado/2018.3/common/technology/xilinx/common/xilinx_vivado.lib 
Execute           source /home/sameh/Xilinx/Vivado/2018.3/common/technology/xilinx/common/xilinx.hlp 
Execute             source /home/sameh/Xilinx/Vivado/2018.3/common/technology/xilinx/common/target_info.tcl 
Execute             source /home/sameh/Xilinx/Vivado/2018.3/common/technology/xilinx/interface/xilinx_interface.hlp 
Execute               source /home/sameh/Xilinx/Vivado/2018.3/common/technology/xilinx/interface/maxi.hlp 
Execute               source /home/sameh/Xilinx/Vivado/2018.3/common/technology/xilinx/interface/saxilite.hlp 
Execute             source /home/sameh/Xilinx/Vivado/2018.3/common/technology/xilinx/common/dsp48.hlp 
Execute           source /home/sameh/Xilinx/Vivado/2018.3/common/technology/xilinx/kintexu/dsp48e2.hlp 
Execute           get_default_platform 
Execute           config_chip_info -quiet -resource  {SLICE 30300} {LUT 242400}    {FF 484800} {DSP48E 1920}   {BRAM 1200}  
Execute           config_chip_info -quiet -speed medium 
Execute           source /home/sameh/Xilinx/Vivado/2018.3/common/technology/xilinx/common/xilinx.hlp 
Execute             source /home/sameh/Xilinx/Vivado/2018.3/common/technology/xilinx/common/target_info.tcl 
Execute             source /home/sameh/Xilinx/Vivado/2018.3/common/technology/xilinx/interface/xilinx_interface.hlp 
Execute               source /home/sameh/Xilinx/Vivado/2018.3/common/technology/xilinx/interface/maxi.hlp 
Execute               source /home/sameh/Xilinx/Vivado/2018.3/common/technology/xilinx/interface/saxilite.hlp 
Execute             source /home/sameh/Xilinx/Vivado/2018.3/common/technology/xilinx/common/dsp48.hlp 
Execute         source /home/sameh/Xilinx/Vivado/2018.3/common/technology/xilinx/kintexu/kintexu.gen 
Execute           source /home/sameh/Xilinx/Vivado/2018.3/common/technology/xilinx/common/virtex.gen 
Execute             source /home/sameh/Xilinx/Vivado/2018.3/common/technology/xilinx/common/xilinx.gen 
Execute               source /home/sameh/Xilinx/Vivado/2018.3/common/technology/xilinx/interface/plb46.gen 
Execute               source /home/sameh/Xilinx/Vivado/2018.3/common/technology/xilinx/interface/fsl.gen 
Execute               source /home/sameh/Xilinx/Vivado/2018.3/common/technology/xilinx/interface/axi4.gen 
Execute               source /home/sameh/Xilinx/Vivado/2018.3/common/technology/xilinx/interface/nativeAXI4.gen 
Execute                 source /home/sameh/Xilinx/Vivado/2018.3/common/technology/xilinx/interface/saxilite.gen 
Execute                 source /home/sameh/Xilinx/Vivado/2018.3/common/technology/xilinx/interface/maxi.gen 
Execute               source /home/sameh/Xilinx/Vivado/2018.3/common/technology/xilinx/scripts/xilinxcoregen.gen 
Execute               source /home/sameh/Xilinx/Vivado/2018.3/common/technology/xilinx/interface/XilEDKCoreGen.gen 
Execute               source /home/sameh/Xilinx/Vivado/2018.3/common/technology/xilinx/ip/dds_compiler.gen 
Execute               source /home/sameh/Xilinx/Vivado/2018.3/common/technology/xilinx/ip/util.gen 
Execute               source /home/sameh/Xilinx/Vivado/2018.3/common/technology/xilinx/ip/xfft.gen 
Execute               source /home/sameh/Xilinx/Vivado/2018.3/common/technology/xilinx/ip/xfir.gen 
Execute             source /home/sameh/Xilinx/Vivado/2018.3/common/technology/xilinx/common/dsp48.gen 
Execute         get_default_platform 
Execute         config_chip_info -quiet -resource  {SLICE 30300} {LUT 242400}    {FF 484800} {DSP48E 1920}   {BRAM 1200}  
Execute         config_chip_info -quiet -speed medium 
Command       add_library done; 0.12 sec.
Execute       add_library xilinx/kintexu/kintexu_fpv7 
Execute         get_default_platform 
Execute         open_platform DefaultPlatform 
Execute         import_lib /home/sameh/Xilinx/Vivado/2018.3/common/technology/xilinx/kintexu/kintexu_fpv7 
Execute           source /home/sameh/Xilinx/Vivado/2018.3/common/technology/xilinx/common/xilinx_fpv7.lib 
Execute             source /home/sameh/Xilinx/Vivado/2018.3/common/technology/xilinx/common/xilinx_hp.lib 
Execute           source /home/sameh/Xilinx/Vivado/2018.3/common/technology/xilinx/common/xilinx_fpv.hlp 
Execute             source /home/sameh/Xilinx/Vivado/2018.3/common/technology/xilinx/common/xilinx.hlp 
Execute               source /home/sameh/Xilinx/Vivado/2018.3/common/technology/xilinx/common/target_info.tcl 
Execute               source /home/sameh/Xilinx/Vivado/2018.3/common/technology/xilinx/interface/xilinx_interface.hlp 
Execute                 source /home/sameh/Xilinx/Vivado/2018.3/common/technology/xilinx/interface/maxi.hlp 
Execute                 source /home/sameh/Xilinx/Vivado/2018.3/common/technology/xilinx/interface/saxilite.hlp 
Execute               source /home/sameh/Xilinx/Vivado/2018.3/common/technology/xilinx/common/dsp48.hlp 
Execute           source /home/sameh/Xilinx/Vivado/2018.3/common/technology/xilinx/kintexu/kintexu_hp.hlp 
Execute         source /home/sameh/Xilinx/Vivado/2018.3/common/technology/xilinx/kintexu/kintexu_fpv7.gen 
Execute           source /home/sameh/Xilinx/Vivado/2018.3/common/technology/xilinx/common/xilinx_fpv6.gen 
INFO: [HLS 200-10] Setting target device to 'xcku040-ffva1156-2-e'
Execute       get_default_platform 
Command     set_part done; 0.16 sec.
Execute     create_clock -period 6.66 -name default 
Execute       config_clock -quiet -name default -period 6.66 -default=false 
INFO: [SYN 201-201] Setting up clock 'default' with a period of 6.66ns.
Execute     config_rtl -reset all -reset_async 
Execute     csynth_design 
Execute       get_config_compile -effort 
Execute       get_config_compile -enable_clang39 
Execute       get_config_compile -g 
Execute       get_config_compile -lm 
Execute       get_config_compile -ng 
Execute       get_config_compile -opt_fp 
Execute       get_config_compile -skip_cdt 
Execute       get_config_compile -skip_syncheck 
Execute       get_config_compile -skip_transform 
Execute       config_compile -blackbox  
Execute       get_config_compile -keep_printf 
Execute       elaborate -effort=medium -skip_syncheck=0 -keep_printf=0 -lm=0 -skip_cdt=0 -skip_transform=0 -ng=0 -g=0 -opt_fp=0 -from_csynth_design=1 
Execute         get_config_schedule -relax_ii_for_timing 
INFO: [SCHED 204-61] Option 'relax_ii_for_timing' is enabled, will increase II to preserve clock frequency constraints.
Execute         get_config_schedule -suppress_dependence_error_break 
INFO: [HLS 200-10] Analyzing design file 'src/axiDataMoverReadWriteConverter/readWriteConverter.cpp' ... 
INFO-FLOW: Compiling one TU...
Execute         is_m_axi_addr64 
INFO-FLOW: Handling src/axiDataMoverReadWriteConverter/readWriteConverter.cpp as C++
Execute         get_default_platform 
Execute         is_encrypted src/axiDataMoverReadWriteConverter/readWriteConverter.cpp 
Execute         get_default_platform 
INFO-FLOW: Running: GCC PP
INFO-FLOW: Source preprocessing
Execute         clang  -fno-limit-debug-info -gcc-toolchain "/home/sameh/Xilinx/Vivado/2018.3/lnx64/tools/gcc" -hls  -fno-exceptions  -D__llvm__  -E "src/axiDataMoverReadWriteConverter/readWriteConverter.cpp"     -fno-math-errno -c -emit-llvm -O0  -mllvm -disable-llvm-optzns -fno-threadsafe-statics  -fno-use-cxa-atexit  -fno-threadsafe-statics -fno-use-cxa-atexit -D__CLANG_3_1__ -DAESL_SYN -D__SYNTHESIS__ -D__HLS_SYN__ -I "/home/sameh/Xilinx/Vivado/2018.3/common/technology/autopilot" -I "/home/sameh/Xilinx/Vivado/2018.3/common/technology/autopilot/ap_sysc" -include etc/autopilot_ssdm_op.h -D__DSP48E2__  -o "/home/sameh/Dropbox/UofT/Research/Work/Designs/debugging/memcached/hls/readWriteConverter_prj/solution1/.autopilot/db/readWriteConverter.pp.0.cpp" 
INFO-FLOW: exec /home/sameh/Xilinx/Vivado/2018.3/lnx64/tools/clang/bin/clang -fno-limit-debug-info -gcc-toolchain /home/sameh/Xilinx/Vivado/2018.3/lnx64/tools/gcc -hls -fno-exceptions -D__llvm__ -E src/axiDataMoverReadWriteConverter/readWriteConverter.cpp -fno-math-errno -c -emit-llvm -O0 -mllvm -disable-llvm-optzns -fno-threadsafe-statics -fno-use-cxa-atexit -fno-threadsafe-statics -fno-use-cxa-atexit -D__CLANG_3_1__ -DAESL_SYN -D__SYNTHESIS__ -D__HLS_SYN__ -I /home/sameh/Xilinx/Vivado/2018.3/common/technology/autopilot -I /home/sameh/Xilinx/Vivado/2018.3/common/technology/autopilot/ap_sysc -include etc/autopilot_ssdm_op.h -D__DSP48E2__ -o /home/sameh/Dropbox/UofT/Research/Work/Designs/debugging/memcached/hls/readWriteConverter_prj/solution1/.autopilot/db/readWriteConverter.pp.0.cpp
Command         clang done; 1.26 sec.
Execute         tidy_31 xilinx-xfmat-array-geometry /home/sameh/Dropbox/UofT/Research/Work/Designs/debugging/memcached/hls/readWriteConverter_prj/solution1/.autopilot/db/readWriteConverter.pp.0.cpp std=gnu++98 
INFO-FLOW: exec /home/sameh/Xilinx/Vivado/2018.3/lnx64/tools/clang-3.9-csynth/bin/tidy-3.1 -header-filter=.* -checks=-*,xilinx-xfmat-array-geometry -quiet -fix /home/sameh/Dropbox/UofT/Research/Work/Designs/debugging/memcached/hls/readWriteConverter_prj/solution1/.autopilot/db/readWriteConverter.pp.0.cpp -- -std=gnu++98 -fhls -ferror-limit=0
Command         tidy_31 done; 0.76 sec.
INFO-FLOW: Syntax Checking before pre-processing...
Execute         clang -syntaxcheck -src /home/sameh/Dropbox/UofT/Research/Work/Designs/debugging/memcached/hls/readWriteConverter_prj/solution1/.autopilot/db/readWriteConverter.pp.0.cpp  -fno-limit-debug-info -gcc-toolchain "/home/sameh/Xilinx/Vivado/2018.3/lnx64/tools/gcc" -hls    -fno-math-errno -c -emit-llvm -O0  -mllvm -disable-llvm-optzns -fno-threadsafe-statics  -fno-use-cxa-atexit  -fno-threadsafe-statics -fno-use-cxa-atexit -D__CLANG_3_1__ -DAESL_SYN -D__SYNTHESIS__ -D__HLS_SYN__ -I "/home/sameh/Xilinx/Vivado/2018.3/common/technology/autopilot" -I "/home/sameh/Xilinx/Vivado/2018.3/common/technology/autopilot/ap_sysc" -include etc/autopilot_ssdm_op.h -D__DSP48E2__  "/home/sameh/Dropbox/UofT/Research/Work/Designs/debugging/memcached/hls/readWriteConverter_prj/solution1/.autopilot/db/readWriteConverter.pp.0.cpp"  -o "/home/sameh/Dropbox/UofT/Research/Work/Designs/debugging/memcached/hls/readWriteConverter_prj/solution1/.autopilot/db/useless.bc"  
INFO-FLOW: exec /home/sameh/Xilinx/Vivado/2018.3/lnx64/tools/clang/bin/clang -fno-limit-debug-info -gcc-toolchain /home/sameh/Xilinx/Vivado/2018.3/lnx64/tools/gcc -hls -fno-math-errno -c -emit-llvm -O0 -mllvm -disable-llvm-optzns -fno-threadsafe-statics -fno-use-cxa-atexit -fno-threadsafe-statics -fno-use-cxa-atexit -D__CLANG_3_1__ -DAESL_SYN -D__SYNTHESIS__ -D__HLS_SYN__ -I /home/sameh/Xilinx/Vivado/2018.3/common/technology/autopilot -I /home/sameh/Xilinx/Vivado/2018.3/common/technology/autopilot/ap_sysc -include etc/autopilot_ssdm_op.h -D__DSP48E2__ /home/sameh/Dropbox/UofT/Research/Work/Designs/debugging/memcached/hls/readWriteConverter_prj/solution1/.autopilot/db/readWriteConverter.pp.0.cpp -o /home/sameh/Dropbox/UofT/Research/Work/Designs/debugging/memcached/hls/readWriteConverter_prj/solution1/.autopilot/db/useless.bc
Command         clang done; 1.68 sec.
INFO-FLOW: Done: GCC PP time: 3.7 seconds per iteration
Execute         list_core -type functional_unit 
Execute         tidy_31 xilinx-systemc-detector /home/sameh/Dropbox/UofT/Research/Work/Designs/debugging/memcached/hls/readWriteConverter_prj/solution1/.autopilot/db/readWriteConverter.pp.0.cpp std=gnu++98 -directive=/home/sameh/Dropbox/UofT/Research/Work/Designs/debugging/memcached/hls/readWriteConverter_prj/solution1/.autopilot/db/.systemc_flag 
INFO-FLOW: exec /home/sameh/Xilinx/Vivado/2018.3/lnx64/tools/clang-3.9-csynth/bin/tidy-3.1 -header-filter=.* -checks=-*,xilinx-systemc-detector -import-directive=/home/sameh/Dropbox/UofT/Research/Work/Designs/debugging/memcached/hls/readWriteConverter_prj/solution1/.autopilot/db/.systemc_flag -quiet -fix-errors /home/sameh/Dropbox/UofT/Research/Work/Designs/debugging/memcached/hls/readWriteConverter_prj/solution1/.autopilot/db/readWriteConverter.pp.0.cpp -- -std=gnu++98 -fhls -ferror-limit=0
Command         tidy_31 done; 0.68 sec.
INFO-FLOW: Running: tidy-3.1 CDT preprocess
Execute         tidy_31 xilinx-directive2pragma /home/sameh/Dropbox/UofT/Research/Work/Designs/debugging/memcached/hls/readWriteConverter_prj/solution1/.autopilot/db/readWriteConverter.pp.0.cpp std=gnu++98 -directive=/home/sameh/Dropbox/UofT/Research/Work/Designs/debugging/memcached/hls/readWriteConverter_prj/solution1/.autopilot/db/all.directive.json 
INFO-FLOW: exec /home/sameh/Xilinx/Vivado/2018.3/lnx64/tools/clang-3.9-csynth/bin/tidy-3.1 -header-filter=.* -checks=-*,xilinx-directive2pragma -import-directive=/home/sameh/Dropbox/UofT/Research/Work/Designs/debugging/memcached/hls/readWriteConverter_prj/solution1/.autopilot/db/all.directive.json -quiet -fix-errors /home/sameh/Dropbox/UofT/Research/Work/Designs/debugging/memcached/hls/readWriteConverter_prj/solution1/.autopilot/db/readWriteConverter.pp.0.cpp -- -std=gnu++98 -fhls -ferror-limit=0
Command         tidy_31 done; 0.67 sec.
Execute         get_config_dataflow -strict_mode 
Execute         ap_eval exec -ignorestderr /home/sameh/Xilinx/Vivado/2018.3/lnx64/tools/clang-3.9-csynth/bin/xilinx-dataflow-lawyer -export-fixes=/home/sameh/Dropbox/UofT/Research/Work/Designs/debugging/memcached/hls/readWriteConverter_prj/solution1/.autopilot/db/xilinx-dataflow-lawyer.readWriteConverter.pp.0.cpp.diag.yml /home/sameh/Dropbox/UofT/Research/Work/Designs/debugging/memcached/hls/readWriteConverter_prj/solution1/.autopilot/db/readWriteConverter.pp.0.cpp -- -std=gnu++98 -fhls -ferror-limit=0 -fstrict-dataflow > /home/sameh/Dropbox/UofT/Research/Work/Designs/debugging/memcached/hls/readWriteConverter_prj/solution1/.autopilot/db/xilinx-dataflow-lawyer.readWriteConverter.pp.0.cpp.out.log 2> /home/sameh/Dropbox/UofT/Research/Work/Designs/debugging/memcached/hls/readWriteConverter_prj/solution1/.autopilot/db/xilinx-dataflow-lawyer.readWriteConverter.pp.0.cpp.err.log 
Command         ap_eval done; 0.63 sec.
Execute         tidy_31 -errorcheck xilinx-constantarray-param,xilinx-resource-pragma-transformer,xilinx-xfmat-array-geometry /home/sameh/Dropbox/UofT/Research/Work/Designs/debugging/memcached/hls/readWriteConverter_prj/solution1/.autopilot/db/readWriteConverter.pp.0.cpp std=gnu++98 
Execute           ap_eval exec -ignorestderr /home/sameh/Xilinx/Vivado/2018.3/lnx64/tools/clang-3.9-csynth/bin/tidy-3.1 -export-fixes=/home/sameh/Dropbox/UofT/Research/Work/Designs/debugging/memcached/hls/readWriteConverter_prj/solution1/.autopilot/db/tidy-3.1.readWriteConverter.pp.0.cpp.diag.yml -header-filter=.* -checks=-*,xilinx-constantarray-param,xilinx-resource-pragma-transformer,xilinx-xfmat-array-geometry -quiet -fix-errors /home/sameh/Dropbox/UofT/Research/Work/Designs/debugging/memcached/hls/readWriteConverter_prj/solution1/.autopilot/db/readWriteConverter.pp.0.cpp -- -std=gnu++98 -fhls -ferror-limit=0 > /home/sameh/Dropbox/UofT/Research/Work/Designs/debugging/memcached/hls/readWriteConverter_prj/solution1/.autopilot/db/tidy-3.1.readWriteConverter.pp.0.cpp.out.log 2> /home/sameh/Dropbox/UofT/Research/Work/Designs/debugging/memcached/hls/readWriteConverter_prj/solution1/.autopilot/db/tidy-3.1.readWriteConverter.pp.0.cpp.err.log 
Command           ap_eval done; 0.85 sec.
Execute           ap_eval exec -ignorestderr /home/sameh/Xilinx/Vivado/2018.3/lnx64/tools/clang-3.9-csynth/bin/xilinx-legacy-rewriter /home/sameh/Dropbox/UofT/Research/Work/Designs/debugging/memcached/hls/readWriteConverter_prj/solution1/.autopilot/db/readWriteConverter.pp.0.cpp -- -std=gnu++98 -fhls -ferror-limit=0 > /home/sameh/Dropbox/UofT/Research/Work/Designs/debugging/memcached/hls/readWriteConverter_prj/solution1/.autopilot/db/xilinx-legacy-rewriter.readWriteConverter.pp.0.cpp.out.log 2> /home/sameh/Dropbox/UofT/Research/Work/Designs/debugging/memcached/hls/readWriteConverter_prj/solution1/.autopilot/db/xilinx-legacy-rewriter.readWriteConverter.pp.0.cpp.err.log 
Command           ap_eval done; 0.85 sec.
Command         tidy_31 done; 1.7 sec.
INFO-FLOW: Done: tidy-3.1 CDT preprocess time: 3 seconds per iteration
INFO-FLOW: Pragma Handling...
WARNING: [HLS 200-41] Resource core 'AXIS' on port '&memWrCmd' is deprecated. Please use the interface directive to specify the AXI interface.
WARNING: [HLS 200-41] Resource core 'AXIS' on port '&memWrData' is deprecated. Please use the interface directive to specify the AXI interface.
WARNING: [HLS 200-41] Resource core 'AXIS' on port '&dmWrCmd' is deprecated. Please use the interface directive to specify the AXI interface.
WARNING: [HLS 200-41] Resource core 'AXIS' on port '&dmWrData' is deprecated. Please use the interface directive to specify the AXI interface.
WARNING: [HLS 200-41] Resource core 'AXIS' on port '&dmWrStatus' is deprecated. Please use the interface directive to specify the AXI interface.
WARNING: [HLS 200-41] Resource core 'AXIS' on port '&dmRdStatus' is deprecated. Please use the interface directive to specify the AXI interface.
WARNING: [HLS 200-41] Resource core 'AXIS' on port '&memRdData' is deprecated. Please use the interface directive to specify the AXI interface.
WARNING: [HLS 200-41] Resource core 'AXIS' on port '&dmRdCmd' is deprecated. Please use the interface directive to specify the AXI interface.
WARNING: [HLS 200-41] Resource core 'AXIS' on port '&dmRdData' is deprecated. Please use the interface directive to specify the AXI interface.
WARNING: [HLS 200-41] Resource core 'AXIS' on port '&memRdCmd' is deprecated. Please use the interface directive to specify the AXI interface.
Execute         tidy_31 xilinx-ssdm-intrinsics-arguments /home/sameh/Dropbox/UofT/Research/Work/Designs/debugging/memcached/hls/readWriteConverter_prj/solution1/.autopilot/db/readWriteConverter.pragma.1.cpp std=gnu++98 
INFO-FLOW: exec /home/sameh/Xilinx/Vivado/2018.3/lnx64/tools/clang-3.9-csynth/bin/tidy-3.1 -header-filter=.* -checks=-*,xilinx-ssdm-intrinsics-arguments -quiet -fix-errors /home/sameh/Dropbox/UofT/Research/Work/Designs/debugging/memcached/hls/readWriteConverter_prj/solution1/.autopilot/db/readWriteConverter.pragma.1.cpp -- -std=gnu++98 -fhls -ferror-limit=0
Command         tidy_31 done; 0.92 sec.
Execute         get_default_platform 
INFO-FLOW: Processing labels
Execute         clang -src /home/sameh/Dropbox/UofT/Research/Work/Designs/debugging/memcached/hls/readWriteConverter_prj/solution1/.autopilot/db/readWriteConverter.pragma.2.cpp  -fno-limit-debug-info -gcc-toolchain /home/sameh/Xilinx/Vivado/2018.3/lnx64/tools/gcc -hls -hls-analyze-label -hls-analyze-pragma -fno-exceptions  -D__llvm__  -w  "/home/sameh/Dropbox/UofT/Research/Work/Designs/debugging/memcached/hls/readWriteConverter_prj/solution1/.autopilot/db/readWriteConverter.pragma.2.cpp"    -fno-math-errno -c -emit-llvm -O0  -mllvm -disable-llvm-optzns -fno-threadsafe-statics  -fno-use-cxa-atexit -DAESL_SYN -D__SYNTHESIS__ -D__HLS_SYN__ -I "/home/sameh/Xilinx/Vivado/2018.3/common/technology/autopilot" -I "/home/sameh/Xilinx/Vivado/2018.3/common/technology/autopilot/ap_sysc" -include etc/autopilot_ssdm_op.h -D__DSP48E2__ -g -o "/home/sameh/Dropbox/UofT/Research/Work/Designs/debugging/memcached/hls/readWriteConverter_prj/solution1/.autopilot/db/readWriteConverter.bc" 
INFO-FLOW: exec /home/sameh/Xilinx/Vivado/2018.3/lnx64/tools/clang/bin/clang -fno-limit-debug-info -gcc-toolchain /home/sameh/Xilinx/Vivado/2018.3/lnx64/tools/gcc -hls -hls-analyze-label -hls-analyze-pragma -fno-exceptions -D__llvm__ -w /home/sameh/Dropbox/UofT/Research/Work/Designs/debugging/memcached/hls/readWriteConverter_prj/solution1/.autopilot/db/readWriteConverter.pragma.2.cpp -fno-math-errno -c -emit-llvm -O0 -mllvm -disable-llvm-optzns -fno-threadsafe-statics -fno-use-cxa-atexit -DAESL_SYN -D__SYNTHESIS__ -D__HLS_SYN__ -I /home/sameh/Xilinx/Vivado/2018.3/common/technology/autopilot -I /home/sameh/Xilinx/Vivado/2018.3/common/technology/autopilot/ap_sysc -include etc/autopilot_ssdm_op.h -D__DSP48E2__ -g -o /home/sameh/Dropbox/UofT/Research/Work/Designs/debugging/memcached/hls/readWriteConverter_prj/solution1/.autopilot/db/readWriteConverter.bc
Command         clang done; 1.74 sec.
INFO-FLOW: Linking Debug ...
Execute         llvm-ld /home/sameh/Dropbox/UofT/Research/Work/Designs/debugging/memcached/hls/readWriteConverter_prj/solution1/.autopilot/db/readWriteConverter.g.bc -hls-opt -except-internalize readWriteConverter -L/home/sameh/Xilinx/Vivado/2018.3/lnx64/lib -lhlsm -lhlsmc++ -o /home/sameh/Dropbox/UofT/Research/Work/Designs/debugging/memcached/hls/readWriteConverter_prj/solution1/.autopilot/db/a.g 
Command         llvm-ld done; 0.68 sec.
INFO: [HLS 200-111] Finished Linking Time (s): cpu = 00:00:11 ; elapsed = 00:00:11 . Memory (MB): peak = 438.008 ; gain = 0.145 ; free physical = 59420 ; free virtual = 176980
INFO: [HLS 200-111] Finished Checking Pragmas Time (s): cpu = 00:00:11 ; elapsed = 00:00:11 . Memory (MB): peak = 438.008 ; gain = 0.145 ; free physical = 59420 ; free virtual = 176980
Execute         get_config_sdx -target 
Execute         opt_and_import_c a -opt_level=2 -skip_syncheck=0 -ng=0 -keep_printf=0 
Execute           cleanup_all_models 
INFO: [HLS 200-10] Starting code transformations ...
Execute           transform -promote-dbg-pointer /home/sameh/Dropbox/UofT/Research/Work/Designs/debugging/memcached/hls/readWriteConverter_prj/solution1/.autopilot/db/a.pp.bc -o /home/sameh/Dropbox/UofT/Research/Work/Designs/debugging/memcached/hls/readWriteConverter_prj/solution1/.autopilot/db/a.pp.0.bc -f 
Execute           llvm-ld /home/sameh/Dropbox/UofT/Research/Work/Designs/debugging/memcached/hls/readWriteConverter_prj/solution1/.autopilot/db/a.pp.0.bc -disable-opt -L/home/sameh/Xilinx/Vivado/2018.3/lnx64/lib -lfloatconversion -o /home/sameh/Dropbox/UofT/Research/Work/Designs/debugging/memcached/hls/readWriteConverter_prj/solution1/.autopilot/db/a.g.0 
Command           llvm-ld done; 0.69 sec.
INFO-FLOW: Running Standard Transforms...
Execute           transform -hls -share-std-xform -demangle-name -inline-byval-memcpy -always-inline -promote-dbg-pointer -interface-preproc -mem2reg -lower-blackbox -scalarrepl -mem2reg -keep-read-access -instcombine -dce -promote-dbg-pointer -bitop-raise -loop-simplify -indvarspre -indvars -loop-simplify -xunroll -constprop -instcombine -simplifycfg -indvars -simplifycfg -dce -globaldce -basicaa -simplifycfg -mem2reg -globalopt -global-constprop -deadargelim -instcombine -simplifycfg -prune-eh -simplifycfg -scalarrepl -instcombine -reassociate -licm -simplifycfg -loop-simplify -indvars -instcombine -simplifycfg -mem2reg -loop-simplify -indvars -instcombine -gvn -gvn -instcombine -adce -break-crit-edges -simplifycfg -loop-delete -global-array-opt -dce -dse -adce -find-syn-modules -top readWriteConverter -deadargelim -mem2reg -instcombine -dce -presyn-prepare -auto-rom-infer -interface-preproc -syn-check -check-rec-only -find-region -simplifycfg -func-extr -function-inline -globaldce -mem2reg -instcombine -dce -gvn -globaldce -adce -adse -constprop -instcombine -bit-constprop -instcombine -dce -simplifycfg -bitop-raise -simplifycfg -dce -loop-delete -reassociate -globalopt -global-privatize -mem2reg -dce -global-constprop -pointer-simplify -constprop -dce -func-inst -deadargelim -auto-shift-reg-idiom -promote-dbg-pointer -norm-name /home/sameh/Dropbox/UofT/Research/Work/Designs/debugging/memcached/hls/readWriteConverter_prj/solution1/.autopilot/db/a.g.0.bc -o /home/sameh/Dropbox/UofT/Research/Work/Designs/debugging/memcached/hls/readWriteConverter_prj/solution1/.autopilot/db/a.g.1.bc -f -phase std-opt 
Command           transform done; 0.13 sec.
INFO: [HLS 200-111] Finished Standard Transforms Time (s): cpu = 00:00:12 ; elapsed = 00:00:12 . Memory (MB): peak = 438.398 ; gain = 0.535 ; free physical = 59404 ; free virtual = 176967
INFO: [HLS 200-10] Checking synthesizability ...
INFO-FLOW: Checking Synthesizability 1/2..
Execute           transform -hls -syn-check -check-rec-only -disaggr -scalarrepl -norm-name -dce -mem2reg -instcombine -function-uniquify -directive-preproc -mem2reg -dse -dce -auto-rom-infer -dce -pag -array-normalize -instcombine -dce -warn-fifo-pointer -array-seg-normalize -instcombine -dce -array-flatten -instcombine -dce -array-burst -dce -deadargelim -promote-global-argument -simplifycfg -mem2reg -globaldce -resolve-double-ptr -dce -deadargelim -dce -instcombine -function-inline -globaldce -dce -doublePtrSimplify -doublePtrElim -dce -doublePtrSimplify -promote-dbg-pointer -dce -scalarrepl -dse -adse -instcombine -ptrLegalization -simplifycfg -dce -instcombine -pointer-simplify -ptrArgReplace -dce -instcombine -disaggr -scalarrepl -norm-name -dce -mem2reg -instcombine -ptrLegalization -simplifycfg -deadargelim -instcombine -dce -inst-simplify -function-uniquify -directive-preproc -mem2reg -dse -dce -globaldce -check-dspbuiltin /home/sameh/Dropbox/UofT/Research/Work/Designs/debugging/memcached/hls/readWriteConverter_prj/solution1/.autopilot/db/a.g.1.bc -o /home/sameh/Dropbox/UofT/Research/Work/Designs/debugging/memcached/hls/readWriteConverter_prj/solution1/.autopilot/db/a.g.2.prechk.bc -f 
Command           transform done; 0.14 sec.
INFO-FLOW: Checking Synthesizability 2/2..
Execute           transform -syn-check /home/sameh/Dropbox/UofT/Research/Work/Designs/debugging/memcached/hls/readWriteConverter_prj/solution1/.autopilot/db/a.g.2.prechk.bc -o /home/sameh/Dropbox/UofT/Research/Work/Designs/debugging/memcached/hls/readWriteConverter_prj/solution1/.autopilot/db/a.g.2.bc -f -phase syn-check 
INFO: [HLS 200-111] Finished Checking Synthesizability Time (s): cpu = 00:00:12 ; elapsed = 00:00:12 . Memory (MB): peak = 566.340 ; gain = 128.477 ; free physical = 59394 ; free virtual = 176958
INFO-FLOW: Compiler optimizing ...
INFO-FLOW: Share syncheck's 1.bc for syn flow: copy /home/sameh/Dropbox/UofT/Research/Work/Designs/debugging/memcached/hls/readWriteConverter_prj/solution1/.autopilot/db/a.g.1.bc to /home/sameh/Dropbox/UofT/Research/Work/Designs/debugging/memcached/hls/readWriteConverter_prj/solution1/.autopilot/db/a.o.1.bc
INFO-FLOW: Presyn 1...
Execute           transform -hls -tmp /home/sameh/Dropbox/UofT/Research/Work/Designs/debugging/memcached/hls/readWriteConverter_prj/solution1/.autopilot/db -interface-port-rename -type-info -function-uniquify -directive-preproc -mem2reg -dse -dce -disaggr -scalarrepl -norm-name -deadargelim -mem2reg -instcombine -dce -simplifycfg -auto-rom-infer -dce -function-uniquify -resource-proc -simplifycfg -mem2reg -globaldce -resolve-double-ptr -dce -deadargelim -dce -instcombine -clib-intrinsic-prepare -dce -func-buffer -dce -pag -array-normalize -func-legal -instcombine -gvn -constprop -dce -ptrArgReplace -mem2reg -instcombine -dce -array-seg-normalize -deadargelim -instcombine -dce -pointer-simplify -dce -port-alignment -dce -interface-preproc -data-pack -instcombine -dce -basicaa -aggr-aa -aggrmodref-aa -aggr-aa -gvn -gvn -basicaa -aggr-aa -aggrmodref-aa -aggr-aa -dse -adse -adce -loop-simplify -indvars -instcombine -gvn -loop-simplify -mem2reg -dce -find-region -instcombine -auto-loop-pipeline -inst-simplify -interface-preproc -cfgopt -instcombine -indvars -auto-loop-unroll -loop-simplify -loop-bound -xunroll -constprop -instcombine -simplifycfg -indvars -simplifycfg -dce -globaldce -clean-region -attach-range -gvn -inst-simplify -constprop -simplifycfg -dce -pointer-simplify -dce -globalopt -constprop -dce -array-promote -constprop -instcombine -dce -ptrArgReplace -mem2reg -instcombine -simplifycfg -dce -auto-par -instcombine -dce -array-transform-check -array-reshape -instcombine -simplifycfg -dce -ptrArgReplace -deadargelim -mem2reg -instcombine -simplifycfg -dce -indvars -loop-simplify -loop-bound -xunroll -constprop -instcombine -simplifycfg -indvars -simplifycfg -dce -globaldce -basicaa -aggr-aa -aggrmodref-aa -aggr-aa -dse -duplicate-dataflow-processes -globaldce -instcombine -array-partition -instcombine -simplifycfg -dce -ptrArgReplace -global-constprop -deadargelim -mem2reg -func-legal -instcombine -dce -global-constprop -deadargelim -mem2reg -instcombine -simplifycfg -dce -merge-param -deadargelim -globalopt -constprop -dce -array-promote -constprop -instcombine -dce -ptrArgReplace -mem2reg -instcombine -simplifycfg -dce -mem-intrinsic-preproc -dce -global-internalize -global-privatize -mem2reg -globaldce -promote-global-argument -ptrArgReplace -mem2reg -instcombine -dce -globalopt -mergereturn -simplify-global-access -mem2reg -dce -pointer-simplify -dce -functionattrs -basicaa -aggr-aa -aggrmodref-aa -aggr-aa -gvn -gvn -basicaa -aggr-aa -aggrmodref-aa -aggr-aa -dse -adse -adce -inst-simplify -dce -norm-name -function-inline -globaldce -func-inst -constprop -instcombine -simplifycfg -dce -func-legal -dce -loop-bound -arraycheck -bitwidthmin -on-by-dataflow -loop-delete -instcombine -simplifycfg -globaldce -dce -gvn -deadargelim -dce -loop-simplify -clean-region -simplifycfg -propagate-stable-arguments -loop-stream -instcombine -simplifycfg -dce -globaldce -duplicate-dataflow-processes -stream-intrinsic-preproc -dce -check-ap-stream -loop-simplify -eliminate-keepreads -extract-dataflow-in-loop -loop-simplify -dce -gvn -deadargelim -dse -check-dataflow-syntax -legalize-stream-variable -legalize-global -extract-subproc -dce -dead-channel-elimination -canonicalize-gep -globaldce -dce -gvn -deadargelim -annotate-dataflow-channels -scalar-propagation -deadargelim -globaldce -mem2reg -check-dataflow-channels -function-stream -dce -globaldce -prop-fifo-spec -internal-stream-gen -canonicalize-gep -globaldce -dce -gvn -deadargelim -mergereturn -indvars -loop-simplify -instcombine -array-stream -array-seg-normalize -array-partition -func-legal -instcombine -simplifycfg -dce -bundle-memfifo-ops -deadargelim -function-uniquify -directive-preproc -mem2reg -dse -dce -group-axi-access -licm -simplifycfg -dce -loop-delete -norm-name /home/sameh/Dropbox/UofT/Research/Work/Designs/debugging/memcached/hls/readWriteConverter_prj/solution1/.autopilot/db/a.o.1.bc -o /home/sameh/Dropbox/UofT/Research/Work/Designs/debugging/memcached/hls/readWriteConverter_prj/solution1/.autopilot/db/a.o.1.tmp.bc -f 
INFO: [XFORM 203-1101] Packing variable 'memWrCmd.V' (src/axiDataMoverReadWriteConverter/readWriteConverter.cpp:31) into a 40-bit variable.
INFO: [XFORM 203-1101] Packing variable 'dmWrCmd.V' (src/axiDataMoverReadWriteConverter/readWriteConverter.cpp:32) into a 72-bit variable.
INFO: [XFORM 203-1101] Packing variable 'dmWrData.V' (src/axiDataMoverReadWriteConverter/readWriteConverter.cpp:32) into a 577-bit variable.
INFO: [XFORM 203-1101] Packing variable 'memRdCmd.V' (src/axiDataMoverReadWriteConverter/readWriteConverter.cpp:33) into a 40-bit variable.
INFO: [XFORM 203-1101] Packing variable 'dmRdCmd.V' (src/axiDataMoverReadWriteConverter/readWriteConverter.cpp:33) into a 72-bit variable.
INFO: [XFORM 203-1101] Packing variable 'dmRdData.V' (src/axiDataMoverReadWriteConverter/readWriteConverter.cpp:34) into a 577-bit variable.
Command           transform done; 0.31 sec.
INFO-FLOW: Presyn 2...
Execute           transform -hls -keep-callgraph -scalarrepl -mem2reg -port-alignment -attach-range -dce -pipe-mux-gen -indvars -loop-bound -inst-simplify -instcombine -dce -merge-array-access -mem2reg -dce -clean-region -mergereturn -if-conv -instcombine -dce -constprop -basicaa -aggr-aa -aggrmodref-aa -aggr-aa -gvn -gvn -basicaa -aggr-aa -aggrmodref-aa -aggr-aa -dse -adse -adce -scalarrepl -mem2reg -global-constprop -deadargelim -deadargelim -instcombine -dce -simplifycfg -ptrArgReplace -mem2reg -function-inline -globaldce -mem2reg -instcombine -dce -expr-balance -instcombine -dce -bitwidthmin -interface-preproc -directive-preproc -inst-rectify -instcombine -dce -functionattrs -constprop -instcombine -bit-constprop -simplify-global-access -globalopt -globaldce -inst-simplify -instcombine -elimdeaddata -dce -loop-delete -simplifycfg -loop-simplify -auto-burst -norm-name /home/sameh/Dropbox/UofT/Research/Work/Designs/debugging/memcached/hls/readWriteConverter_prj/solution1/.autopilot/db/a.o.1.tmp.bc -o /home/sameh/Dropbox/UofT/Research/Work/Designs/debugging/memcached/hls/readWriteConverter_prj/solution1/.autopilot/db/a.o.2.bc -f -phase presyn 
Command           transform done; 0.16 sec.
INFO: [HLS 200-111] Finished Pre-synthesis Time (s): cpu = 00:00:13 ; elapsed = 00:00:13 . Memory (MB): peak = 566.340 ; gain = 128.477 ; free physical = 59364 ; free virtual = 176929
INFO-FLOW: Building ssdm...
Execute           transform -hls -function-uniquify -auto-function-inline -globaldce -ptrArgReplace -mem2reg -instcombine -dce -reset-lda -loop-simplify -indvars -licm -loop-dep -loop-bound -licm -loop-simplify -flattenloopnest -array-flatten -gvn -instcombine -dce -array-map -dce -func-legal -gvn -adce -instcombine -cfgopt -simplifycfg -loop-simplify -array-burst -promote-global-argument -dce -axi4-lower -array-seg-normalize -basicaa -aggrmodref-aa -globalsmodref-aa -aggr-aa -gvn -gvn -basicaa -aggrmodref-aa -globalsmodref-aa -aggr-aa -dse -adse -adce -licm -inst-simplify -dce -globaldce -instcombine -array-stream -eliminate-keepreads -instcombine -dce -deadargelim -doublePtrSimplify -doublePtrElim -dce -doublePtrSimplify -promote-dbg-pointer -dce -scalarrepl -mem2reg -disaggr -norm-name -mem2reg -instcombine -dse -adse -adce -ptrLegalization -dce -auto-rom-infer -array-flatten -dce -instcombine -check-doubleptr -loop-rot -constprop -cfgopt -simplifycfg -loop-simplify -indvars -pointer-simplify -dce -loop-bound -loop-simplify -loop-preproc -constprop -global-constprop -gvn -mem2reg -instcombine -dce -loop-bound -loop-merge -dce -bitwidthmin -deadargelim -dce -canonicalize-dataflow -dce -scalar-propagation -deadargelim -globaldce -mem2reg -read-loop-dep -interface-preproc -directive-preproc -interface-gen -bram-byte-enable -deadargelim -inst-simplify -dce -gvn -mem2reg -instcombine -dce -adse -loop-bound -instcombine -cfgopt -simplifycfg -loop-simplify -clean-region -io-protocol -find-region -mem2reg -bitop-raise -inst-simplify -inst-rectify -instcombine -adce -deadargelim -loop-simplify -phi-opt -bitop-raise -cfgopt -simplifycfg -strip-dead-prototypes -interface-lower -bitop-lower -intrinsic-lower -auto-function-inline -basicaa -aggrmodref-aa -globalsmodref-aa -aggr-aa -inst-simplify -simplifycfg -loop-simplify -mergereturn -inst-simplify -inst-rectify -dce -load-elim -bitop-lower -loop-rewind -pointer-simplify -dce -cfgopt -dce -bitwidth -loop-bound -loop-dep -read-loop-dep -dce -check-stream -norm-name -legalize -validate-dataflow -inst-clarity -cdfg-build /home/sameh/Dropbox/UofT/Research/Work/Designs/debugging/memcached/hls/readWriteConverter_prj/solution1/.autopilot/db/a.o.2.bc -o /home/sameh/Dropbox/UofT/Research/Work/Designs/debugging/memcached/hls/readWriteConverter_prj/solution1/.autopilot/db/a.o.3.bc -f -phase build-ssdm 
Command           transform done; 0.26 sec.
INFO: [HLS 200-111] Finished Architecture Synthesis Time (s): cpu = 00:00:13 ; elapsed = 00:00:13 . Memory (MB): peak = 566.340 ; gain = 128.477 ; free physical = 59362 ; free virtual = 176927
INFO-FLOW: Finish building internal data model.
Command         opt_and_import_c done; 1.78 sec.
Command       elaborate done; 12.81 sec.
Execute       autosyn -from_csynth_design=1 
INFO: [HLS 200-10] Starting hardware synthesis ...
INFO-FLOW: Synthesizing C/C++ design ...
INFO: [HLS 200-10] Synthesizing 'readWriteConverter' ...
Execute         ap_set_top_model readWriteConverter 
Execute         get_model_list readWriteConverter -filter all-wo-channel -topdown 
Execute         preproc_iomode -model readWriteConverter 
Execute         get_model_list readWriteConverter -filter all-wo-channel 
INFO-FLOW: Model list for configure: readWriteConverter
INFO-FLOW: Configuring Module : readWriteConverter ...
Execute         set_default_model readWriteConverter 
Execute         apply_spec_resource_limit readWriteConverter 
INFO-FLOW: Model list for preprocess: readWriteConverter
INFO-FLOW: Preprocessing Module: readWriteConverter ...
Execute         set_default_model readWriteConverter 
Execute         cdfg_preprocess -model readWriteConverter 
Execute         rtl_gen_preprocess readWriteConverter 
INFO-FLOW: Model list for synthesis: readWriteConverter
INFO: [HLS 200-10] ----------------------------------------------------------------
INFO: [HLS 200-42] -- Implementing module 'readWriteConverter' 
INFO: [HLS 200-10] ----------------------------------------------------------------
Execute         set_default_model readWriteConverter 
Execute         schedule -model readWriteConverter 
INFO: [SCHED 204-11] Starting scheduling ...
INFO: [SCHED 204-61] Pipelining function 'readWriteConverter'.
WARNING: [SCHED 204-68] The II Violation in module 'readWriteConverter': Unable to enforce a carried dependence constraint (II = 1, distance = 1, offset = 1)
   between fifo write on port 'memReadCmd_V_address' (src/axiDataMoverReadWriteConverter/readWriteConverter.cpp:175) and fifo request on port 'memReadCmd_V_address' (src/axiDataMoverReadWriteConverter/readWriteConverter.cpp:121).
INFO: [SCHED 204-61] Pipelining result : Target II = 1, Final II = 2, Depth = 2.
INFO: [SCHED 204-11] Finished scheduling.
INFO: [HLS 200-111]  Elapsed time: 13.29 seconds; current allocated memory: 96.090 MB.
Execute         report -o /home/sameh/Dropbox/UofT/Research/Work/Designs/debugging/memcached/hls/readWriteConverter_prj/solution1/.autopilot/db/readWriteConverter.verbose.sched.rpt -verbose -f 
Execute         db_write -o /home/sameh/Dropbox/UofT/Research/Work/Designs/debugging/memcached/hls/readWriteConverter_prj/solution1/.autopilot/db/readWriteConverter.sched.adb -f 
INFO-FLOW: Finish scheduling readWriteConverter.
Execute         set_default_model readWriteConverter 
Execute         bind -model readWriteConverter 
BIND OPTION: fu_weight=[ 0.0 -- 1.0 ]
BIND OPTION: model=readWriteConverter
BIND OPTION: reg_weight=[ 0.0 -- 1.0 ]
INFO: [BIND 205-100] Starting micro-architecture generation ...
INFO: [BIND 205-101] Performing variable lifetime analysis.
INFO: [BIND 205-101] Exploring resource sharing.
INFO: [BIND 205-101] Binding ...
INFO: [BIND 205-100] Finished micro-architecture generation.
INFO: [HLS 200-111]  Elapsed time: 0.06 seconds; current allocated memory: 97.018 MB.
Execute         report -o /home/sameh/Dropbox/UofT/Research/Work/Designs/debugging/memcached/hls/readWriteConverter_prj/solution1/.autopilot/db/readWriteConverter.verbose.bind.rpt -verbose -f 
Execute         db_write -o /home/sameh/Dropbox/UofT/Research/Work/Designs/debugging/memcached/hls/readWriteConverter_prj/solution1/.autopilot/db/readWriteConverter.bind.adb -f 
INFO-FLOW: Finish binding readWriteConverter.
Execute         get_model_list readWriteConverter -filter all-wo-channel 
INFO-FLOW: Preprocessing for RTLGen ...
Execute         rtl_gen_preprocess readWriteConverter 
INFO-FLOW: Model list for RTL generation: readWriteConverter
INFO: [HLS 200-10] ----------------------------------------------------------------
INFO: [HLS 200-10] -- Generating RTL for module 'readWriteConverter' 
INFO: [HLS 200-10] ----------------------------------------------------------------
Execute         get_config_rtl -prefix 
Execute         get_config_rtl -auto_prefix 
Execute         create_rtl_model readWriteConverter -vendor xilinx -mg_file /home/sameh/Dropbox/UofT/Research/Work/Designs/debugging/memcached/hls/readWriteConverter_prj/solution1/.autopilot/db/readWriteConverter.compgen.tcl 
INFO: [RTGEN 206-500] Setting interface mode on port 'readWriteConverter/memWrCmd_V' to 'ap_fifo'.
INFO: [RTGEN 206-500] Setting interface mode on port 'readWriteConverter/memWrData_V_V' to 'ap_fifo'.
INFO: [RTGEN 206-500] Setting interface mode on port 'readWriteConverter/dmWrCmd_V' to 'ap_fifo'.
INFO: [RTGEN 206-500] Setting interface mode on port 'readWriteConverter/dmWrData_V' to 'ap_fifo'.
INFO: [RTGEN 206-500] Setting interface mode on port 'readWriteConverter/dmWrStatus_V_V' to 'ap_fifo'.
INFO: [RTGEN 206-500] Setting interface mode on port 'readWriteConverter/memRdCmd_V' to 'ap_fifo'.
INFO: [RTGEN 206-500] Setting interface mode on port 'readWriteConverter/memRdData_V_V' to 'ap_fifo'.
INFO: [RTGEN 206-500] Setting interface mode on port 'readWriteConverter/dmRdCmd_V' to 'ap_fifo'.
INFO: [RTGEN 206-500] Setting interface mode on port 'readWriteConverter/dmRdData_V' to 'ap_fifo'.
INFO: [RTGEN 206-500] Setting interface mode on port 'readWriteConverter/dmRdStatus_V_V' to 'ap_fifo'.
INFO: [RTGEN 206-500] Setting interface mode on port 'readWriteConverter/dmRdAddrPosted_V' to 'ap_none'.
INFO: [RTGEN 206-500] Setting interface mode on port 'readWriteConverter/dmWrAddrPosted_V' to 'ap_none'.
INFO: [RTGEN 206-500] Setting interface mode on function 'readWriteConverter' to 'ap_ctrl_none'.
WARNING: [RTGEN 206-101] Port 'readWriteConverter/dmWrAddrPosted_V' has no fanin or fanout and is left dangling.
               Please use C simulation to confirm this function argument can be read from or written to.
INFO: [RTGEN 206-100] Finished creating RTL model for 'readWriteConverter'.
INFO: [HLS 200-111]  Elapsed time: 0.1 seconds; current allocated memory: 98.113 MB.
Execute         source /home/sameh/Dropbox/UofT/Research/Work/Designs/debugging/memcached/hls/readWriteConverter_prj/solution1/.autopilot/db/readWriteConverter.rtl_wrap.cfg.tcl 
Execute         gen_rtl readWriteConverter -istop -style xilinx -tracefl mytrace -tracefmt vcd -traceopt all -f -lang sc -o /home/sameh/Dropbox/UofT/Research/Work/Designs/debugging/memcached/hls/readWriteConverter_prj/solution1/syn/systemc/readWriteConverter -synmodules readWriteConverter 
Execute         gen_rtl readWriteConverter -istop -style xilinx -f -lang vhdl -o /home/sameh/Dropbox/UofT/Research/Work/Designs/debugging/memcached/hls/readWriteConverter_prj/solution1/syn/vhdl/readWriteConverter 
Execute         gen_rtl readWriteConverter -istop -style xilinx -f -lang vlog -o /home/sameh/Dropbox/UofT/Research/Work/Designs/debugging/memcached/hls/readWriteConverter_prj/solution1/syn/verilog/readWriteConverter 
Execute         export_constraint_db -o /home/sameh/Dropbox/UofT/Research/Work/Designs/debugging/memcached/hls/readWriteConverter_prj/solution1/.autopilot/db/readWriteConverter.constraint.tcl -f -tool general 
Execute         report -model readWriteConverter -o /home/sameh/Dropbox/UofT/Research/Work/Designs/debugging/memcached/hls/readWriteConverter_prj/solution1/.autopilot/db/readWriteConverter.design.xml -verbose -f -dv 
Execute         report -model readWriteConverter -o /home/sameh/Dropbox/UofT/Research/Work/Designs/debugging/memcached/hls/readWriteConverter_prj/solution1/.autopilot/db/readWriteConverter.sdaccel.xml -verbose -f -sdaccel 
Execute         gen_tb_info readWriteConverter -o /home/sameh/Dropbox/UofT/Research/Work/Designs/debugging/memcached/hls/readWriteConverter_prj/solution1/.autopilot/db/readWriteConverter -p /home/sameh/Dropbox/UofT/Research/Work/Designs/debugging/memcached/hls/readWriteConverter_prj/solution1/.autopilot/db 
Execute         report -model readWriteConverter -o /home/sameh/Dropbox/UofT/Research/Work/Designs/debugging/memcached/hls/readWriteConverter_prj/solution1/syn/report/readWriteConverter_csynth.rpt -f 
Execute         report -model readWriteConverter -o /home/sameh/Dropbox/UofT/Research/Work/Designs/debugging/memcached/hls/readWriteConverter_prj/solution1/syn/report/readWriteConverter_csynth.xml -f -x 
Execute         report -model readWriteConverter -o /home/sameh/Dropbox/UofT/Research/Work/Designs/debugging/memcached/hls/readWriteConverter_prj/solution1/.autopilot/db/readWriteConverter.verbose.rpt -verbose -f 
Execute         db_write -model readWriteConverter -o /home/sameh/Dropbox/UofT/Research/Work/Designs/debugging/memcached/hls/readWriteConverter_prj/solution1/.autopilot/db/readWriteConverter.adb -f 
Execute         sc_get_clocks readWriteConverter 
Execute         get_config_export -vivado_clock 
Execute         sc_get_portdomain readWriteConverter 
INFO-FLOW: Model list for RTL component generation: readWriteConverter
INFO-FLOW: Handling components in module [readWriteConverter] ... 
Execute         source /home/sameh/Dropbox/UofT/Research/Work/Designs/debugging/memcached/hls/readWriteConverter_prj/solution1/.autopilot/db/readWriteConverter.compgen.tcl 
INFO-FLOW: Found component fifo_w1_d16_A.
INFO-FLOW: Append model fifo_w1_d16_A
INFO-FLOW: Found component fifo_w32_d16_A.
INFO-FLOW: Append model fifo_w32_d16_A
INFO-FLOW: Found component fifo_w8_d16_A.
INFO-FLOW: Append model fifo_w8_d16_A
INFO-FLOW: Found component fifo_w32_d16_A.
INFO-FLOW: Append model fifo_w32_d16_A
INFO-FLOW: Found component fifo_w8_d16_A.
INFO-FLOW: Append model fifo_w8_d16_A
INFO-FLOW: Append model readWriteConverter
INFO-FLOW: Generating RTL model list ...
INFO-FLOW: All models in this session: fifo_w1_d16_A fifo_w32_d16_A fifo_w8_d16_A fifo_w32_d16_A fifo_w8_d16_A readWriteConverter
INFO-FLOW: To file: write model fifo_w1_d16_A
INFO-FLOW: To file: write model fifo_w32_d16_A
INFO-FLOW: To file: write model fifo_w8_d16_A
INFO-FLOW: To file: write model fifo_w32_d16_A
INFO-FLOW: To file: write model fifo_w8_d16_A
INFO-FLOW: To file: write model readWriteConverter
INFO-FLOW: Finished generating RTL model list.


INFO-FLOW: RTL Generation done.
INFO-FLOW: CAS Generation done.
INFO-FLOW: CBC Generation done.
INFO-FLOW: DBG:CMD: auto_generate_csynth_design
INFO-FLOW: DBG:CMD:     auto_generate --sim-model -phase csynth_design -d /home/sameh/Dropbox/UofT/Research/Work/Designs/debugging/memcached/hls/readWriteConverter_prj/solution1
Execute         source /home/sameh/Dropbox/UofT/Research/Work/Designs/debugging/memcached/hls/readWriteConverter_prj/solution1/.autopilot/db/global.setting.tcl 
INFO-FLOW: DBG:CMD: read_platform_lib /home/sameh/Dropbox/UofT/Research/Work/Designs/debugging/memcached/hls/readWriteConverter_prj/solution1/.autopilot/db/global.setting.tcl
Execute         source /home/sameh/Xilinx/Vivado/2018.3/common/technology/generic/autopilot/common.gen 
Execute           source /home/sameh/Xilinx/Vivado/2018.3/common/technology/generic/autopilot/APCoreGen.gen 
Execute         source /home/sameh/Xilinx/Vivado/2018.3/common/technology/generic/autopilot/op.gen 
Execute         source /home/sameh/Xilinx/Vivado/2018.3/common/technology/generic/autopilot/op_simcore.gen 
Execute         source /home/sameh/Xilinx/Vivado/2018.3/common/technology/generic/autopilot/interface.gen 
Execute         source /home/sameh/Dropbox/UofT/Research/Work/Designs/debugging/memcached/hls/readWriteConverter_prj/solution1/.autopilot/db/global.setting.tcl 
Execute         source /home/sameh/Xilinx/Vivado/2018.3/common/technology/xilinx/kintexu/kintexu.gen 
Execute           source /home/sameh/Xilinx/Vivado/2018.3/common/technology/xilinx/common/virtex.gen 
Execute             source /home/sameh/Xilinx/Vivado/2018.3/common/technology/xilinx/common/xilinx.gen 
Execute               source /home/sameh/Xilinx/Vivado/2018.3/common/technology/xilinx/interface/plb46.gen 
Execute               source /home/sameh/Xilinx/Vivado/2018.3/common/technology/xilinx/interface/fsl.gen 
Execute               source /home/sameh/Xilinx/Vivado/2018.3/common/technology/xilinx/interface/axi4.gen 
Execute               source /home/sameh/Xilinx/Vivado/2018.3/common/technology/xilinx/interface/nativeAXI4.gen 
Execute                 source /home/sameh/Xilinx/Vivado/2018.3/common/technology/xilinx/interface/saxilite.gen 
Execute                 source /home/sameh/Xilinx/Vivado/2018.3/common/technology/xilinx/interface/maxi.gen 
Execute               source /home/sameh/Xilinx/Vivado/2018.3/common/technology/xilinx/scripts/xilinxcoregen.gen 
Execute               source /home/sameh/Xilinx/Vivado/2018.3/common/technology/xilinx/interface/XilEDKCoreGen.gen 
Execute               source /home/sameh/Xilinx/Vivado/2018.3/common/technology/xilinx/ip/dds_compiler.gen 
Execute               source /home/sameh/Xilinx/Vivado/2018.3/common/technology/xilinx/ip/util.gen 
Execute               source /home/sameh/Xilinx/Vivado/2018.3/common/technology/xilinx/ip/xfft.gen 
Execute               source /home/sameh/Xilinx/Vivado/2018.3/common/technology/xilinx/ip/xfir.gen 
Execute             source /home/sameh/Xilinx/Vivado/2018.3/common/technology/xilinx/common/dsp48.gen 
Execute         source /home/sameh/Xilinx/Vivado/2018.3/common/technology/xilinx/kintexu/kintexu_fpv7.gen 
Execute           source /home/sameh/Xilinx/Vivado/2018.3/common/technology/xilinx/common/xilinx_fpv6.gen 
INFO-FLOW: DBG:CMD:   using AESL_AUTOCG::g_clock_period=6.660 (was NA)
INFO-FLOW: DBG:CMD:       generate_ip_cores sim=1 export=0 expOnly=0 dstVlogDir=syn/verilog
Execute         source /home/sameh/Dropbox/UofT/Research/Work/Designs/debugging/memcached/hls/readWriteConverter_prj/solution1/.autopilot/db/global.setting.tcl 
Execute         source /home/sameh/Dropbox/UofT/Research/Work/Designs/debugging/memcached/hls/readWriteConverter_prj/solution1/.autopilot/db/global.setting.tcl 
Execute         source /home/sameh/Dropbox/UofT/Research/Work/Designs/debugging/memcached/hls/readWriteConverter_prj/solution1/.autopilot/db/global.setting.tcl 
Execute         source /home/sameh/Dropbox/UofT/Research/Work/Designs/debugging/memcached/hls/readWriteConverter_prj/solution1/.autopilot/db/readWriteConverter.compgen.tcl 
INFO: [RTMG 210-285] Implementing FIFO 'aggregateMemCmdType_s_0_U(fifo_w1_d16_A)' using Shift Registers.
INFO: [RTMG 210-285] Implementing FIFO 'memWriteCmd_V_addres_U(fifo_w32_d16_A)' using Shift Registers.
INFO: [RTMG 210-285] Implementing FIFO 'memWriteCmd_V_count_s_U(fifo_w8_d16_A)' using Shift Registers.
INFO: [RTMG 210-285] Implementing FIFO 'memReadCmd_V_address_U(fifo_w32_d16_A)' using Shift Registers.
INFO: [RTMG 210-285] Implementing FIFO 'memReadCmd_V_count_V_U(fifo_w8_d16_A)' using Shift Registers.
INFO-FLOW: DBG:CMD:     auto_generate -export -impltomg_flag -rtl both -tool Vivado -pcore_version 1.00.a -phase csynth_design -d /home/sameh/Dropbox/UofT/Research/Work/Designs/debugging/memcached/hls/readWriteConverter_prj/solution1
Execute         source /home/sameh/Dropbox/UofT/Research/Work/Designs/debugging/memcached/hls/readWriteConverter_prj/solution1/.autopilot/db/global.setting.tcl 
INFO-FLOW: DBG:CMD: read_platform_lib /home/sameh/Dropbox/UofT/Research/Work/Designs/debugging/memcached/hls/readWriteConverter_prj/solution1/.autopilot/db/global.setting.tcl
Execute         source /home/sameh/Xilinx/Vivado/2018.3/common/technology/generic/autopilot/common.gen 
Execute           source /home/sameh/Xilinx/Vivado/2018.3/common/technology/generic/autopilot/APCoreGen.gen 
Execute         source /home/sameh/Xilinx/Vivado/2018.3/common/technology/generic/autopilot/op.gen 
Execute         source /home/sameh/Xilinx/Vivado/2018.3/common/technology/generic/autopilot/op_simcore.gen 
Execute         source /home/sameh/Xilinx/Vivado/2018.3/common/technology/generic/autopilot/interface.gen 
Execute         source /home/sameh/Dropbox/UofT/Research/Work/Designs/debugging/memcached/hls/readWriteConverter_prj/solution1/.autopilot/db/global.setting.tcl 
Execute         source /home/sameh/Xilinx/Vivado/2018.3/common/technology/xilinx/kintexu/kintexu.gen 
Execute           source /home/sameh/Xilinx/Vivado/2018.3/common/technology/xilinx/common/virtex.gen 
Execute             source /home/sameh/Xilinx/Vivado/2018.3/common/technology/xilinx/common/xilinx.gen 
Execute               source /home/sameh/Xilinx/Vivado/2018.3/common/technology/xilinx/interface/plb46.gen 
Execute               source /home/sameh/Xilinx/Vivado/2018.3/common/technology/xilinx/interface/fsl.gen 
Execute               source /home/sameh/Xilinx/Vivado/2018.3/common/technology/xilinx/interface/axi4.gen 
Execute               source /home/sameh/Xilinx/Vivado/2018.3/common/technology/xilinx/interface/nativeAXI4.gen 
Execute                 source /home/sameh/Xilinx/Vivado/2018.3/common/technology/xilinx/interface/saxilite.gen 
Execute                 source /home/sameh/Xilinx/Vivado/2018.3/common/technology/xilinx/interface/maxi.gen 
Execute               source /home/sameh/Xilinx/Vivado/2018.3/common/technology/xilinx/scripts/xilinxcoregen.gen 
Execute               source /home/sameh/Xilinx/Vivado/2018.3/common/technology/xilinx/interface/XilEDKCoreGen.gen 
Execute               source /home/sameh/Xilinx/Vivado/2018.3/common/technology/xilinx/ip/dds_compiler.gen 
Execute               source /home/sameh/Xilinx/Vivado/2018.3/common/technology/xilinx/ip/util.gen 
Execute               source /home/sameh/Xilinx/Vivado/2018.3/common/technology/xilinx/ip/xfft.gen 
Execute               source /home/sameh/Xilinx/Vivado/2018.3/common/technology/xilinx/ip/xfir.gen 
Execute             source /home/sameh/Xilinx/Vivado/2018.3/common/technology/xilinx/common/dsp48.gen 
Execute         source /home/sameh/Xilinx/Vivado/2018.3/common/technology/xilinx/kintexu/kintexu_fpv7.gen 
Execute           source /home/sameh/Xilinx/Vivado/2018.3/common/technology/xilinx/common/xilinx_fpv6.gen 
INFO-FLOW: DBG:CMD:       initCTypeInfo top_module=readWriteConverter xml_exists=0
Execute         source /home/sameh/Dropbox/UofT/Research/Work/Designs/debugging/memcached/hls/readWriteConverter_prj/solution1/.autopilot/db/readWriteConverter.rtl_wrap.cfg.tcl 
Execute         source /home/sameh/Dropbox/UofT/Research/Work/Designs/debugging/memcached/hls/readWriteConverter_prj/solution1/.autopilot/db/readWriteConverter.rtl_wrap.cfg.tcl 
Execute         source /home/sameh/Dropbox/UofT/Research/Work/Designs/debugging/memcached/hls/readWriteConverter_prj/solution1/.autopilot/db/readWriteConverter.rtl_wrap.cfg.tcl 
Execute         source /home/sameh/Dropbox/UofT/Research/Work/Designs/debugging/memcached/hls/readWriteConverter_prj/solution1/.autopilot/db/readWriteConverter.tbgen.tcl 
Execute         source /home/sameh/Dropbox/UofT/Research/Work/Designs/debugging/memcached/hls/readWriteConverter_prj/solution1/.autopilot/db/readWriteConverter.tbgen.tcl 
INFO-FLOW: DBG:CMD:       export_impl_rtl
INFO-FLOW: DBG:CMD:       generate_ip_cores sim=0 export=0 expOnly=0 dstVlogDir=impl/.verilog
Execute         source /home/sameh/Dropbox/UofT/Research/Work/Designs/debugging/memcached/hls/readWriteConverter_prj/solution1/.autopilot/db/global.setting.tcl 
Execute         source /home/sameh/Dropbox/UofT/Research/Work/Designs/debugging/memcached/hls/readWriteConverter_prj/solution1/.autopilot/db/readWriteConverter.compgen.tcl 
INFO-FLOW: DBG:CMD:       generate_ip_cores sim=0 export=1 expOnly=1 dstVlogDir=impl/.pcores/verilog
Execute         source /home/sameh/Dropbox/UofT/Research/Work/Designs/debugging/memcached/hls/readWriteConverter_prj/solution1/.autopilot/db/global.setting.tcl 
Execute         source /home/sameh/Dropbox/UofT/Research/Work/Designs/debugging/memcached/hls/readWriteConverter_prj/solution1/.autopilot/db/readWriteConverter.compgen.tcl 
WARNING: [IMPL 213-402] The data fields of packed port 'dmRdCmd_V' are mapped to TDATA by default. Please use the 'port_map' option of the resource directive to specify mapping to individual AXI4-Stream ports.
INFO: [IMPL 213-200] Port 'dmRdData_V.data' is mapped to 'TDATA' by default.
INFO: [IMPL 213-200] Port 'dmRdData_V.keep' is mapped to 'TKEEP' by default.
INFO: [IMPL 213-200] Port 'dmRdData_V.last' is mapped to 'TLAST' by default.
INFO: [IMPL 213-200] Port 'dmRdStatus_V_V' is mapped to 'TDATA' by default.
WARNING: [IMPL 213-402] The data fields of packed port 'dmWrCmd_V' are mapped to TDATA by default. Please use the 'port_map' option of the resource directive to specify mapping to individual AXI4-Stream ports.
INFO: [IMPL 213-200] Port 'dmWrData_V.data' is mapped to 'TDATA' by default.
INFO: [IMPL 213-200] Port 'dmWrData_V.keep' is mapped to 'TKEEP' by default.
INFO: [IMPL 213-200] Port 'dmWrData_V.last' is mapped to 'TLAST' by default.
INFO: [IMPL 213-200] Port 'dmWrStatus_V_V' is mapped to 'TDATA' by default.
WARNING: [IMPL 213-402] The data fields of packed port 'memRdCmd_V' are mapped to TDATA by default. Please use the 'port_map' option of the resource directive to specify mapping to individual AXI4-Stream ports.
INFO: [IMPL 213-200] Port 'memRdData_V_V' is mapped to 'TDATA' by default.
WARNING: [IMPL 213-402] The data fields of packed port 'memWrCmd_V' are mapped to TDATA by default. Please use the 'port_map' option of the resource directive to specify mapping to individual AXI4-Stream ports.
INFO: [IMPL 213-200] Port 'memWrData_V_V' is mapped to 'TDATA' by default.
INFO-FLOW: DBG:CMD:       generate_ip_cores sim=0 export=0 expOnly=0 dstVlogDir=impl/.pcores/verilog_sim
Execute         source /home/sameh/Dropbox/UofT/Research/Work/Designs/debugging/memcached/hls/readWriteConverter_prj/solution1/.autopilot/db/global.setting.tcl 
Execute         source /home/sameh/Dropbox/UofT/Research/Work/Designs/debugging/memcached/hls/readWriteConverter_prj/solution1/.autopilot/db/readWriteConverter.compgen.tcl 
Execute         source /home/sameh/Dropbox/UofT/Research/Work/Designs/debugging/memcached/hls/readWriteConverter_prj/solution1/.autopilot/db/global.setting.tcl 
Execute         source /home/sameh/Dropbox/UofT/Research/Work/Designs/debugging/memcached/hls/readWriteConverter_prj/solution1/.autopilot/db/readWriteConverter.constraint.tcl 
Execute         source /home/sameh/Dropbox/UofT/Research/Work/Designs/debugging/memcached/hls/readWriteConverter_prj/solution1/.autopilot/db/readWriteConverter.tbgen.tcl 
INFO-FLOW: DBG:CMD:       PcoreAdapters type=axi4stream dmRdCmd_V
INFO-FLOW: DBG:CMD:       PcoreAdapters type=axi4stream dmRdData_V
INFO-FLOW: DBG:CMD:       PcoreAdapters type=axi4stream dmRdStatus_V_V
INFO-FLOW: DBG:CMD:       PcoreAdapters type=axi4stream dmWrCmd_V
INFO-FLOW: DBG:CMD:       PcoreAdapters type=axi4stream dmWrData_V
INFO-FLOW: DBG:CMD:       PcoreAdapters type=axi4stream dmWrStatus_V_V
INFO-FLOW: DBG:CMD:       PcoreAdapters type=axi4stream memRdCmd_V
INFO-FLOW: DBG:CMD:       PcoreAdapters type=axi4stream memRdData_V_V
INFO-FLOW: DBG:CMD:       PcoreAdapters type=axi4stream memWrCmd_V
INFO-FLOW: DBG:CMD:       PcoreAdapters type=axi4stream memWrData_V_V
INFO-FLOW: DBG:CMD:       hasPcoreIpAdapter=true #gSsdmPorts=22
INFO-FLOW: DBG:CMD:       copy-pcore-adaptors
INFO-FLOW: DBG:CMD: Skipping loadAnalyze_DB, #g_database=12
INFO-FLOW: DBG:CMD:       generate_json is_phase_csynth=1 g_has_adaptors=true generate_bd_files=1 #modelList=6 #gSsdmPorts=22
Execute         source /home/sameh/Dropbox/UofT/Research/Work/Designs/debugging/memcached/hls/readWriteConverter_prj/solution1/.autopilot/db/global.setting.tcl 
Execute         source /home/sameh/Dropbox/UofT/Research/Work/Designs/debugging/memcached/hls/readWriteConverter_prj/solution1/.autopilot/db/global.setting.tcl 
Execute         source /home/sameh/Dropbox/UofT/Research/Work/Designs/debugging/memcached/hls/readWriteConverter_prj/solution1/.autopilot/db/readWriteConverter.tbgen.tcl 
Execute         source /home/sameh/Dropbox/UofT/Research/Work/Designs/debugging/memcached/hls/readWriteConverter_prj/solution1/.autopilot/db/readWriteConverter.tbgen.tcl 
Execute         source /home/sameh/Dropbox/UofT/Research/Work/Designs/debugging/memcached/hls/readWriteConverter_prj/solution1/.autopilot/db/readWriteConverter.tbgen.tcl 
Execute         source /home/sameh/Dropbox/UofT/Research/Work/Designs/debugging/memcached/hls/readWriteConverter_prj/solution1/.autopilot/db/readWriteConverter.tbgen.tcl 
Execute         source /home/sameh/Dropbox/UofT/Research/Work/Designs/debugging/memcached/hls/readWriteConverter_prj/solution1/.autopilot/db/global.setting.tcl 
Execute         get_config_sdx -target 
Execute         get_config_export -xo 
Execute         source /home/sameh/Dropbox/UofT/Research/Work/Designs/debugging/memcached/hls/readWriteConverter_prj/solution1/.autopilot/db/global.setting.tcl 
Execute         source /home/sameh/Dropbox/UofT/Research/Work/Designs/debugging/memcached/hls/readWriteConverter_prj/solution1/.autopilot/db/readWriteConverter.constraint.tcl 
Execute         sc_get_clocks readWriteConverter 
Execute         source /home/sameh/Dropbox/UofT/Research/Work/Designs/debugging/memcached/hls/readWriteConverter_prj/solution1/.autopilot/db/global.setting.tcl 
Execute         get_config_sdx -target 
Execute         get_config_sdx -profile 
Execute         ::config_rtl 
INFO-FLOW: DBG:CMD: add_json_sdx_info kernel file does not exist: /home/sameh/Dropbox/UofT/Research/Work/Designs/debugging/memcached/hls/readWriteConverter_prj/solution1/.autopilot/db/kernel.internal.xml
Execute         source /home/sameh/Dropbox/UofT/Research/Work/Designs/debugging/memcached/hls/readWriteConverter_prj/solution1/.autopilot/db/global.setting.tcl 
Execute         get_config_sdx -target 
INFO-FLOW: DBG:CMD:       delete-temp-dirs (skipped for debug)
INFO: [HLS 200-111] Finished generating all RTL models Time (s): cpu = 00:00:14 ; elapsed = 00:00:14 . Memory (MB): peak = 566.340 ; gain = 128.477 ; free physical = 59350 ; free virtual = 176921
INFO: [SYSC 207-301] Generating SystemC RTL for readWriteConverter.
INFO: [VHDL 208-304] Generating VHDL RTL for readWriteConverter.
INFO: [VLOG 209-307] Generating Verilog RTL for readWriteConverter.
Command       autosyn done; 1.18 sec.
Execute       get_part 
Execute       get_config_export -sdx_tcl 
Command     csynth_design done; 13.99 sec.
Execute     export_design -format ip_catalog -display_name Mem. Read Write Command Converter -description Converts the memcached pipeline mem. read write commands to a format understood by the AXI data mover IP block -vendor xilinx.labs -version 1.04 
Execute       get_config_export -acc 
Execute       get_config_export -clock_margin 
Execute       get_config_export -custom_script 
Execute       get_config_export -driver_input_dir 
Execute       get_config_export -ipname 
Execute       get_config_export -kernel_drc 
Execute       get_config_export -library 
Execute       get_config_export -qor_test 
Execute       get_config_export -rtl 
Execute       get_config_export -sdaccel 
Execute       get_config_export -sim 
Execute       get_config_export -taxonomy 
Execute       get_config_export -use_ip 
Execute       get_config_export -use_netlist 
Execute       get_config_export -xo 
Execute       config_export -description=Converts the memcached pipeline mem. read write commands to a format understood by the AXI data mover IP block -display_name=Mem. Read Write Command Converter -format=ip_catalog -vendor=xilinx.labs -version=1.04 
INFO-FLOW: DBG:CMD: export_design_wrap: -format ip_catalog -vendor xilinx.labs -version 1.04 -description {Converts the memcached pipeline mem. read write commands to a format understood by the AXI data mover IP block} -display_name {Mem. Read Write Command Converter}
Execute       source /home/sameh/Dropbox/UofT/Research/Work/Designs/debugging/memcached/hls/readWriteConverter_prj/solution1/.autopilot/db/global.setting.tcl 
Execute       get_config_export -vivado_clock 
Execute       get_top 
Execute       get_config_sdx -target 
Execute       get_config_rtl -auto_prefix 
Execute       get_config_sdx -target 
INFO-FLOW: DBG:CMD:   auto_impl: pack: -export -tool vivado -sdx-target none
Execute       source /home/sameh/Dropbox/UofT/Research/Work/Designs/debugging/memcached/hls/readWriteConverter_prj/solution1/.autopilot/db/global.setting.tcl 
INFO-FLOW: DBG:CMD: read_platform_lib /home/sameh/Dropbox/UofT/Research/Work/Designs/debugging/memcached/hls/readWriteConverter_prj/solution1/.autopilot/db/global.setting.tcl
Execute       source /home/sameh/Xilinx/Vivado/2018.3/common/technology/generic/autopilot/common.gen 
Execute         source /home/sameh/Xilinx/Vivado/2018.3/common/technology/generic/autopilot/APCoreGen.gen 
Execute       source /home/sameh/Xilinx/Vivado/2018.3/common/technology/generic/autopilot/op.gen 
Execute       source /home/sameh/Xilinx/Vivado/2018.3/common/technology/generic/autopilot/op_simcore.gen 
Execute       source /home/sameh/Xilinx/Vivado/2018.3/common/technology/generic/autopilot/interface.gen 
Execute       source /home/sameh/Dropbox/UofT/Research/Work/Designs/debugging/memcached/hls/readWriteConverter_prj/solution1/.autopilot/db/global.setting.tcl 
Execute       source /home/sameh/Xilinx/Vivado/2018.3/common/technology/xilinx/kintexu/kintexu.gen 
Execute         source /home/sameh/Xilinx/Vivado/2018.3/common/technology/xilinx/common/virtex.gen 
Execute           source /home/sameh/Xilinx/Vivado/2018.3/common/technology/xilinx/common/xilinx.gen 
Execute             source /home/sameh/Xilinx/Vivado/2018.3/common/technology/xilinx/interface/plb46.gen 
Execute             source /home/sameh/Xilinx/Vivado/2018.3/common/technology/xilinx/interface/fsl.gen 
Execute             source /home/sameh/Xilinx/Vivado/2018.3/common/technology/xilinx/interface/axi4.gen 
Execute             source /home/sameh/Xilinx/Vivado/2018.3/common/technology/xilinx/interface/nativeAXI4.gen 
Execute               source /home/sameh/Xilinx/Vivado/2018.3/common/technology/xilinx/interface/saxilite.gen 
Execute               source /home/sameh/Xilinx/Vivado/2018.3/common/technology/xilinx/interface/maxi.gen 
Execute             source /home/sameh/Xilinx/Vivado/2018.3/common/technology/xilinx/scripts/xilinxcoregen.gen 
Execute             source /home/sameh/Xilinx/Vivado/2018.3/common/technology/xilinx/interface/XilEDKCoreGen.gen 
Execute             source /home/sameh/Xilinx/Vivado/2018.3/common/technology/xilinx/ip/dds_compiler.gen 
Execute             source /home/sameh/Xilinx/Vivado/2018.3/common/technology/xilinx/ip/util.gen 
Execute             source /home/sameh/Xilinx/Vivado/2018.3/common/technology/xilinx/ip/xfft.gen 
Execute             source /home/sameh/Xilinx/Vivado/2018.3/common/technology/xilinx/ip/xfir.gen 
Execute           source /home/sameh/Xilinx/Vivado/2018.3/common/technology/xilinx/common/dsp48.gen 
Execute       source /home/sameh/Xilinx/Vivado/2018.3/common/technology/xilinx/kintexu/kintexu_fpv7.gen 
Execute         source /home/sameh/Xilinx/Vivado/2018.3/common/technology/xilinx/common/xilinx_fpv6.gen 
Execute       source /home/sameh/Dropbox/UofT/Research/Work/Designs/debugging/memcached/hls/readWriteConverter_prj/solution1/.autopilot/db/global.setting.tcl 
INFO: [IMPL 213-8] Exporting RTL as a Vivado IP.
Execute       source /home/sameh/Dropbox/UofT/Research/Work/Designs/debugging/memcached/hls/readWriteConverter_prj/solution1/.autopilot/db/global.setting.tcl 
INFO-FLOW: DBG:CMD: automg_wrap -export -pcore_version 1.00.a -rtl both -sdx-target none -tool Vivado -impltomg_flag
INFO-FLOW: DBG:CMD:     auto_generate -export -pcore_version 1.00.a -rtl both -sdx-target none -tool Vivado -impltomg_flag
Execute       source /home/sameh/Dropbox/UofT/Research/Work/Designs/debugging/memcached/hls/readWriteConverter_prj/solution1/.autopilot/db/global.setting.tcl 
INFO-FLOW: DBG:CMD: read_platform_lib /home/sameh/Dropbox/UofT/Research/Work/Designs/debugging/memcached/hls/readWriteConverter_prj/solution1/.autopilot/db/global.setting.tcl
Execute       source /home/sameh/Xilinx/Vivado/2018.3/common/technology/generic/autopilot/common.gen 
Execute         source /home/sameh/Xilinx/Vivado/2018.3/common/technology/generic/autopilot/APCoreGen.gen 
Execute       source /home/sameh/Xilinx/Vivado/2018.3/common/technology/generic/autopilot/op.gen 
Execute       source /home/sameh/Xilinx/Vivado/2018.3/common/technology/generic/autopilot/op_simcore.gen 
Execute       source /home/sameh/Xilinx/Vivado/2018.3/common/technology/generic/autopilot/interface.gen 
Execute       source /home/sameh/Dropbox/UofT/Research/Work/Designs/debugging/memcached/hls/readWriteConverter_prj/solution1/.autopilot/db/global.setting.tcl 
Execute       source /home/sameh/Xilinx/Vivado/2018.3/common/technology/xilinx/kintexu/kintexu.gen 
Execute         source /home/sameh/Xilinx/Vivado/2018.3/common/technology/xilinx/common/virtex.gen 
Execute           source /home/sameh/Xilinx/Vivado/2018.3/common/technology/xilinx/common/xilinx.gen 
Execute             source /home/sameh/Xilinx/Vivado/2018.3/common/technology/xilinx/interface/plb46.gen 
Execute             source /home/sameh/Xilinx/Vivado/2018.3/common/technology/xilinx/interface/fsl.gen 
Execute             source /home/sameh/Xilinx/Vivado/2018.3/common/technology/xilinx/interface/axi4.gen 
Execute             source /home/sameh/Xilinx/Vivado/2018.3/common/technology/xilinx/interface/nativeAXI4.gen 
Execute               source /home/sameh/Xilinx/Vivado/2018.3/common/technology/xilinx/interface/saxilite.gen 
Execute               source /home/sameh/Xilinx/Vivado/2018.3/common/technology/xilinx/interface/maxi.gen 
Execute             source /home/sameh/Xilinx/Vivado/2018.3/common/technology/xilinx/scripts/xilinxcoregen.gen 
Execute             source /home/sameh/Xilinx/Vivado/2018.3/common/technology/xilinx/interface/XilEDKCoreGen.gen 
Execute             source /home/sameh/Xilinx/Vivado/2018.3/common/technology/xilinx/ip/dds_compiler.gen 
Execute             source /home/sameh/Xilinx/Vivado/2018.3/common/technology/xilinx/ip/util.gen 
Execute             source /home/sameh/Xilinx/Vivado/2018.3/common/technology/xilinx/ip/xfft.gen 
Execute             source /home/sameh/Xilinx/Vivado/2018.3/common/technology/xilinx/ip/xfir.gen 
Execute           source /home/sameh/Xilinx/Vivado/2018.3/common/technology/xilinx/common/dsp48.gen 
Execute       source /home/sameh/Xilinx/Vivado/2018.3/common/technology/xilinx/kintexu/kintexu_fpv7.gen 
Execute         source /home/sameh/Xilinx/Vivado/2018.3/common/technology/xilinx/common/xilinx_fpv6.gen 
INFO-FLOW: DBG:CMD:       export_impl_rtl
INFO-FLOW: DBG:CMD:       generate_ip_cores sim=0 export=0 expOnly=0 dstVlogDir=impl/.verilog
Execute       source /home/sameh/Dropbox/UofT/Research/Work/Designs/debugging/memcached/hls/readWriteConverter_prj/solution1/.autopilot/db/global.setting.tcl 
Execute       source /home/sameh/Dropbox/UofT/Research/Work/Designs/debugging/memcached/hls/readWriteConverter_prj/solution1/.autopilot/db/readWriteConverter.compgen.tcl 
INFO-FLOW: DBG:CMD:       generate_ip_cores sim=0 export=1 expOnly=1 dstVlogDir=impl/.pcores/verilog
Execute       source /home/sameh/Dropbox/UofT/Research/Work/Designs/debugging/memcached/hls/readWriteConverter_prj/solution1/.autopilot/db/global.setting.tcl 
Execute       source /home/sameh/Dropbox/UofT/Research/Work/Designs/debugging/memcached/hls/readWriteConverter_prj/solution1/.autopilot/db/readWriteConverter.compgen.tcl 
WARNING: [IMPL 213-402] The data fields of packed port 'dmRdCmd_V' are mapped to TDATA by default. Please use the 'port_map' option of the resource directive to specify mapping to individual AXI4-Stream ports.
INFO: [IMPL 213-200] Port 'dmRdData_V.data' is mapped to 'TDATA' by default.
INFO: [IMPL 213-200] Port 'dmRdData_V.keep' is mapped to 'TKEEP' by default.
INFO: [IMPL 213-200] Port 'dmRdData_V.last' is mapped to 'TLAST' by default.
INFO: [IMPL 213-200] Port 'dmRdStatus_V_V' is mapped to 'TDATA' by default.
WARNING: [IMPL 213-402] The data fields of packed port 'dmWrCmd_V' are mapped to TDATA by default. Please use the 'port_map' option of the resource directive to specify mapping to individual AXI4-Stream ports.
INFO: [IMPL 213-200] Port 'dmWrData_V.data' is mapped to 'TDATA' by default.
INFO: [IMPL 213-200] Port 'dmWrData_V.keep' is mapped to 'TKEEP' by default.
INFO: [IMPL 213-200] Port 'dmWrData_V.last' is mapped to 'TLAST' by default.
INFO: [IMPL 213-200] Port 'dmWrStatus_V_V' is mapped to 'TDATA' by default.
WARNING: [IMPL 213-402] The data fields of packed port 'memRdCmd_V' are mapped to TDATA by default. Please use the 'port_map' option of the resource directive to specify mapping to individual AXI4-Stream ports.
INFO: [IMPL 213-200] Port 'memRdData_V_V' is mapped to 'TDATA' by default.
WARNING: [IMPL 213-402] The data fields of packed port 'memWrCmd_V' are mapped to TDATA by default. Please use the 'port_map' option of the resource directive to specify mapping to individual AXI4-Stream ports.
INFO: [IMPL 213-200] Port 'memWrData_V_V' is mapped to 'TDATA' by default.
INFO-FLOW: DBG:CMD:       generate_ip_cores sim=0 export=0 expOnly=0 dstVlogDir=impl/.pcores/verilog_sim
Execute       source /home/sameh/Dropbox/UofT/Research/Work/Designs/debugging/memcached/hls/readWriteConverter_prj/solution1/.autopilot/db/global.setting.tcl 
Execute       source /home/sameh/Dropbox/UofT/Research/Work/Designs/debugging/memcached/hls/readWriteConverter_prj/solution1/.autopilot/db/readWriteConverter.compgen.tcl 
Execute       source /home/sameh/Dropbox/UofT/Research/Work/Designs/debugging/memcached/hls/readWriteConverter_prj/solution1/.autopilot/db/global.setting.tcl 
Execute       source /home/sameh/Dropbox/UofT/Research/Work/Designs/debugging/memcached/hls/readWriteConverter_prj/solution1/.autopilot/db/readWriteConverter.constraint.tcl 
Execute       source /home/sameh/Dropbox/UofT/Research/Work/Designs/debugging/memcached/hls/readWriteConverter_prj/solution1/.autopilot/db/readWriteConverter.tbgen.tcl 
INFO-FLOW: DBG:CMD:       PcoreAdapters type=axi4stream dmRdCmd_V
INFO-FLOW: DBG:CMD:       PcoreAdapters type=axi4stream dmRdData_V
INFO-FLOW: DBG:CMD:       PcoreAdapters type=axi4stream dmRdStatus_V_V
INFO-FLOW: DBG:CMD:       PcoreAdapters type=axi4stream dmWrCmd_V
INFO-FLOW: DBG:CMD:       PcoreAdapters type=axi4stream dmWrData_V
INFO-FLOW: DBG:CMD:       PcoreAdapters type=axi4stream dmWrStatus_V_V
INFO-FLOW: DBG:CMD:       PcoreAdapters type=axi4stream memRdCmd_V
INFO-FLOW: DBG:CMD:       PcoreAdapters type=axi4stream memRdData_V_V
INFO-FLOW: DBG:CMD:       PcoreAdapters type=axi4stream memWrCmd_V
INFO-FLOW: DBG:CMD:       PcoreAdapters type=axi4stream memWrData_V_V
INFO-FLOW: DBG:CMD:       hasPcoreIpAdapter=true #gSsdmPorts=22
INFO-FLOW: DBG:CMD: Skipping loadAnalyze_DB, #g_database=12
INFO-FLOW: DBG:CMD:       generate_json is_phase_csynth=0 g_has_adaptors=true generate_bd_files=1 #modelList=6 #gSsdmPorts=22
Execute       source /home/sameh/Dropbox/UofT/Research/Work/Designs/debugging/memcached/hls/readWriteConverter_prj/solution1/.autopilot/db/global.setting.tcl 
Execute       source /home/sameh/Dropbox/UofT/Research/Work/Designs/debugging/memcached/hls/readWriteConverter_prj/solution1/.autopilot/db/global.setting.tcl 
Execute       source /home/sameh/Dropbox/UofT/Research/Work/Designs/debugging/memcached/hls/readWriteConverter_prj/solution1/.autopilot/db/readWriteConverter.tbgen.tcl 
Execute       source /home/sameh/Dropbox/UofT/Research/Work/Designs/debugging/memcached/hls/readWriteConverter_prj/solution1/.autopilot/db/readWriteConverter.tbgen.tcl 
Execute       source /home/sameh/Dropbox/UofT/Research/Work/Designs/debugging/memcached/hls/readWriteConverter_prj/solution1/.autopilot/db/readWriteConverter.tbgen.tcl 
Execute       source /home/sameh/Dropbox/UofT/Research/Work/Designs/debugging/memcached/hls/readWriteConverter_prj/solution1/.autopilot/db/readWriteConverter.tbgen.tcl 
Execute       source /home/sameh/Dropbox/UofT/Research/Work/Designs/debugging/memcached/hls/readWriteConverter_prj/solution1/.autopilot/db/global.setting.tcl 
Execute       get_config_sdx -target 
Execute       get_config_export -xo 
Execute       source /home/sameh/Dropbox/UofT/Research/Work/Designs/debugging/memcached/hls/readWriteConverter_prj/solution1/.autopilot/db/global.setting.tcl 
Execute       source /home/sameh/Dropbox/UofT/Research/Work/Designs/debugging/memcached/hls/readWriteConverter_prj/solution1/.autopilot/db/readWriteConverter.constraint.tcl 
Execute       sc_get_clocks readWriteConverter 
Execute       source /home/sameh/Dropbox/UofT/Research/Work/Designs/debugging/memcached/hls/readWriteConverter_prj/solution1/.autopilot/db/global.setting.tcl 
Execute       get_config_sdx -target 
Execute       get_config_sdx -profile 
Execute       ::config_rtl 
INFO-FLOW: DBG:CMD: add_json_sdx_info kernel file does not exist: /home/sameh/Dropbox/UofT/Research/Work/Designs/debugging/memcached/hls/readWriteConverter_prj/solution1/.autopilot/db/kernel.internal.xml
Execute       source /home/sameh/Dropbox/UofT/Research/Work/Designs/debugging/memcached/hls/readWriteConverter_prj/solution1/.autopilot/db/global.setting.tcl 
Execute       get_config_sdx -target 
Execute       source /home/sameh/Dropbox/UofT/Research/Work/Designs/debugging/memcached/hls/readWriteConverter_prj/solution1/.autopilot/db/global.setting.tcl 
Execute       get_config_sdx -target 
INFO-FLOW: DBG:CMD:       generate_ip_auxiliary
Execute       source /home/sameh/Dropbox/UofT/Research/Work/Designs/debugging/memcached/hls/readWriteConverter_prj/solution1/.autopilot/db/global.setting.tcl 
INFO-FLOW: DBG:CMD:       prepArgInfo -> loadAnalyze_DB top_module=readWriteConverter
Execute       source /home/sameh/Dropbox/UofT/Research/Work/Designs/debugging/memcached/hls/readWriteConverter_prj/solution1/.autopilot/db/readWriteConverter.rtl_wrap.cfg.tcl 
Execute       source /home/sameh/Dropbox/UofT/Research/Work/Designs/debugging/memcached/hls/readWriteConverter_prj/solution1/.autopilot/db/readWriteConverter.rtl_wrap.cfg.tcl 
Execute       source /home/sameh/Dropbox/UofT/Research/Work/Designs/debugging/memcached/hls/readWriteConverter_prj/solution1/.autopilot/db/readWriteConverter.rtl_wrap.cfg.tcl 
Execute       source /home/sameh/Dropbox/UofT/Research/Work/Designs/debugging/memcached/hls/readWriteConverter_prj/solution1/.autopilot/db/readWriteConverter.tbgen.tcl 
Execute       source /home/sameh/Dropbox/UofT/Research/Work/Designs/debugging/memcached/hls/readWriteConverter_prj/solution1/.autopilot/db/readWriteConverter.tbgen.tcl 
Execute       source /home/sameh/Dropbox/UofT/Research/Work/Designs/debugging/memcached/hls/readWriteConverter_prj/solution1/.autopilot/db/readWriteConverter.tbgen.tcl 
INFO-FLOW: DBG:CMD:       generate_ip_bd_script
INFO-FLOW: DBG:CMD:       generate_ip_ooc_xdc
Execute       source /home/sameh/Dropbox/UofT/Research/Work/Designs/debugging/memcached/hls/readWriteConverter_prj/solution1/.autopilot/db/readWriteConverter.tbgen.tcl 
Execute       source /home/sameh/Dropbox/UofT/Research/Work/Designs/debugging/memcached/hls/readWriteConverter_prj/solution1/.autopilot/db/global.setting.tcl 
Execute       source /home/sameh/Dropbox/UofT/Research/Work/Designs/debugging/memcached/hls/readWriteConverter_prj/solution1/.autopilot/db/readWriteConverter.constraint.tcl 
INFO-FLOW: DBG:CMD:       generate_pcore_ip_script
INFO-FLOW: DBG:CMD:       generate_ipi_example_script
INFO-FLOW: DBG:CMD:       generate_syn_sh
Execute       source /home/sameh/Dropbox/UofT/Research/Work/Designs/debugging/memcached/hls/readWriteConverter_prj/solution1/.autopilot/db/global.setting.tcl 
Execute       source /home/sameh/Dropbox/UofT/Research/Work/Designs/debugging/memcached/hls/readWriteConverter_prj/solution1/.autopilot/db/global.setting.tcl 
INFO-FLOW: DBG:CMD:       generate_imp_constraints
Execute       source /home/sameh/Dropbox/UofT/Research/Work/Designs/debugging/memcached/hls/readWriteConverter_prj/solution1/.autopilot/db/readWriteConverter.constraint.tcl 
Execute       source /home/sameh/Dropbox/UofT/Research/Work/Designs/debugging/memcached/hls/readWriteConverter_prj/solution1/.autopilot/db/readWriteConverter.tbgen.tcl 
Execute       source /home/sameh/Dropbox/UofT/Research/Work/Designs/debugging/memcached/hls/readWriteConverter_prj/solution1/.autopilot/db/readWriteConverter.constraint.tcl 
Execute       source /home/sameh/Dropbox/UofT/Research/Work/Designs/debugging/memcached/hls/readWriteConverter_prj/solution1/.autopilot/db/readWriteConverter.tbgen.tcl 
INFO-FLOW: DBG:CMD:       copy-tb-rtl-files
INFO-FLOW: DBG:CMD:       copy-tb-data-files
INFO-FLOW: DBG:CMD:       delete-temp-dirs (skipped for debug)
INFO-FLOW: DBG:CMD: read_platform_lib /home/sameh/Dropbox/UofT/Research/Work/Designs/debugging/memcached/hls/readWriteConverter_prj/solution1/.autopilot/db/global.setting.tcl
Execute       source /home/sameh/Xilinx/Vivado/2018.3/common/technology/generic/autopilot/common.gen 
Execute         source /home/sameh/Xilinx/Vivado/2018.3/common/technology/generic/autopilot/APCoreGen.gen 
Execute       source /home/sameh/Xilinx/Vivado/2018.3/common/technology/generic/autopilot/op.gen 
Execute       source /home/sameh/Xilinx/Vivado/2018.3/common/technology/generic/autopilot/op_simcore.gen 
Execute       source /home/sameh/Xilinx/Vivado/2018.3/common/technology/generic/autopilot/interface.gen 
Execute       source /home/sameh/Dropbox/UofT/Research/Work/Designs/debugging/memcached/hls/readWriteConverter_prj/solution1/.autopilot/db/global.setting.tcl 
Execute       source /home/sameh/Xilinx/Vivado/2018.3/common/technology/xilinx/kintexu/kintexu.gen 
Execute         source /home/sameh/Xilinx/Vivado/2018.3/common/technology/xilinx/common/virtex.gen 
Execute           source /home/sameh/Xilinx/Vivado/2018.3/common/technology/xilinx/common/xilinx.gen 
Execute             source /home/sameh/Xilinx/Vivado/2018.3/common/technology/xilinx/interface/plb46.gen 
Execute             source /home/sameh/Xilinx/Vivado/2018.3/common/technology/xilinx/interface/fsl.gen 
Execute             source /home/sameh/Xilinx/Vivado/2018.3/common/technology/xilinx/interface/axi4.gen 
Execute             source /home/sameh/Xilinx/Vivado/2018.3/common/technology/xilinx/interface/nativeAXI4.gen 
Execute               source /home/sameh/Xilinx/Vivado/2018.3/common/technology/xilinx/interface/saxilite.gen 
Execute               source /home/sameh/Xilinx/Vivado/2018.3/common/technology/xilinx/interface/maxi.gen 
Execute             source /home/sameh/Xilinx/Vivado/2018.3/common/technology/xilinx/scripts/xilinxcoregen.gen 
Execute             source /home/sameh/Xilinx/Vivado/2018.3/common/technology/xilinx/interface/XilEDKCoreGen.gen 
Execute             source /home/sameh/Xilinx/Vivado/2018.3/common/technology/xilinx/ip/dds_compiler.gen 
Execute             source /home/sameh/Xilinx/Vivado/2018.3/common/technology/xilinx/ip/util.gen 
Execute             source /home/sameh/Xilinx/Vivado/2018.3/common/technology/xilinx/ip/xfft.gen 
Execute             source /home/sameh/Xilinx/Vivado/2018.3/common/technology/xilinx/ip/xfir.gen 
Execute           source /home/sameh/Xilinx/Vivado/2018.3/common/technology/xilinx/common/dsp48.gen 
Command         ap_source done; 0.11 sec.
Command       ap_source done; 0.11 sec.
Execute       source /home/sameh/Xilinx/Vivado/2018.3/common/technology/xilinx/kintexu/kintexu_fpv7.gen 
Execute         source /home/sameh/Xilinx/Vivado/2018.3/common/technology/xilinx/common/xilinx_fpv6.gen 
INFO-FLOW: DBG:CMD:     exec /home/sameh/Dropbox/UofT/Research/Work/Designs/debugging/memcached/hls/readWriteConverter_prj/solution1/impl/ip/pack.sh
Command     export_design done; 9.03 sec.
Execute     cleanup_all 
