

================================================================
== Vivado HLS Report for 'detect_mac_protocol'
================================================================
* Date:           Thu Oct 22 16:32:29 2020

* Version:        2018.3 (Build 2405991 on Thu Dec 06 23:56:15 MST 2018)
* Project:        macHeaderStrip_prj
* Solution:       solution1
* Product family: kintexu
* Target device:  xcku040-ffva1156-2-e


================================================================
== Performance Estimates
================================================================
+ Timing (ns): 
    * Summary: 
    +--------+-------+----------+------------+
    |  Clock | Target| Estimated| Uncertainty|
    +--------+-------+----------+------------+
    |ap_clk  |   6.66|     3.364|        0.83|
    +--------+-------+----------+------------+

+ Latency (clock cycles): 
    * Summary: 
    +-----+-----+-----+-----+----------+
    |  Latency  |  Interval | Pipeline |
    | min | max | min | max |   Type   |
    +-----+-----+-----+-----+----------+
    |    1|    1|    1|    1| function |
    +-----+-----+-----+-----+----------+

    + Detail: 
        * Instance: 
        N/A

        * Loop: 
        N/A



================================================================
== Utilization Estimates
================================================================
* Summary: 
+-----------------+---------+-------+--------+--------+
|       Name      | BRAM_18K| DSP48E|   FF   |   LUT  |
+-----------------+---------+-------+--------+--------+
|DSP              |        -|      -|       -|       -|
|Expression       |        -|      -|       0|     136|
|FIFO             |        -|      -|       -|       -|
|Instance         |        -|      -|       -|       -|
|Memory           |        -|      -|       -|       -|
|Multiplexer      |        -|      -|       -|     150|
|Register         |        -|      -|     400|       -|
+-----------------+---------+-------+--------+--------+
|Total            |        0|      0|     400|     286|
+-----------------+---------+-------+--------+--------+
|Available        |     1200|   1920|  484800|  242400|
+-----------------+---------+-------+--------+--------+
|Utilization (%)  |        0|      0|   ~0   |   ~0   |
+-----------------+---------+-------+--------+--------+

+ Detail: 
    * Instance: 
    N/A

    * DSP48: 
    N/A

    * Memory: 
    N/A

    * FIFO: 
    N/A

    * Expression: 
    +----------------------------------+----------+-------+---+----+------------+------------+
    |           Variable Name          | Operation| DSP48E| FF| LUT| Bitwidth P0| Bitwidth P1|
    +----------------------------------+----------+-------+---+----+------------+------------+
    |ap_condition_100                  |    and   |      0|  0|   2|           1|           1|
    |ap_condition_155                  |    and   |      0|  0|   2|           1|           1|
    |ap_condition_202                  |    and   |      0|  0|   2|           1|           1|
    |ap_condition_210                  |    and   |      0|  0|   2|           1|           1|
    |ap_condition_221                  |    and   |      0|  0|   2|           1|           1|
    |ap_condition_244                  |    and   |      0|  0|   2|           1|           1|
    |ap_predicate_op10_read_state1     |    and   |      0|  0|   2|           1|           1|
    |ap_predicate_op59_write_state2    |    and   |      0|  0|   2|           1|           1|
    |ap_predicate_op68_write_state2    |    and   |      0|  0|   2|           1|           1|
    |demorgan_fu_224_p2                |    and   |      0|  0|   2|           1|           1|
    |or_cond_i_fu_277_p2               |    and   |      0|  0|   2|           1|           1|
    |tmp_nbreadreq_fu_86_p6            |    and   |      0|  0|   2|           1|           0|
    |cond_i_fu_205_p2                  |   icmp   |      0|  0|   8|           2|           1|
    |tmp_35_i_fu_287_p2                |   icmp   |      0|  0|  24|          48|          48|
    |tmp_36_i_fu_211_p2                |   icmp   |      0|  0|   8|           2|           1|
    |tmp_37_i_fu_218_p2                |   icmp   |      0|  0|  13|          16|           1|
    |tmp_38_i_fu_265_p2                |   icmp   |      0|  0|  13|          16|           1|
    |tmp_39_i_fu_271_p2                |   icmp   |      0|  0|  29|          64|          64|
    |tmp_i_fu_321_p2                   |   icmp   |      0|  0|  13|          16|           1|
    |ap_block_state1_pp0_stage0_iter0  |    or    |      0|  0|   2|           1|           1|
    |ap_block_state2_pp0_stage0_iter1  |    or    |      0|  0|   2|           1|           1|
    +----------------------------------+----------+-------+---+----+------------+------------+
    |Total                             |          |      0|  0| 136|         178|         130|
    +----------------------------------+----------+-------+---+----+------------+------------+

    * Multiplexer: 
    +-------------------------------------------------+----+-----------+-----+-----------+
    |                       Name                      | LUT| Input Size| Bits| Total Bits|
    +-------------------------------------------------+----+-----------+-----+-----------+
    |ap_NS_iter1_fsm                                  |  15|          3|    2|          6|
    |ap_done                                          |   9|          2|    1|          2|
    |ap_phi_mux_dmp_macType_V_loc_1_s_phi_fu_122_p4   |  15|          3|   16|         48|
    |ap_phi_mux_dmp_wordCount_V_flag_1_phi_fu_152_p4  |  15|          3|    1|          3|
    |ap_phi_mux_dmp_wordCount_V_flag_phi_fu_131_p4    |  15|          3|    1|          3|
    |ap_phi_mux_dmp_wordCount_V_new_1_phi_fu_164_p4   |  15|          3|    2|          6|
    |ap_phi_mux_dmp_wordCount_V_new_s_phi_fu_141_p4   |  15|          3|    2|          6|
    |dataIn_TDATA_blk_n                               |   9|          2|    1|          2|
    |dmp_macType_V                                    |   9|          2|   16|         32|
    |ipDataFifo_V_blk_n                               |   9|          2|    1|          2|
    |ipDataFifo_V_din                                 |  15|          3|  185|        555|
    |real_start                                       |   9|          2|    1|          2|
    +-------------------------------------------------+----+-----------+-----+-----------+
    |Total                                            | 150|         31|  229|        667|
    +-------------------------------------------------+----+-----------+-----+-----------+

    * Register: 
    +-----------------------------+-----+----+-----+-----------+
    |             Name            |  FF | LUT| Bits| Const Bits|
    +-----------------------------+-----+----+-----+-----------+
    |ap_CS_iter0_fsm              |    1|   0|    1|          0|
    |ap_CS_iter1_fsm              |    2|   0|    2|          0|
    |ap_done_reg                  |    1|   0|    1|          0|
    |cond_i_reg_413               |    1|   0|    1|          0|
    |dmp_fsmState_V               |    1|   0|    1|          0|
    |dmp_fsmState_V_load_reg_384  |    1|   0|    1|          0|
    |dmp_macType_V                |   16|   0|   16|          0|
    |dmp_prevWord_data_V          |   64|   0|   64|          0|
    |dmp_prevWord_keep_V          |    8|   0|    8|          0|
    |dmp_prevWord_last_V          |    1|   0|    1|          0|
    |dmp_prevWord_user_V          |  112|   0|  112|          0|
    |dmp_wordCount_V              |    2|   0|    2|          0|
    |or_cond_i_reg_424            |    1|   0|    1|          0|
    |start_once_reg               |    1|   0|    1|          0|
    |tmp_38_i_reg_420             |    1|   0|    1|          0|
    |tmp_data_V_reg_388           |   64|   0|   64|          0|
    |tmp_i_reg_428                |    1|   0|    1|          0|
    |tmp_keep_V_5_reg_398         |    8|   0|    8|          0|
    |tmp_last_V_2_reg_403         |    1|   0|    1|          0|
    |tmp_reg_394                  |    1|   0|    1|          0|
    |tmp_user_V_4_reg_408         |  112|   0|  112|          0|
    +-----------------------------+-----+----+-----+-----------+
    |Total                        |  400|   0|  400|          0|
    +-----------------------------+-----+----+-----+-----------+



================================================================
== Interface
================================================================
* Summary: 
+---------------------+-----+-----+------------+---------------------+--------------+
|      RTL Ports      | Dir | Bits|  Protocol  |    Source Object    |    C Type    |
+---------------------+-----+-----+------------+---------------------+--------------+
|ap_clk               |  in |    1| ap_ctrl_hs | detect_mac_protocol | return value |
|ap_rst               |  in |    1| ap_ctrl_hs | detect_mac_protocol | return value |
|ap_start             |  in |    1| ap_ctrl_hs | detect_mac_protocol | return value |
|start_full_n         |  in |    1| ap_ctrl_hs | detect_mac_protocol | return value |
|ap_done              | out |    1| ap_ctrl_hs | detect_mac_protocol | return value |
|ap_continue          |  in |    1| ap_ctrl_hs | detect_mac_protocol | return value |
|ap_idle              | out |    1| ap_ctrl_hs | detect_mac_protocol | return value |
|ap_ready             | out |    1| ap_ctrl_hs | detect_mac_protocol | return value |
|start_out            | out |    1| ap_ctrl_hs | detect_mac_protocol | return value |
|start_write          | out |    1| ap_ctrl_hs | detect_mac_protocol | return value |
|dataIn_TVALID        |  in |    1|    axis    |   dataIn_V_user_V   |    pointer   |
|dataIn_TREADY        | out |    1|    axis    |   dataIn_V_user_V   |    pointer   |
|dataIn_TUSER         |  in |  112|    axis    |   dataIn_V_user_V   |    pointer   |
|ipDataFifo_V_din     | out |  185|   ap_fifo  |     ipDataFifo_V    |    pointer   |
|ipDataFifo_V_full_n  |  in |    1|   ap_fifo  |     ipDataFifo_V    |    pointer   |
|ipDataFifo_V_write   | out |    1|   ap_fifo  |     ipDataFifo_V    |    pointer   |
|dataIn_TDATA         |  in |   64|    axis    |   dataIn_V_data_V   |    pointer   |
|dataIn_TKEEP         |  in |    8|    axis    |   dataIn_V_keep_V   |    pointer   |
|dataIn_TLAST         |  in |    1|    axis    |   dataIn_V_last_V   |    pointer   |
|myMacAddress_V       |  in |   48|  ap_stable |    myMacAddress_V   |    scalar    |
+---------------------+-----+-----+------------+---------------------+--------------+

