

================================================================
== Vivado HLS Report for 'cmdAggregator'
================================================================
* Date:           Wed Oct 14 13:04:51 2020

* Version:        2018.3 (Build 2405991 on Thu Dec 06 23:56:15 MST 2018)
* Project:        dramModel_prj
* Solution:       solution1
* Product family: kintexu
* Target device:  xcku040-ffva1156-2-e


================================================================
== Performance Estimates
================================================================
+ Timing (ns): 
    * Summary: 
    +--------+-------+----------+------------+
    |  Clock | Target| Estimated| Uncertainty|
    +--------+-------+----------+------------+
    |ap_clk  |   6.40|     2.265|        0.80|
    +--------+-------+----------+------------+

+ Latency (clock cycles): 
    * Summary: 
    +-----+-----+-----+-----+----------+
    |  Latency  |  Interval | Pipeline |
    | min | max | min | max |   Type   |
    +-----+-----+-----+-----+----------+
    |    1|    1|    1|    1| function |
    +-----+-----+-----+-----+----------+

    + Detail: 
        * Instance: 
        N/A

        * Loop: 
        N/A

============================================================
+ Verbose Summary: Synthesis Manager
============================================================
InlineROM: 1
ExposeGlobal: 0
============================================================
+ Verbose Summary: CDFG Model
============================================================
IsTopModel: 0
ResetActiveHigh: 1
IsCombinational: 2
IsDatapathOnly: 0
HasWiredReturn: 1
HasMFsm: 1
HasVarLatency: 0
IsPipeline: 1
IsRtlPipelined: 1
IsInstanceOverlapped: 0
IsDontTouch: 0
HasImplIP: 0
IsGatedGlobalClock: 0

+ Individual pipeline summary: 
  * Pipeline-0: initiation interval (II) = 1, depth = 2


============================================================
+ Verbose Summary: Schedule
============================================================
* Number of FSM states : 2
* Pipeline : 1
  Pipeline-0 : II = 1, D = 2, States = { 1 2 }
* Dataflow Pipeline: 0

* FSM state transitions: 
1 --> 
	2  / true
2 --> 

* FSM state operations: 

State 1 <SV = 0> <Delay = 0.67>
ST_1 : Operation 3 [1/1] (0.00ns)   --->   "%tmp = call i1 @_ssdm_op_NbReadReq.axis.i40P(i40* %wrCmdIn_V, i32 1)"   --->   Operation 3 'nbreadreq' 'tmp' <Predicate = true> <Delay = 0.00> <Core = "AXI4Stream">   --->   Core 5 'AXI4Stream' <Latency = 0> <II = 1> <Delay = 1.00> <Adapter> <Opcode : >
ST_1 : Operation 4 [1/1] (0.00ns)   --->   "br i1 %tmp, label %0, label %1" [src/otherModules/dramModel/dramModel.cpp:80]   --->   Operation 4 'br' <Predicate = true> <Delay = 0.00>
ST_1 : Operation 5 [1/1] (0.00ns)   --->   "%tmp_3 = call i1 @_ssdm_op_NbReadReq.axis.i40P(i40* %rdCmdIn_V, i32 1)"   --->   Operation 5 'nbreadreq' 'tmp_3' <Predicate = (!tmp)> <Delay = 0.00> <Core = "AXI4Stream">   --->   Core 5 'AXI4Stream' <Latency = 0> <II = 1> <Delay = 1.00> <Adapter> <Opcode : >
ST_1 : Operation 6 [1/1] (0.00ns)   --->   "br i1 %tmp_3, label %2, label %._crit_edge.i" [src/otherModules/dramModel/dramModel.cpp:85]   --->   Operation 6 'br' <Predicate = (!tmp)> <Delay = 0.00>
ST_1 : Operation 7 [1/1] (0.00ns)   --->   "%tmp_2 = call i40 @_ssdm_op_Read.axis.volatile.i40P(i40* %rdCmdIn_V)"   --->   Operation 7 'read' 'tmp_2' <Predicate = (!tmp & tmp_3)> <Delay = 0.00> <Core = "AXI4Stream">   --->   Core 5 'AXI4Stream' <Latency = 0> <II = 1> <Delay = 1.00> <Adapter> <Opcode : >
ST_1 : Operation 8 [1/1] (0.00ns)   --->   "%tempExtCtrlWord_addr_1 = trunc i40 %tmp_2 to i12" [src/otherModules/dramModel/dramModel.cpp:87]   --->   Operation 8 'trunc' 'tempExtCtrlWord_addr_1' <Predicate = (!tmp & tmp_3)> <Delay = 0.00>
ST_1 : Operation 9 [1/1] (0.00ns)   --->   "%tempExtCtrlWord_coun_1 = call i8 @_ssdm_op_PartSelect.i8.i40.i32.i32(i40 %tmp_2, i32 32, i32 39)" [src/otherModules/dramModel/dramModel.cpp:87]   --->   Operation 9 'partselect' 'tempExtCtrlWord_coun_1' <Predicate = (!tmp & tmp_3)> <Delay = 0.00>
ST_1 : Operation 10 [1/1] (0.00ns)   --->   "%tmp19 = call i40 @_ssdm_op_Read.axis.volatile.i40P(i40* %wrCmdIn_V)"   --->   Operation 10 'read' 'tmp19' <Predicate = (tmp)> <Delay = 0.00> <Core = "AXI4Stream">   --->   Core 5 'AXI4Stream' <Latency = 0> <II = 1> <Delay = 1.00> <Adapter> <Opcode : >
ST_1 : Operation 11 [1/1] (0.00ns)   --->   "%tempExtCtrlWord_addr = trunc i40 %tmp19 to i12" [src/otherModules/dramModel/dramModel.cpp:82]   --->   Operation 11 'trunc' 'tempExtCtrlWord_addr' <Predicate = (tmp)> <Delay = 0.00>
ST_1 : Operation 12 [1/1] (0.00ns)   --->   "%tempExtCtrlWord_coun = call i8 @_ssdm_op_PartSelect.i8.i40.i32.i32(i40 %tmp19, i32 32, i32 39)" [src/otherModules/dramModel/dramModel.cpp:82]   --->   Operation 12 'partselect' 'tempExtCtrlWord_coun' <Predicate = (tmp)> <Delay = 0.00>

State 2 <SV = 1> <Delay = 2.26>
ST_2 : Operation 13 [1/1] (0.00ns)   --->   "call void (...)* @_ssdm_op_SpecInterface(i21* @aggregateMemCmd_V, [8 x i8]* @ap_fifo_str, i32 0, i32 0, [1 x i8]* @p_str, i32 0, i32 0, [1 x i8]* @p_str, [1 x i8]* @p_str, [1 x i8]* @p_str, i32 2, i32 2, i32 16, i32 16, [1 x i8]* @p_str, [1 x i8]* @p_str)"   --->   Operation 13 'specinterface' <Predicate = true> <Delay = 0.00>
ST_2 : Operation 14 [1/1] (0.00ns)   --->   "call void (...)* @_ssdm_op_SpecInterface(i40* %wrCmdIn_V, [5 x i8]* @p_str2, i32 1, i32 1, [5 x i8]* @p_str3, i32 0, i32 0, [1 x i8]* @p_str, [1 x i8]* @p_str, [1 x i8]* @p_str, i32 0, i32 0, i32 0, i32 0, [1 x i8]* @p_str, [1 x i8]* @p_str) nounwind"   --->   Operation 14 'specinterface' <Predicate = true> <Delay = 0.00>
ST_2 : Operation 15 [1/1] (0.00ns)   --->   "call void (...)* @_ssdm_op_SpecInterface(i40* %rdCmdIn_V, [5 x i8]* @p_str2, i32 1, i32 1, [5 x i8]* @p_str3, i32 0, i32 0, [1 x i8]* @p_str, [1 x i8]* @p_str, [1 x i8]* @p_str, i32 0, i32 0, i32 0, i32 0, [1 x i8]* @p_str, [1 x i8]* @p_str) nounwind"   --->   Operation 15 'specinterface' <Predicate = true> <Delay = 0.00>
ST_2 : Operation 16 [1/1] (0.00ns)   --->   "call void (...)* @_ssdm_op_SpecPipeline(i32 1, i32 2, i32 1, i32 0, [1 x i8]* @p_str) nounwind" [src/otherModules/dramModel/dramModel.cpp:78]   --->   Operation 16 'specpipeline' <Predicate = true> <Delay = 0.00>
ST_2 : Operation 17 [1/1] (0.00ns)   --->   "%tmp_3_1 = call i21 @_ssdm_op_BitConcatenate.i21.i1.i8.i12(i1 false, i8 %tempExtCtrlWord_coun_1, i12 %tempExtCtrlWord_addr_1)" [src/otherModules/dramModel/dramModel.cpp:88]   --->   Operation 17 'bitconcatenate' 'tmp_3_1' <Predicate = (!tmp & tmp_3)> <Delay = 0.00>
ST_2 : Operation 18 [1/1] (2.26ns)   --->   "call void @_ssdm_op_Write.ap_fifo.volatile.i21P(i21* @aggregateMemCmd_V, i21 %tmp_3_1)" [src/otherModules/dramModel/dramModel.cpp:88]   --->   Operation 18 'write' <Predicate = (!tmp & tmp_3)> <Delay = 2.26> <Core = "FIFO_SRL">   --->   Core 36 'FIFO_SRL' <Latency = 0> <II = 1> <Delay = 2.26> <Storage> <Opcode : 'read' 'write' 'nbread' 'nbwrite'> <Ports = 0> <Width = 21> <Depth = 0> <FIFO>
ST_2 : Operation 19 [1/1] (0.00ns)   --->   "br label %._crit_edge.i" [src/otherModules/dramModel/dramModel.cpp:89]   --->   Operation 19 'br' <Predicate = (!tmp & tmp_3)> <Delay = 0.00>
ST_2 : Operation 20 [1/1] (0.00ns)   --->   "br label %cmdAggregator.exit"   --->   Operation 20 'br' <Predicate = (!tmp)> <Delay = 0.00>
ST_2 : Operation 21 [1/1] (0.00ns)   --->   "%tmp_1 = call i21 @_ssdm_op_BitConcatenate.i21.i1.i8.i12(i1 true, i8 %tempExtCtrlWord_coun, i12 %tempExtCtrlWord_addr)" [src/otherModules/dramModel/dramModel.cpp:83]   --->   Operation 21 'bitconcatenate' 'tmp_1' <Predicate = (tmp)> <Delay = 0.00>
ST_2 : Operation 22 [1/1] (2.26ns)   --->   "call void @_ssdm_op_Write.ap_fifo.volatile.i21P(i21* @aggregateMemCmd_V, i21 %tmp_1)" [src/otherModules/dramModel/dramModel.cpp:83]   --->   Operation 22 'write' <Predicate = (tmp)> <Delay = 2.26> <Core = "FIFO_SRL">   --->   Core 36 'FIFO_SRL' <Latency = 0> <II = 1> <Delay = 2.26> <Storage> <Opcode : 'read' 'write' 'nbread' 'nbwrite'> <Ports = 0> <Width = 21> <Depth = 0> <FIFO>
ST_2 : Operation 23 [1/1] (0.00ns)   --->   "br label %cmdAggregator.exit" [src/otherModules/dramModel/dramModel.cpp:84]   --->   Operation 23 'br' <Predicate = (tmp)> <Delay = 0.00>
ST_2 : Operation 24 [1/1] (0.00ns)   --->   "ret void"   --->   Operation 24 'ret' <Predicate = true> <Delay = 0.00>


============================================================
+ Verbose Summary: Timing violations
============================================================
Target clock period: 6.4ns, clock uncertainty: 0.8ns.

 <State 1>: 0.674ns
The critical path consists of the following:
	axis request on port 'wrCmdIn_V' [8]  (0 ns)
	blocking operation 0.674 ns on control path)

 <State 2>: 2.27ns
The critical path consists of the following:
	fifo write on port 'aggregateMemCmd_V' (src/otherModules/dramModel/dramModel.cpp:88) [18]  (2.27 ns)


============================================================
+ Verbose Summary: Binding
============================================================
N/A
* FSMD analyzer results:
  - Output states:
 - Input state : 
  - Chain level:
	State 1
	State 2


============================================================
+ Verbose Summary: Datapath Resource usage 
============================================================
N/A
