

================================================================
== Vivado HLS Report for 'rx_fifo_ip'
================================================================
* Date:           Thu Jul 14 17:22:16 2022

* Version:        2018.3 (Build 2405991 on Thu Dec 06 23:56:15 MST 2018)
* Project:        ProjEthernetAXIS
* Solution:       SolutionX
* Product family: kintexu
* Target device:  xcku040-ffva1156-2-e


================================================================
== Performance Estimates
================================================================
+ Timing (ns): 
    * Summary: 
    +--------+-------+----------+------------+
    |  Clock | Target| Estimated| Uncertainty|
    +--------+-------+----------+------------+
    |ap_clk  |   2.00|     0.698|        0.30|
    +--------+-------+----------+------------+

+ Latency (clock cycles): 
    * Summary: 
    +-----+-----+-----+-----+----------+
    |  Latency  |  Interval | Pipeline |
    | min | max | min | max |   Type   |
    +-----+-----+-----+-----+----------+
    |    1|    1|    1|    1| function |
    +-----+-----+-----+-----+----------+

    + Detail: 
        * Instance: 
        N/A

        * Loop: 
        N/A

============================================================
+ Verbose Summary: Synthesis Manager
============================================================
InlineROM: 1
ExposeGlobal: 0
============================================================
+ Verbose Summary: CDFG Model
============================================================
IsTopModel: 0
ResetActiveHigh: 1
IsCombinational: 2
IsDatapathOnly: 0
HasWiredReturn: 1
HasMFsm: 2
HasVarLatency: 0
IsPipeline: 1
IsRtlPipelined: 1
IsInstanceOverlapped: 0
IsDontTouch: 0
HasImplIP: 0
IsGatedGlobalClock: 0

+ Individual pipeline summary: 
  * Pipeline-0: initiation interval (II) = 1, depth = 2


============================================================
+ Verbose Summary: Schedule
============================================================
* Number of FSM states : 2
* Pipeline : 1
  Pipeline-0 : II = 1, D = 2, States = { 1 2 }
* Dataflow Pipeline: 0

* FSM state transitions: 
1 --> 
	2  / true
2 --> 

* FSM state operations: 

State 1 <SV = 0> <Delay = 0.00>
ST_1 : Operation 3 [1/1] (0.00ns)   --->   "%tmp = call i1 @_ssdm_op_NbReadReq.axis.i64P.i8P.i1P(i64* %fifo_in_V_data_V, i8* %fifo_in_V_keep_V, i1* %fifo_in_V_last_V, i32 1)" [ethernet_axis.cpp:32]   --->   Operation 3 'nbreadreq' 'tmp' <Predicate = true> <Delay = 0.00> <Core = "AXI4Stream">   --->   Core 5 'AXI4Stream' <Latency = 0> <II = 1> <Delay = 1.00> <Adapter> <Opcode : >
ST_1 : Operation 4 [1/1] (0.00ns)   --->   "br i1 %tmp, label %0, label %rx_fifo_ip.exit" [ethernet_axis.cpp:32]   --->   Operation 4 'br' <Predicate = true> <Delay = 0.00>
ST_1 : Operation 5 [1/1] (0.00ns)   --->   "%empty = call { i64, i8, i1 } @_ssdm_op_Read.axis.volatile.i64P.i8P.i1P(i64* %fifo_in_V_data_V, i8* %fifo_in_V_keep_V, i1* %fifo_in_V_last_V)" [ethernet_axis.cpp:33]   --->   Operation 5 'read' 'empty' <Predicate = (tmp)> <Delay = 0.00> <Core = "AXI4Stream">   --->   Core 5 'AXI4Stream' <Latency = 0> <II = 1> <Delay = 1.00> <Adapter> <Opcode : >
ST_1 : Operation 6 [1/1] (0.00ns)   --->   "%tmp_data_V = extractvalue { i64, i8, i1 } %empty, 0" [ethernet_axis.cpp:33]   --->   Operation 6 'extractvalue' 'tmp_data_V' <Predicate = (tmp)> <Delay = 0.00>
ST_1 : Operation 7 [1/1] (0.00ns)   --->   "%tmp_keep_V = extractvalue { i64, i8, i1 } %empty, 1" [ethernet_axis.cpp:33]   --->   Operation 7 'extractvalue' 'tmp_keep_V' <Predicate = (tmp)> <Delay = 0.00>
ST_1 : Operation 8 [1/1] (0.00ns)   --->   "%tmp_last_V = extractvalue { i64, i8, i1 } %empty, 2" [ethernet_axis.cpp:33]   --->   Operation 8 'extractvalue' 'tmp_last_V' <Predicate = (tmp)> <Delay = 0.00>

State 2 <SV = 1> <Delay = 0.69>
ST_2 : Operation 9 [1/1] (0.00ns)   --->   "call void (...)* @_ssdm_op_SpecInterface(i64* @rx_fifo_V_data_V, [8 x i8]* @ap_fifo_str, i32 0, i32 0, [1 x i8]* @p_str, i32 0, i32 0, [1 x i8]* @p_str, [1 x i8]* @p_str, [1 x i8]* @p_str, i32 2, i32 2, i32 16, i32 16, [1 x i8]* @p_str, [1 x i8]* @p_str)"   --->   Operation 9 'specinterface' <Predicate = true> <Delay = 0.00>
ST_2 : Operation 10 [1/1] (0.00ns)   --->   "call void (...)* @_ssdm_op_SpecInterface(i8* @rx_fifo_V_keep_V, [8 x i8]* @ap_fifo_str, i32 0, i32 0, [1 x i8]* @p_str, i32 0, i32 0, [1 x i8]* @p_str, [1 x i8]* @p_str, [1 x i8]* @p_str, i32 2, i32 2, i32 16, i32 16, [1 x i8]* @p_str, [1 x i8]* @p_str)"   --->   Operation 10 'specinterface' <Predicate = true> <Delay = 0.00>
ST_2 : Operation 11 [1/1] (0.00ns)   --->   "call void (...)* @_ssdm_op_SpecInterface(i1* @rx_fifo_V_last_V, [8 x i8]* @ap_fifo_str, i32 0, i32 0, [1 x i8]* @p_str, i32 0, i32 0, [1 x i8]* @p_str, [1 x i8]* @p_str, [1 x i8]* @p_str, i32 2, i32 2, i32 16, i32 16, [1 x i8]* @p_str, [1 x i8]* @p_str)"   --->   Operation 11 'specinterface' <Predicate = true> <Delay = 0.00>
ST_2 : Operation 12 [1/1] (0.00ns)   --->   "call void (...)* @_ssdm_op_SpecInterface(i64* %fifo_in_V_data_V, i8* %fifo_in_V_keep_V, i1* %fifo_in_V_last_V, [5 x i8]* @p_str2, i32 1, i32 1, [5 x i8]* @p_str3, i32 0, i32 0, [1 x i8]* @p_str, [1 x i8]* @p_str, [1 x i8]* @p_str, i32 0, i32 0, i32 0, i32 0, [1 x i8]* @p_str, [1 x i8]* @p_str) nounwind"   --->   Operation 12 'specinterface' <Predicate = true> <Delay = 0.00>
ST_2 : Operation 13 [1/1] (0.00ns)   --->   "call void (...)* @_ssdm_op_SpecPipeline(i32 1, i32 1, i32 1, i32 0, [1 x i8]* @p_str) nounwind" [ethernet_axis.cpp:28]   --->   Operation 13 'specpipeline' <Predicate = true> <Delay = 0.00>
ST_2 : Operation 14 [1/1] (0.69ns)   --->   "call void @_ssdm_op_Write.ap_fifo.volatile.i64P.i8P.i1P(i64* @rx_fifo_V_data_V, i8* @rx_fifo_V_keep_V, i1* @rx_fifo_V_last_V, i64 %tmp_data_V, i8 %tmp_keep_V, i1 %tmp_last_V)" [ethernet_axis.cpp:34]   --->   Operation 14 'write' <Predicate = (tmp)> <Delay = 0.69> <Core = "FIFO_LUTRAM">   --->   Core 35 'FIFO_LUTRAM' <Latency = 0> <II = 1> <Delay = 0.69> <Storage> <Opcode : 'read' 'write' 'nbread' 'nbwrite'> <Ports = 0> <Width = 64> <Depth = 0> <FIFO>
ST_2 : Operation 15 [1/1] (0.00ns)   --->   "br label %rx_fifo_ip.exit" [ethernet_axis.cpp:35]   --->   Operation 15 'br' <Predicate = (tmp)> <Delay = 0.00>
ST_2 : Operation 16 [1/1] (0.00ns)   --->   "ret void"   --->   Operation 16 'ret' <Predicate = true> <Delay = 0.00>


============================================================
+ Verbose Summary: Timing violations
============================================================
Target clock period: 2ns, clock uncertainty: 0.3ns.

 <State 1>: 0ns
The critical path consists of the following:

 <State 2>: 0.698ns
The critical path consists of the following:
	fifo write on port 'rx_fifo_V_data_V' (ethernet_axis.cpp:34) [19]  (0.698 ns)


============================================================
+ Verbose Summary: Binding
============================================================
N/A
* FSMD analyzer results:
  - Output states:
 - Input state : 
  - Chain level:
	State 1
	State 2


============================================================
+ Verbose Summary: Datapath Resource usage 
============================================================
N/A
